Note: Failed to import the optional openff.evaluator package. 
Note: Failed to import the optional openff.recharge package.
#======================================================================#
#| [1m            Welcome to ForceBalance version 1.7.5! =D             [0m |#
#| [1m                 Force Field Optimization System                  [0m |#
#| [1m                                                                  [0m |#
#| [1m                             Authors:                             [0m |#
#| [1m                          Lee-Ping Wang                           [0m |#
#| [1m                  Yudong Qiu, Keri A. McKiernan                   [0m |#
#| [1m          Jeffrey R. Wagner, Hyesu Jang, Simon Boothroyd          [0m |#
#| [1m           Arthur Vigil, Erik G. Brandt, Johnny Israeli           [0m |#
#======================================================================#

                          [44m     [0m                                        
                       [44m        [0m      [43m     [0m                              
                    [44m        [0m   [44m  [0m    [43m         [0m                          
                 [44m       [0m    [44m      [0m      [43m         [0m                       
             [44m        [0m    [44m        [0m          [43m         [0m                    
          [44m        [0m    [44m        [0m                 [43m        [0m                 
       [44m        [0m    [44m       [0m                        [43m        [0m              
    [44m        [0m   [44m        [0m                              [43m         [0m          
   [44m      [0m   [44m        [0m               `.:+@@###@'          [43m         [0m       
    [44m [0m    [44m        [0m          ,;'+###############.             [43m     [0m       
      [44m        [0m         +################':`                    [43m [0m        
      [44m     [0m              `.,,...####+.                                  
                                ,#####      +##.               [44m   [0m   [44m   [0m
 [43m    [0m                            #####      ######             [44m   [0m   [44m   [0m
 [43m    [0m                ###'        ####'     :#####'             [44m   [0m   [44m   [0m
 [43m    [0m                :####@      ####.    ,####'               [44m   [0m   [44m   [0m
 [43m    [0m                 ######     ####    +###+                 [44m   [0m   [44m   [0m
 [43m    [0m                  #####     ####   ###;                   [44m   [0m   [44m   [0m
 [43m    [0m                   :##      ####  ++`                     [44m   [0m   [44m   [0m
 [43m    [0m                            ####``..:;+##############+`   [44m   [0m   [44m   [0m
 [43m    [0m             .,:;;'++##################################`  [44m   [0m   [44m   [0m
 [43m    [0m    `############################++++''';;;;;;;;;;;'';    [44m   [0m   [44m   [0m
 [43m    [0m      ,########':,.``       ####                          [44m   [0m   [44m   [0m
 [43m    [0m                            ####                          [44m   [0m   [44m   [0m
 [43m    [0m                            ####                          [44m   [0m   [44m   [0m
 [43m    [0m                            ####                          [44m   [0m   [44m   [0m
 [43m    [0m                            ####                          [44m   [0m   [44m   [0m
 [43m    [0m                            ####                          [44m   [0m   [44m   [0m
 [43m    [0m                            ####                          [44m   [0m   [44m   [0m
 [43m    [0m                            ####                          [44m   [0m   [44m   [0m
      [44m    [0m                       ####                                   
     [44m        [0m                    ####                                   
    [44m [0m    [44m       [0m                 ####                       [43m     [0m       
   [44m     [0m    [44m        [0m             ####                    [43m        [0m       
   [44m        [0m    [44m        [0m          ###                  [43m         [0m         
      [44m        [0m    [44m        [0m        +`               [43m        [0m             
          [44m        [0m   [44m        [0m                   [43m        [0m                
             [44m        [0m   [44m         [0m           [43m         [0m                   
                [44m        [0m    [44m       [0m      [43m         [0m                      
                   [44m        [0m    [44m   [0m    [43m        [0m                          
                      [44m        [0m       [43m      [0m                             
                          [44m      [0m      [43m  [0m                                
                             [44m  [0m                                         

Reading options from file: debug.in
#========================================================#
#| [95m  Options at their default values are not printed   [0m |#
#| [95m        Use 'verbose_options True' to Enable        [0m |#
#========================================================#
Reading force field from file: test.offxml
#=========================================================#
#| [92m Starting parameter indices, physical values and IDs [0m |#
#=========================================================#
   0 [  3.7901e+00 ] : ProperTorsions/Proper/k1/[*:1]~[#6X3:2]~!@[#6X3:3]~[*:4]
-----------------------------------------------------------
#=========================================================#
#| [91m Rescaling Factors by Type (Lower Takes Precedence): [0m |#
#=========================================================#
   ProperTorsions/Proper/k1             : 3.79011e+00
   Bonds/Bond/k                         : 1.00000e+01
   Bonds/Bond/length                    : 1.00000e-02
   Angles/Angle/k                       : 5.00000e+00
   Angles/Angle/angle                   : 1.00000e+00
   ProperTorsions/Proper/k              : 2.00000e+00
-----------------------------------------------------------
#========================================================#
#| [91m   Rescaling Types / Factors by Parameter Number:   [0m |#
#========================================================#
   0 [    ProperTorsions/Proper/k       : 2.00000e+00 ] : ProperTorsions/Proper/k1/[*:1]~[#6X3:2]~!@[#6X3:3]~[*:4]
----------------------------------------------------------
#========================================================#
#| [92m               Setup for force field                [0m |#
#========================================================#
fnms                      ['test.offxml'] 
priors                    OrderedDict([('Bonds/Bond/k', 10.0), ('Bonds/Bond/length', 0.01), ('Angles/Angle/k', 5.0), ('Angles/Angle/angle', 1.0), ('ProperTorsions/Proper/k', 2.0)]) 
----------------------------------------------------------
Referencing all energies to the snapshot 23 (minimum energy structure in QM)
#==============================================================================#
#| [92m Setup for target td_OpenFF_Gen_2_Torsion_Set_2_Coverage_2_079_C11H14OS : [0m |#
#==============================================================================#
mol2                      ['input.mol2'] 
precision                 double 
platname                  Reference 
name                      td_OpenFF_Gen_2_Torsion_Set_2_Coverage_2_079_C11H14OS 
type                      TORSIONPROFILE_SMIRNOFF 
h                         0.01 
tgtdir                    targets/td_OpenFF_Gen_2_Torsion_Set_2_Coverage_2_079_C11H14OS 
writelevel                2 
attenuate                 True 
energy_upper              5.0 
--------------------------------------------------------------------------------
#========================================================#
#| [92m        SMIRNOFF Parameter Coverage Analysis        [0m |#
#========================================================#
Force field assignment data written to /Users/jessica/Documents/Grad_research/WBO_Torsions_ChayaPaper/release_1.3.0_2/fb-fit/fb-fit0/smirnoff_parameter_assignments.json
 idx Parameter                                                                                                   Count
----------------------------------------------------------------------------------------------------------------------
   0 ProperTorsions/Proper/k1/[*:1]~[#6X3:2]~!@[#6X3:3]~[*:4]                                             :          4
SNIRNOFF Parameter Coverage Analysis result: 1/1 parameters are covered.
----------------------------------------------------------------------------------------------------------------------
Using parabolic regularization (Gaussian prior) with strength 1.0e+00 (+), 0.0e+00 (x)
#========================================================#
#| [92m           Setup for objective function :           [0m |#
#========================================================#
penalty_additive          1.0 
normalize_weights         False 
----------------------------------------------------------
#========================================================#
#| [92m                Setup for optimizer                 [0m |#
#========================================================#
jobtype                   OPTIMIZE 
trust0                    -1.0 
eps                       0.01 
h                         0.01 
h0                        0.01 
convergence_objective     0.1 
convergence_step          0.01 
convergence_gradient      0.1 
input_file                debug.in 
criteria                  2 
----------------------------------------------------------
Calculation started at 2020-11-18 03:55 PM
#========================================================#
#| [1m                  Main Optimizer                    [0m |#
#| [1m  Newton-Raphson Method (Hessian Diagonal Search)   [0m |#
#| [1m                                                    [0m |#
#| [1m       [0mConvergence criteria (2 of 3 needed):        [0m |#
#| [1m          [0mObjective Function  : 1.000e-01           [0m |#
#| [1m          [0mNorm of Gradient    : 1.000e-01           [0m |#
#| [1m          [0mParameter step size : 1.000e-02           [0m |#
#========================================================#
#========================================================#
#|       Color Key for Objective Function -=X2=-        |#
#|  [1mBold[0m = Initial step                                 |#
#|  [92mGreen = Current lowest value of objective function[0m  |#
#|  [91mRed = Objective function rises, step rejected[0m       |#
#|  [0mNo color = Not at the lowest value                  |#
#========================================================#
#========================================================#
#| [94m     Iteration 0: Evaluating objective function     [0m |#
#| [94m        and derivatives through second order        [0m |#
#========================================================#

#==================================================================================================================================================#
#| [92m         Torsion Profile: td_OpenFF_Gen_2_Torsion_Set_2_Coverage_2_079_C11H14OS, Objective =  2.23396e+01, Units = kcal/mol, Angstrom         [0m |#
#| [92m System                                             Min(QM)    Min(MM)      Range(QM)          Range(MM)    Max-RMSD   Ene-RMSE    Obj-Fn     [0m |#
#==================================================================================================================================================#
td_OpenFF_Gen_2_Torsion_Set_2_Coverage_2_079_C11H14OS        180        180     0.000 - 6.245     0.000 - 27.759     0.380     4.7265    22.3396 
----------------------------------------------------------------------------------------------------------------------------------------------------
#====================================================================#
#| [94m                  Objective Function Breakdown                  [0m |#
#| [94m  Target Name              Residual  x  Weight  =  Contribution [0m |#
#====================================================================#
td_OpenFF_Gen_2_Torsion_Set_2_Coverage_2_079_C11H14OS     22.33959      1.000 [94m     2.23396e+01[0m 
Regularization                 0.00000      1.000 [94m     0.00000e+00[0m 
Total                                             [94m     2.23396e+01[0m 
----------------------------------------------------------------------

  Step       |k|        |dk|       |grad|       -=X2=-     Delta(X2)    StepQual
     0   0.000e+00   0.000e+00   2.818e+01[1m   2.23396e+01[0m   0.000e+00      0.000

#========================================================#
#| [94m                   Total Gradient                   [0m |#
#========================================================#
   0 [  2.81802850e+01 ] : ProperTorsions/Proper/k1/[*:1]~[#6X3:2]~!@[#6X3:3]~[*:4]
----------------------------------------------------------
Calculating nonlinear optimization step
Finding trust radius: H+0.0000*I, length 1.4223e+00 (target 1.0000e+00)
Finding trust radius: H+9.0000*I, length 9.7804e-01 (target 1.0000e+00)
Finding trust radius: H+61.6869*I, length 3.4577e-01 (target 1.0000e+00)
Finding trust radius: H+9.0000*I, length 9.7804e-01 (target 1.0000e+00)
Finding trust radius: H+23.5623*I, length 6.4969e-01 (target 1.0000e+00)
Finding trust radius: H+3.4377*I, length 1.2120e+00 (target 1.0000e+00)
Finding trust radius: H+8.8974*I, length 9.8154e-01 (target 1.0000e+00)
Finding trust radius: H+8.3671*I, length 1.0000e+00 (target 1.0000e+00)
Finding trust radius: H+8.3649*I, length 1.0001e+00 (target 1.0000e+00)
Finding trust radius: H+8.3694*I, length 9.9993e-01 (target 1.0000e+00)
Starting Hessian diagonal search with step size 1.0000e+00
Hessian diagonal search: H+8.3671*I, length 1.0000e+00, result -1.9111e+01
Hessian diagonal search: H+212.2959*I, length 1.2141e-01, result -3.3020e+00
Hessian diagonal search: H+256.0786*I, length 1.0214e-01, result -2.7941e+00
Hessian diagonal search: H+8.3671*I, length 1.0000e+00, result -1.9111e+01
Hessian diagonal search: H+18.7028*I, length 7.3166e-01, result -1.5955e+01
Hessian diagonal search: H+54.0682*I, length 3.8143e-01, result -9.5369e+00
Hessian diagonal search: H+0.0740*I, length 1.4170e+00, result -2.0267e+01
Hessian diagonal search: H+0.1830*I, length 1.4093e+00, result -2.0295e+01
Hessian diagonal search: H+0.4931*I, length 1.3878e+00, result -2.0360e+01
Hessian diagonal search: H+2.3681*I, length 1.2705e+00, result -2.0451e+01
Hessian diagonal search: H+2.4803*I, length 1.2641e+00, result -2.0443e+01
Hessian diagonal search: H+1.6089*I, length 1.3155e+00, result -2.0468e+01
Hessian diagonal search: H+1.1070*I, length 1.3470e+00, result -2.0442e+01
Hessian diagonal search: H+1.7831*I, length 1.3049e+00, result -2.0470e+01
Hessian diagonal search: H+1.7664*I, length 1.3059e+00, result -2.0470e+01
Hessian diagonal search: H+1.7732*I, length 1.3055e+00, result -2.0470e+01
Hessian diagonal search: H+1.7739*I, length 1.3054e+00, result -2.0470e+01
Hessian diagonal search: H+1.7726*I, length 1.3055e+00, result -2.0470e+01
Hessian diagonal search: H+1.7703*I, length 1.3057e+00, result -2.0470e+01
Hessian diagonal search: H+1.7717*I, length 1.3056e+00, result -2.0470e+01
Hessian diagonal search: H+1.7711*I, length 1.3056e+00, result -2.0470e+01
Optimization step found (length 1.3056e+00)
#========================================================#
#| [95m  Mathematical Parameters (Current + Step = Next)   [0m |#
#========================================================#
   0 [  0.0000e+00 - 1.3056e+00 = -1.3056e+00 ] : ProperTorsions/Proper/k1/[*:1]~[#6X3:2]~!@[#6X3:3]~[*:4]
----------------------------------------------------------
#========================================================#
#| [95m    Physical Parameters (Current + Step = Next)     [0m |#
#========================================================#
   0 [  3.7901e+00 - 2.6111e+00 =  1.1790e+00 ] : ProperTorsions/Proper/k1/[*:1]~[#6X3:2]~!@[#6X3:3]~[*:4]
----------------------------------------------------------
Backing up debug.sav -> debug.bak/debug_30.sav
Input file with saved parameters: debug.sav
#========================================================#
#| [94m     Iteration 1: Evaluating objective function     [0m |#
#| [94m        and derivatives through second order        [0m |#
#========================================================#

#==================================================================================================================================================#
#| [92m         Torsion Profile: td_OpenFF_Gen_2_Torsion_Set_2_Coverage_2_079_C11H14OS, Objective =  1.65297e-01, Units = kcal/mol, Angstrom         [0m |#
#| [92m System                                             Min(QM)    Min(MM)      Range(QM)          Range(MM)    Max-RMSD   Ene-RMSE    Obj-Fn     [0m |#
#==================================================================================================================================================#
td_OpenFF_Gen_2_Torsion_Set_2_Coverage_2_079_C11H14OS        180        180     0.000 - 6.245     0.000 - 9.141      0.332     0.4066    0.1653 
----------------------------------------------------------------------------------------------------------------------------------------------------
#===================================================================================#
#| [94m                         Objective Function Breakdown                          [0m |#
#| [94m  Target Name              Residual  x  Weight  =  Contribution (Current-Prev) [0m |#
#===================================================================================#
td_OpenFF_Gen_2_Torsion_Set_2_Coverage_2_079_C11H14OS      0.16530      1.000 [92m     1.65297e-01[0m ( -2.217e+01 ) 
Regularization                 1.70451      1.000 [91m     1.70451e+00[0m ( +1.705e+00 ) 
Total                                             [92m     1.86980e+00[0m ( -2.047e+01 ) 
-------------------------------------------------------------------------------------
Backing up result/debug/test.offxml -> result/debug/test_66.offxml
#=====================================================================#
#|  The force field has been written to the result/debug directory.  |#
#|    Input file with optimization parameters saved to debug.sav.    |#
#=====================================================================#

  Step       |k|        |dk|       |grad|       -=X2=-     Delta(X2)    StepQual
     1   1.306e+00   1.306e+00   3.149e-03[92m   1.86980e+00[0m  -2.047e+01      1.000

#========================================================#
#| [94m                   Total Gradient                   [0m |#
#========================================================#
   0 [ -3.14947293e-03 ] : ProperTorsions/Proper/k1/[*:1]~[#6X3:2]~!@[#6X3:3]~[*:4]
----------------------------------------------------------
Convergence criterion reached for gradient norm (1.00e-01)
Calculating nonlinear optimization step
Starting Hessian diagonal search with step size 9.7557e-05
Hessian diagonal search: H+0.0000*I, length 9.7557e-05, result  1.0248e-07
Hessian diagonal search: H+9.0000*I, length 7.6289e-05, result  1.1238e-07
Hessian diagonal search: H+23.5623*I, length 5.6396e-05, result  1.4116e-07
Hessian diagonal search: H+0.0000*I, length 9.7557e-05, result  1.0248e-07
Hessian diagonal search: H+3.4377*I, length 8.8168e-05, result -1.9890e-07
Hessian diagonal search: H+9.0000*I, length 7.6289e-05, result -1.1923e-07
Hessian diagonal search: H+3.9112*I, length 8.7015e-05, result  6.1123e-08
Hessian diagonal search: H+1.3131*I, length 9.3744e-05, result  2.7375e-08
Hessian diagonal search: H+2.5078*I, length 9.0525e-05, result -7.4039e-08
Hessian diagonal search: H+3.0652*I, length 8.9097e-05, result -2.6812e-08
Hessian diagonal search: H+3.6150*I, length 8.7733e-05, result  3.6902e-08
Hessian diagonal search: H+3.2929*I, length 8.8527e-05, result  1.7973e-07
Hessian diagonal search: H+3.5049*I, length 8.8003e-05, result  1.0795e-07
Hessian diagonal search: H+3.3820*I, length 8.8306e-05, result  2.1528e-07
Hessian diagonal search: H+3.4633*I, length 8.8105e-05, result -7.7447e-08
Hessian diagonal search: H+3.4164*I, length 8.8221e-05, result  1.1163e-07
Hessian diagonal search: H+3.4475*I, length 8.8144e-05, result -8.5259e-08
Hessian diagonal search: H+3.4295*I, length 8.8188e-05, result  1.0300e-07
Hessian diagonal search: H+3.4414*I, length 8.8159e-05, result -3.2440e-08
Hessian diagonal search: H+3.4346*I, length 8.8176e-05, result  6.4774e-08
Hessian diagonal search: H+3.4391*I, length 8.8165e-05, result  1.1122e-07
Hessian diagonal search: H+3.4365*I, length 8.8171e-05, result  5.6094e-08
Hessian diagonal search: H+3.4382*I, length 8.8167e-05, result  2.1852e-07
Hessian diagonal search: H+3.4372*I, length 8.8169e-05, result  2.1952e-08
Optimization step found (length 8.8168e-05)
Convergence criterion reached in step size (1.00e-02)
#========================================================#
#| [92m               [0m[1mOptimization Converged[0m               [0m |#
#| [92m           Final objective function value           [0m |#
#| [92m  Full:  1.869803e+00  Un-penalized:  1.652965e-01  [0m |#
#========================================================#
#========================================================#
#| [94m           Final optimization parameters:           [0m |#
#========================================================#
   0 [ -1.3055e+00 ] : ProperTorsions/Proper/k1/[*:1]~[#6X3:2]~!@[#6X3:3]~[*:4]
#========================================================#
#| [94m             Final physical parameters:             [0m |#
#========================================================#
   0 [  1.1792e+00 ] : ProperTorsions/Proper/k1/[*:1]~[#6X3:2]~!@[#6X3:3]~[*:4]
----------------------------------------------------------
Backing up result/debug/test.offxml -> result/debug/test_67.offxml
#=====================================================================#
#|  The force field has been written to the result/debug directory.  |#
#|    Input file with optimization parameters saved to debug.sav.    |#
#=====================================================================#
Wall time since calculation start: 64.1 seconds
#========================================================#
#| [1;44;93m               Calculation Finished.                [0m |#
#| [1;44;93m     ---==(  May the Force be with you!  )==---     [0m |#
#========================================================#
