Note: Failed to import the optional openff.evaluator package. 
Note: Failed to import the optional openff.recharge package.
#======================================================================#
#| [1m            Welcome to ForceBalance version 1.7.5! =D             [0m |#
#| [1m                 Force Field Optimization System                  [0m |#
#| [1m                                                                  [0m |#
#| [1m                             Authors:                             [0m |#
#| [1m                          Lee-Ping Wang                           [0m |#
#| [1m                  Yudong Qiu, Keri A. McKiernan                   [0m |#
#| [1m          Jeffrey R. Wagner, Hyesu Jang, Simon Boothroyd          [0m |#
#| [1m           Arthur Vigil, Erik G. Brandt, Johnny Israeli           [0m |#
#======================================================================#

                          [44m     [0m                                        
                       [44m        [0m      [43m     [0m                              
                    [44m        [0m   [44m  [0m    [43m         [0m                          
                 [44m       [0m    [44m      [0m      [43m         [0m                       
             [44m        [0m    [44m        [0m          [43m         [0m                    
          [44m        [0m    [44m        [0m                 [43m        [0m                 
       [44m        [0m    [44m       [0m                        [43m        [0m              
    [44m        [0m   [44m        [0m                              [43m         [0m          
   [44m      [0m   [44m        [0m               `.:+@@###@'          [43m         [0m       
    [44m [0m    [44m        [0m          ,;'+###############.             [43m     [0m       
      [44m        [0m         +################':`                    [43m [0m        
      [44m     [0m              `.,,...####+.                                  
                                ,#####      +##.               [44m   [0m   [44m   [0m
 [43m    [0m                            #####      ######             [44m   [0m   [44m   [0m
 [43m    [0m                ###'        ####'     :#####'             [44m   [0m   [44m   [0m
 [43m    [0m                :####@      ####.    ,####'               [44m   [0m   [44m   [0m
 [43m    [0m                 ######     ####    +###+                 [44m   [0m   [44m   [0m
 [43m    [0m                  #####     ####   ###;                   [44m   [0m   [44m   [0m
 [43m    [0m                   :##      ####  ++`                     [44m   [0m   [44m   [0m
 [43m    [0m                            ####``..:;+##############+`   [44m   [0m   [44m   [0m
 [43m    [0m             .,:;;'++##################################`  [44m   [0m   [44m   [0m
 [43m    [0m    `############################++++''';;;;;;;;;;;'';    [44m   [0m   [44m   [0m
 [43m    [0m      ,########':,.``       ####                          [44m   [0m   [44m   [0m
 [43m    [0m                            ####                          [44m   [0m   [44m   [0m
 [43m    [0m                            ####                          [44m   [0m   [44m   [0m
 [43m    [0m                            ####                          [44m   [0m   [44m   [0m
 [43m    [0m                            ####                          [44m   [0m   [44m   [0m
 [43m    [0m                            ####                          [44m   [0m   [44m   [0m
 [43m    [0m                            ####                          [44m   [0m   [44m   [0m
 [43m    [0m                            ####                          [44m   [0m   [44m   [0m
      [44m    [0m                       ####                                   
     [44m        [0m                    ####                                   
    [44m [0m    [44m       [0m                 ####                       [43m     [0m       
   [44m     [0m    [44m        [0m             ####                    [43m        [0m       
   [44m        [0m    [44m        [0m          ###                  [43m         [0m         
      [44m        [0m    [44m        [0m        +`               [43m        [0m             
          [44m        [0m   [44m        [0m                   [43m        [0m                
             [44m        [0m   [44m         [0m           [43m         [0m                   
                [44m        [0m    [44m       [0m      [43m         [0m                      
                   [44m        [0m    [44m   [0m    [43m        [0m                          
                      [44m        [0m       [43m      [0m                             
                          [44m      [0m      [43m  [0m                                
                             [44m  [0m                                         

Reading options from file: debug.in
#========================================================#
#| [95m  Options at their default values are not printed   [0m |#
#| [95m        Use 'verbose_options True' to Enable        [0m |#
#========================================================#
Reading force field from file: test.offxml
#=========================================================#
#| [92m Starting parameter indices, physical values and IDs [0m |#
#=========================================================#
   0 [  3.7901e+00 ] : ProperTorsions/Proper/k1/[*:1]~[#6X3:2]~!@[#6X3:3]~[*:4]
-----------------------------------------------------------
#=========================================================#
#| [91m Rescaling Factors by Type (Lower Takes Precedence): [0m |#
#=========================================================#
   ProperTorsions/Proper/k1             : 3.79011e+00
   Bonds/Bond/k                         : 1.00000e+01
   Bonds/Bond/length                    : 1.00000e-02
   Angles/Angle/k                       : 5.00000e+00
   Angles/Angle/angle                   : 1.00000e+00
   ProperTorsions/Proper/k              : 2.00000e+00
-----------------------------------------------------------
#========================================================#
#| [91m   Rescaling Types / Factors by Parameter Number:   [0m |#
#========================================================#
   0 [    ProperTorsions/Proper/k       : 2.00000e+00 ] : ProperTorsions/Proper/k1/[*:1]~[#6X3:2]~!@[#6X3:3]~[*:4]
----------------------------------------------------------
#========================================================#
#| [92m               Setup for force field                [0m |#
#========================================================#
fnms                      ['test.offxml'] 
priors                    OrderedDict([('Bonds/Bond/k', 10.0), ('Bonds/Bond/length', 0.01), ('Angles/Angle/k', 5.0), ('Angles/Angle/angle', 1.0), ('ProperTorsions/Proper/k', 2.0)]) 
----------------------------------------------------------
Referencing all energies to the snapshot 23 (minimum energy structure in QM)
#=========================================================================#
#| [92m Setup for target td_OpenFF_Gen_2_Torsion_Set_1_Roche_2_086_C6H6OS : [0m |#
#=========================================================================#
mol2                      ['input.mol2'] 
precision                 double 
platname                  Reference 
name                      td_OpenFF_Gen_2_Torsion_Set_1_Roche_2_086_C6H6OS 
type                      TORSIONPROFILE_SMIRNOFF 
h                         0.01 
tgtdir                    targets/td_OpenFF_Gen_2_Torsion_Set_1_Roche_2_086_C6H6OS 
writelevel                2 
attenuate                 True 
energy_upper              5.0 
---------------------------------------------------------------------------
#========================================================#
#| [92m        SMIRNOFF Parameter Coverage Analysis        [0m |#
#========================================================#
Force field assignment data written to /Users/jessica/Documents/Grad_research/WBO_Torsions_ChayaPaper/release_1.3.0_2/fb-fit/fb-fit0/smirnoff_parameter_assignments.json
 idx Parameter                                                                                                   Count
----------------------------------------------------------------------------------------------------------------------
   0 ProperTorsions/Proper/k1/[*:1]~[#6X3:2]~!@[#6X3:3]~[*:4]                                             :          4
SNIRNOFF Parameter Coverage Analysis result: 1/1 parameters are covered.
----------------------------------------------------------------------------------------------------------------------
Using parabolic regularization (Gaussian prior) with strength 1.0e+00 (+), 0.0e+00 (x)
#========================================================#
#| [92m           Setup for objective function :           [0m |#
#========================================================#
penalty_additive          1.0 
normalize_weights         False 
----------------------------------------------------------
#========================================================#
#| [92m                Setup for optimizer                 [0m |#
#========================================================#
jobtype                   OPTIMIZE 
trust0                    -1.0 
eps                       0.01 
h                         0.01 
h0                        0.01 
convergence_objective     0.1 
convergence_step          0.01 
convergence_gradient      0.1 
input_file                debug.in 
criteria                  2 
----------------------------------------------------------
Calculation started at 2020-11-18 04:00 PM
#========================================================#
#| [1m                  Main Optimizer                    [0m |#
#| [1m  Newton-Raphson Method (Hessian Diagonal Search)   [0m |#
#| [1m                                                    [0m |#
#| [1m       [0mConvergence criteria (2 of 3 needed):        [0m |#
#| [1m          [0mObjective Function  : 1.000e-01           [0m |#
#| [1m          [0mNorm of Gradient    : 1.000e-01           [0m |#
#| [1m          [0mParameter step size : 1.000e-02           [0m |#
#========================================================#
#========================================================#
#|       Color Key for Objective Function -=X2=-        |#
#|  [1mBold[0m = Initial step                                 |#
#|  [92mGreen = Current lowest value of objective function[0m  |#
#|  [91mRed = Objective function rises, step rejected[0m       |#
#|  [0mNo color = Not at the lowest value                  |#
#========================================================#
#========================================================#
#| [94m     Iteration 0: Evaluating objective function     [0m |#
#| [94m        and derivatives through second order        [0m |#
#========================================================#

#==================================================================================================================================================#
#| [92m           Torsion Profile: td_OpenFF_Gen_2_Torsion_Set_1_Roche_2_086_C6H6OS, Objective =  6.77676e+00, Units = kcal/mol, Angstrom            [0m |#
#| [92m System                                             Min(QM)    Min(MM)      Range(QM)          Range(MM)    Max-RMSD   Ene-RMSE    Obj-Fn     [0m |#
#==================================================================================================================================================#
td_OpenFF_Gen_2_Torsion_Set_1_Roche_2_086_C6H6OS          180          0     0.000 - 9.308    -0.714 - 28.513     0.281     2.6032    6.7768 
----------------------------------------------------------------------------------------------------------------------------------------------------
#====================================================================#
#| [94m                  Objective Function Breakdown                  [0m |#
#| [94m  Target Name              Residual  x  Weight  =  Contribution [0m |#
#====================================================================#
td_OpenFF_Gen_2_Torsion_Set_1_Roche_2_086_C6H6OS      6.77676      1.000 [94m     6.77676e+00[0m 
Regularization                 0.00000      1.000 [94m     0.00000e+00[0m 
Total                                             [94m     6.77676e+00[0m 
----------------------------------------------------------------------

  Step       |k|        |dk|       |grad|       -=X2=-     Delta(X2)    StepQual
     0   0.000e+00   0.000e+00   8.730e+00[1m   6.77676e+00[0m   0.000e+00      0.000

#========================================================#
#| [94m                   Total Gradient                   [0m |#
#========================================================#
   0 [  8.72981793e+00 ] : ProperTorsions/Proper/k1/[*:1]~[#6X3:2]~!@[#6X3:3]~[*:4]
----------------------------------------------------------
Calculating nonlinear optimization step
Finding trust radius: H+0.0000*I, length 1.0503e+00 (target 1.0000e+00)
Finding trust radius: H+9.0000*I, length 5.0426e-01 (target 1.0000e+00)
Finding trust radius: H+23.5623*I, length 2.7388e-01 (target 1.0000e+00)
Finding trust radius: H+0.0000*I, length 1.0503e+00 (target 1.0000e+00)
Finding trust radius: H+3.4377*I, length 7.4298e-01 (target 1.0000e+00)
Finding trust radius: H+1.3131*I, length 9.0698e-01 (target 1.0000e+00)
Finding trust radius: H+0.1373*I, length 1.0332e+00 (target 1.0000e+00)
Finding trust radius: H+0.1207*I, length 1.0352e+00 (target 1.0000e+00)
Finding trust radius: H+0.4444*I, length 9.9695e-01 (target 1.0000e+00)
Finding trust radius: H+0.5951*I, length 9.8008e-01 (target 1.0000e+00)
Finding trust radius: H+0.3828*I, length 1.0040e+00 (target 1.0000e+00)
Finding trust radius: H+0.4167*I, length 1.0001e+00 (target 1.0000e+00)
Finding trust radius: H+0.4173*I, length 1.0001e+00 (target 1.0000e+00)
Finding trust radius: H+0.4177*I, length 1.0000e+00 (target 1.0000e+00)
Finding trust radius: H+0.4179*I, length 9.9998e-01 (target 1.0000e+00)
Finding trust radius: H+0.4175*I, length 1.0000e+00 (target 1.0000e+00)
Starting Hessian diagonal search with step size 1.0000e+00
Hessian diagonal search: H+0.4177*I, length 1.0000e+00, result -4.8170e+00
Hessian diagonal search: H+31.1947*I, length 2.2097e-01, result -1.7585e+00
Hessian diagonal search: H+53.9495*I, length 1.4021e-01, result -1.1559e+00
Hessian diagonal search: H+0.4177*I, length 1.0000e+00, result -4.8170e+00
Hessian diagonal search: H+5.7894*I, length 6.1907e-01, result -3.9983e+00
Hessian diagonal search: H+6.4151*I, length 5.9277e-01, result -3.8904e+00
Hessian diagonal search: H+0.0001*I, length 1.0502e+00, result -4.8080e+00
Hessian diagonal search: H+0.1476*I, length 1.0319e+00, result -4.8148e+00
Hessian diagonal search: H+0.6540*I, length 9.7365e-01, result -4.8096e+00
Hessian diagonal search: H+0.3004*I, length 1.0136e+00, result -4.8175e+00
Hessian diagonal search: H+0.3172*I, length 1.0117e+00, result -4.8176e+00
Hessian diagonal search: H+0.3265*I, length 1.0106e+00, result -4.8176e+00
Hessian diagonal search: H+0.3284*I, length 1.0103e+00, result -4.8176e+00
Hessian diagonal search: H+0.3286*I, length 1.0103e+00, result -4.8176e+00
Hessian diagonal search: H+0.3614*I, length 1.0065e+00, result -4.8175e+00
Hessian diagonal search: H+0.3409*I, length 1.0089e+00, result -4.8176e+00
Hessian diagonal search: H+0.3333*I, length 1.0098e+00, result -4.8176e+00
Hessian diagonal search: H+0.3304*I, length 1.0101e+00, result -4.8176e+00
Hessian diagonal search: H+0.3293*I, length 1.0102e+00, result -4.8176e+00
Hessian diagonal search: H+0.3288*I, length 1.0103e+00, result -4.8176e+00
Optimization step found (length 1.0103e+00)
#========================================================#
#| [95m  Mathematical Parameters (Current + Step = Next)   [0m |#
#========================================================#
   0 [  0.0000e+00 - 1.0103e+00 = -1.0103e+00 ] : ProperTorsions/Proper/k1/[*:1]~[#6X3:2]~!@[#6X3:3]~[*:4]
----------------------------------------------------------
#========================================================#
#| [95m    Physical Parameters (Current + Step = Next)     [0m |#
#========================================================#
   0 [  3.7901e+00 - 2.0206e+00 =  1.7695e+00 ] : ProperTorsions/Proper/k1/[*:1]~[#6X3:2]~!@[#6X3:3]~[*:4]
----------------------------------------------------------
Backing up debug.sav -> debug.bak/debug_35.sav
Input file with saved parameters: debug.sav
#========================================================#
#| [94m     Iteration 1: Evaluating objective function     [0m |#
#| [94m        and derivatives through second order        [0m |#
#========================================================#

#==================================================================================================================================================#
#| [92m           Torsion Profile: td_OpenFF_Gen_2_Torsion_Set_1_Roche_2_086_C6H6OS, Objective =  9.38404e-01, Units = kcal/mol, Angstrom            [0m |#
#| [92m System                                             Min(QM)    Min(MM)      Range(QM)          Range(MM)    Max-RMSD   Ene-RMSE    Obj-Fn     [0m |#
#==================================================================================================================================================#
td_OpenFF_Gen_2_Torsion_Set_1_Roche_2_086_C6H6OS          180          0     0.000 - 9.308    -0.714 - 13.893     0.148     0.9687    0.9384 
----------------------------------------------------------------------------------------------------------------------------------------------------
#===================================================================================#
#| [94m                         Objective Function Breakdown                          [0m |#
#| [94m  Target Name              Residual  x  Weight  =  Contribution (Current-Prev) [0m |#
#===================================================================================#
td_OpenFF_Gen_2_Torsion_Set_1_Roche_2_086_C6H6OS      0.93840      1.000 [92m     9.38404e-01[0m ( -5.838e+00 ) 
Regularization                 1.02074      1.000 [91m     1.02074e+00[0m ( +1.021e+00 ) 
Total                                             [92m     1.95914e+00[0m ( -4.818e+00 ) 
-------------------------------------------------------------------------------------
Backing up result/debug/test.offxml -> result/debug/test_76.offxml
#=====================================================================#
#|  The force field has been written to the result/debug directory.  |#
#|    Input file with optimization parameters saved to debug.sav.    |#
#=====================================================================#

  Step       |k|        |dk|       |grad|       -=X2=-     Delta(X2)    StepQual
     1   1.010e+00   1.010e+00   4.994e-04[92m   1.95914e+00[0m  -4.818e+00      1.000

#========================================================#
#| [94m                   Total Gradient                   [0m |#
#========================================================#
   0 [  4.99360849e-04 ] : ProperTorsions/Proper/k1/[*:1]~[#6X3:2]~!@[#6X3:3]~[*:4]
----------------------------------------------------------
Convergence criterion reached for gradient norm (1.00e-01)
Calculating nonlinear optimization step
Starting Hessian diagonal search with step size 3.9346e-05
Hessian diagonal search: H+0.0000*I, length 3.9346e-05, result  3.2809e-08
Hessian diagonal search: H+9.0000*I, length 2.3021e-05, result  1.2609e-07
Hessian diagonal search: H+23.5623*I, length 1.3774e-05, result  7.2496e-09
Hessian diagonal search: H+10.4174*I, length 2.1609e-05, result  7.6180e-08
Hessian diagonal search: H+0.0000*I, length 3.9346e-05, result  3.2809e-08
Hessian diagonal search: H+1.5199*I, length 3.5138e-05, result  5.2251e-08
Hessian diagonal search: H+1.3131*I, length 3.5657e-05, result  1.2656e-08
Hessian diagonal search: H+3.4377*I, length 3.0960e-05, result  2.3668e-08
Hessian diagonal search: H+1.1342*I, length 3.6119e-05, result  7.8722e-08
Hessian diagonal search: H+1.3136*I, length 3.5656e-05, result  8.4502e-08
Hessian diagonal search: H+1.2432*I, length 3.5836e-05, result  9.3441e-09
Hessian diagonal search: H+1.2010*I, length 3.5945e-05, result  2.7627e-08
Hessian diagonal search: H+1.2697*I, length 3.5768e-05, result  1.9198e-09
Hessian diagonal search: H+1.2748*I, length 3.5755e-05, result  5.8252e-08
Hessian diagonal search: H+1.2692*I, length 3.5769e-05, result -1.5480e-08
Hessian diagonal search: H+1.2592*I, length 3.5795e-05, result  4.9414e-08
Hessian diagonal search: H+1.2654*I, length 3.5779e-05, result  3.1952e-08
Hessian diagonal search: H+1.2677*I, length 3.5773e-05, result  2.3570e-08
Hessian diagonal search: H+1.2686*I, length 3.5771e-05, result  1.1118e-08
Optimization step found (length 3.5769e-05)
Convergence criterion reached in step size (1.00e-02)
#========================================================#
#| [92m               [0m[1mOptimization Converged[0m               [0m |#
#| [92m           Final objective function value           [0m |#
#| [92m  Full:  1.959143e+00  Un-penalized:  9.384043e-01  [0m |#
#========================================================#
#========================================================#
#| [94m           Final optimization parameters:           [0m |#
#========================================================#
   0 [ -1.0104e+00 ] : ProperTorsions/Proper/k1/[*:1]~[#6X3:2]~!@[#6X3:3]~[*:4]
#========================================================#
#| [94m             Final physical parameters:             [0m |#
#========================================================#
   0 [  1.7694e+00 ] : ProperTorsions/Proper/k1/[*:1]~[#6X3:2]~!@[#6X3:3]~[*:4]
----------------------------------------------------------
Backing up result/debug/test.offxml -> result/debug/test_77.offxml
#=====================================================================#
#|  The force field has been written to the result/debug directory.  |#
#|    Input file with optimization parameters saved to debug.sav.    |#
#=====================================================================#
Wall time since calculation start: 35.1 seconds
#========================================================#
#| [1;44;93m               Calculation Finished.                [0m |#
#| [1;44;93m     ---==(  May the Force be with you!  )==---     [0m |#
#========================================================#
