Note: Failed to import the optional openff.evaluator package. 
Note: Failed to import the optional openff.recharge package.
#======================================================================#
#| [1m            Welcome to ForceBalance version 1.7.5! =D             [0m |#
#| [1m                 Force Field Optimization System                  [0m |#
#| [1m                                                                  [0m |#
#| [1m                             Authors:                             [0m |#
#| [1m                          Lee-Ping Wang                           [0m |#
#| [1m                  Yudong Qiu, Keri A. McKiernan                   [0m |#
#| [1m          Jeffrey R. Wagner, Hyesu Jang, Simon Boothroyd          [0m |#
#| [1m           Arthur Vigil, Erik G. Brandt, Johnny Israeli           [0m |#
#======================================================================#

                          [44m     [0m                                        
                       [44m        [0m      [43m     [0m                              
                    [44m        [0m   [44m  [0m    [43m         [0m                          
                 [44m       [0m    [44m      [0m      [43m         [0m                       
             [44m        [0m    [44m        [0m          [43m         [0m                    
          [44m        [0m    [44m        [0m                 [43m        [0m                 
       [44m        [0m    [44m       [0m                        [43m        [0m              
    [44m        [0m   [44m        [0m                              [43m         [0m          
   [44m      [0m   [44m        [0m               `.:+@@###@'          [43m         [0m       
    [44m [0m    [44m        [0m          ,;'+###############.             [43m     [0m       
      [44m        [0m         +################':`                    [43m [0m        
      [44m     [0m              `.,,...####+.                                  
                                ,#####      +##.               [44m   [0m   [44m   [0m
 [43m    [0m                            #####      ######             [44m   [0m   [44m   [0m
 [43m    [0m                ###'        ####'     :#####'             [44m   [0m   [44m   [0m
 [43m    [0m                :####@      ####.    ,####'               [44m   [0m   [44m   [0m
 [43m    [0m                 ######     ####    +###+                 [44m   [0m   [44m   [0m
 [43m    [0m                  #####     ####   ###;                   [44m   [0m   [44m   [0m
 [43m    [0m                   :##      ####  ++`                     [44m   [0m   [44m   [0m
 [43m    [0m                            ####``..:;+##############+`   [44m   [0m   [44m   [0m
 [43m    [0m             .,:;;'++##################################`  [44m   [0m   [44m   [0m
 [43m    [0m    `############################++++''';;;;;;;;;;;'';    [44m   [0m   [44m   [0m
 [43m    [0m      ,########':,.``       ####                          [44m   [0m   [44m   [0m
 [43m    [0m                            ####                          [44m   [0m   [44m   [0m
 [43m    [0m                            ####                          [44m   [0m   [44m   [0m
 [43m    [0m                            ####                          [44m   [0m   [44m   [0m
 [43m    [0m                            ####                          [44m   [0m   [44m   [0m
 [43m    [0m                            ####                          [44m   [0m   [44m   [0m
 [43m    [0m                            ####                          [44m   [0m   [44m   [0m
 [43m    [0m                            ####                          [44m   [0m   [44m   [0m
      [44m    [0m                       ####                                   
     [44m        [0m                    ####                                   
    [44m [0m    [44m       [0m                 ####                       [43m     [0m       
   [44m     [0m    [44m        [0m             ####                    [43m        [0m       
   [44m        [0m    [44m        [0m          ###                  [43m         [0m         
      [44m        [0m    [44m        [0m        +`               [43m        [0m             
          [44m        [0m   [44m        [0m                   [43m        [0m                
             [44m        [0m   [44m         [0m           [43m         [0m                   
                [44m        [0m    [44m       [0m      [43m         [0m                      
                   [44m        [0m    [44m   [0m    [43m        [0m                          
                      [44m        [0m       [43m      [0m                             
                          [44m      [0m      [43m  [0m                                
                             [44m  [0m                                         

Reading options from file: debug.in
#========================================================#
#| [95m  Options at their default values are not printed   [0m |#
#| [95m        Use 'verbose_options True' to Enable        [0m |#
#========================================================#
Reading force field from file: test.offxml
#=========================================================#
#| [92m Starting parameter indices, physical values and IDs [0m |#
#=========================================================#
   0 [  3.7901e+00 ] : ProperTorsions/Proper/k1/[*:1]~[#6X3:2]~!@[#6X3:3]~[*:4]
-----------------------------------------------------------
#=========================================================#
#| [91m Rescaling Factors by Type (Lower Takes Precedence): [0m |#
#=========================================================#
   ProperTorsions/Proper/k1             : 3.79011e+00
   Bonds/Bond/k                         : 1.00000e+01
   Bonds/Bond/length                    : 1.00000e-02
   Angles/Angle/k                       : 5.00000e+00
   Angles/Angle/angle                   : 1.00000e+00
   ProperTorsions/Proper/k              : 2.00000e+00
-----------------------------------------------------------
#========================================================#
#| [91m   Rescaling Types / Factors by Parameter Number:   [0m |#
#========================================================#
   0 [    ProperTorsions/Proper/k       : 2.00000e+00 ] : ProperTorsions/Proper/k1/[*:1]~[#6X3:2]~!@[#6X3:3]~[*:4]
----------------------------------------------------------
#========================================================#
#| [92m               Setup for force field                [0m |#
#========================================================#
fnms                      ['test.offxml'] 
priors                    OrderedDict([('Bonds/Bond/k', 10.0), ('Bonds/Bond/length', 0.01), ('Angles/Angle/k', 5.0), ('Angles/Angle/angle', 1.0), ('ProperTorsions/Proper/k', 2.0)]) 
----------------------------------------------------------
Backing up: debug.tmp/td_OpenFF_Gen_2_Torsion_Set_5_Bayer_2_066_C26H27NO2 to: debug.bak/td_OpenFF_Gen_2_Torsion_Set_5_Bayer_2_066_C26H27NO2_0.tar.bz2
Referencing all energies to the snapshot 14 (minimum energy structure in QM)
#============================================================================#
#| [92m Setup for target td_OpenFF_Gen_2_Torsion_Set_5_Bayer_2_066_C26H27NO2 : [0m |#
#============================================================================#
mol2                      ['input.mol2'] 
precision                 double 
platname                  Reference 
name                      td_OpenFF_Gen_2_Torsion_Set_5_Bayer_2_066_C26H27NO2 
type                      TORSIONPROFILE_SMIRNOFF 
h                         0.01 
tgtdir                    targets/td_OpenFF_Gen_2_Torsion_Set_5_Bayer_2_066_C26H27NO2 
writelevel                2 
attenuate                 True 
energy_upper              5.0 
------------------------------------------------------------------------------
#========================================================#
#| [92m        SMIRNOFF Parameter Coverage Analysis        [0m |#
#========================================================#
Force field assignment data written to /Users/jessica/Documents/Grad_research/WBO_Torsions_ChayaPaper/release_1.3.0_2/fb-fit/fb-fit0/smirnoff_parameter_assignments.json
 idx Parameter                                                                                                   Count
----------------------------------------------------------------------------------------------------------------------
   0 ProperTorsions/Proper/k1/[*:1]~[#6X3:2]~!@[#6X3:3]~[*:4]                                             :          8
SNIRNOFF Parameter Coverage Analysis result: 1/1 parameters are covered.
----------------------------------------------------------------------------------------------------------------------
Using parabolic regularization (Gaussian prior) with strength 1.0e+00 (+), 0.0e+00 (x)
#========================================================#
#| [92m           Setup for objective function :           [0m |#
#========================================================#
penalty_additive          1.0 
normalize_weights         False 
----------------------------------------------------------
#========================================================#
#| [92m                Setup for optimizer                 [0m |#
#========================================================#
jobtype                   OPTIMIZE 
trust0                    -1.0 
eps                       0.01 
h                         0.01 
h0                        0.01 
convergence_objective     0.1 
convergence_step          0.01 
convergence_gradient      0.1 
input_file                debug.in 
criteria                  2 
----------------------------------------------------------
Calculation started at 2020-11-19 11:21 AM
#========================================================#
#| [1m                  Main Optimizer                    [0m |#
#| [1m  Newton-Raphson Method (Hessian Diagonal Search)   [0m |#
#| [1m                                                    [0m |#
#| [1m       [0mConvergence criteria (2 of 3 needed):        [0m |#
#| [1m          [0mObjective Function  : 1.000e-01           [0m |#
#| [1m          [0mNorm of Gradient    : 1.000e-01           [0m |#
#| [1m          [0mParameter step size : 1.000e-02           [0m |#
#========================================================#
#========================================================#
#|       Color Key for Objective Function -=X2=-        |#
#|  [1mBold[0m = Initial step                                 |#
#|  [92mGreen = Current lowest value of objective function[0m  |#
#|  [91mRed = Objective function rises, step rejected[0m       |#
#|  [0mNo color = Not at the lowest value                  |#
#========================================================#
#========================================================#
#| [94m     Iteration 0: Evaluating objective function     [0m |#
#| [94m        and derivatives through second order        [0m |#
#========================================================#

#==================================================================================================================================================#
#| [92m          Torsion Profile: td_OpenFF_Gen_2_Torsion_Set_5_Bayer_2_066_C26H27NO2, Objective =  4.09092e+01, Units = kcal/mol, Angstrom          [0m |#
#| [92m System                                             Min(QM)    Min(MM)      Range(QM)          Range(MM)    Max-RMSD   Ene-RMSE    Obj-Fn     [0m |#
#==================================================================================================================================================#
td_OpenFF_Gen_2_Torsion_Set_5_Bayer_2_066_C26H27NO2         45         30     0.000 - 6.454    -2.454 - 20.113     0.221     6.3960    40.9092 
----------------------------------------------------------------------------------------------------------------------------------------------------
#====================================================================#
#| [94m                  Objective Function Breakdown                  [0m |#
#| [94m  Target Name              Residual  x  Weight  =  Contribution [0m |#
#====================================================================#
td_OpenFF_Gen_2_Torsion_Set_5_Bayer_2_066_C26H27NO2     40.90919      1.000 [94m     4.09092e+01[0m 
Regularization                 0.00000      1.000 [94m     0.00000e+00[0m 
Total                                             [94m     4.09092e+01[0m 
----------------------------------------------------------------------

  Step       |k|        |dk|       |grad|       -=X2=-     Delta(X2)    StepQual
     0   0.000e+00   0.000e+00   5.463e+01[1m   4.09092e+01[0m   0.000e+00      0.000

#========================================================#
#| [94m                   Total Gradient                   [0m |#
#========================================================#
   0 [  5.46280823e+01 ] : ProperTorsions/Proper/k1/[*:1]~[#6X3:2]~!@[#6X3:3]~[*:4]
----------------------------------------------------------
Calculating nonlinear optimization step
Finding trust radius: H+0.0000*I, length 1.3831e+00 (target 1.0000e+00)
Finding trust radius: H+9.0000*I, length 1.1264e+00 (target 1.0000e+00)
Finding trust radius: H+61.6869*I, length 5.3988e-01 (target 1.0000e+00)
Finding trust radius: H+9.0000*I, length 1.1264e+00 (target 1.0000e+00)
Finding trust radius: H+23.5623*I, length 8.6628e-01 (target 1.0000e+00)
Finding trust radius: H+3.4377*I, length 1.2723e+00 (target 1.0000e+00)
Finding trust radius: H+15.1889*I, length 9.9892e-01 (target 1.0000e+00)
Finding trust radius: H+15.2174*I, length 9.9840e-01 (target 1.0000e+00)
Finding trust radius: H+15.1296*I, length 1.0000e+00 (target 1.0000e+00)
Finding trust radius: H+15.1334*I, length 9.9994e-01 (target 1.0000e+00)
Finding trust radius: H+15.1258*I, length 1.0001e+00 (target 1.0000e+00)
Starting Hessian diagonal search with step size 1.0000e+00
Hessian diagonal search: H+15.1296*I, length 1.0000e+00, result -3.5399e+01
Hessian diagonal search: H+344.4255*I, length 1.4229e-01, result -7.4185e+00
Hessian diagonal search: H+393.8363*I, length 1.2606e-01, result -6.6091e+00
Hessian diagonal search: H+15.1296*I, length 1.0000e+00, result -3.5399e+01
Hessian diagonal search: H+26.7939*I, length 8.2405e-01, result -3.2158e+01
Hessian diagonal search: H+90.1122*I, length 4.2148e-01, result -1.9798e+01
Hessian diagonal search: H+0.0366*I, length 1.3818e+00, result -3.7675e+01
Hessian diagonal search: H+0.1175*I, length 1.3790e+00, result -3.7682e+01
Hessian diagonal search: H+0.1614*I, length 1.3774e+00, result -3.7686e+01
Hessian diagonal search: H+3.0067*I, length 1.2852e+00, result -3.7727e+01
Hessian diagonal search: H+2.7012*I, length 1.2945e+00, result -3.7741e+01
Hessian diagonal search: H+1.3745*I, length 1.3365e+00, result -3.7753e+01
Hessian diagonal search: H+0.7709*I, length 1.3566e+00, result -3.7730e+01
Hessian diagonal search: H+1.7241*I, length 1.3252e+00, result -3.7758e+01
Hessian diagonal search: H+1.7866*I, length 1.3232e+00, result -3.7758e+01
Hessian diagonal search: H+1.8410*I, length 1.3215e+00, result -3.7758e+01
Hessian diagonal search: H+1.8313*I, length 1.3218e+00, result -3.7758e+01
Hessian diagonal search: H+1.8321*I, length 1.3217e+00, result -3.7758e+01
Hessian diagonal search: H+1.8357*I, length 1.3216e+00, result -3.7758e+01
Hessian diagonal search: H+1.8335*I, length 1.3217e+00, result -3.7758e+01
Hessian diagonal search: H+1.8327*I, length 1.3217e+00, result -3.7758e+01
Optimization step found (length 1.3217e+00)
#========================================================#
#| [95m  Mathematical Parameters (Current + Step = Next)   [0m |#
#========================================================#
   0 [  0.0000e+00 - 1.3217e+00 = -1.3217e+00 ] : ProperTorsions/Proper/k1/[*:1]~[#6X3:2]~!@[#6X3:3]~[*:4]
----------------------------------------------------------
#========================================================#
#| [95m    Physical Parameters (Current + Step = Next)     [0m |#
#========================================================#
   0 [  3.7901e+00 - 2.6435e+00 =  1.1466e+00 ] : ProperTorsions/Proper/k1/[*:1]~[#6X3:2]~!@[#6X3:3]~[*:4]
----------------------------------------------------------
Backing up debug.sav -> debug.bak/debug_78.sav
Input file with saved parameters: debug.sav
#========================================================#
#| [94m     Iteration 1: Evaluating objective function     [0m |#
#| [94m        and derivatives through second order        [0m |#
#========================================================#

#==================================================================================================================================================#
#| [92m          Torsion Profile: td_OpenFF_Gen_2_Torsion_Set_5_Bayer_2_066_C26H27NO2, Objective =  1.40421e+00, Units = kcal/mol, Angstrom          [0m |#
#| [92m System                                             Min(QM)    Min(MM)      Range(QM)          Range(MM)    Max-RMSD   Ene-RMSE    Obj-Fn     [0m |#
#==================================================================================================================================================#
td_OpenFF_Gen_2_Torsion_Set_5_Bayer_2_066_C26H27NO2         45         45     0.000 - 6.454     0.000 - 9.380      0.060     1.1850    1.4042 
----------------------------------------------------------------------------------------------------------------------------------------------------
#===================================================================================#
#| [94m                         Objective Function Breakdown                          [0m |#
#| [94m  Target Name              Residual  x  Weight  =  Contribution (Current-Prev) [0m |#
#===================================================================================#
td_OpenFF_Gen_2_Torsion_Set_5_Bayer_2_066_C26H27NO2      1.40421      1.000 [92m     1.40421e+00[0m ( -3.950e+01 ) 
Regularization                 1.74701      1.000 [91m     1.74701e+00[0m ( +1.747e+00 ) 
Total                                             [92m     3.15122e+00[0m ( -3.776e+01 ) 
-------------------------------------------------------------------------------------
Backing up result/debug/test.offxml -> result/debug/test_171.offxml
#=====================================================================#
#|  The force field has been written to the result/debug directory.  |#
#|    Input file with optimization parameters saved to debug.sav.    |#
#=====================================================================#

  Step       |k|        |dk|       |grad|       -=X2=-     Delta(X2)    StepQual
     1   1.322e+00   1.322e+00   1.821e-03[92m   3.15122e+00[0m  -3.776e+01      1.000

#========================================================#
#| [94m                   Total Gradient                   [0m |#
#========================================================#
   0 [  1.82102042e-03 ] : ProperTorsions/Proper/k1/[*:1]~[#6X3:2]~!@[#6X3:3]~[*:4]
----------------------------------------------------------
Convergence criterion reached for gradient norm (1.00e-01)
Calculating nonlinear optimization step
Starting Hessian diagonal search with step size 4.0065e-05
Hessian diagonal search: H+0.0000*I, length 4.0065e-05, result  6.2275e-07
Hessian diagonal search: H+9.0000*I, length 3.3443e-05, result  1.2664e-07
Hessian diagonal search: H+61.6869*I, length 1.6997e-05, result  5.5536e-07
Hessian diagonal search: H+9.0000*I, length 3.3443e-05, result  1.2664e-07
Hessian diagonal search: H+23.5623*I, length 2.6386e-05, result  1.5888e-07
Hessian diagonal search: H+3.4377*I, length 3.7248e-05, result  3.4927e-07
Hessian diagonal search: H+14.4691*I, length 3.0391e-05, result  2.1637e-07
Hessian diagonal search: H+6.5654*I, length 3.5009e-05, result  4.6605e-07
Hessian diagonal search: H+10.9365*I, length 3.2295e-05, result  2.8523e-07
Hessian diagonal search: H+8.0248*I, length 3.4053e-05, result  6.6704e-07
Hessian diagonal search: H+9.7174*I, length 3.3008e-05, result  4.4279e-07
Hessian diagonal search: H+8.6209*I, length 3.3678e-05, result  4.2051e-07
Hessian diagonal search: H+9.2708*I, length 3.3278e-05, result  5.1190e-07
Hessian diagonal search: H+8.8542*I, length 3.3533e-05, result  4.0322e-07
Hessian diagonal search: H+9.1030*I, length 3.3380e-05, result  3.5120e-07
Hessian diagonal search: H+8.9442*I, length 3.3478e-05, result  9.6157e-08
Hessian diagonal search: H+8.9098*I, length 3.3499e-05, result  3.6272e-07
Hessian diagonal search: H+8.9655*I, length 3.3464e-05, result  6.2096e-07
Hessian diagonal search: H+8.9310*I, length 3.3486e-05, result  6.0785e-07
Hessian diagonal search: H+8.9523*I, length 3.3473e-05, result  7.8723e-07
Hessian diagonal search: H+8.9392*I, length 3.3481e-05, result  4.9433e-07
Hessian diagonal search: H+8.9473*I, length 3.3476e-05, result  3.6684e-07
Hessian diagonal search: H+8.9418*I, length 3.3479e-05, result  4.0675e-07
Restarting search with step size 4.0065e-05
Hessian diagonal search: H+0.0000*I, length 4.0065e-05, result  6.2275e-07
Hessian diagonal search: H+9.0000*I, length 3.3443e-05, result  3.0839e-07
Hessian diagonal search: H+61.6868*I, length 1.6997e-05, result  4.0271e-07
Hessian diagonal search: H+9.0000*I, length 3.3443e-05, result  3.0839e-07
Hessian diagonal search: H+23.5622*I, length 2.6386e-05, result -2.2104e-08
Hessian diagonal search: H+35.9999*I, length 2.2357e-05, result -3.3619e-07
Hessian diagonal search: H+44.9999*I, length 2.0133e-05, result  7.3509e-07
Hessian diagonal search: H+30.9392*I, length 2.3838e-05, result  5.7990e-07
Hessian diagonal search: H+39.3192*I, length 2.1482e-05, result  4.9483e-07
Hessian diagonal search: H+34.0217*I, length 2.2914e-05, result  6.1210e-07
Hessian diagonal search: H+37.2505*I, length 2.2019e-05, result  9.6992e-07
Hessian diagonal search: H+35.2377*I, length 2.2568e-05, result  6.2584e-07
Hessian diagonal search: H+36.4751*I, length 2.2228e-05, result  1.2954e-06
Hessian diagonal search: H+35.7078*I, length 2.2438e-05, result  9.5689e-07
Hessian diagonal search: H+36.1810*I, length 2.2308e-05, result  8.4211e-07
Hessian diagonal search: H+35.8882*I, length 2.2388e-05, result  1.0345e-06
Hessian diagonal search: H+36.0690*I, length 2.2338e-05, result  5.6469e-07
Hessian diagonal search: H+35.9572*I, length 2.2369e-05, result  7.3327e-07
Hessian diagonal search: H+36.0263*I, length 2.2350e-05, result  7.8736e-07
Hessian diagonal search: H+35.9836*I, length 2.2362e-05, result  5.0392e-07
Hessian diagonal search: H+36.0100*I, length 2.2354e-05, result  1.0886e-06
Optimization step found (length 2.2357e-05)
Convergence criterion reached in step size (1.00e-02)
#========================================================#
#| [92m               [0m[1mOptimization Converged[0m               [0m |#
#| [92m           Final objective function value           [0m |#
#| [92m  Full:  3.151221e+00  Un-penalized:  1.404210e+00  [0m |#
#========================================================#
#========================================================#
#| [94m           Final optimization parameters:           [0m |#
#========================================================#
   0 [ -1.3218e+00 ] : ProperTorsions/Proper/k1/[*:1]~[#6X3:2]~!@[#6X3:3]~[*:4]
#========================================================#
#| [94m             Final physical parameters:             [0m |#
#========================================================#
   0 [  1.1466e+00 ] : ProperTorsions/Proper/k1/[*:1]~[#6X3:2]~!@[#6X3:3]~[*:4]
----------------------------------------------------------
Backing up result/debug/test.offxml -> result/debug/test_172.offxml
#=====================================================================#
#|  The force field has been written to the result/debug directory.  |#
#|    Input file with optimization parameters saved to debug.sav.    |#
#=====================================================================#
Wall time since calculation start: 185.2 seconds
#========================================================#
#| [1;44;93m               Calculation Finished.                [0m |#
#| [1;44;93m     ---==(  May the Force be with you!  )==---     [0m |#
#========================================================#
