Note: Failed to import the optional openff.evaluator package. 
Note: Failed to import the optional openff.recharge package.
#======================================================================#
#| [1m            Welcome to ForceBalance version 1.7.5! =D             [0m |#
#| [1m                 Force Field Optimization System                  [0m |#
#| [1m                                                                  [0m |#
#| [1m                             Authors:                             [0m |#
#| [1m                          Lee-Ping Wang                           [0m |#
#| [1m                  Yudong Qiu, Keri A. McKiernan                   [0m |#
#| [1m          Jeffrey R. Wagner, Hyesu Jang, Simon Boothroyd          [0m |#
#| [1m           Arthur Vigil, Erik G. Brandt, Johnny Israeli           [0m |#
#======================================================================#

                          [44m     [0m                                        
                       [44m        [0m      [43m     [0m                              
                    [44m        [0m   [44m  [0m    [43m         [0m                          
                 [44m       [0m    [44m      [0m      [43m         [0m                       
             [44m        [0m    [44m        [0m          [43m         [0m                    
          [44m        [0m    [44m        [0m                 [43m        [0m                 
       [44m        [0m    [44m       [0m                        [43m        [0m              
    [44m        [0m   [44m        [0m                              [43m         [0m          
   [44m      [0m   [44m        [0m               `.:+@@###@'          [43m         [0m       
    [44m [0m    [44m        [0m          ,;'+###############.             [43m     [0m       
      [44m        [0m         +################':`                    [43m [0m        
      [44m     [0m              `.,,...####+.                                  
                                ,#####      +##.               [44m   [0m   [44m   [0m
 [43m    [0m                            #####      ######             [44m   [0m   [44m   [0m
 [43m    [0m                ###'        ####'     :#####'             [44m   [0m   [44m   [0m
 [43m    [0m                :####@      ####.    ,####'               [44m   [0m   [44m   [0m
 [43m    [0m                 ######     ####    +###+                 [44m   [0m   [44m   [0m
 [43m    [0m                  #####     ####   ###;                   [44m   [0m   [44m   [0m
 [43m    [0m                   :##      ####  ++`                     [44m   [0m   [44m   [0m
 [43m    [0m                            ####``..:;+##############+`   [44m   [0m   [44m   [0m
 [43m    [0m             .,:;;'++##################################`  [44m   [0m   [44m   [0m
 [43m    [0m    `############################++++''';;;;;;;;;;;'';    [44m   [0m   [44m   [0m
 [43m    [0m      ,########':,.``       ####                          [44m   [0m   [44m   [0m
 [43m    [0m                            ####                          [44m   [0m   [44m   [0m
 [43m    [0m                            ####                          [44m   [0m   [44m   [0m
 [43m    [0m                            ####                          [44m   [0m   [44m   [0m
 [43m    [0m                            ####                          [44m   [0m   [44m   [0m
 [43m    [0m                            ####                          [44m   [0m   [44m   [0m
 [43m    [0m                            ####                          [44m   [0m   [44m   [0m
 [43m    [0m                            ####                          [44m   [0m   [44m   [0m
      [44m    [0m                       ####                                   
     [44m        [0m                    ####                                   
    [44m [0m    [44m       [0m                 ####                       [43m     [0m       
   [44m     [0m    [44m        [0m             ####                    [43m        [0m       
   [44m        [0m    [44m        [0m          ###                  [43m         [0m         
      [44m        [0m    [44m        [0m        +`               [43m        [0m             
          [44m        [0m   [44m        [0m                   [43m        [0m                
             [44m        [0m   [44m         [0m           [43m         [0m                   
                [44m        [0m    [44m       [0m      [43m         [0m                      
                   [44m        [0m    [44m   [0m    [43m        [0m                          
                      [44m        [0m       [43m      [0m                             
                          [44m      [0m      [43m  [0m                                
                             [44m  [0m                                         

Reading options from file: debug.in
#========================================================#
#| [95m  Options at their default values are not printed   [0m |#
#| [95m        Use 'verbose_options True' to Enable        [0m |#
#========================================================#
Reading force field from file: test.offxml
#=========================================================#
#| [92m Starting parameter indices, physical values and IDs [0m |#
#=========================================================#
   0 [  3.7901e+00 ] : ProperTorsions/Proper/k1/[*:1]~[#6X3:2]~!@[#6X3:3]~[*:4]
-----------------------------------------------------------
#=========================================================#
#| [91m Rescaling Factors by Type (Lower Takes Precedence): [0m |#
#=========================================================#
   ProperTorsions/Proper/k1             : 3.79011e+00
   Bonds/Bond/k                         : 1.00000e+01
   Bonds/Bond/length                    : 1.00000e-02
   Angles/Angle/k                       : 5.00000e+00
   Angles/Angle/angle                   : 1.00000e+00
   ProperTorsions/Proper/k              : 2.00000e+00
-----------------------------------------------------------
#========================================================#
#| [91m   Rescaling Types / Factors by Parameter Number:   [0m |#
#========================================================#
   0 [    ProperTorsions/Proper/k       : 2.00000e+00 ] : ProperTorsions/Proper/k1/[*:1]~[#6X3:2]~!@[#6X3:3]~[*:4]
----------------------------------------------------------
#========================================================#
#| [92m               Setup for force field                [0m |#
#========================================================#
fnms                      ['test.offxml'] 
priors                    OrderedDict([('Bonds/Bond/k', 10.0), ('Bonds/Bond/length', 0.01), ('Angles/Angle/k', 5.0), ('Angles/Angle/angle', 1.0), ('ProperTorsions/Proper/k', 2.0)]) 
----------------------------------------------------------
Referencing all energies to the snapshot 9 (minimum energy structure in QM)
#=======================================================================================#
#| [92m Setup for target td_OpenFF_Gen_2_Torsion_Set_3_Pfizer_Discrepancy_2_01_C7H13N3O : [0m |#
#=======================================================================================#
mol2                      ['input.mol2'] 
precision                 double 
platname                  Reference 
name                      td_OpenFF_Gen_2_Torsion_Set_3_Pfizer_Discrepancy_2_01_C7H13N3O 
type                      TORSIONPROFILE_SMIRNOFF 
h                         0.01 
tgtdir                    targets/td_OpenFF_Gen_2_Torsion_Set_3_Pfizer_Discrepancy_2_01_C7H13N3O 
writelevel                2 
attenuate                 True 
energy_upper              5.0 
-----------------------------------------------------------------------------------------
#========================================================#
#| [92m        SMIRNOFF Parameter Coverage Analysis        [0m |#
#========================================================#
Force field assignment data written to /Users/jessica/Documents/Grad_research/WBO_Torsions_ChayaPaper/release_1.3.0_2/fb-fit/fb-fit0/smirnoff_parameter_assignments.json
 idx Parameter                                                                                                   Count
----------------------------------------------------------------------------------------------------------------------
   0 ProperTorsions/Proper/k1/[*:1]~[#6X3:2]~!@[#6X3:3]~[*:4]                                             :          4
SNIRNOFF Parameter Coverage Analysis result: 1/1 parameters are covered.
----------------------------------------------------------------------------------------------------------------------
Using parabolic regularization (Gaussian prior) with strength 1.0e+00 (+), 0.0e+00 (x)
#========================================================#
#| [92m           Setup for objective function :           [0m |#
#========================================================#
penalty_additive          1.0 
normalize_weights         False 
----------------------------------------------------------
#========================================================#
#| [92m                Setup for optimizer                 [0m |#
#========================================================#
jobtype                   OPTIMIZE 
trust0                    -1.0 
eps                       0.01 
h                         0.01 
h0                        0.01 
convergence_objective     0.1 
convergence_step          0.01 
convergence_gradient      0.1 
input_file                debug.in 
criteria                  2 
----------------------------------------------------------
Calculation started at 2020-11-18 03:52 PM
#========================================================#
#| [1m                  Main Optimizer                    [0m |#
#| [1m  Newton-Raphson Method (Hessian Diagonal Search)   [0m |#
#| [1m                                                    [0m |#
#| [1m       [0mConvergence criteria (2 of 3 needed):        [0m |#
#| [1m          [0mObjective Function  : 1.000e-01           [0m |#
#| [1m          [0mNorm of Gradient    : 1.000e-01           [0m |#
#| [1m          [0mParameter step size : 1.000e-02           [0m |#
#========================================================#
#========================================================#
#|       Color Key for Objective Function -=X2=-        |#
#|  [1mBold[0m = Initial step                                 |#
#|  [92mGreen = Current lowest value of objective function[0m  |#
#|  [91mRed = Objective function rises, step rejected[0m       |#
#|  [0mNo color = Not at the lowest value                  |#
#========================================================#
#========================================================#
#| [94m     Iteration 0: Evaluating objective function     [0m |#
#| [94m        and derivatives through second order        [0m |#
#========================================================#

#==================================================================================================================================================#
#| [92m    Torsion Profile: td_OpenFF_Gen_2_Torsion_Set_3_Pfizer_Discrepancy_2_01_C7H13N3O, Objective =  7.98976e+01, Units = kcal/mol, Angstrom     [0m |#
#| [92m System                                             Min(QM)    Min(MM)      Range(QM)          Range(MM)    Max-RMSD   Ene-RMSE    Obj-Fn     [0m |#
#==================================================================================================================================================#
td_OpenFF_Gen_2_Torsion_Set_3_Pfizer_Discrepancy_2_01_C7H13N3O        -30        180     0.000 - 3.857    -5.588 - 21.155     0.332     8.9385    79.8976 
----------------------------------------------------------------------------------------------------------------------------------------------------
#====================================================================#
#| [94m                  Objective Function Breakdown                  [0m |#
#| [94m  Target Name              Residual  x  Weight  =  Contribution [0m |#
#====================================================================#
td_OpenFF_Gen_2_Torsion_Set_3_Pfizer_Discrepancy_2_01_C7H13N3O     79.89764      1.000 [94m     7.98976e+01[0m 
Regularization                 0.00000      1.000 [94m     0.00000e+00[0m 
Total                                             [94m     7.98976e+01[0m 
----------------------------------------------------------------------

  Step       |k|        |dk|       |grad|       -=X2=-     Delta(X2)    StepQual
     0   0.000e+00   0.000e+00   9.809e+01[1m   7.98976e+01[0m   0.000e+00      0.000

#========================================================#
#| [94m                   Total Gradient                   [0m |#
#========================================================#
   0 [  9.80917870e+01 ] : ProperTorsions/Proper/k1/[*:1]~[#6X3:2]~!@[#6X3:3]~[*:4]
----------------------------------------------------------
Calculating nonlinear optimization step
Finding trust radius: H+0.0000*I, length 1.4911e+00 (target 1.0000e+00)
Finding trust radius: H+9.0000*I, length 1.3116e+00 (target 1.0000e+00)
Finding trust radius: H+61.6869*I, length 7.6951e-01 (target 1.0000e+00)
Finding trust radius: H+40.2072*I, length 9.2546e-01 (target 1.0000e+00)
Finding trust radius: H+40.2072*I, length 9.2546e-01 (target 1.0000e+00)
Finding trust radius: H+25.6522*I, length 1.0728e+00 (target 1.0000e+00)
Finding trust radius: H+18.2852*I, length 1.1668e+00 (target 1.0000e+00)
Finding trust radius: H+32.4391*I, length 9.9865e-01 (target 1.0000e+00)
Finding trust radius: H+32.4315*I, length 9.9873e-01 (target 1.0000e+00)
Finding trust radius: H+32.3101*I, length 9.9996e-01 (target 1.0000e+00)
Finding trust radius: H+29.6764*I, length 1.0276e+00 (target 1.0000e+00)
Finding trust radius: H+32.3025*I, length 1.0000e+00 (target 1.0000e+00)
Finding trust radius: H+32.3177*I, length 9.9989e-01 (target 1.0000e+00)
Starting Hessian diagonal search with step size 9.9996e-01
Hessian diagonal search: H+32.3101*I, length 9.9996e-01, result -6.7368e+01
Hessian diagonal search: H+662.3819*I, length 1.3471e-01, result -1.2729e+01
Hessian diagonal search: H+716.1816*I, length 1.2544e-01, result -1.1885e+01
Hessian diagonal search: H+32.3101*I, length 9.9996e-01, result -6.7368e+01
Hessian diagonal search: H+45.0105*I, length 8.8534e-01, result -6.3153e+01
Hessian diagonal search: H+178.0517*I, length 4.0228e-01, result -3.4925e+01
Hessian diagonal search: H+0.0542*I, length 1.4899e+00, result -7.3813e+01
Hessian diagonal search: H+0.0692*I, length 1.4895e+00, result -7.3815e+01
Hessian diagonal search: H+0.1575*I, length 1.4875e+00, result -7.3827e+01
Hessian diagonal search: H+5.8391*I, length 1.3695e+00, result -7.3985e+01
Hessian diagonal search: H+13.4293*I, length 1.2383e+00, result -7.2869e+01
Hessian diagonal search: H+2.7060*I, length 1.4322e+00, result -7.4037e+01
Hessian diagonal search: H+3.0270*I, length 1.4255e+00, result -7.4046e+01
Hessian diagonal search: H+3.5736*I, length 1.4143e+00, result -7.4054e+01
Hessian diagonal search: H+4.3736*I, length 1.3981e+00, result -7.4047e+01
Hessian diagonal search: H+3.6856*I, length 1.4120e+00, result -7.4054e+01
Hessian diagonal search: H+3.7048*I, length 1.4116e+00, result -7.4054e+01
Hessian diagonal search: H+3.7102*I, length 1.4115e+00, result -7.4054e+01
Hessian diagonal search: H+3.7193*I, length 1.4113e+00, result -7.4054e+01
Hessian diagonal search: H+3.7121*I, length 1.4114e+00, result -7.4054e+01
Hessian diagonal search: H+3.7081*I, length 1.4115e+00, result -7.4054e+01
Hessian diagonal search: H+3.7070*I, length 1.4115e+00, result -7.4054e+01
Optimization step found (length 1.4115e+00)
#========================================================#
#| [95m  Mathematical Parameters (Current + Step = Next)   [0m |#
#========================================================#
   0 [  0.0000e+00 - 1.4115e+00 = -1.4115e+00 ] : ProperTorsions/Proper/k1/[*:1]~[#6X3:2]~!@[#6X3:3]~[*:4]
----------------------------------------------------------
#========================================================#
#| [95m    Physical Parameters (Current + Step = Next)     [0m |#
#========================================================#
   0 [  3.7901e+00 - 2.8231e+00 =  9.6706e-01 ] : ProperTorsions/Proper/k1/[*:1]~[#6X3:2]~!@[#6X3:3]~[*:4]
----------------------------------------------------------
Backing up debug.sav -> debug.bak/debug_28.sav
Input file with saved parameters: debug.sav
#========================================================#
#| [94m     Iteration 1: Evaluating objective function     [0m |#
#| [94m        and derivatives through second order        [0m |#
#========================================================#

#==================================================================================================================================================#
#| [92m    Torsion Profile: td_OpenFF_Gen_2_Torsion_Set_3_Pfizer_Discrepancy_2_01_C7H13N3O, Objective =  3.85124e+00, Units = kcal/mol, Angstrom     [0m |#
#| [92m System                                             Min(QM)    Min(MM)      Range(QM)          Range(MM)    Max-RMSD   Ene-RMSE    Obj-Fn     [0m |#
#==================================================================================================================================================#
td_OpenFF_Gen_2_Torsion_Set_3_Pfizer_Discrepancy_2_01_C7H13N3O        -30        150     0.000 - 3.857    -1.988 - 3.495      0.297     1.9625    3.8512 
----------------------------------------------------------------------------------------------------------------------------------------------------
#===================================================================================#
#| [94m                         Objective Function Breakdown                          [0m |#
#| [94m  Target Name              Residual  x  Weight  =  Contribution (Current-Prev) [0m |#
#===================================================================================#
td_OpenFF_Gen_2_Torsion_Set_3_Pfizer_Discrepancy_2_01_C7H13N3O      3.85124      1.000 [92m     3.85124e+00[0m ( -7.605e+01 ) 
Regularization                 1.99241      1.000 [91m     1.99241e+00[0m ( +1.992e+00 ) 
Total                                             [92m     5.84365e+00[0m ( -7.405e+01 ) 
-------------------------------------------------------------------------------------
Backing up result/debug/test.offxml -> result/debug/test_62.offxml
#=====================================================================#
#|  The force field has been written to the result/debug directory.  |#
#|    Input file with optimization parameters saved to debug.sav.    |#
#=====================================================================#

  Step       |k|        |dk|       |grad|       -=X2=-     Delta(X2)    StepQual
     1   1.412e+00   1.412e+00   2.804e-03[92m   5.84365e+00[0m  -7.405e+01      1.000

#========================================================#
#| [94m                   Total Gradient                   [0m |#
#========================================================#
   0 [ -2.80415936e-03 ] : ProperTorsions/Proper/k1/[*:1]~[#6X3:2]~!@[#6X3:3]~[*:4]
----------------------------------------------------------
Convergence criterion reached for gradient norm (1.00e-01)
Calculating nonlinear optimization step
Starting Hessian diagonal search with step size 3.5372e-05
Hessian diagonal search: H+0.0000*I, length 3.5372e-05, result  4.7124e-07
Hessian diagonal search: H+9.0000*I, length 3.1766e-05, result  1.4718e-06
Hessian diagonal search: H+23.5623*I, length 2.7267e-05, result  1.1997e-06
Hessian diagonal search: H+0.0000*I, length 3.5372e-05, result  4.7124e-07
Hessian diagonal search: H+3.4377*I, length 3.3902e-05, result  1.2524e-06
Hessian diagonal search: H+1.3131*I, length 3.4795e-05, result  1.4652e-07
Hessian diagonal search: H+3.4377*I, length 3.3902e-05, result  1.2524e-06
Hessian diagonal search: H+0.5117*I, length 3.5145e-05, result  8.7149e-07
Hessian diagonal search: H+2.0062*I, length 3.4499e-05, result  2.1556e-06
Hessian diagonal search: H+0.9632*I, length 3.4947e-05, result  8.8916e-07
Hessian diagonal search: H+1.5606*I, length 3.4689e-05, result  3.6468e-07
Hessian diagonal search: H+1.1731*I, length 3.4856e-05, result -2.8047e-08
Hessian diagonal search: H+1.0905*I, length 3.4892e-05, result  3.2187e-07
Hessian diagonal search: H+1.2155*I, length 3.4838e-05, result  1.0882e-06
Hessian diagonal search: H+1.1412*I, length 3.4870e-05, result  1.1006e-06
Hessian diagonal search: H+1.1892*I, length 3.4849e-05, result  1.1067e-07
Hessian diagonal search: H+1.1608*I, length 3.4861e-05, result  1.6822e-06
Hessian diagonal search: H+1.1792*I, length 3.4853e-05, result  5.6683e-07
Hessian diagonal search: H+1.1684*I, length 3.4858e-05, result  1.1408e-07
Hessian diagonal search: H+1.1735*I, length 3.4856e-05, result  8.3329e-08
Hessian diagonal search: H+1.1713*I, length 3.4857e-05, result  5.3733e-07
Hessian diagonal search: H+1.1724*I, length 3.4856e-05, result  6.3917e-07
Optimization step found (length 3.4856e-05)
Convergence criterion reached in step size (1.00e-02)
#========================================================#
#| [92m               [0m[1mOptimization Converged[0m               [0m |#
#| [92m           Final objective function value           [0m |#
#| [92m  Full:  5.843648e+00  Un-penalized:  3.851243e+00  [0m |#
#========================================================#
#========================================================#
#| [94m           Final optimization parameters:           [0m |#
#========================================================#
   0 [ -1.4115e+00 ] : ProperTorsions/Proper/k1/[*:1]~[#6X3:2]~!@[#6X3:3]~[*:4]
#========================================================#
#| [94m             Final physical parameters:             [0m |#
#========================================================#
   0 [  9.6713e-01 ] : ProperTorsions/Proper/k1/[*:1]~[#6X3:2]~!@[#6X3:3]~[*:4]
----------------------------------------------------------
Backing up result/debug/test.offxml -> result/debug/test_63.offxml
#=====================================================================#
#|  The force field has been written to the result/debug directory.  |#
#|    Input file with optimization parameters saved to debug.sav.    |#
#=====================================================================#
Wall time since calculation start: 71.8 seconds
#========================================================#
#| [1;44;93m               Calculation Finished.                [0m |#
#| [1;44;93m     ---==(  May the Force be with you!  )==---     [0m |#
#========================================================#
