Note: Failed to import the optional openff.evaluator package. 
Note: Failed to import the optional openff.recharge package.
#======================================================================#
#| [1m            Welcome to ForceBalance version 1.7.5! =D             [0m |#
#| [1m                 Force Field Optimization System                  [0m |#
#| [1m                                                                  [0m |#
#| [1m                             Authors:                             [0m |#
#| [1m                          Lee-Ping Wang                           [0m |#
#| [1m                  Yudong Qiu, Keri A. McKiernan                   [0m |#
#| [1m          Jeffrey R. Wagner, Hyesu Jang, Simon Boothroyd          [0m |#
#| [1m           Arthur Vigil, Erik G. Brandt, Johnny Israeli           [0m |#
#======================================================================#

                          [44m     [0m                                        
                       [44m        [0m      [43m     [0m                              
                    [44m        [0m   [44m  [0m    [43m         [0m                          
                 [44m       [0m    [44m      [0m      [43m         [0m                       
             [44m        [0m    [44m        [0m          [43m         [0m                    
          [44m        [0m    [44m        [0m                 [43m        [0m                 
       [44m        [0m    [44m       [0m                        [43m        [0m              
    [44m        [0m   [44m        [0m                              [43m         [0m          
   [44m      [0m   [44m        [0m               `.:+@@###@'          [43m         [0m       
    [44m [0m    [44m        [0m          ,;'+###############.             [43m     [0m       
      [44m        [0m         +################':`                    [43m [0m        
      [44m     [0m              `.,,...####+.                                  
                                ,#####      +##.               [44m   [0m   [44m   [0m
 [43m    [0m                            #####      ######             [44m   [0m   [44m   [0m
 [43m    [0m                ###'        ####'     :#####'             [44m   [0m   [44m   [0m
 [43m    [0m                :####@      ####.    ,####'               [44m   [0m   [44m   [0m
 [43m    [0m                 ######     ####    +###+                 [44m   [0m   [44m   [0m
 [43m    [0m                  #####     ####   ###;                   [44m   [0m   [44m   [0m
 [43m    [0m                   :##      ####  ++`                     [44m   [0m   [44m   [0m
 [43m    [0m                            ####``..:;+##############+`   [44m   [0m   [44m   [0m
 [43m    [0m             .,:;;'++##################################`  [44m   [0m   [44m   [0m
 [43m    [0m    `############################++++''';;;;;;;;;;;'';    [44m   [0m   [44m   [0m
 [43m    [0m      ,########':,.``       ####                          [44m   [0m   [44m   [0m
 [43m    [0m                            ####                          [44m   [0m   [44m   [0m
 [43m    [0m                            ####                          [44m   [0m   [44m   [0m
 [43m    [0m                            ####                          [44m   [0m   [44m   [0m
 [43m    [0m                            ####                          [44m   [0m   [44m   [0m
 [43m    [0m                            ####                          [44m   [0m   [44m   [0m
 [43m    [0m                            ####                          [44m   [0m   [44m   [0m
 [43m    [0m                            ####                          [44m   [0m   [44m   [0m
      [44m    [0m                       ####                                   
     [44m        [0m                    ####                                   
    [44m [0m    [44m       [0m                 ####                       [43m     [0m       
   [44m     [0m    [44m        [0m             ####                    [43m        [0m       
   [44m        [0m    [44m        [0m          ###                  [43m         [0m         
      [44m        [0m    [44m        [0m        +`               [43m        [0m             
          [44m        [0m   [44m        [0m                   [43m        [0m                
             [44m        [0m   [44m         [0m           [43m         [0m                   
                [44m        [0m    [44m       [0m      [43m         [0m                      
                   [44m        [0m    [44m   [0m    [43m        [0m                          
                      [44m        [0m       [43m      [0m                             
                          [44m      [0m      [43m  [0m                                
                             [44m  [0m                                         

Reading options from file: debug.in
#========================================================#
#| [95m  Options at their default values are not printed   [0m |#
#| [95m        Use 'verbose_options True' to Enable        [0m |#
#========================================================#
Reading force field from file: test.offxml
#=========================================================#
#| [92m Starting parameter indices, physical values and IDs [0m |#
#=========================================================#
   0 [  3.7901e+00 ] : ProperTorsions/Proper/k1/[*:1]~[#6X3:2]~!@[#6X3:3]~[*:4]
-----------------------------------------------------------
#=========================================================#
#| [91m Rescaling Factors by Type (Lower Takes Precedence): [0m |#
#=========================================================#
   ProperTorsions/Proper/k1             : 3.79011e+00
   Bonds/Bond/k                         : 1.00000e+01
   Bonds/Bond/length                    : 1.00000e-02
   Angles/Angle/k                       : 5.00000e+00
   Angles/Angle/angle                   : 1.00000e+00
   ProperTorsions/Proper/k              : 2.00000e+00
-----------------------------------------------------------
#========================================================#
#| [91m   Rescaling Types / Factors by Parameter Number:   [0m |#
#========================================================#
   0 [    ProperTorsions/Proper/k       : 2.00000e+00 ] : ProperTorsions/Proper/k1/[*:1]~[#6X3:2]~!@[#6X3:3]~[*:4]
----------------------------------------------------------
#========================================================#
#| [92m               Setup for force field                [0m |#
#========================================================#
fnms                      ['test.offxml'] 
priors                    OrderedDict([('Bonds/Bond/k', 10.0), ('Bonds/Bond/length', 0.01), ('Angles/Angle/k', 5.0), ('Angles/Angle/angle', 1.0), ('ProperTorsions/Proper/k', 2.0)]) 
----------------------------------------------------------
Referencing all energies to the snapshot 10 (minimum energy structure in QM)
#================================================================================#
#| [92m Setup for target td_OpenFF_Gen_2_Torsion_Set_2_Coverage_2_081_C12H24N5PS : [0m |#
#================================================================================#
mol2                      ['input.mol2'] 
precision                 double 
platname                  Reference 
name                      td_OpenFF_Gen_2_Torsion_Set_2_Coverage_2_081_C12H24N5PS 
type                      TORSIONPROFILE_SMIRNOFF 
h                         0.01 
tgtdir                    targets/td_OpenFF_Gen_2_Torsion_Set_2_Coverage_2_081_C12H24N5PS 
writelevel                2 
attenuate                 True 
energy_upper              5.0 
----------------------------------------------------------------------------------
#========================================================#
#| [92m        SMIRNOFF Parameter Coverage Analysis        [0m |#
#========================================================#
Force field assignment data written to /Users/jessica/Documents/Grad_research/WBO_Torsions_ChayaPaper/release_1.3.0_2/fb-fit/fb-fit0/smirnoff_parameter_assignments.json
 idx Parameter                                                                                                   Count
----------------------------------------------------------------------------------------------------------------------
   0 ProperTorsions/Proper/k1/[*:1]~[#6X3:2]~!@[#6X3:3]~[*:4]                                             :          4
SNIRNOFF Parameter Coverage Analysis result: 1/1 parameters are covered.
----------------------------------------------------------------------------------------------------------------------
Using parabolic regularization (Gaussian prior) with strength 1.0e+00 (+), 0.0e+00 (x)
#========================================================#
#| [92m           Setup for objective function :           [0m |#
#========================================================#
penalty_additive          1.0 
normalize_weights         False 
----------------------------------------------------------
#========================================================#
#| [92m                Setup for optimizer                 [0m |#
#========================================================#
jobtype                   OPTIMIZE 
trust0                    -1.0 
eps                       0.01 
h                         0.01 
h0                        0.01 
convergence_objective     0.1 
convergence_step          0.01 
convergence_gradient      0.1 
input_file                debug.in 
criteria                  2 
----------------------------------------------------------
Calculation started at 2020-11-18 04:14 PM
#========================================================#
#| [1m                  Main Optimizer                    [0m |#
#| [1m  Newton-Raphson Method (Hessian Diagonal Search)   [0m |#
#| [1m                                                    [0m |#
#| [1m       [0mConvergence criteria (2 of 3 needed):        [0m |#
#| [1m          [0mObjective Function  : 1.000e-01           [0m |#
#| [1m          [0mNorm of Gradient    : 1.000e-01           [0m |#
#| [1m          [0mParameter step size : 1.000e-02           [0m |#
#========================================================#
#========================================================#
#|       Color Key for Objective Function -=X2=-        |#
#|  [1mBold[0m = Initial step                                 |#
#|  [92mGreen = Current lowest value of objective function[0m  |#
#|  [91mRed = Objective function rises, step rejected[0m       |#
#|  [0mNo color = Not at the lowest value                  |#
#========================================================#
#========================================================#
#| [94m     Iteration 0: Evaluating objective function     [0m |#
#| [94m        and derivatives through second order        [0m |#
#========================================================#

#==================================================================================================================================================#
#| [92m        Torsion Profile: td_OpenFF_Gen_2_Torsion_Set_2_Coverage_2_081_C12H24N5PS, Objective =  1.76745e+01, Units = kcal/mol, Angstrom        [0m |#
#| [92m System                                             Min(QM)    Min(MM)      Range(QM)          Range(MM)    Max-RMSD   Ene-RMSE    Obj-Fn     [0m |#
#==================================================================================================================================================#
td_OpenFF_Gen_2_Torsion_Set_2_Coverage_2_081_C12H24N5PS        -15        165     0.000 - 7.507    -0.983 - 27.195     0.347     4.2041    17.6745 
----------------------------------------------------------------------------------------------------------------------------------------------------
#====================================================================#
#| [94m                  Objective Function Breakdown                  [0m |#
#| [94m  Target Name              Residual  x  Weight  =  Contribution [0m |#
#====================================================================#
td_OpenFF_Gen_2_Torsion_Set_2_Coverage_2_081_C12H24N5PS     17.67454      1.000 [94m     1.76745e+01[0m 
Regularization                 0.00000      1.000 [94m     0.00000e+00[0m 
Total                                             [94m     1.76745e+01[0m 
----------------------------------------------------------------------

  Step       |k|        |dk|       |grad|       -=X2=-     Delta(X2)    StepQual
     0   0.000e+00   0.000e+00   2.211e+01[1m   1.76745e+01[0m   0.000e+00      0.000

#========================================================#
#| [94m                   Total Gradient                   [0m |#
#========================================================#
   0 [  2.21140099e+01 ] : ProperTorsions/Proper/k1/[*:1]~[#6X3:2]~!@[#6X3:3]~[*:4]
----------------------------------------------------------
Calculating nonlinear optimization step
Finding trust radius: H+0.0000*I, length 1.3126e+00 (target 1.0000e+00)
Finding trust radius: H+9.0000*I, length 8.5557e-01 (target 1.0000e+00)
Finding trust radius: H+61.6869*I, length 2.8159e-01 (target 1.0000e+00)
Finding trust radius: H+9.0000*I, length 8.5557e-01 (target 1.0000e+00)
Finding trust radius: H+23.5623*I, length 5.4725e-01 (target 1.0000e+00)
Finding trust radius: H+3.4377*I, length 1.0902e+00 (target 1.0000e+00)
Finding trust radius: H+5.0094*I, length 1.0118e+00 (target 1.0000e+00)
Finding trust radius: H+5.2648*I, length 1.0001e+00 (target 1.0000e+00)
Finding trust radius: H+5.2713*I, length 9.9981e-01 (target 1.0000e+00)
Finding trust radius: H+5.2670*I, length 1.0000e+00 (target 1.0000e+00)
Finding trust radius: H+5.2685*I, length 9.9993e-01 (target 1.0000e+00)
Starting Hessian diagonal search with step size 1.0000e+00
Hessian diagonal search: H+5.2670*I, length 1.0000e+00, result -1.4743e+01
Hessian diagonal search: H+148.3512*I, length 1.3386e-01, result -2.8485e+00
Hessian diagonal search: H+187.6686*I, length 1.0813e-01, result -2.3185e+00
Hessian diagonal search: H+5.2670*I, length 1.0000e+00, result -1.4743e+01
Hessian diagonal search: H+14.5485*I, length 7.0437e-01, result -1.2164e+01
Hessian diagonal search: H+36.8535*I, length 4.1180e-01, result -8.0029e+00
Hessian diagonal search: H+0.0345*I, length 1.3100e+00, result -1.5155e+01
Hessian diagonal search: H+0.3685*I, length 1.2845e+00, result -1.5227e+01
Hessian diagonal search: H+0.6236*I, length 1.2658e+00, result -1.5267e+01
Hessian diagonal search: H+1.8623*I, length 1.1820e+00, result -1.5314e+01
Hessian diagonal search: H+1.7016*I, length 1.1922e+00, result -1.5320e+01
Hessian diagonal search: H+1.4401*I, length 1.2093e+00, result -1.5322e+01
Hessian diagonal search: H+1.5045*I, length 1.2050e+00, result -1.5322e+01
Hessian diagonal search: H+1.5005*I, length 1.2053e+00, result -1.5322e+01
Hessian diagonal search: H+1.5013*I, length 1.2052e+00, result -1.5322e+01
Hessian diagonal search: H+1.5023*I, length 1.2052e+00, result -1.5322e+01
Optimization step found (length 1.2052e+00)
#========================================================#
#| [95m  Mathematical Parameters (Current + Step = Next)   [0m |#
#========================================================#
   0 [  0.0000e+00 - 1.2052e+00 = -1.2052e+00 ] : ProperTorsions/Proper/k1/[*:1]~[#6X3:2]~!@[#6X3:3]~[*:4]
----------------------------------------------------------
#========================================================#
#| [95m    Physical Parameters (Current + Step = Next)     [0m |#
#========================================================#
   0 [  3.7901e+00 - 2.4105e+00 =  1.3797e+00 ] : ProperTorsions/Proper/k1/[*:1]~[#6X3:2]~!@[#6X3:3]~[*:4]
----------------------------------------------------------
Backing up debug.sav -> debug.bak/debug_49.sav
Input file with saved parameters: debug.sav
#========================================================#
#| [94m     Iteration 1: Evaluating objective function     [0m |#
#| [94m        and derivatives through second order        [0m |#
#========================================================#

#==================================================================================================================================================#
#| [92m        Torsion Profile: td_OpenFF_Gen_2_Torsion_Set_2_Coverage_2_081_C12H24N5PS, Objective =  8.99896e-01, Units = kcal/mol, Angstrom        [0m |#
#| [92m System                                             Min(QM)    Min(MM)      Range(QM)          Range(MM)    Max-RMSD   Ene-RMSE    Obj-Fn     [0m |#
#==================================================================================================================================================#
td_OpenFF_Gen_2_Torsion_Set_2_Coverage_2_081_C12H24N5PS        -15        165     0.000 - 7.507    -1.080 - 10.303     0.300     0.9486    0.8999 
----------------------------------------------------------------------------------------------------------------------------------------------------
#===================================================================================#
#| [94m                         Objective Function Breakdown                          [0m |#
#| [94m  Target Name              Residual  x  Weight  =  Contribution (Current-Prev) [0m |#
#===================================================================================#
td_OpenFF_Gen_2_Torsion_Set_2_Coverage_2_081_C12H24N5PS      0.89990      1.000 [92m     8.99896e-01[0m ( -1.677e+01 ) 
Regularization                 1.45258      1.000 [91m     1.45258e+00[0m ( +1.453e+00 ) 
Total                                             [92m     2.35247e+00[0m ( -1.532e+01 ) 
-------------------------------------------------------------------------------------
Backing up result/debug/test.offxml -> result/debug/test_106.offxml
#=====================================================================#
#|  The force field has been written to the result/debug directory.  |#
#|    Input file with optimization parameters saved to debug.sav.    |#
#=====================================================================#

  Step       |k|        |dk|       |grad|       -=X2=-     Delta(X2)    StepQual
     1   1.205e+00   1.205e+00   5.856e-04[92m   2.35247e+00[0m  -1.532e+01      1.000

#========================================================#
#| [94m                   Total Gradient                   [0m |#
#========================================================#
   0 [ -5.85613170e-04 ] : ProperTorsions/Proper/k1/[*:1]~[#6X3:2]~!@[#6X3:3]~[*:4]
----------------------------------------------------------
Convergence criterion reached for gradient norm (1.00e-01)
Calculating nonlinear optimization step
Starting Hessian diagonal search with step size 1.9307e-05
Hessian diagonal search: H+0.0000*I, length 1.9307e-05, result  1.0125e-06
Hessian diagonal search: H+9.0000*I, length 1.4889e-05, result  9.4586e-07
Hessian diagonal search: H+61.6869*I, length 6.3641e-06, result  2.6685e-08
Hessian diagonal search: H+246.7477*I, length 2.1135e-06, result  1.4517e-07
Hessian diagonal search: H+61.6869*I, length 6.3641e-06, result  2.6685e-08
Hessian diagonal search: H+117.8115*I, length 3.9530e-06, result  2.7333e-08
Hessian diagonal search: H+36.0000*I, length 8.8286e-06, result  4.2909e-07
Hessian diagonal search: H+87.4541*I, length 4.9719e-06, result  1.2773e-07
Hessian diagonal search: H+51.0639*I, length 7.1947e-06, result  3.1553e-07
Hessian diagonal search: H+70.9996*I, length 5.7792e-06, result  1.1508e-06
Hessian diagonal search: H+57.5109*I, length 6.6666e-06, result  8.2333e-08
Hessian diagonal search: H+65.1668*I, length 6.1322e-06, result  7.7910e-07
Hessian diagonal search: H+60.0745*I, length 6.4776e-06, result  3.4973e-07
Hessian diagonal search: H+63.0049*I, length 6.2742e-06, result  1.1450e-06
Hessian diagonal search: H+61.0685*I, length 6.4071e-06, result  2.3497e-07
Hessian diagonal search: H+62.1887*I, length 6.3296e-06, result  6.0853e-07
Hessian diagonal search: H+61.4503*I, length 6.3805e-06, result  9.6215e-07
Hessian diagonal search: H+61.8783*I, length 6.3509e-06, result  5.8993e-07
Hessian diagonal search: H+61.5965*I, length 6.3703e-06, result  3.4684e-07
Hessian diagonal search: H+61.7600*I, length 6.3590e-06, result -9.0993e-08
Hessian diagonal search: H+61.8052*I, length 6.3559e-06, result  7.8409e-07
Hessian diagonal search: H+61.7321*I, length 6.3610e-06, result  1.9481e-07
Hessian diagonal search: H+61.7773*I, length 6.3578e-06, result  7.6020e-07
Hessian diagonal search: H+61.7461*I, length 6.3600e-06, result  1.9547e-07
Optimization step found (length 6.3590e-06)
Convergence criterion reached in step size (1.00e-02)
#========================================================#
#| [92m               [0m[1mOptimization Converged[0m               [0m |#
#| [92m           Final objective function value           [0m |#
#| [92m  Full:  2.352473e+00  Un-penalized:  8.998958e-01  [0m |#
#========================================================#
#========================================================#
#| [94m           Final optimization parameters:           [0m |#
#========================================================#
   0 [ -1.2052e+00 ] : ProperTorsions/Proper/k1/[*:1]~[#6X3:2]~!@[#6X3:3]~[*:4]
#========================================================#
#| [94m             Final physical parameters:             [0m |#
#========================================================#
   0 [  1.3797e+00 ] : ProperTorsions/Proper/k1/[*:1]~[#6X3:2]~!@[#6X3:3]~[*:4]
----------------------------------------------------------
Backing up result/debug/test.offxml -> result/debug/test_107.offxml
#=====================================================================#
#|  The force field has been written to the result/debug directory.  |#
#|    Input file with optimization parameters saved to debug.sav.    |#
#=====================================================================#
Wall time since calculation start: 95.2 seconds
#========================================================#
#| [1;44;93m               Calculation Finished.                [0m |#
#| [1;44;93m     ---==(  May the Force be with you!  )==---     [0m |#
#========================================================#
