Note: Failed to import the optional openff.evaluator package. 
Note: Failed to import the optional openff.recharge package.
#======================================================================#
#| [1m            Welcome to ForceBalance version 1.7.5! =D             [0m |#
#| [1m                 Force Field Optimization System                  [0m |#
#| [1m                                                                  [0m |#
#| [1m                             Authors:                             [0m |#
#| [1m                          Lee-Ping Wang                           [0m |#
#| [1m                  Yudong Qiu, Keri A. McKiernan                   [0m |#
#| [1m          Jeffrey R. Wagner, Hyesu Jang, Simon Boothroyd          [0m |#
#| [1m           Arthur Vigil, Erik G. Brandt, Johnny Israeli           [0m |#
#======================================================================#

                          [44m     [0m                                        
                       [44m        [0m      [43m     [0m                              
                    [44m        [0m   [44m  [0m    [43m         [0m                          
                 [44m       [0m    [44m      [0m      [43m         [0m                       
             [44m        [0m    [44m        [0m          [43m         [0m                    
          [44m        [0m    [44m        [0m                 [43m        [0m                 
       [44m        [0m    [44m       [0m                        [43m        [0m              
    [44m        [0m   [44m        [0m                              [43m         [0m          
   [44m      [0m   [44m        [0m               `.:+@@###@'          [43m         [0m       
    [44m [0m    [44m        [0m          ,;'+###############.             [43m     [0m       
      [44m        [0m         +################':`                    [43m [0m        
      [44m     [0m              `.,,...####+.                                  
                                ,#####      +##.               [44m   [0m   [44m   [0m
 [43m    [0m                            #####      ######             [44m   [0m   [44m   [0m
 [43m    [0m                ###'        ####'     :#####'             [44m   [0m   [44m   [0m
 [43m    [0m                :####@      ####.    ,####'               [44m   [0m   [44m   [0m
 [43m    [0m                 ######     ####    +###+                 [44m   [0m   [44m   [0m
 [43m    [0m                  #####     ####   ###;                   [44m   [0m   [44m   [0m
 [43m    [0m                   :##      ####  ++`                     [44m   [0m   [44m   [0m
 [43m    [0m                            ####``..:;+##############+`   [44m   [0m   [44m   [0m
 [43m    [0m             .,:;;'++##################################`  [44m   [0m   [44m   [0m
 [43m    [0m    `############################++++''';;;;;;;;;;;'';    [44m   [0m   [44m   [0m
 [43m    [0m      ,########':,.``       ####                          [44m   [0m   [44m   [0m
 [43m    [0m                            ####                          [44m   [0m   [44m   [0m
 [43m    [0m                            ####                          [44m   [0m   [44m   [0m
 [43m    [0m                            ####                          [44m   [0m   [44m   [0m
 [43m    [0m                            ####                          [44m   [0m   [44m   [0m
 [43m    [0m                            ####                          [44m   [0m   [44m   [0m
 [43m    [0m                            ####                          [44m   [0m   [44m   [0m
 [43m    [0m                            ####                          [44m   [0m   [44m   [0m
      [44m    [0m                       ####                                   
     [44m        [0m                    ####                                   
    [44m [0m    [44m       [0m                 ####                       [43m     [0m       
   [44m     [0m    [44m        [0m             ####                    [43m        [0m       
   [44m        [0m    [44m        [0m          ###                  [43m         [0m         
      [44m        [0m    [44m        [0m        +`               [43m        [0m             
          [44m        [0m   [44m        [0m                   [43m        [0m                
             [44m        [0m   [44m         [0m           [43m         [0m                   
                [44m        [0m    [44m       [0m      [43m         [0m                      
                   [44m        [0m    [44m   [0m    [43m        [0m                          
                      [44m        [0m       [43m      [0m                             
                          [44m      [0m      [43m  [0m                                
                             [44m  [0m                                         

Reading options from file: debug.in
#========================================================#
#| [95m  Options at their default values are not printed   [0m |#
#| [95m        Use 'verbose_options True' to Enable        [0m |#
#========================================================#
Reading force field from file: test.offxml
#=========================================================#
#| [92m Starting parameter indices, physical values and IDs [0m |#
#=========================================================#
   0 [  3.7901e+00 ] : ProperTorsions/Proper/k1/[*:1]~[#6X3:2]~!@[#6X3:3]~[*:4]
-----------------------------------------------------------
#=========================================================#
#| [91m Rescaling Factors by Type (Lower Takes Precedence): [0m |#
#=========================================================#
   ProperTorsions/Proper/k1             : 3.79011e+00
   Bonds/Bond/k                         : 1.00000e+01
   Bonds/Bond/length                    : 1.00000e-02
   Angles/Angle/k                       : 5.00000e+00
   Angles/Angle/angle                   : 1.00000e+00
   ProperTorsions/Proper/k              : 2.00000e+00
-----------------------------------------------------------
#========================================================#
#| [91m   Rescaling Types / Factors by Parameter Number:   [0m |#
#========================================================#
   0 [    ProperTorsions/Proper/k       : 2.00000e+00 ] : ProperTorsions/Proper/k1/[*:1]~[#6X3:2]~!@[#6X3:3]~[*:4]
----------------------------------------------------------
#========================================================#
#| [92m               Setup for force field                [0m |#
#========================================================#
fnms                      ['test.offxml'] 
priors                    OrderedDict([('Bonds/Bond/k', 10.0), ('Bonds/Bond/length', 0.01), ('Angles/Angle/k', 5.0), ('Angles/Angle/angle', 1.0), ('ProperTorsions/Proper/k', 2.0)]) 
----------------------------------------------------------
Backing up: debug.tmp/td_OpenFF_Gen_2_Torsion_Set_2_Coverage_2_083_C4H4N5O to: debug.bak/td_OpenFF_Gen_2_Torsion_Set_2_Coverage_2_083_C4H4N5O_0.tar.bz2
Referencing all energies to the snapshot 22 (minimum energy structure in QM)
#=============================================================================#
#| [92m Setup for target td_OpenFF_Gen_2_Torsion_Set_2_Coverage_2_083_C4H4N5O : [0m |#
#=============================================================================#
mol2                      ['input.mol2'] 
precision                 double 
platname                  Reference 
name                      td_OpenFF_Gen_2_Torsion_Set_2_Coverage_2_083_C4H4N5O 
type                      TORSIONPROFILE_SMIRNOFF 
h                         0.01 
tgtdir                    targets/td_OpenFF_Gen_2_Torsion_Set_2_Coverage_2_083_C4H4N5O 
writelevel                2 
attenuate                 True 
energy_upper              5.0 
-------------------------------------------------------------------------------
#========================================================#
#| [92m        SMIRNOFF Parameter Coverage Analysis        [0m |#
#========================================================#
Force field assignment data written to /Users/jessica/Documents/Grad_research/WBO_Torsions_ChayaPaper/release_1.3.0_2/fb-fit/fb-fit0/smirnoff_parameter_assignments.json
 idx Parameter                                                                                                   Count
----------------------------------------------------------------------------------------------------------------------
   0 ProperTorsions/Proper/k1/[*:1]~[#6X3:2]~!@[#6X3:3]~[*:4]                                             :          4
SNIRNOFF Parameter Coverage Analysis result: 1/1 parameters are covered.
----------------------------------------------------------------------------------------------------------------------
Using parabolic regularization (Gaussian prior) with strength 1.0e+00 (+), 0.0e+00 (x)
#========================================================#
#| [92m           Setup for objective function :           [0m |#
#========================================================#
penalty_additive          1.0 
normalize_weights         False 
----------------------------------------------------------
#========================================================#
#| [92m                Setup for optimizer                 [0m |#
#========================================================#
jobtype                   OPTIMIZE 
trust0                    -1.0 
eps                       0.01 
h                         0.01 
h0                        0.01 
convergence_objective     0.1 
convergence_step          0.01 
convergence_gradient      0.1 
input_file                debug.in 
criteria                  2 
----------------------------------------------------------
Calculation started at 2020-11-19 11:30 AM
#========================================================#
#| [1m                  Main Optimizer                    [0m |#
#| [1m  Newton-Raphson Method (Hessian Diagonal Search)   [0m |#
#| [1m                                                    [0m |#
#| [1m       [0mConvergence criteria (2 of 3 needed):        [0m |#
#| [1m          [0mObjective Function  : 1.000e-01           [0m |#
#| [1m          [0mNorm of Gradient    : 1.000e-01           [0m |#
#| [1m          [0mParameter step size : 1.000e-02           [0m |#
#========================================================#
#========================================================#
#|       Color Key for Objective Function -=X2=-        |#
#|  [1mBold[0m = Initial step                                 |#
#|  [92mGreen = Current lowest value of objective function[0m  |#
#|  [91mRed = Objective function rises, step rejected[0m       |#
#|  [0mNo color = Not at the lowest value                  |#
#========================================================#
#========================================================#
#| [94m     Iteration 0: Evaluating objective function     [0m |#
#| [94m        and derivatives through second order        [0m |#
#========================================================#

#==================================================================================================================================================#
#| [92m         Torsion Profile: td_OpenFF_Gen_2_Torsion_Set_2_Coverage_2_083_C4H4N5O, Objective =  1.12724e+01, Units = kcal/mol, Angstrom          [0m |#
#| [92m System                                             Min(QM)    Min(MM)      Range(QM)          Range(MM)    Max-RMSD   Ene-RMSE    Obj-Fn     [0m |#
#==================================================================================================================================================#
td_OpenFF_Gen_2_Torsion_Set_2_Coverage_2_083_C4H4N5O        165        180     0.000 - 18.272   -0.986 - 37.728     0.261     3.3574    11.2724 
----------------------------------------------------------------------------------------------------------------------------------------------------
#====================================================================#
#| [94m                  Objective Function Breakdown                  [0m |#
#| [94m  Target Name              Residual  x  Weight  =  Contribution [0m |#
#====================================================================#
td_OpenFF_Gen_2_Torsion_Set_2_Coverage_2_083_C4H4N5O     11.27238      1.000 [94m     1.12724e+01[0m 
Regularization                 0.00000      1.000 [94m     0.00000e+00[0m 
Total                                             [94m     1.12724e+01[0m 
----------------------------------------------------------------------

  Step       |k|        |dk|       |grad|       -=X2=-     Delta(X2)    StepQual
     0   0.000e+00   0.000e+00   1.166e+01[1m   1.12724e+01[0m   0.000e+00      0.000

#========================================================#
#| [94m                   Total Gradient                   [0m |#
#========================================================#
   0 [  1.16579785e+01 ] : ProperTorsions/Proper/k1/[*:1]~[#6X3:2]~!@[#6X3:3]~[*:4]
----------------------------------------------------------
Calculating nonlinear optimization step
Finding trust radius: H+0.0000*I, length 1.4158e+00 (target 1.0000e+00)
Finding trust radius: H+9.0000*I, length 6.7644e-01 (target 1.0000e+00)
Finding trust radius: H+61.6869*I, length 1.6673e-01 (target 1.0000e+00)
Finding trust radius: H+9.0000*I, length 6.7644e-01 (target 1.0000e+00)
Finding trust radius: H+23.5623*I, length 3.6664e-01 (target 1.0000e+00)
Finding trust radius: H+3.4377*I, length 9.9879e-01 (target 1.0000e+00)
Finding trust radius: H+0.1825*I, length 1.3851e+00 (target 1.0000e+00)
Finding trust radius: H+3.3313*I, length 1.0080e+00 (target 1.0000e+00)
Finding trust radius: H+3.4342*I, length 9.9909e-01 (target 1.0000e+00)
Finding trust radius: H+3.4236*I, length 1.0000e+00 (target 1.0000e+00)
Finding trust radius: H+3.4225*I, length 1.0001e+00 (target 1.0000e+00)
Finding trust radius: H+3.4246*I, length 9.9991e-01 (target 1.0000e+00)
Starting Hessian diagonal search with step size 1.0000e+00
Hessian diagonal search: H+3.4236*I, length 1.0000e+00, result -8.0464e+00
Hessian diagonal search: H+108.1844*I, length 1.0014e-01, result -1.1339e+00
Hessian diagonal search: H+143.6479*I, length 7.6757e-02, result -8.7517e-01
Hessian diagonal search: H+3.4236*I, length 1.0000e+00, result -8.0464e+00
Hessian diagonal search: H+11.7954*I, length 5.8203e-01, result -5.6138e+00
Hessian diagonal search: H+26.1779*I, length 3.3877e-01, result -3.5600e+00
Hessian diagonal search: H+0.0790*I, length 1.4023e+00, result -8.7967e+00
Hessian diagonal search: H+0.0142*I, length 1.4133e+00, result -8.7902e+00
Hessian diagonal search: H+0.0712*I, length 1.4036e+00, result -8.7960e+00
Hessian diagonal search: H+0.7752*I, length 1.2939e+00, result -8.7765e+00
Hessian diagonal search: H+0.2601*I, length 1.3724e+00, result -8.8061e+00
Hessian diagonal search: H+0.4244*I, length 1.3464e+00, result -8.8048e+00
Hessian diagonal search: H+0.2998*I, length 1.3660e+00, result -8.8066e+00
Hessian diagonal search: H+0.3133*I, length 1.3639e+00, result -8.8067e+00
Hessian diagonal search: H+0.3185*I, length 1.3630e+00, result -8.8067e+00
Hessian diagonal search: H+0.3173*I, length 1.3632e+00, result -8.8067e+00
Hessian diagonal search: H+0.3175*I, length 1.3632e+00, result -8.8067e+00
Hessian diagonal search: H+0.3178*I, length 1.3632e+00, result -8.8067e+00
Hessian diagonal search: H+0.3180*I, length 1.3631e+00, result -8.8067e+00
Optimization step found (length 1.3632e+00)
#========================================================#
#| [95m  Mathematical Parameters (Current + Step = Next)   [0m |#
#========================================================#
   0 [  0.0000e+00 - 1.3632e+00 = -1.3632e+00 ] : ProperTorsions/Proper/k1/[*:1]~[#6X3:2]~!@[#6X3:3]~[*:4]
----------------------------------------------------------
#========================================================#
#| [95m    Physical Parameters (Current + Step = Next)     [0m |#
#========================================================#
   0 [  3.7901e+00 - 2.7263e+00 =  1.0638e+00 ] : ProperTorsions/Proper/k1/[*:1]~[#6X3:2]~!@[#6X3:3]~[*:4]
----------------------------------------------------------
Backing up debug.sav -> debug.bak/debug_84.sav
Input file with saved parameters: debug.sav
#========================================================#
#| [94m     Iteration 1: Evaluating objective function     [0m |#
#| [94m        and derivatives through second order        [0m |#
#========================================================#

#==================================================================================================================================================#
#| [92m         Torsion Profile: td_OpenFF_Gen_2_Torsion_Set_2_Coverage_2_083_C4H4N5O, Objective =  6.07518e-01, Units = kcal/mol, Angstrom          [0m |#
#| [92m System                                             Min(QM)    Min(MM)      Range(QM)          Range(MM)    Max-RMSD   Ene-RMSE    Obj-Fn     [0m |#
#==================================================================================================================================================#
td_OpenFF_Gen_2_Torsion_Set_2_Coverage_2_083_C4H4N5O        165        180     0.000 - 18.272   -0.253 - 22.824     0.181     0.7794    0.6075 
----------------------------------------------------------------------------------------------------------------------------------------------------
#===================================================================================#
#| [94m                         Objective Function Breakdown                          [0m |#
#| [94m  Target Name              Residual  x  Weight  =  Contribution (Current-Prev) [0m |#
#===================================================================================#
td_OpenFF_Gen_2_Torsion_Set_2_Coverage_2_083_C4H4N5O      0.60752      1.000 [92m     6.07518e-01[0m ( -1.066e+01 ) 
Regularization                 1.85820      1.000 [91m     1.85820e+00[0m ( +1.858e+00 ) 
Total                                             [92m     2.46572e+00[0m ( -8.807e+00 ) 
-------------------------------------------------------------------------------------
Backing up result/debug/test.offxml -> result/debug/test_183.offxml
#=====================================================================#
#|  The force field has been written to the result/debug directory.  |#
#|    Input file with optimization parameters saved to debug.sav.    |#
#=====================================================================#

  Step       |k|        |dk|       |grad|       -=X2=-     Delta(X2)    StepQual
     1   1.363e+00   1.363e+00   6.844e-04[92m   2.46572e+00[0m  -8.807e+00      1.000

#========================================================#
#| [94m                   Total Gradient                   [0m |#
#========================================================#
   0 [  6.84362387e-04 ] : ProperTorsions/Proper/k1/[*:1]~[#6X3:2]~!@[#6X3:3]~[*:4]
----------------------------------------------------------
Convergence criterion reached for gradient norm (1.00e-01)
Calculating nonlinear optimization step
Starting Hessian diagonal search with step size 4.8719e-05
Hessian diagonal search: H+0.0000*I, length 4.8719e-05, result  1.0193e-07
Hessian diagonal search: H+9.0000*I, length 2.9694e-05, result  2.2133e-07
Hessian diagonal search: H+23.5623*I, length 1.8197e-05, result  1.2137e-07
Hessian diagonal search: H+0.0000*I, length 4.8719e-05, result  1.0193e-07
Hessian diagonal search: H+3.4377*I, length 3.9140e-05, result -6.6940e-08
Hessian diagonal search: H+9.0000*I, length 2.9694e-05, result  5.5277e-08
Hessian diagonal search: H+2.6178*I, length 4.1066e-05, result  9.8219e-08
Hessian diagonal search: H+5.4551*I, length 3.5092e-05, result -2.7553e-08
Hessian diagonal search: H+4.1535*I, length 3.7601e-05, result -9.7322e-08
Hessian diagonal search: H+4.1844*I, length 3.7537e-05, result  8.5788e-08
Hessian diagonal search: H+4.1531*I, length 3.7602e-05, result  5.5520e-08
Hessian diagonal search: H+4.1653*I, length 3.7577e-05, result  1.5813e-07
Hessian diagonal search: H+4.1580*I, length 3.7592e-05, result  7.8653e-08
Hessian diagonal search: H+4.1553*I, length 3.7598e-05, result  1.0532e-07
Hessian diagonal search: H+4.1542*I, length 3.7600e-05, result  1.5046e-07
Optimization step found (length 3.7601e-05)
Convergence criterion reached in step size (1.00e-02)
#========================================================#
#| [92m               [0m[1mOptimization Converged[0m               [0m |#
#| [92m           Final objective function value           [0m |#
#| [92m  Full:  2.465722e+00  Un-penalized:  6.075181e-01  [0m |#
#========================================================#
#========================================================#
#| [94m           Final optimization parameters:           [0m |#
#========================================================#
   0 [ -1.3632e+00 ] : ProperTorsions/Proper/k1/[*:1]~[#6X3:2]~!@[#6X3:3]~[*:4]
#========================================================#
#| [94m             Final physical parameters:             [0m |#
#========================================================#
   0 [  1.0637e+00 ] : ProperTorsions/Proper/k1/[*:1]~[#6X3:2]~!@[#6X3:3]~[*:4]
----------------------------------------------------------
Backing up result/debug/test.offxml -> result/debug/test_184.offxml
#=====================================================================#
#|  The force field has been written to the result/debug directory.  |#
#|    Input file with optimization parameters saved to debug.sav.    |#
#=====================================================================#
Wall time since calculation start: 28.2 seconds
#========================================================#
#| [1;44;93m               Calculation Finished.                [0m |#
#| [1;44;93m     ---==(  May the Force be with you!  )==---     [0m |#
#========================================================#
