Note: Failed to import the optional openff.evaluator package. 
Note: Failed to import the optional openff.recharge package.
#======================================================================#
#| [1m            Welcome to ForceBalance version 1.7.5! =D             [0m |#
#| [1m                 Force Field Optimization System                  [0m |#
#| [1m                                                                  [0m |#
#| [1m                             Authors:                             [0m |#
#| [1m                          Lee-Ping Wang                           [0m |#
#| [1m                  Yudong Qiu, Keri A. McKiernan                   [0m |#
#| [1m          Jeffrey R. Wagner, Hyesu Jang, Simon Boothroyd          [0m |#
#| [1m           Arthur Vigil, Erik G. Brandt, Johnny Israeli           [0m |#
#======================================================================#

                          [44m     [0m                                        
                       [44m        [0m      [43m     [0m                              
                    [44m        [0m   [44m  [0m    [43m         [0m                          
                 [44m       [0m    [44m      [0m      [43m         [0m                       
             [44m        [0m    [44m        [0m          [43m         [0m                    
          [44m        [0m    [44m        [0m                 [43m        [0m                 
       [44m        [0m    [44m       [0m                        [43m        [0m              
    [44m        [0m   [44m        [0m                              [43m         [0m          
   [44m      [0m   [44m        [0m               `.:+@@###@'          [43m         [0m       
    [44m [0m    [44m        [0m          ,;'+###############.             [43m     [0m       
      [44m        [0m         +################':`                    [43m [0m        
      [44m     [0m              `.,,...####+.                                  
                                ,#####      +##.               [44m   [0m   [44m   [0m
 [43m    [0m                            #####      ######             [44m   [0m   [44m   [0m
 [43m    [0m                ###'        ####'     :#####'             [44m   [0m   [44m   [0m
 [43m    [0m                :####@      ####.    ,####'               [44m   [0m   [44m   [0m
 [43m    [0m                 ######     ####    +###+                 [44m   [0m   [44m   [0m
 [43m    [0m                  #####     ####   ###;                   [44m   [0m   [44m   [0m
 [43m    [0m                   :##      ####  ++`                     [44m   [0m   [44m   [0m
 [43m    [0m                            ####``..:;+##############+`   [44m   [0m   [44m   [0m
 [43m    [0m             .,:;;'++##################################`  [44m   [0m   [44m   [0m
 [43m    [0m    `############################++++''';;;;;;;;;;;'';    [44m   [0m   [44m   [0m
 [43m    [0m      ,########':,.``       ####                          [44m   [0m   [44m   [0m
 [43m    [0m                            ####                          [44m   [0m   [44m   [0m
 [43m    [0m                            ####                          [44m   [0m   [44m   [0m
 [43m    [0m                            ####                          [44m   [0m   [44m   [0m
 [43m    [0m                            ####                          [44m   [0m   [44m   [0m
 [43m    [0m                            ####                          [44m   [0m   [44m   [0m
 [43m    [0m                            ####                          [44m   [0m   [44m   [0m
 [43m    [0m                            ####                          [44m   [0m   [44m   [0m
      [44m    [0m                       ####                                   
     [44m        [0m                    ####                                   
    [44m [0m    [44m       [0m                 ####                       [43m     [0m       
   [44m     [0m    [44m        [0m             ####                    [43m        [0m       
   [44m        [0m    [44m        [0m          ###                  [43m         [0m         
      [44m        [0m    [44m        [0m        +`               [43m        [0m             
          [44m        [0m   [44m        [0m                   [43m        [0m                
             [44m        [0m   [44m         [0m           [43m         [0m                   
                [44m        [0m    [44m       [0m      [43m         [0m                      
                   [44m        [0m    [44m   [0m    [43m        [0m                          
                      [44m        [0m       [43m      [0m                             
                          [44m      [0m      [43m  [0m                                
                             [44m  [0m                                         

Reading options from file: debug.in
#========================================================#
#| [95m  Options at their default values are not printed   [0m |#
#| [95m        Use 'verbose_options True' to Enable        [0m |#
#========================================================#
Reading force field from file: test.offxml
#=========================================================#
#| [92m Starting parameter indices, physical values and IDs [0m |#
#=========================================================#
   0 [  3.7901e+00 ] : ProperTorsions/Proper/k1/[*:1]~[#6X3:2]~!@[#6X3:3]~[*:4]
-----------------------------------------------------------
#=========================================================#
#| [91m Rescaling Factors by Type (Lower Takes Precedence): [0m |#
#=========================================================#
   ProperTorsions/Proper/k1             : 3.79011e+00
   Bonds/Bond/k                         : 1.00000e+01
   Bonds/Bond/length                    : 1.00000e-02
   Angles/Angle/k                       : 5.00000e+00
   Angles/Angle/angle                   : 1.00000e+00
   ProperTorsions/Proper/k              : 2.00000e+00
-----------------------------------------------------------
#========================================================#
#| [91m   Rescaling Types / Factors by Parameter Number:   [0m |#
#========================================================#
   0 [    ProperTorsions/Proper/k       : 2.00000e+00 ] : ProperTorsions/Proper/k1/[*:1]~[#6X3:2]~!@[#6X3:3]~[*:4]
----------------------------------------------------------
#========================================================#
#| [92m               Setup for force field                [0m |#
#========================================================#
fnms                      ['test.offxml'] 
priors                    OrderedDict([('Bonds/Bond/k', 10.0), ('Bonds/Bond/length', 0.01), ('Angles/Angle/k', 5.0), ('Angles/Angle/angle', 1.0), ('ProperTorsions/Proper/k', 2.0)]) 
----------------------------------------------------------
Backing up: debug.tmp/td_OpenFF_Gen_2_Torsion_Set_1_Roche_2_017_C7H7NO2 to: debug.bak/td_OpenFF_Gen_2_Torsion_Set_1_Roche_2_017_C7H7NO2_0.tar.bz2
Referencing all energies to the snapshot 23 (minimum energy structure in QM)
#==========================================================================#
#| [92m Setup for target td_OpenFF_Gen_2_Torsion_Set_1_Roche_2_017_C7H7NO2 : [0m |#
#==========================================================================#
mol2                      ['input.mol2'] 
precision                 double 
platname                  Reference 
name                      td_OpenFF_Gen_2_Torsion_Set_1_Roche_2_017_C7H7NO2 
type                      TORSIONPROFILE_SMIRNOFF 
h                         0.01 
tgtdir                    targets/td_OpenFF_Gen_2_Torsion_Set_1_Roche_2_017_C7H7NO2 
writelevel                2 
attenuate                 True 
energy_upper              5.0 
----------------------------------------------------------------------------
#========================================================#
#| [92m        SMIRNOFF Parameter Coverage Analysis        [0m |#
#========================================================#
Force field assignment data written to /Users/jessica/Documents/Grad_research/WBO_Torsions_ChayaPaper/release_1.3.0_2/fb-fit/fb-fit0/smirnoff_parameter_assignments.json
 idx Parameter                                                                                                   Count
----------------------------------------------------------------------------------------------------------------------
   0 ProperTorsions/Proper/k1/[*:1]~[#6X3:2]~!@[#6X3:3]~[*:4]                                             :          4
SNIRNOFF Parameter Coverage Analysis result: 1/1 parameters are covered.
----------------------------------------------------------------------------------------------------------------------
Using parabolic regularization (Gaussian prior) with strength 1.0e+00 (+), 0.0e+00 (x)
#========================================================#
#| [92m           Setup for objective function :           [0m |#
#========================================================#
penalty_additive          1.0 
normalize_weights         False 
----------------------------------------------------------
#========================================================#
#| [92m                Setup for optimizer                 [0m |#
#========================================================#
jobtype                   OPTIMIZE 
trust0                    -1.0 
eps                       0.01 
h                         0.01 
h0                        0.01 
convergence_objective     0.1 
convergence_step          0.01 
convergence_gradient      0.1 
input_file                debug.in 
criteria                  2 
----------------------------------------------------------
Calculation started at 2020-11-19 11:12 AM
#========================================================#
#| [1m                  Main Optimizer                    [0m |#
#| [1m  Newton-Raphson Method (Hessian Diagonal Search)   [0m |#
#| [1m                                                    [0m |#
#| [1m       [0mConvergence criteria (2 of 3 needed):        [0m |#
#| [1m          [0mObjective Function  : 1.000e-01           [0m |#
#| [1m          [0mNorm of Gradient    : 1.000e-01           [0m |#
#| [1m          [0mParameter step size : 1.000e-02           [0m |#
#========================================================#
#========================================================#
#|       Color Key for Objective Function -=X2=-        |#
#|  [1mBold[0m = Initial step                                 |#
#|  [92mGreen = Current lowest value of objective function[0m  |#
#|  [91mRed = Objective function rises, step rejected[0m       |#
#|  [0mNo color = Not at the lowest value                  |#
#========================================================#
#========================================================#
#| [94m     Iteration 0: Evaluating objective function     [0m |#
#| [94m        and derivatives through second order        [0m |#
#========================================================#

#==================================================================================================================================================#
#| [92m           Torsion Profile: td_OpenFF_Gen_2_Torsion_Set_1_Roche_2_017_C7H7NO2, Objective =  7.32309e+00, Units = kcal/mol, Angstrom           [0m |#
#| [92m System                                             Min(QM)    Min(MM)      Range(QM)          Range(MM)    Max-RMSD   Ene-RMSE    Obj-Fn     [0m |#
#==================================================================================================================================================#
td_OpenFF_Gen_2_Torsion_Set_1_Roche_2_017_C7H7NO2         180        180     0.000 - 9.967     0.000 - 29.603     0.266     2.7061    7.3231 
----------------------------------------------------------------------------------------------------------------------------------------------------
#====================================================================#
#| [94m                  Objective Function Breakdown                  [0m |#
#| [94m  Target Name              Residual  x  Weight  =  Contribution [0m |#
#====================================================================#
td_OpenFF_Gen_2_Torsion_Set_1_Roche_2_017_C7H7NO2      7.32309      1.000 [94m     7.32309e+00[0m 
Regularization                 0.00000      1.000 [94m     0.00000e+00[0m 
Total                                             [94m     7.32309e+00[0m 
----------------------------------------------------------------------

  Step       |k|        |dk|       |grad|       -=X2=-     Delta(X2)    StepQual
     0   0.000e+00   0.000e+00   8.178e+00[1m   7.32309e+00[0m   0.000e+00      0.000

#========================================================#
#| [94m                   Total Gradient                   [0m |#
#========================================================#
   0 [  8.17838744e+00 ] : ProperTorsions/Proper/k1/[*:1]~[#6X3:2]~!@[#6X3:3]~[*:4]
----------------------------------------------------------
Calculating nonlinear optimization step
Finding trust radius: H+0.0000*I, length 1.0334e+00 (target 1.0000e+00)
Finding trust radius: H+9.0000*I, length 4.8354e-01 (target 1.0000e+00)
Finding trust radius: H+23.5623*I, length 2.5983e-01 (target 1.0000e+00)
Finding trust radius: H+0.0000*I, length 1.0334e+00 (target 1.0000e+00)
Finding trust radius: H+3.4377*I, length 7.2047e-01 (target 1.0000e+00)
Finding trust radius: H+1.3131*I, length 8.8637e-01 (target 1.0000e+00)
Finding trust radius: H+0.0757*I, length 1.0237e+00 (target 1.0000e+00)
Finding trust radius: H+0.0438*I, length 1.0278e+00 (target 1.0000e+00)
Finding trust radius: H+0.3693*I, length 9.8736e-01 (target 1.0000e+00)
Finding trust radius: H+0.3147*I, length 9.9391e-01 (target 1.0000e+00)
Finding trust radius: H+0.2365*I, length 1.0035e+00 (target 1.0000e+00)
Finding trust radius: H+0.1645*I, length 1.0124e+00 (target 1.0000e+00)
Finding trust radius: H+0.2613*I, length 1.0004e+00 (target 1.0000e+00)
Finding trust radius: H+0.2635*I, length 1.0001e+00 (target 1.0000e+00)
Finding trust radius: H+0.2648*I, length 9.9999e-01 (target 1.0000e+00)
Finding trust radius: H+0.2646*I, length 1.0000e+00 (target 1.0000e+00)
Finding trust radius: H+0.2645*I, length 1.0000e+00 (target 1.0000e+00)
Starting Hessian diagonal search with step size 1.0000e+00
Hessian diagonal search: H+0.2646*I, length 1.0000e+00, result -4.4509e+00
Hessian diagonal search: H+25.5794*I, length 2.4418e-01, result -1.7995e+00
Hessian diagonal search: H+46.7399*I, length 1.4964e-01, result -1.1504e+00
Hessian diagonal search: H+0.2646*I, length 1.0000e+00, result -4.4509e+00
Hessian diagonal search: H+5.2599*I, length 6.2081e-01, result -3.7355e+00
Hessian diagonal search: H+5.0614*I, length 6.3031e-01, result -3.7698e+00
Hessian diagonal search: H+0.0000*I, length 1.0334e+00, result -4.4419e+00
Hessian diagonal search: H+0.0945*I, length 1.0213e+00, result -4.4467e+00
Hessian diagonal search: H+1.3859*I, length 8.7943e-01, result -4.3786e+00
Hessian diagonal search: H+0.5892*I, length 9.6183e-01, result -4.4452e+00
Hessian diagonal search: H+0.2703*I, length 9.9932e-01, result -4.4509e+00
Hessian diagonal search: H+0.3536*I, length 9.8924e-01, result -4.4509e+00
Hessian diagonal search: H+0.4365*I, length 9.7941e-01, result -4.4499e+00
Hessian diagonal search: H+0.3142*I, length 9.9397e-01, result -4.4511e+00
Hessian diagonal search: H+0.3140*I, length 9.9401e-01, result -4.4511e+00
Hessian diagonal search: H+0.3170*I, length 9.9364e-01, result -4.4511e+00
Hessian diagonal search: H+0.3153*I, length 9.9385e-01, result -4.4511e+00
Hessian diagonal search: H+0.3148*I, length 9.9391e-01, result -4.4511e+00
Hessian diagonal search: H+0.3150*I, length 9.9389e-01, result -4.4511e+00
Hessian diagonal search: H+0.3146*I, length 9.9393e-01, result -4.4511e+00
Optimization step found (length 9.9391e-01)
#========================================================#
#| [95m  Mathematical Parameters (Current + Step = Next)   [0m |#
#========================================================#
   0 [  0.0000e+00 - 9.9391e-01 = -9.9391e-01 ] : ProperTorsions/Proper/k1/[*:1]~[#6X3:2]~!@[#6X3:3]~[*:4]
----------------------------------------------------------
#========================================================#
#| [95m    Physical Parameters (Current + Step = Next)     [0m |#
#========================================================#
   0 [  3.7901e+00 - 1.9878e+00 =  1.8023e+00 ] : ProperTorsions/Proper/k1/[*:1]~[#6X3:2]~!@[#6X3:3]~[*:4]
----------------------------------------------------------
Backing up debug.sav -> debug.bak/debug_70.sav
Input file with saved parameters: debug.sav
#========================================================#
#| [94m     Iteration 1: Evaluating objective function     [0m |#
#| [94m        and derivatives through second order        [0m |#
#========================================================#

#==================================================================================================================================================#
#| [92m           Torsion Profile: td_OpenFF_Gen_2_Torsion_Set_1_Roche_2_017_C7H7NO2, Objective =  1.88417e+00, Units = kcal/mol, Angstrom           [0m |#
#| [92m System                                             Min(QM)    Min(MM)      Range(QM)          Range(MM)    Max-RMSD   Ene-RMSE    Obj-Fn     [0m |#
#==================================================================================================================================================#
td_OpenFF_Gen_2_Torsion_Set_1_Roche_2_017_C7H7NO2         180        180     0.000 - 9.967     0.000 - 14.641     0.176     1.3726    1.8842 
----------------------------------------------------------------------------------------------------------------------------------------------------
#===================================================================================#
#| [94m                         Objective Function Breakdown                          [0m |#
#| [94m  Target Name              Residual  x  Weight  =  Contribution (Current-Prev) [0m |#
#===================================================================================#
td_OpenFF_Gen_2_Torsion_Set_1_Roche_2_017_C7H7NO2      1.88417      1.000 [92m     1.88417e+00[0m ( -5.439e+00 ) 
Regularization                 0.98785      1.000 [91m     9.87852e-01[0m ( +9.879e-01 ) 
Total                                             [92m     2.87202e+00[0m ( -4.451e+00 ) 
-------------------------------------------------------------------------------------
Backing up result/debug/test.offxml -> result/debug/test_154.offxml
#=====================================================================#
#|  The force field has been written to the result/debug directory.  |#
#|    Input file with optimization parameters saved to debug.sav.    |#
#=====================================================================#

  Step       |k|        |dk|       |grad|       -=X2=-     Delta(X2)    StepQual
     1   9.939e-01   9.939e-01   4.472e-04[92m   2.87202e+00[0m  -4.451e+00      1.000

#========================================================#
#| [94m                   Total Gradient                   [0m |#
#========================================================#
   0 [ -4.47239007e-04 ] : ProperTorsions/Proper/k1/[*:1]~[#6X3:2]~!@[#6X3:3]~[*:4]
----------------------------------------------------------
Convergence criterion reached for gradient norm (1.00e-01)
Calculating nonlinear optimization step
Starting Hessian diagonal search with step size 3.6849e-05
Hessian diagonal search: H+0.0000*I, length 3.6849e-05, result  2.2066e-08
Hessian diagonal search: H+9.0000*I, length 2.1159e-05, result  1.2998e-07
Hessian diagonal search: H+23.5623*I, length 1.2528e-05, result  1.2808e-07
Hessian diagonal search: H+0.0000*I, length 3.6849e-05, result  2.2066e-08
Hessian diagonal search: H+3.4377*I, length 2.8716e-05, result  7.2550e-08
Hessian diagonal search: H+1.3131*I, length 3.3252e-05, result  1.0488e-07
Hessian diagonal search: H+0.2668*I, length 3.6056e-05, result  2.0221e-08
Hessian diagonal search: H+0.1128*I, length 3.6510e-05, result  7.5901e-08
Hessian diagonal search: H+1.0557*I, length 3.3900e-05, result  6.5673e-08
Hessian diagonal search: H+0.5065*I, length 3.5373e-05, result  6.1063e-08
Hessian diagonal search: H+0.3494*I, length 3.5818e-05, result  1.3479e-07
Hessian diagonal search: H+0.2003*I, length 3.6251e-05, result  4.1704e-08
Hessian diagonal search: H+0.2971*I, length 3.5969e-05, result -5.4667e-10
Hessian diagonal search: H+0.3165*I, length 3.5912e-05, result  8.5022e-08
Hessian diagonal search: H+0.2853*I, length 3.6003e-05, result  1.5614e-08
Hessian diagonal search: H+0.3044*I, length 3.5947e-05, result  2.8362e-08
Hessian diagonal search: H+0.2925*I, length 3.5982e-05, result -1.0016e-08
Hessian diagonal search: H+0.2926*I, length 3.5982e-05, result -4.1131e-08
Hessian diagonal search: H+0.2948*I, length 3.5975e-05, result  8.7645e-08
Hessian diagonal search: H+0.2934*I, length 3.5979e-05, result -7.9836e-09
Hessian diagonal search: H+0.2930*I, length 3.5980e-05, result  1.0180e-07
Hessian diagonal search: H+0.2927*I, length 3.5981e-05, result -3.3916e-08
Hessian diagonal search: H+0.2926*I, length 3.5981e-05, result  3.4932e-08
Optimization step found (length 3.5982e-05)
Convergence criterion reached in step size (1.00e-02)
#========================================================#
#| [92m               [0m[1mOptimization Converged[0m               [0m |#
#| [92m           Final objective function value           [0m |#
#| [92m  Full:  2.872019e+00  Un-penalized:  1.884167e+00  [0m |#
#========================================================#
#========================================================#
#| [94m           Final optimization parameters:           [0m |#
#========================================================#
   0 [ -9.9387e-01 ] : ProperTorsions/Proper/k1/[*:1]~[#6X3:2]~!@[#6X3:3]~[*:4]
#========================================================#
#| [94m             Final physical parameters:             [0m |#
#========================================================#
   0 [  1.8024e+00 ] : ProperTorsions/Proper/k1/[*:1]~[#6X3:2]~!@[#6X3:3]~[*:4]
----------------------------------------------------------
Backing up result/debug/test.offxml -> result/debug/test_155.offxml
#=====================================================================#
#|  The force field has been written to the result/debug directory.  |#
#|    Input file with optimization parameters saved to debug.sav.    |#
#=====================================================================#
Wall time since calculation start: 40.4 seconds
#========================================================#
#| [1;44;93m               Calculation Finished.                [0m |#
#| [1;44;93m     ---==(  May the Force be with you!  )==---     [0m |#
#========================================================#
