Note: Failed to import the optional openff.evaluator package. 
Note: Failed to import the optional openff.recharge package.
#======================================================================#
#| [1m            Welcome to ForceBalance version 1.7.5! =D             [0m |#
#| [1m                 Force Field Optimization System                  [0m |#
#| [1m                                                                  [0m |#
#| [1m                             Authors:                             [0m |#
#| [1m                          Lee-Ping Wang                           [0m |#
#| [1m                  Yudong Qiu, Keri A. McKiernan                   [0m |#
#| [1m          Jeffrey R. Wagner, Hyesu Jang, Simon Boothroyd          [0m |#
#| [1m           Arthur Vigil, Erik G. Brandt, Johnny Israeli           [0m |#
#======================================================================#

                          [44m     [0m                                        
                       [44m        [0m      [43m     [0m                              
                    [44m        [0m   [44m  [0m    [43m         [0m                          
                 [44m       [0m    [44m      [0m      [43m         [0m                       
             [44m        [0m    [44m        [0m          [43m         [0m                    
          [44m        [0m    [44m        [0m                 [43m        [0m                 
       [44m        [0m    [44m       [0m                        [43m        [0m              
    [44m        [0m   [44m        [0m                              [43m         [0m          
   [44m      [0m   [44m        [0m               `.:+@@###@'          [43m         [0m       
    [44m [0m    [44m        [0m          ,;'+###############.             [43m     [0m       
      [44m        [0m         +################':`                    [43m [0m        
      [44m     [0m              `.,,...####+.                                  
                                ,#####      +##.               [44m   [0m   [44m   [0m
 [43m    [0m                            #####      ######             [44m   [0m   [44m   [0m
 [43m    [0m                ###'        ####'     :#####'             [44m   [0m   [44m   [0m
 [43m    [0m                :####@      ####.    ,####'               [44m   [0m   [44m   [0m
 [43m    [0m                 ######     ####    +###+                 [44m   [0m   [44m   [0m
 [43m    [0m                  #####     ####   ###;                   [44m   [0m   [44m   [0m
 [43m    [0m                   :##      ####  ++`                     [44m   [0m   [44m   [0m
 [43m    [0m                            ####``..:;+##############+`   [44m   [0m   [44m   [0m
 [43m    [0m             .,:;;'++##################################`  [44m   [0m   [44m   [0m
 [43m    [0m    `############################++++''';;;;;;;;;;;'';    [44m   [0m   [44m   [0m
 [43m    [0m      ,########':,.``       ####                          [44m   [0m   [44m   [0m
 [43m    [0m                            ####                          [44m   [0m   [44m   [0m
 [43m    [0m                            ####                          [44m   [0m   [44m   [0m
 [43m    [0m                            ####                          [44m   [0m   [44m   [0m
 [43m    [0m                            ####                          [44m   [0m   [44m   [0m
 [43m    [0m                            ####                          [44m   [0m   [44m   [0m
 [43m    [0m                            ####                          [44m   [0m   [44m   [0m
 [43m    [0m                            ####                          [44m   [0m   [44m   [0m
      [44m    [0m                       ####                                   
     [44m        [0m                    ####                                   
    [44m [0m    [44m       [0m                 ####                       [43m     [0m       
   [44m     [0m    [44m        [0m             ####                    [43m        [0m       
   [44m        [0m    [44m        [0m          ###                  [43m         [0m         
      [44m        [0m    [44m        [0m        +`               [43m        [0m             
          [44m        [0m   [44m        [0m                   [43m        [0m                
             [44m        [0m   [44m         [0m           [43m         [0m                   
                [44m        [0m    [44m       [0m      [43m         [0m                      
                   [44m        [0m    [44m   [0m    [43m        [0m                          
                      [44m        [0m       [43m      [0m                             
                          [44m      [0m      [43m  [0m                                
                             [44m  [0m                                         

Reading options from file: debug.in
#========================================================#
#| [95m  Options at their default values are not printed   [0m |#
#| [95m        Use 'verbose_options True' to Enable        [0m |#
#========================================================#
Reading force field from file: test.offxml
#=========================================================#
#| [92m Starting parameter indices, physical values and IDs [0m |#
#=========================================================#
   0 [  3.7901e+00 ] : ProperTorsions/Proper/k1/[*:1]~[#6X3:2]~!@[#6X3:3]~[*:4]
-----------------------------------------------------------
#=========================================================#
#| [91m Rescaling Factors by Type (Lower Takes Precedence): [0m |#
#=========================================================#
   ProperTorsions/Proper/k1             : 3.79011e+00
   Bonds/Bond/k                         : 1.00000e+01
   Bonds/Bond/length                    : 1.00000e-02
   Angles/Angle/k                       : 5.00000e+00
   Angles/Angle/angle                   : 1.00000e+00
   ProperTorsions/Proper/k              : 2.00000e+00
-----------------------------------------------------------
#========================================================#
#| [91m   Rescaling Types / Factors by Parameter Number:   [0m |#
#========================================================#
   0 [    ProperTorsions/Proper/k       : 2.00000e+00 ] : ProperTorsions/Proper/k1/[*:1]~[#6X3:2]~!@[#6X3:3]~[*:4]
----------------------------------------------------------
#========================================================#
#| [92m               Setup for force field                [0m |#
#========================================================#
fnms                      ['test.offxml'] 
priors                    OrderedDict([('Bonds/Bond/k', 10.0), ('Bonds/Bond/length', 0.01), ('Angles/Angle/k', 5.0), ('Angles/Angle/angle', 1.0), ('ProperTorsions/Proper/k', 2.0)]) 
----------------------------------------------------------
Referencing all energies to the snapshot 13 (minimum energy structure in QM)
#=============================================================================#
#| [92m Setup for target td_OpenFF_Gen_2_Torsion_Set_2_Coverage_2_080_C7H9N2O : [0m |#
#=============================================================================#
mol2                      ['input.mol2'] 
precision                 double 
platname                  Reference 
name                      td_OpenFF_Gen_2_Torsion_Set_2_Coverage_2_080_C7H9N2O 
type                      TORSIONPROFILE_SMIRNOFF 
h                         0.01 
tgtdir                    targets/td_OpenFF_Gen_2_Torsion_Set_2_Coverage_2_080_C7H9N2O 
writelevel                2 
attenuate                 True 
energy_upper              5.0 
-------------------------------------------------------------------------------
#========================================================#
#| [92m        SMIRNOFF Parameter Coverage Analysis        [0m |#
#========================================================#
Force field assignment data written to /Users/jessica/Documents/Grad_research/WBO_Torsions_ChayaPaper/release_1.3.0_2/fb-fit/fb-fit0/smirnoff_parameter_assignments.json
 idx Parameter                                                                                                   Count
----------------------------------------------------------------------------------------------------------------------
   0 ProperTorsions/Proper/k1/[*:1]~[#6X3:2]~!@[#6X3:3]~[*:4]                                             :          4
SNIRNOFF Parameter Coverage Analysis result: 1/1 parameters are covered.
----------------------------------------------------------------------------------------------------------------------
Using parabolic regularization (Gaussian prior) with strength 1.0e+00 (+), 0.0e+00 (x)
#========================================================#
#| [92m           Setup for objective function :           [0m |#
#========================================================#
penalty_additive          1.0 
normalize_weights         False 
----------------------------------------------------------
#========================================================#
#| [92m                Setup for optimizer                 [0m |#
#========================================================#
jobtype                   OPTIMIZE 
trust0                    -1.0 
eps                       0.01 
h                         0.01 
h0                        0.01 
convergence_objective     0.1 
convergence_step          0.01 
convergence_gradient      0.1 
input_file                debug.in 
criteria                  2 
----------------------------------------------------------
Calculation started at 2020-11-18 04:12 PM
#========================================================#
#| [1m                  Main Optimizer                    [0m |#
#| [1m  Newton-Raphson Method (Hessian Diagonal Search)   [0m |#
#| [1m                                                    [0m |#
#| [1m       [0mConvergence criteria (2 of 3 needed):        [0m |#
#| [1m          [0mObjective Function  : 1.000e-01           [0m |#
#| [1m          [0mNorm of Gradient    : 1.000e-01           [0m |#
#| [1m          [0mParameter step size : 1.000e-02           [0m |#
#========================================================#
#========================================================#
#|       Color Key for Objective Function -=X2=-        |#
#|  [1mBold[0m = Initial step                                 |#
#|  [92mGreen = Current lowest value of objective function[0m  |#
#|  [91mRed = Objective function rises, step rejected[0m       |#
#|  [0mNo color = Not at the lowest value                  |#
#========================================================#
#========================================================#
#| [94m     Iteration 0: Evaluating objective function     [0m |#
#| [94m        and derivatives through second order        [0m |#
#========================================================#

#==================================================================================================================================================#
#| [92m         Torsion Profile: td_OpenFF_Gen_2_Torsion_Set_2_Coverage_2_080_C7H9N2O, Objective =  8.75205e+01, Units = kcal/mol, Angstrom          [0m |#
#| [92m System                                             Min(QM)    Min(MM)      Range(QM)          Range(MM)    Max-RMSD   Ene-RMSE    Obj-Fn     [0m |#
#==================================================================================================================================================#
td_OpenFF_Gen_2_Torsion_Set_2_Coverage_2_080_C7H9N2O         30          0     0.000 - 1.858    -3.825 - 22.195     0.188     9.3552    87.5205 
----------------------------------------------------------------------------------------------------------------------------------------------------
#====================================================================#
#| [94m                  Objective Function Breakdown                  [0m |#
#| [94m  Target Name              Residual  x  Weight  =  Contribution [0m |#
#====================================================================#
td_OpenFF_Gen_2_Torsion_Set_2_Coverage_2_080_C7H9N2O     87.52054      1.000 [94m     8.75205e+01[0m 
Regularization                 0.00000      1.000 [94m     0.00000e+00[0m 
Total                                             [94m     8.75205e+01[0m 
----------------------------------------------------------------------

  Step       |k|        |dk|       |grad|       -=X2=-     Delta(X2)    StepQual
     0   0.000e+00   0.000e+00   8.995e+01[1m   8.75205e+01[0m   0.000e+00      0.000

#========================================================#
#| [94m                   Total Gradient                   [0m |#
#========================================================#
   0 [  8.99487028e+01 ] : ProperTorsions/Proper/k1/[*:1]~[#6X3:2]~!@[#6X3:3]~[*:4]
----------------------------------------------------------
Calculating nonlinear optimization step
Finding trust radius: H+0.0000*I, length 1.8640e+00 (target 1.0000e+00)
Finding trust radius: H+9.0000*I, length 1.5710e+00 (target 1.0000e+00)
Finding trust radius: H+61.6869*I, length 8.1814e-01 (target 1.0000e+00)
Finding trust radius: H+70.5119*I, length 7.5735e-01 (target 1.0000e+00)
Finding trust radius: H+61.6869*I, length 8.1814e-01 (target 1.0000e+00)
Finding trust radius: H+36.0000*I, length 1.0676e+00 (target 1.0000e+00)
Finding trust radius: H+23.5623*I, length 1.2524e+00 (target 1.0000e+00)
Finding trust radius: H+43.3336*I, length 9.8208e-01 (target 1.0000e+00)
Finding trust radius: H+42.1935*I, length 9.9446e-01 (target 1.0000e+00)
Finding trust radius: H+41.7500*I, length 9.9936e-01 (target 1.0000e+00)
Finding trust radius: H+41.6873*I, length 1.0001e+00 (target 1.0000e+00)
Finding trust radius: H+41.6969*I, length 9.9995e-01 (target 1.0000e+00)
Finding trust radius: H+41.7066*I, length 9.9984e-01 (target 1.0000e+00)
Starting Hessian diagonal search with step size 9.9995e-01
Hessian diagonal search: H+41.6969*I, length 9.9995e-01, result -7.0154e+01
Hessian diagonal search: H+831.1267*I, length 1.0229e-01, result -9.0242e+00
Hessian diagonal search: H+884.5426*I, length 9.6429e-02, result -8.5171e+00
Hessian diagonal search: H+41.6969*I, length 9.9995e-01, result -7.0154e+01
Hessian diagonal search: H+54.3067*I, length 8.7701e-01, result -6.4069e+01
Hessian diagonal search: H+225.0793*I, length 3.2908e-01, result -2.7713e+01
Hessian diagonal search: H+0.2067*I, length 1.8560e+00, result -8.2113e+01
Hessian diagonal search: H+0.0635*I, length 1.8615e+00, result -8.1990e+01
Hessian diagonal search: H+1.1589*I, length 1.8203e+00, result -8.2846e+01
Hessian diagonal search: H+9.8082*I, length 1.5491e+00, result -8.4710e+01
Hessian diagonal search: H+19.3779*I, length 1.3299e+00, result -8.1627e+01
Hessian diagonal search: H+5.5073*I, length 1.6730e+00, result -8.4663e+01
Hessian diagonal search: H+7.7520*I, length 1.6060e+00, result -8.4854e+01
Hessian diagonal search: H+7.6557*I, length 1.6088e+00, result -8.4854e+01
Hessian diagonal search: H+7.7198*I, length 1.6069e+00, result -8.4854e+01
Hessian diagonal search: H+7.7219*I, length 1.6068e+00, result -8.4854e+01
Hessian diagonal search: H+7.7177*I, length 1.6070e+00, result -8.4854e+01
Optimization step found (length 1.6069e+00)
#========================================================#
#| [95m  Mathematical Parameters (Current + Step = Next)   [0m |#
#========================================================#
   0 [  0.0000e+00 - 1.6069e+00 = -1.6069e+00 ] : ProperTorsions/Proper/k1/[*:1]~[#6X3:2]~!@[#6X3:3]~[*:4]
----------------------------------------------------------
#========================================================#
#| [95m    Physical Parameters (Current + Step = Next)     [0m |#
#========================================================#
   0 [  3.7901e+00 - 3.2138e+00 =  5.7630e-01 ] : ProperTorsions/Proper/k1/[*:1]~[#6X3:2]~!@[#6X3:3]~[*:4]
----------------------------------------------------------
Backing up debug.sav -> debug.bak/debug_46.sav
Input file with saved parameters: debug.sav
#========================================================#
#| [94m     Iteration 1: Evaluating objective function     [0m |#
#| [94m        and derivatives through second order        [0m |#
#========================================================#

#==================================================================================================================================================#
#| [92m         Torsion Profile: td_OpenFF_Gen_2_Torsion_Set_2_Coverage_2_080_C7H9N2O, Objective =  8.44550e-02, Units = kcal/mol, Angstrom          [0m |#
#| [92m System                                             Min(QM)    Min(MM)      Range(QM)          Range(MM)    Max-RMSD   Ene-RMSE    Obj-Fn     [0m |#
#==================================================================================================================================================#
td_OpenFF_Gen_2_Torsion_Set_2_Coverage_2_080_C7H9N2O         30        -15     0.000 - 1.858    -0.051 - 2.460      0.072     0.2906    0.0845 
----------------------------------------------------------------------------------------------------------------------------------------------------
#===================================================================================#
#| [94m                         Objective Function Breakdown                          [0m |#
#| [94m  Target Name              Residual  x  Weight  =  Contribution (Current-Prev) [0m |#
#===================================================================================#
td_OpenFF_Gen_2_Torsion_Set_2_Coverage_2_080_C7H9N2O      0.08445      1.000 [92m     8.44550e-02[0m ( -8.744e+01 ) 
Regularization                 2.58215      1.000 [91m     2.58215e+00[0m ( +2.582e+00 ) 
Total                                             [92m     2.66660e+00[0m ( -8.485e+01 ) 
-------------------------------------------------------------------------------------
Backing up result/debug/test.offxml -> result/debug/test_100.offxml
#=====================================================================#
#|  The force field has been written to the result/debug directory.  |#
#|    Input file with optimization parameters saved to debug.sav.    |#
#=====================================================================#

  Step       |k|        |dk|       |grad|       -=X2=-     Delta(X2)    StepQual
     1   1.607e+00   1.607e+00   1.884e-03[92m   2.66660e+00[0m  -8.485e+01      1.000

#========================================================#
#| [94m                   Total Gradient                   [0m |#
#========================================================#
   0 [ -1.88379267e-03 ] : ProperTorsions/Proper/k1/[*:1]~[#6X3:2]~!@[#6X3:3]~[*:4]
----------------------------------------------------------
Convergence criterion reached for gradient norm (1.00e-01)
Calculating nonlinear optimization step
Starting Hessian diagonal search with step size 2.1597e-05
Hessian diagonal search: H+0.0000*I, length 2.1597e-05, result  5.4254e-08
Hessian diagonal search: H+9.0000*I, length 1.9577e-05, result -1.5057e-08
Hessian diagonal search: H+61.6869*I, length 1.2650e-05, result -3.3314e-08
Hessian diagonal search: H+38.3243*I, length 1.5004e-05, result -5.1643e-08
Hessian diagonal search: H+38.3243*I, length 1.5004e-05, result -5.1643e-08
Hessian diagonal search: H+24.7201*I, length 1.6828e-05, result  5.2138e-08
Hessian diagonal search: H+46.5948*I, length 1.4077e-05, result  3.0705e-08
Hessian diagonal search: H+35.3893*I, length 1.5363e-05, result  3.8792e-08
Hessian diagonal search: H+40.9023*I, length 1.4702e-05, result -7.5421e-09
Hessian diagonal search: H+37.1894*I, length 1.5141e-05, result -2.5050e-08
Hessian diagonal search: H+38.8068*I, length 1.4947e-05, result  1.6240e-08
Hessian diagonal search: H+38.3154*I, length 1.5005e-05, result  1.7419e-08
Hessian diagonal search: H+38.5082*I, length 1.4982e-05, result  8.0655e-09
Hessian diagonal search: H+38.3945*I, length 1.4996e-05, result -1.9567e-09
Hessian diagonal search: H+38.3511*I, length 1.5001e-05, result  5.4994e-09
Hessian diagonal search: H+38.3345*I, length 1.5003e-05, result  2.2834e-08
Optimization step found (length 1.5004e-05)
Convergence criterion reached in step size (1.00e-02)
#========================================================#
#| [92m               [0m[1mOptimization Converged[0m               [0m |#
#| [92m           Final objective function value           [0m |#
#| [92m  Full:  2.666601e+00  Un-penalized:  8.445496e-02  [0m |#
#========================================================#
#========================================================#
#| [94m           Final optimization parameters:           [0m |#
#========================================================#
   0 [ -1.6069e+00 ] : ProperTorsions/Proper/k1/[*:1]~[#6X3:2]~!@[#6X3:3]~[*:4]
#========================================================#
#| [94m             Final physical parameters:             [0m |#
#========================================================#
   0 [  5.7633e-01 ] : ProperTorsions/Proper/k1/[*:1]~[#6X3:2]~!@[#6X3:3]~[*:4]
----------------------------------------------------------
Backing up result/debug/test.offxml -> result/debug/test_101.offxml
#=====================================================================#
#|  The force field has been written to the result/debug directory.  |#
#|    Input file with optimization parameters saved to debug.sav.    |#
#=====================================================================#
Wall time since calculation start: 35.6 seconds
#========================================================#
#| [1;44;93m               Calculation Finished.                [0m |#
#| [1;44;93m     ---==(  May the Force be with you!  )==---     [0m |#
#========================================================#
