Note: Failed to import the optional openff.evaluator package. 
Note: Failed to import the optional openff.recharge package.
#======================================================================#
#| [1m            Welcome to ForceBalance version 1.7.5! =D             [0m |#
#| [1m                 Force Field Optimization System                  [0m |#
#| [1m                                                                  [0m |#
#| [1m                             Authors:                             [0m |#
#| [1m                          Lee-Ping Wang                           [0m |#
#| [1m                  Yudong Qiu, Keri A. McKiernan                   [0m |#
#| [1m          Jeffrey R. Wagner, Hyesu Jang, Simon Boothroyd          [0m |#
#| [1m           Arthur Vigil, Erik G. Brandt, Johnny Israeli           [0m |#
#======================================================================#

                          [44m     [0m                                        
                       [44m        [0m      [43m     [0m                              
                    [44m        [0m   [44m  [0m    [43m         [0m                          
                 [44m       [0m    [44m      [0m      [43m         [0m                       
             [44m        [0m    [44m        [0m          [43m         [0m                    
          [44m        [0m    [44m        [0m                 [43m        [0m                 
       [44m        [0m    [44m       [0m                        [43m        [0m              
    [44m        [0m   [44m        [0m                              [43m         [0m          
   [44m      [0m   [44m        [0m               `.:+@@###@'          [43m         [0m       
    [44m [0m    [44m        [0m          ,;'+###############.             [43m     [0m       
      [44m        [0m         +################':`                    [43m [0m        
      [44m     [0m              `.,,...####+.                                  
                                ,#####      +##.               [44m   [0m   [44m   [0m
 [43m    [0m                            #####      ######             [44m   [0m   [44m   [0m
 [43m    [0m                ###'        ####'     :#####'             [44m   [0m   [44m   [0m
 [43m    [0m                :####@      ####.    ,####'               [44m   [0m   [44m   [0m
 [43m    [0m                 ######     ####    +###+                 [44m   [0m   [44m   [0m
 [43m    [0m                  #####     ####   ###;                   [44m   [0m   [44m   [0m
 [43m    [0m                   :##      ####  ++`                     [44m   [0m   [44m   [0m
 [43m    [0m                            ####``..:;+##############+`   [44m   [0m   [44m   [0m
 [43m    [0m             .,:;;'++##################################`  [44m   [0m   [44m   [0m
 [43m    [0m    `############################++++''';;;;;;;;;;;'';    [44m   [0m   [44m   [0m
 [43m    [0m      ,########':,.``       ####                          [44m   [0m   [44m   [0m
 [43m    [0m                            ####                          [44m   [0m   [44m   [0m
 [43m    [0m                            ####                          [44m   [0m   [44m   [0m
 [43m    [0m                            ####                          [44m   [0m   [44m   [0m
 [43m    [0m                            ####                          [44m   [0m   [44m   [0m
 [43m    [0m                            ####                          [44m   [0m   [44m   [0m
 [43m    [0m                            ####                          [44m   [0m   [44m   [0m
 [43m    [0m                            ####                          [44m   [0m   [44m   [0m
      [44m    [0m                       ####                                   
     [44m        [0m                    ####                                   
    [44m [0m    [44m       [0m                 ####                       [43m     [0m       
   [44m     [0m    [44m        [0m             ####                    [43m        [0m       
   [44m        [0m    [44m        [0m          ###                  [43m         [0m         
      [44m        [0m    [44m        [0m        +`               [43m        [0m             
          [44m        [0m   [44m        [0m                   [43m        [0m                
             [44m        [0m   [44m         [0m           [43m         [0m                   
                [44m        [0m    [44m       [0m      [43m         [0m                      
                   [44m        [0m    [44m   [0m    [43m        [0m                          
                      [44m        [0m       [43m      [0m                             
                          [44m      [0m      [43m  [0m                                
                             [44m  [0m                                         

Reading options from file: debug.in
#========================================================#
#| [95m  Options at their default values are not printed   [0m |#
#| [95m        Use 'verbose_options True' to Enable        [0m |#
#========================================================#
Reading force field from file: test.offxml
#=========================================================#
#| [92m Starting parameter indices, physical values and IDs [0m |#
#=========================================================#
   0 [  3.7901e+00 ] : ProperTorsions/Proper/k1/[*:1]~[#6X3:2]~!@[#6X3:3]~[*:4]
-----------------------------------------------------------
#=========================================================#
#| [91m Rescaling Factors by Type (Lower Takes Precedence): [0m |#
#=========================================================#
   ProperTorsions/Proper/k1             : 3.79011e+00
   Bonds/Bond/k                         : 1.00000e+01
   Bonds/Bond/length                    : 1.00000e-02
   Angles/Angle/k                       : 5.00000e+00
   Angles/Angle/angle                   : 1.00000e+00
   ProperTorsions/Proper/k              : 2.00000e+00
-----------------------------------------------------------
#========================================================#
#| [91m   Rescaling Types / Factors by Parameter Number:   [0m |#
#========================================================#
   0 [    ProperTorsions/Proper/k       : 2.00000e+00 ] : ProperTorsions/Proper/k1/[*:1]~[#6X3:2]~!@[#6X3:3]~[*:4]
----------------------------------------------------------
#========================================================#
#| [92m               Setup for force field                [0m |#
#========================================================#
fnms                      ['test.offxml'] 
priors                    OrderedDict([('Bonds/Bond/k', 10.0), ('Bonds/Bond/length', 0.01), ('Angles/Angle/k', 5.0), ('Angles/Angle/angle', 1.0), ('ProperTorsions/Proper/k', 2.0)]) 
----------------------------------------------------------
Referencing all energies to the snapshot 11 (minimum energy structure in QM)
#=========================================================================#
#| [92m Setup for target td_OpenFF_Gen_2_Torsion_Set_1_Roche_2_084_C8H8O2 : [0m |#
#=========================================================================#
mol2                      ['input.mol2'] 
precision                 double 
platname                  Reference 
name                      td_OpenFF_Gen_2_Torsion_Set_1_Roche_2_084_C8H8O2 
type                      TORSIONPROFILE_SMIRNOFF 
h                         0.01 
tgtdir                    targets/td_OpenFF_Gen_2_Torsion_Set_1_Roche_2_084_C8H8O2 
writelevel                2 
attenuate                 True 
energy_upper              5.0 
---------------------------------------------------------------------------
#========================================================#
#| [92m        SMIRNOFF Parameter Coverage Analysis        [0m |#
#========================================================#
Force field assignment data written to /Users/jessica/Documents/Grad_research/WBO_Torsions_ChayaPaper/release_1.3.0_2/fb-fit/fb-fit0/smirnoff_parameter_assignments.json
 idx Parameter                                                                                                   Count
----------------------------------------------------------------------------------------------------------------------
   0 ProperTorsions/Proper/k1/[*:1]~[#6X3:2]~!@[#6X3:3]~[*:4]                                             :          4
SNIRNOFF Parameter Coverage Analysis result: 1/1 parameters are covered.
----------------------------------------------------------------------------------------------------------------------
Using parabolic regularization (Gaussian prior) with strength 1.0e+00 (+), 0.0e+00 (x)
#========================================================#
#| [92m           Setup for objective function :           [0m |#
#========================================================#
penalty_additive          1.0 
normalize_weights         False 
----------------------------------------------------------
#========================================================#
#| [92m                Setup for optimizer                 [0m |#
#========================================================#
jobtype                   OPTIMIZE 
trust0                    -1.0 
eps                       0.01 
h                         0.01 
h0                        0.01 
convergence_objective     0.1 
convergence_step          0.01 
convergence_gradient      0.1 
input_file                debug.in 
criteria                  2 
----------------------------------------------------------
Calculation started at 2020-11-18 04:13 PM
#========================================================#
#| [1m                  Main Optimizer                    [0m |#
#| [1m  Newton-Raphson Method (Hessian Diagonal Search)   [0m |#
#| [1m                                                    [0m |#
#| [1m       [0mConvergence criteria (2 of 3 needed):        [0m |#
#| [1m          [0mObjective Function  : 1.000e-01           [0m |#
#| [1m          [0mNorm of Gradient    : 1.000e-01           [0m |#
#| [1m          [0mParameter step size : 1.000e-02           [0m |#
#========================================================#
#========================================================#
#|       Color Key for Objective Function -=X2=-        |#
#|  [1mBold[0m = Initial step                                 |#
#|  [92mGreen = Current lowest value of objective function[0m  |#
#|  [91mRed = Objective function rises, step rejected[0m       |#
#|  [0mNo color = Not at the lowest value                  |#
#========================================================#
#========================================================#
#| [94m     Iteration 0: Evaluating objective function     [0m |#
#| [94m        and derivatives through second order        [0m |#
#========================================================#

#==================================================================================================================================================#
#| [92m           Torsion Profile: td_OpenFF_Gen_2_Torsion_Set_1_Roche_2_084_C8H8O2, Objective =  8.01596e+01, Units = kcal/mol, Angstrom            [0m |#
#| [92m System                                             Min(QM)    Min(MM)      Range(QM)          Range(MM)    Max-RMSD   Ene-RMSE    Obj-Fn     [0m |#
#==================================================================================================================================================#
td_OpenFF_Gen_2_Torsion_Set_1_Roche_2_084_C8H8O2            0          0     0.000 - 5.179     0.000 - 26.992     0.268     8.9532    80.1596 
----------------------------------------------------------------------------------------------------------------------------------------------------
#====================================================================#
#| [94m                  Objective Function Breakdown                  [0m |#
#| [94m  Target Name              Residual  x  Weight  =  Contribution [0m |#
#====================================================================#
td_OpenFF_Gen_2_Torsion_Set_1_Roche_2_084_C8H8O2     80.15956      1.000 [94m     8.01596e+01[0m 
Regularization                 0.00000      1.000 [94m     0.00000e+00[0m 
Total                                             [94m     8.01596e+01[0m 
----------------------------------------------------------------------

  Step       |k|        |dk|       |grad|       -=X2=-     Delta(X2)    StepQual
     0   0.000e+00   0.000e+00   1.030e+02[1m   8.01596e+01[0m   0.000e+00      0.000

#========================================================#
#| [94m                   Total Gradient                   [0m |#
#========================================================#
   0 [  1.03024431e+02 ] : ProperTorsions/Proper/k1/[*:1]~[#6X3:2]~!@[#6X3:3]~[*:4]
----------------------------------------------------------
Calculating nonlinear optimization step
Finding trust radius: H+0.0000*I, length 1.5086e+00 (target 1.0000e+00)
Finding trust radius: H+9.0000*I, length 1.3329e+00 (target 1.0000e+00)
Finding trust radius: H+61.6869*I, length 7.9262e-01 (target 1.0000e+00)
Finding trust radius: H+48.7413*I, length 8.8029e-01 (target 1.0000e+00)
Finding trust radius: H+48.7413*I, length 8.8029e-01 (target 1.0000e+00)
Finding trust radius: H+29.8192*I, length 1.0501e+00 (target 1.0000e+00)
Finding trust radius: H+20.4376*I, length 1.1611e+00 (target 1.0000e+00)
Finding trust radius: H+35.1502*I, length 9.9595e-01 (target 1.0000e+00)
Finding trust radius: H+34.9117*I, length 9.9825e-01 (target 1.0000e+00)
Finding trust radius: H+34.7383*I, length 9.9994e-01 (target 1.0000e+00)
Finding trust radius: H+34.7302*I, length 1.0000e+00 (target 1.0000e+00)
Finding trust radius: H+34.7220*I, length 1.0001e+00 (target 1.0000e+00)
Starting Hessian diagonal search with step size 1.0000e+00
Hessian diagonal search: H+34.7302*I, length 1.0000e+00, result -7.2262e+01
Hessian diagonal search: H+706.1202*I, length 1.3304e-01, result -1.3245e+01
Hessian diagonal search: H+759.9513*I, length 1.2439e-01, result -1.2412e+01
Hessian diagonal search: H+34.7302*I, length 1.0000e+00, result -7.2262e+01
Hessian diagonal search: H+47.4380*I, length 8.9021e-01, result -6.7937e+01
Hessian diagonal search: H+190.2239*I, length 3.9852e-01, result -3.6725e+01
Hessian diagonal search: H+0.0512*I, length 1.5074e+00, result -7.6296e+01
Hessian diagonal search: H+0.4214*I, length 1.4993e+00, result -7.6467e+01
Hessian diagonal search: H+1.9306*I, length 1.4671e+00, result -7.7064e+01
Hessian diagonal search: H+9.6706*I, length 1.3214e+00, result -7.8166e+01
Hessian diagonal search: H+17.4135*I, length 1.2021e+00, result -7.7232e+01
Hessian diagonal search: H+8.0463*I, length 1.3496e+00, result -7.8151e+01
Hessian diagonal search: H+9.0732*I, length 1.3317e+00, result -7.8171e+01
Hessian diagonal search: H+9.1044*I, length 1.3311e+00, result -7.8171e+01
Hessian diagonal search: H+9.1117*I, length 1.3310e+00, result -7.8171e+01
Hessian diagonal search: H+9.1142*I, length 1.3309e+00, result -7.8171e+01
Hessian diagonal search: H+9.1093*I, length 1.3310e+00, result -7.8171e+01
Optimization step found (length 1.3310e+00)
#========================================================#
#| [95m  Mathematical Parameters (Current + Step = Next)   [0m |#
#========================================================#
   0 [  0.0000e+00 - 1.3310e+00 = -1.3310e+00 ] : ProperTorsions/Proper/k1/[*:1]~[#6X3:2]~!@[#6X3:3]~[*:4]
----------------------------------------------------------
#========================================================#
#| [95m    Physical Parameters (Current + Step = Next)     [0m |#
#========================================================#
   0 [  3.7901e+00 - 2.6620e+00 =  1.1281e+00 ] : ProperTorsions/Proper/k1/[*:1]~[#6X3:2]~!@[#6X3:3]~[*:4]
----------------------------------------------------------
Backing up debug.sav -> debug.bak/debug_48.sav
Input file with saved parameters: debug.sav
#========================================================#
#| [94m     Iteration 1: Evaluating objective function     [0m |#
#| [94m        and derivatives through second order        [0m |#
#========================================================#

#==================================================================================================================================================#
#| [92m           Torsion Profile: td_OpenFF_Gen_2_Torsion_Set_1_Roche_2_084_C8H8O2, Objective =  2.17058e-01, Units = kcal/mol, Angstrom            [0m |#
#| [92m System                                             Min(QM)    Min(MM)      Range(QM)          Range(MM)    Max-RMSD   Ene-RMSE    Obj-Fn     [0m |#
#==================================================================================================================================================#
td_OpenFF_Gen_2_Torsion_Set_1_Roche_2_084_C8H8O2            0         15     0.000 - 5.179    -0.131 - 6.165      0.143     0.4659    0.2171 
----------------------------------------------------------------------------------------------------------------------------------------------------
#===================================================================================#
#| [94m                         Objective Function Breakdown                          [0m |#
#| [94m  Target Name              Residual  x  Weight  =  Contribution (Current-Prev) [0m |#
#===================================================================================#
td_OpenFF_Gen_2_Torsion_Set_1_Roche_2_084_C8H8O2      0.21706      1.000 [92m     2.17058e-01[0m ( -7.994e+01 ) 
Regularization                 1.77153      1.000 [91m     1.77153e+00[0m ( +1.772e+00 ) 
Total                                             [92m     1.98858e+00[0m ( -7.817e+01 ) 
-------------------------------------------------------------------------------------
Backing up result/debug/test.offxml -> result/debug/test_104.offxml
#=====================================================================#
#|  The force field has been written to the result/debug directory.  |#
#|    Input file with optimization parameters saved to debug.sav.    |#
#=====================================================================#

  Step       |k|        |dk|       |grad|       -=X2=-     Delta(X2)    StepQual
     1   1.331e+00   1.331e+00   6.654e-04[92m   1.98858e+00[0m  -7.817e+01      1.000

#========================================================#
#| [94m                   Total Gradient                   [0m |#
#========================================================#
   0 [ -6.65375573e-04 ] : ProperTorsions/Proper/k1/[*:1]~[#6X3:2]~!@[#6X3:3]~[*:4]
----------------------------------------------------------
Convergence criterion reached for gradient norm (1.00e-01)
Calculating nonlinear optimization step
Starting Hessian diagonal search with step size 5.7471e-06
Hessian diagonal search: H+0.0000*I, length 5.7471e-06, result  5.6826e-08
Hessian diagonal search: H+9.0000*I, length 5.3326e-06, result  9.5394e-09
Hessian diagonal search: H+61.6869*I, length 3.7494e-06, result  7.8482e-08
Hessian diagonal search: H+9.0000*I, length 5.3326e-06, result  9.5394e-09
Hessian diagonal search: H+23.5623*I, length 4.7753e-06, result  7.5576e-08
Hessian diagonal search: H+3.4377*I, length 5.5814e-06, result  4.5918e-08
Hessian diagonal search: H+9.8218*I, length 5.2977e-06, result  3.5049e-08
Hessian diagonal search: H+6.3429*I, length 5.4486e-06, result  8.7678e-08
Hessian diagonal search: H+7.9303*I, length 5.3787e-06, result  7.6678e-08
Hessian diagonal search: H+8.5834*I, length 5.3504e-06, result  1.0240e-07
Hessian diagonal search: H+9.3097*I, length 5.3194e-06, result  8.2555e-08
Hessian diagonal search: H+8.8397*I, length 5.3394e-06, result  4.8288e-08
Hessian diagonal search: H+9.1177*I, length 5.3275e-06, result  5.8817e-08
Hessian diagonal search: H+8.9386*I, length 5.3352e-06, result  8.1756e-08
Hessian diagonal search: H+9.0449*I, length 5.3307e-06, result  5.2097e-08
Hessian diagonal search: H+8.9765*I, length 5.3336e-06, result  5.8429e-08
Hessian diagonal search: H+9.0171*I, length 5.3318e-06, result  3.7532e-08
Hessian diagonal search: H+8.9910*I, length 5.3330e-06, result  7.0443e-08
Hessian diagonal search: H+9.0065*I, length 5.3323e-06, result  7.0112e-08
Hessian diagonal search: H+8.9966*I, length 5.3327e-06, result  8.1003e-08
Hessian diagonal search: H+9.0025*I, length 5.3325e-06, result  4.6032e-08
Restarting search with step size 5.7471e-06
Hessian diagonal search: H+0.0000*I, length 5.7471e-06, result  5.6826e-08
Hessian diagonal search: H+8.9999*I, length 5.3326e-06, result  5.2607e-08
Hessian diagonal search: H+61.6865*I, length 3.7494e-06, result  4.8553e-08
Hessian diagonal search: H+124.6416*I, length 2.7676e-06, result  9.7624e-08
Hessian diagonal search: H+61.6865*I, length 3.7494e-06, result  4.8553e-08
Hessian diagonal search: H+35.9997*I, length 4.3839e-06, result  5.7585e-08
Hessian diagonal search: H+83.1465*I, length 3.3449e-06, result  1.1070e-07
Hessian diagonal search: H+49.9512*I, length 4.0149e-06, result  4.6326e-08
Hessian diagonal search: H+52.7741*I, length 3.9476e-06, result  4.0673e-08
Hessian diagonal search: H+55.2699*I, length 3.8900e-06, result  2.9865e-08
Hessian diagonal search: H+57.6792*I, length 3.8360e-06, result  5.9877e-08
Hessian diagonal search: H+54.3098*I, length 3.9120e-06, result  9.5836e-08
Hessian diagonal search: H+56.1841*I, length 3.8694e-06, result  7.2506e-08
Hessian diagonal search: H+54.9022*I, length 3.8984e-06, result  6.2355e-08
Hessian diagonal search: H+55.6182*I, length 3.8821e-06, result  9.3627e-08
Hessian diagonal search: H+55.1293*I, length 3.8932e-06, result  5.7411e-08
Hessian diagonal search: H+55.4028*I, length 3.8870e-06, result  6.1355e-08
Hessian diagonal search: H+55.2162*I, length 3.8913e-06, result  7.4362e-08
Hessian diagonal search: H+55.3207*I, length 3.8889e-06, result  5.3922e-08
Hessian diagonal search: H+55.2494*I, length 3.8905e-06, result  7.5418e-08
Hessian diagonal search: H+55.2893*I, length 3.8896e-06, result  7.5786e-08
Optimization step found (length 3.8900e-06)
Convergence criterion reached in step size (1.00e-02)
#========================================================#
#| [92m               [0m[1mOptimization Converged[0m               [0m |#
#| [92m           Final objective function value           [0m |#
#| [92m  Full:  1.988583e+00  Un-penalized:  2.170576e-01  [0m |#
#========================================================#
#========================================================#
#| [94m           Final optimization parameters:           [0m |#
#========================================================#
   0 [ -1.3310e+00 ] : ProperTorsions/Proper/k1/[*:1]~[#6X3:2]~!@[#6X3:3]~[*:4]
#========================================================#
#| [94m             Final physical parameters:             [0m |#
#========================================================#
   0 [  1.1281e+00 ] : ProperTorsions/Proper/k1/[*:1]~[#6X3:2]~!@[#6X3:3]~[*:4]
----------------------------------------------------------
Backing up result/debug/test.offxml -> result/debug/test_105.offxml
#=====================================================================#
#|  The force field has been written to the result/debug directory.  |#
#|    Input file with optimization parameters saved to debug.sav.    |#
#=====================================================================#
Wall time since calculation start: 54.0 seconds
#========================================================#
#| [1;44;93m               Calculation Finished.                [0m |#
#| [1;44;93m     ---==(  May the Force be with you!  )==---     [0m |#
#========================================================#
