Note: Failed to import the optional openff.evaluator package. 
Note: Failed to import the optional openff.recharge package.
#======================================================================#
#| [1m            Welcome to ForceBalance version 1.7.5! =D             [0m |#
#| [1m                 Force Field Optimization System                  [0m |#
#| [1m                                                                  [0m |#
#| [1m                             Authors:                             [0m |#
#| [1m                          Lee-Ping Wang                           [0m |#
#| [1m                  Yudong Qiu, Keri A. McKiernan                   [0m |#
#| [1m          Jeffrey R. Wagner, Hyesu Jang, Simon Boothroyd          [0m |#
#| [1m           Arthur Vigil, Erik G. Brandt, Johnny Israeli           [0m |#
#======================================================================#

                          [44m     [0m                                        
                       [44m        [0m      [43m     [0m                              
                    [44m        [0m   [44m  [0m    [43m         [0m                          
                 [44m       [0m    [44m      [0m      [43m         [0m                       
             [44m        [0m    [44m        [0m          [43m         [0m                    
          [44m        [0m    [44m        [0m                 [43m        [0m                 
       [44m        [0m    [44m       [0m                        [43m        [0m              
    [44m        [0m   [44m        [0m                              [43m         [0m          
   [44m      [0m   [44m        [0m               `.:+@@###@'          [43m         [0m       
    [44m [0m    [44m        [0m          ,;'+###############.             [43m     [0m       
      [44m        [0m         +################':`                    [43m [0m        
      [44m     [0m              `.,,...####+.                                  
                                ,#####      +##.               [44m   [0m   [44m   [0m
 [43m    [0m                            #####      ######             [44m   [0m   [44m   [0m
 [43m    [0m                ###'        ####'     :#####'             [44m   [0m   [44m   [0m
 [43m    [0m                :####@      ####.    ,####'               [44m   [0m   [44m   [0m
 [43m    [0m                 ######     ####    +###+                 [44m   [0m   [44m   [0m
 [43m    [0m                  #####     ####   ###;                   [44m   [0m   [44m   [0m
 [43m    [0m                   :##      ####  ++`                     [44m   [0m   [44m   [0m
 [43m    [0m                            ####``..:;+##############+`   [44m   [0m   [44m   [0m
 [43m    [0m             .,:;;'++##################################`  [44m   [0m   [44m   [0m
 [43m    [0m    `############################++++''';;;;;;;;;;;'';    [44m   [0m   [44m   [0m
 [43m    [0m      ,########':,.``       ####                          [44m   [0m   [44m   [0m
 [43m    [0m                            ####                          [44m   [0m   [44m   [0m
 [43m    [0m                            ####                          [44m   [0m   [44m   [0m
 [43m    [0m                            ####                          [44m   [0m   [44m   [0m
 [43m    [0m                            ####                          [44m   [0m   [44m   [0m
 [43m    [0m                            ####                          [44m   [0m   [44m   [0m
 [43m    [0m                            ####                          [44m   [0m   [44m   [0m
 [43m    [0m                            ####                          [44m   [0m   [44m   [0m
      [44m    [0m                       ####                                   
     [44m        [0m                    ####                                   
    [44m [0m    [44m       [0m                 ####                       [43m     [0m       
   [44m     [0m    [44m        [0m             ####                    [43m        [0m       
   [44m        [0m    [44m        [0m          ###                  [43m         [0m         
      [44m        [0m    [44m        [0m        +`               [43m        [0m             
          [44m        [0m   [44m        [0m                   [43m        [0m                
             [44m        [0m   [44m         [0m           [43m         [0m                   
                [44m        [0m    [44m       [0m      [43m         [0m                      
                   [44m        [0m    [44m   [0m    [43m        [0m                          
                      [44m        [0m       [43m      [0m                             
                          [44m      [0m      [43m  [0m                                
                             [44m  [0m                                         

Reading options from file: debug.in
#========================================================#
#| [95m  Options at their default values are not printed   [0m |#
#| [95m        Use 'verbose_options True' to Enable        [0m |#
#========================================================#
Reading force field from file: test.offxml
#=========================================================#
#| [92m Starting parameter indices, physical values and IDs [0m |#
#=========================================================#
   0 [  3.7901e+00 ] : ProperTorsions/Proper/k1/[*:1]~[#6X3:2]~!@[#6X3:3]~[*:4]
-----------------------------------------------------------
#=========================================================#
#| [91m Rescaling Factors by Type (Lower Takes Precedence): [0m |#
#=========================================================#
   ProperTorsions/Proper/k1             : 3.79011e+00
   Bonds/Bond/k                         : 1.00000e+01
   Bonds/Bond/length                    : 1.00000e-02
   Angles/Angle/k                       : 5.00000e+00
   Angles/Angle/angle                   : 1.00000e+00
   ProperTorsions/Proper/k              : 2.00000e+00
-----------------------------------------------------------
#========================================================#
#| [91m   Rescaling Types / Factors by Parameter Number:   [0m |#
#========================================================#
   0 [    ProperTorsions/Proper/k       : 2.00000e+00 ] : ProperTorsions/Proper/k1/[*:1]~[#6X3:2]~!@[#6X3:3]~[*:4]
----------------------------------------------------------
#========================================================#
#| [92m               Setup for force field                [0m |#
#========================================================#
fnms                      ['test.offxml'] 
priors                    OrderedDict([('Bonds/Bond/k', 10.0), ('Bonds/Bond/length', 0.01), ('Angles/Angle/k', 5.0), ('Angles/Angle/angle', 1.0), ('ProperTorsions/Proper/k', 2.0)]) 
----------------------------------------------------------
Backing up: debug.tmp/td_OpenFF_Gen_2_Torsion_Set_4_eMolecules_Discrepancy_2_112_C12ClH12N3S to: debug.bak/td_OpenFF_Gen_2_Torsion_Set_4_eMolecules_Discrepancy_2_112_C12ClH12N3S_0.tar.bz2
Referencing all energies to the snapshot 0 (minimum energy structure in QM)
#===============================================================================================#
#| [92m Setup for target td_OpenFF_Gen_2_Torsion_Set_4_eMolecules_Discrepancy_2_112_C12ClH12N3S : [0m |#
#===============================================================================================#
mol2                      ['input.mol2'] 
precision                 double 
platname                  Reference 
name                      td_OpenFF_Gen_2_Torsion_Set_4_eMolecules_Discrepancy_2_112_C12ClH12N3S 
type                      TORSIONPROFILE_SMIRNOFF 
h                         0.01 
tgtdir                    targets/td_OpenFF_Gen_2_Torsion_Set_4_eMolecules_Discrepancy_2_112_C12ClH12N3S 
writelevel                2 
attenuate                 True 
energy_upper              5.0 
-------------------------------------------------------------------------------------------------
#========================================================#
#| [92m        SMIRNOFF Parameter Coverage Analysis        [0m |#
#========================================================#
Force field assignment data written to /Users/jessica/Documents/Grad_research/WBO_Torsions_ChayaPaper/release_1.3.0_2/fb-fit/fb-fit0/smirnoff_parameter_assignments.json
 idx Parameter                                                                                                   Count
----------------------------------------------------------------------------------------------------------------------
   0 ProperTorsions/Proper/k1/[*:1]~[#6X3:2]~!@[#6X3:3]~[*:4]                                             :          4
SNIRNOFF Parameter Coverage Analysis result: 1/1 parameters are covered.
----------------------------------------------------------------------------------------------------------------------
Using parabolic regularization (Gaussian prior) with strength 1.0e+00 (+), 0.0e+00 (x)
#========================================================#
#| [92m           Setup for objective function :           [0m |#
#========================================================#
penalty_additive          1.0 
normalize_weights         False 
----------------------------------------------------------
#========================================================#
#| [92m                Setup for optimizer                 [0m |#
#========================================================#
jobtype                   OPTIMIZE 
trust0                    -1.0 
eps                       0.01 
h                         0.01 
h0                        0.01 
convergence_objective     0.1 
convergence_step          0.01 
convergence_gradient      0.1 
input_file                debug.in 
criteria                  2 
----------------------------------------------------------
Calculation started at 2020-11-19 11:03 AM
#========================================================#
#| [1m                  Main Optimizer                    [0m |#
#| [1m  Newton-Raphson Method (Hessian Diagonal Search)   [0m |#
#| [1m                                                    [0m |#
#| [1m       [0mConvergence criteria (2 of 3 needed):        [0m |#
#| [1m          [0mObjective Function  : 1.000e-01           [0m |#
#| [1m          [0mNorm of Gradient    : 1.000e-01           [0m |#
#| [1m          [0mParameter step size : 1.000e-02           [0m |#
#========================================================#
#========================================================#
#|       Color Key for Objective Function -=X2=-        |#
#|  [1mBold[0m = Initial step                                 |#
#|  [92mGreen = Current lowest value of objective function[0m  |#
#|  [91mRed = Objective function rises, step rejected[0m       |#
#|  [0mNo color = Not at the lowest value                  |#
#========================================================#
#========================================================#
#| [94m     Iteration 0: Evaluating objective function     [0m |#
#| [94m        and derivatives through second order        [0m |#
#========================================================#

#===================================================================================================================================================#
#| [92m Torsion Profile: td_OpenFF_Gen_2_Torsion_Set_4_eMolecules_Discrepancy_2_112_C12ClH12N3S, Objective =  4.93427e+01, Units = kcal/mol, Angstrom [0m |#
#| [92m System                                             Min(QM)    Min(MM)      Range(QM)          Range(MM)    Max-RMSD   Ene-RMSE    Obj-Fn      [0m |#
#===================================================================================================================================================#
td_OpenFF_Gen_2_Torsion_Set_4_eMolecules_Discrepancy_2_112_C12ClH12N3S       -165        180     0.000 - 5.008    -0.801 - 25.211     0.179     7.0244    49.3427 
-----------------------------------------------------------------------------------------------------------------------------------------------------
#====================================================================#
#| [94m                  Objective Function Breakdown                  [0m |#
#| [94m  Target Name              Residual  x  Weight  =  Contribution [0m |#
#====================================================================#
td_OpenFF_Gen_2_Torsion_Set_4_eMolecules_Discrepancy_2_112_C12ClH12N3S     49.34266      1.000 [94m     4.93427e+01[0m 
Regularization                 0.00000      1.000 [94m     0.00000e+00[0m 
Total                                             [94m     4.93427e+01[0m 
----------------------------------------------------------------------

  Step       |k|        |dk|       |grad|       -=X2=-     Delta(X2)    StepQual
     0   0.000e+00   0.000e+00   6.595e+01[1m   4.93427e+01[0m   0.000e+00      0.000

#========================================================#
#| [94m                   Total Gradient                   [0m |#
#========================================================#
   0 [  6.59480781e+01 ] : ProperTorsions/Proper/k1/[*:1]~[#6X3:2]~!@[#6X3:3]~[*:4]
----------------------------------------------------------
Calculating nonlinear optimization step
Finding trust radius: H+0.0000*I, length 1.4309e+00 (target 1.0000e+00)
Finding trust radius: H+9.0000*I, length 1.1971e+00 (target 1.0000e+00)
Finding trust radius: H+61.6869*I, length 6.1191e-01 (target 1.0000e+00)
Finding trust radius: H+9.0000*I, length 1.1971e+00 (target 1.0000e+00)
Finding trust radius: H+23.5623*I, length 9.4685e-01 (target 1.0000e+00)
Finding trust radius: H+36.0000*I, length 8.0338e-01 (target 1.0000e+00)
Finding trust radius: H+20.2685*I, length 9.9385e-01 (target 1.0000e+00)
Finding trust radius: H+19.5732*I, length 1.0044e+00 (target 1.0000e+00)
Finding trust radius: H+19.8593*I, length 1.0000e+00 (target 1.0000e+00)
Finding trust radius: H+19.8642*I, length 9.9994e-01 (target 1.0000e+00)
Finding trust radius: H+19.8544*I, length 1.0001e+00 (target 1.0000e+00)
Starting Hessian diagonal search with step size 1.0000e+00
Hessian diagonal search: H+19.8593*I, length 1.0000e+00, result -4.4707e+01
Hessian diagonal search: H+433.7019*I, length 1.3745e-01, result -8.7214e+00
Hessian diagonal search: H+485.2961*I, length 1.2411e-01, result -7.9054e+00
Hessian diagonal search: H+19.8593*I, length 1.0000e+00, result -4.4707e+01
Hessian diagonal search: H+32.0390*I, length 8.4412e-01, result -4.1042e+01
Hessian diagonal search: H+114.6791*I, length 4.1021e-01, result -2.4016e+01
Hessian diagonal search: H+0.0423*I, length 1.4296e+00, result -4.6976e+01
Hessian diagonal search: H+0.3406*I, length 1.4204e+00, result -4.7058e+01
Hessian diagonal search: H+0.9115*I, length 1.4032e+00, result -4.7196e+01
Hessian diagonal search: H+5.2543*I, length 1.2845e+00, result -4.7580e+01
Hessian diagonal search: H+9.7273*I, length 1.1815e+00, result -4.7139e+01
Hessian diagonal search: H+4.0062*I, length 1.3165e+00, result -4.7573e+01
Hessian diagonal search: H+4.8175*I, length 1.2955e+00, result -4.7586e+01
Hessian diagonal search: H+4.7352*I, length 1.2976e+00, result -4.7586e+01
Hessian diagonal search: H+4.7489*I, length 1.2973e+00, result -4.7586e+01
Hessian diagonal search: H+4.7475*I, length 1.2973e+00, result -4.7586e+01
Hessian diagonal search: H+4.7446*I, length 1.2974e+00, result -4.7586e+01
Hessian diagonal search: H+4.7461*I, length 1.2973e+00, result -4.7586e+01
Optimization step found (length 1.2973e+00)
#========================================================#
#| [95m  Mathematical Parameters (Current + Step = Next)   [0m |#
#========================================================#
   0 [  0.0000e+00 - 1.2973e+00 = -1.2973e+00 ] : ProperTorsions/Proper/k1/[*:1]~[#6X3:2]~!@[#6X3:3]~[*:4]
----------------------------------------------------------
#========================================================#
#| [95m    Physical Parameters (Current + Step = Next)     [0m |#
#========================================================#
   0 [  3.7901e+00 - 2.5946e+00 =  1.1955e+00 ] : ProperTorsions/Proper/k1/[*:1]~[#6X3:2]~!@[#6X3:3]~[*:4]
----------------------------------------------------------
Backing up debug.sav -> debug.bak/debug_63.sav
Input file with saved parameters: debug.sav
#========================================================#
#| [94m     Iteration 1: Evaluating objective function     [0m |#
#| [94m        and derivatives through second order        [0m |#
#========================================================#

#===================================================================================================================================================#
#| [92m Torsion Profile: td_OpenFF_Gen_2_Torsion_Set_4_eMolecules_Discrepancy_2_112_C12ClH12N3S, Objective =  7.36833e-02, Units = kcal/mol, Angstrom [0m |#
#| [92m System                                             Min(QM)    Min(MM)      Range(QM)          Range(MM)    Max-RMSD   Ene-RMSE    Obj-Fn      [0m |#
#===================================================================================================================================================#
td_OpenFF_Gen_2_Torsion_Set_4_eMolecules_Discrepancy_2_112_C12ClH12N3S       -165       -165     0.000 - 5.008     0.000 - 5.695      0.167     0.2714    0.0737 
-----------------------------------------------------------------------------------------------------------------------------------------------------
#===================================================================================#
#| [94m                         Objective Function Breakdown                          [0m |#
#| [94m  Target Name              Residual  x  Weight  =  Contribution (Current-Prev) [0m |#
#===================================================================================#
td_OpenFF_Gen_2_Torsion_Set_4_eMolecules_Discrepancy_2_112_C12ClH12N3S      0.07368      1.000 [92m     7.36833e-02[0m ( -4.927e+01 ) 
Regularization                 1.68296      1.000 [91m     1.68296e+00[0m ( +1.683e+00 ) 
Total                                             [92m     1.75665e+00[0m ( -4.759e+01 ) 
-------------------------------------------------------------------------------------
Backing up result/debug/test.offxml -> result/debug/test_138.offxml
#=====================================================================#
#|  The force field has been written to the result/debug directory.  |#
#|    Input file with optimization parameters saved to debug.sav.    |#
#=====================================================================#

  Step       |k|        |dk|       |grad|       -=X2=-     Delta(X2)    StepQual
     1   1.297e+00   1.297e+00   9.856e-04[92m   1.75665e+00[0m  -4.759e+01      1.000

#========================================================#
#| [94m                   Total Gradient                   [0m |#
#========================================================#
   0 [ -9.85551351e-04 ] : ProperTorsions/Proper/k1/[*:1]~[#6X3:2]~!@[#6X3:3]~[*:4]
----------------------------------------------------------
Convergence criterion reached for gradient norm (1.00e-01)
Calculating nonlinear optimization step
Starting Hessian diagonal search with step size 1.4468e-05
Hessian diagonal search: H+0.0000*I, length 1.4468e-05, result  7.6182e-07
Hessian diagonal search: H+9.0000*I, length 1.2779e-05, result  5.7603e-07
Hessian diagonal search: H+61.6869*I, length 7.5924e-06, result  5.9372e-07
Hessian diagonal search: H+9.0000*I, length 1.2779e-05, result  5.7603e-07
Hessian diagonal search: H+23.5623*I, length 1.0750e-05, result -9.0765e-08
Hessian diagonal search: H+36.0000*I, length 9.4655e-06, result  4.2659e-07
Hessian diagonal search: H+21.0876*I, length 1.1048e-05, result  4.2848e-07
Hessian diagonal search: H+28.0524*I, length 1.0248e-05, result -1.0558e-07
Hessian diagonal search: H+30.9712*I, length 9.9458e-06, result  2.5738e-07
Hessian diagonal search: H+25.8458*I, length 1.0488e-05, result  8.9585e-07
Hessian diagonal search: H+29.1502*I, length 1.0132e-05, result -8.5195e-08
Hessian diagonal search: H+27.1989*I, length 1.0339e-05, result  8.4110e-07
Hessian diagonal search: H+28.4692*I, length 1.0203e-05, result  1.4976e-07
Hessian diagonal search: H+27.7248*I, length 1.0283e-05, result  7.1426e-07
Hessian diagonal search: H+28.2112*I, length 1.0231e-05, result  9.7020e-07
Hessian diagonal search: H+27.9270*I, length 1.0261e-05, result -5.8492e-08
Hessian diagonal search: H+28.1130*I, length 1.0241e-05, result  9.4908e-07
Hessian diagonal search: H+28.0045*I, length 1.0253e-05, result  6.5711e-07
Hessian diagonal search: H+28.0755*I, length 1.0245e-05, result  9.5429e-07
Hessian diagonal search: H+28.0341*I, length 1.0250e-05, result  5.7175e-07
Hessian diagonal search: H+28.0612*I, length 1.0247e-05, result  1.5530e-09
Hessian diagonal search: H+28.0454*I, length 1.0248e-05, result  9.0704e-08
Optimization step found (length 1.0248e-05)
Convergence criterion reached in step size (1.00e-02)
#========================================================#
#| [92m               [0m[1mOptimization Converged[0m               [0m |#
#| [92m           Final objective function value           [0m |#
#| [92m  Full:  1.756646e+00  Un-penalized:  7.368334e-02  [0m |#
#========================================================#
#========================================================#
#| [94m           Final optimization parameters:           [0m |#
#========================================================#
   0 [ -1.2973e+00 ] : ProperTorsions/Proper/k1/[*:1]~[#6X3:2]~!@[#6X3:3]~[*:4]
#========================================================#
#| [94m             Final physical parameters:             [0m |#
#========================================================#
   0 [  1.1955e+00 ] : ProperTorsions/Proper/k1/[*:1]~[#6X3:2]~!@[#6X3:3]~[*:4]
----------------------------------------------------------
Backing up result/debug/test.offxml -> result/debug/test_139.offxml
#=====================================================================#
#|  The force field has been written to the result/debug directory.  |#
#|    Input file with optimization parameters saved to debug.sav.    |#
#=====================================================================#
Wall time since calculation start: 64.3 seconds
#========================================================#
#| [1;44;93m               Calculation Finished.                [0m |#
#| [1;44;93m     ---==(  May the Force be with you!  )==---     [0m |#
#========================================================#
