Note: Failed to import the optional openff.evaluator package. 
Note: Failed to import the optional openff.recharge package.
#======================================================================#
#| [1m            Welcome to ForceBalance version 1.7.5! =D             [0m |#
#| [1m                 Force Field Optimization System                  [0m |#
#| [1m                                                                  [0m |#
#| [1m                             Authors:                             [0m |#
#| [1m                          Lee-Ping Wang                           [0m |#
#| [1m                  Yudong Qiu, Keri A. McKiernan                   [0m |#
#| [1m          Jeffrey R. Wagner, Hyesu Jang, Simon Boothroyd          [0m |#
#| [1m           Arthur Vigil, Erik G. Brandt, Johnny Israeli           [0m |#
#======================================================================#

                          [44m     [0m                                        
                       [44m        [0m      [43m     [0m                              
                    [44m        [0m   [44m  [0m    [43m         [0m                          
                 [44m       [0m    [44m      [0m      [43m         [0m                       
             [44m        [0m    [44m        [0m          [43m         [0m                    
          [44m        [0m    [44m        [0m                 [43m        [0m                 
       [44m        [0m    [44m       [0m                        [43m        [0m              
    [44m        [0m   [44m        [0m                              [43m         [0m          
   [44m      [0m   [44m        [0m               `.:+@@###@'          [43m         [0m       
    [44m [0m    [44m        [0m          ,;'+###############.             [43m     [0m       
      [44m        [0m         +################':`                    [43m [0m        
      [44m     [0m              `.,,...####+.                                  
                                ,#####      +##.               [44m   [0m   [44m   [0m
 [43m    [0m                            #####      ######             [44m   [0m   [44m   [0m
 [43m    [0m                ###'        ####'     :#####'             [44m   [0m   [44m   [0m
 [43m    [0m                :####@      ####.    ,####'               [44m   [0m   [44m   [0m
 [43m    [0m                 ######     ####    +###+                 [44m   [0m   [44m   [0m
 [43m    [0m                  #####     ####   ###;                   [44m   [0m   [44m   [0m
 [43m    [0m                   :##      ####  ++`                     [44m   [0m   [44m   [0m
 [43m    [0m                            ####``..:;+##############+`   [44m   [0m   [44m   [0m
 [43m    [0m             .,:;;'++##################################`  [44m   [0m   [44m   [0m
 [43m    [0m    `############################++++''';;;;;;;;;;;'';    [44m   [0m   [44m   [0m
 [43m    [0m      ,########':,.``       ####                          [44m   [0m   [44m   [0m
 [43m    [0m                            ####                          [44m   [0m   [44m   [0m
 [43m    [0m                            ####                          [44m   [0m   [44m   [0m
 [43m    [0m                            ####                          [44m   [0m   [44m   [0m
 [43m    [0m                            ####                          [44m   [0m   [44m   [0m
 [43m    [0m                            ####                          [44m   [0m   [44m   [0m
 [43m    [0m                            ####                          [44m   [0m   [44m   [0m
 [43m    [0m                            ####                          [44m   [0m   [44m   [0m
      [44m    [0m                       ####                                   
     [44m        [0m                    ####                                   
    [44m [0m    [44m       [0m                 ####                       [43m     [0m       
   [44m     [0m    [44m        [0m             ####                    [43m        [0m       
   [44m        [0m    [44m        [0m          ###                  [43m         [0m         
      [44m        [0m    [44m        [0m        +`               [43m        [0m             
          [44m        [0m   [44m        [0m                   [43m        [0m                
             [44m        [0m   [44m         [0m           [43m         [0m                   
                [44m        [0m    [44m       [0m      [43m         [0m                      
                   [44m        [0m    [44m   [0m    [43m        [0m                          
                      [44m        [0m       [43m      [0m                             
                          [44m      [0m      [43m  [0m                                
                             [44m  [0m                                         

Reading options from file: debug.in
#========================================================#
#| [95m  Options at their default values are not printed   [0m |#
#| [95m        Use 'verbose_options True' to Enable        [0m |#
#========================================================#
Reading force field from file: test.offxml
#=========================================================#
#| [92m Starting parameter indices, physical values and IDs [0m |#
#=========================================================#
   0 [  3.7901e+00 ] : ProperTorsions/Proper/k1/[*:1]~[#6X3:2]~!@[#6X3:3]~[*:4]
-----------------------------------------------------------
#=========================================================#
#| [91m Rescaling Factors by Type (Lower Takes Precedence): [0m |#
#=========================================================#
   ProperTorsions/Proper/k1             : 3.79011e+00
   Bonds/Bond/k                         : 1.00000e+01
   Bonds/Bond/length                    : 1.00000e-02
   Angles/Angle/k                       : 5.00000e+00
   Angles/Angle/angle                   : 1.00000e+00
   ProperTorsions/Proper/k              : 2.00000e+00
-----------------------------------------------------------
#========================================================#
#| [91m   Rescaling Types / Factors by Parameter Number:   [0m |#
#========================================================#
   0 [    ProperTorsions/Proper/k       : 2.00000e+00 ] : ProperTorsions/Proper/k1/[*:1]~[#6X3:2]~!@[#6X3:3]~[*:4]
----------------------------------------------------------
#========================================================#
#| [92m               Setup for force field                [0m |#
#========================================================#
fnms                      ['test.offxml'] 
priors                    OrderedDict([('Bonds/Bond/k', 10.0), ('Bonds/Bond/length', 0.01), ('Angles/Angle/k', 5.0), ('Angles/Angle/angle', 1.0), ('ProperTorsions/Proper/k', 2.0)]) 
----------------------------------------------------------
Backing up: debug.tmp/td_OpenFF_Gen_2_Torsion_Set_4_eMolecules_Discrepancy_2_098_C11H7N3OS to: debug.bak/td_OpenFF_Gen_2_Torsion_Set_4_eMolecules_Discrepancy_2_098_C11H7N3OS_0.tar.bz2
Referencing all energies to the snapshot 8 (minimum energy structure in QM)
#=============================================================================================#
#| [92m Setup for target td_OpenFF_Gen_2_Torsion_Set_4_eMolecules_Discrepancy_2_098_C11H7N3OS : [0m |#
#=============================================================================================#
mol2                      ['input.mol2'] 
precision                 double 
platname                  Reference 
name                      td_OpenFF_Gen_2_Torsion_Set_4_eMolecules_Discrepancy_2_098_C11H7N3OS 
type                      TORSIONPROFILE_SMIRNOFF 
h                         0.01 
tgtdir                    targets/td_OpenFF_Gen_2_Torsion_Set_4_eMolecules_Discrepancy_2_098_C11H7N3OS 
writelevel                2 
attenuate                 True 
energy_upper              5.0 
-----------------------------------------------------------------------------------------------
#========================================================#
#| [92m        SMIRNOFF Parameter Coverage Analysis        [0m |#
#========================================================#
Force field assignment data written to /Users/jessica/Documents/Grad_research/WBO_Torsions_ChayaPaper/release_1.3.0_2/fb-fit/fb-fit0/smirnoff_parameter_assignments.json
 idx Parameter                                                                                                   Count
----------------------------------------------------------------------------------------------------------------------
   0 ProperTorsions/Proper/k1/[*:1]~[#6X3:2]~!@[#6X3:3]~[*:4]                                             :         12
SNIRNOFF Parameter Coverage Analysis result: 1/1 parameters are covered.
----------------------------------------------------------------------------------------------------------------------
Using parabolic regularization (Gaussian prior) with strength 1.0e+00 (+), 0.0e+00 (x)
#========================================================#
#| [92m           Setup for objective function :           [0m |#
#========================================================#
penalty_additive          1.0 
normalize_weights         False 
----------------------------------------------------------
#========================================================#
#| [92m                Setup for optimizer                 [0m |#
#========================================================#
jobtype                   OPTIMIZE 
trust0                    -1.0 
eps                       0.01 
h                         0.01 
h0                        0.01 
convergence_objective     0.1 
convergence_step          0.01 
convergence_gradient      0.1 
input_file                debug.in 
criteria                  2 
----------------------------------------------------------
Calculation started at 2020-11-19 11:07 AM
#========================================================#
#| [1m                  Main Optimizer                    [0m |#
#| [1m  Newton-Raphson Method (Hessian Diagonal Search)   [0m |#
#| [1m                                                    [0m |#
#| [1m       [0mConvergence criteria (2 of 3 needed):        [0m |#
#| [1m          [0mObjective Function  : 1.000e-01           [0m |#
#| [1m          [0mNorm of Gradient    : 1.000e-01           [0m |#
#| [1m          [0mParameter step size : 1.000e-02           [0m |#
#========================================================#
#========================================================#
#|       Color Key for Objective Function -=X2=-        |#
#|  [1mBold[0m = Initial step                                 |#
#|  [92mGreen = Current lowest value of objective function[0m  |#
#|  [91mRed = Objective function rises, step rejected[0m       |#
#|  [0mNo color = Not at the lowest value                  |#
#========================================================#
#========================================================#
#| [94m     Iteration 0: Evaluating objective function     [0m |#
#| [94m        and derivatives through second order        [0m |#
#========================================================#

#==================================================================================================================================================#
#| [92m Torsion Profile: td_OpenFF_Gen_2_Torsion_Set_4_eMolecules_Discrepancy_2_098_C11H7N3OS, Objective =  4.82824e+01, Units = kcal/mol, Angstrom  [0m |#
#| [92m System                                             Min(QM)    Min(MM)      Range(QM)          Range(MM)    Max-RMSD   Ene-RMSE    Obj-Fn     [0m |#
#==================================================================================================================================================#
td_OpenFF_Gen_2_Torsion_Set_4_eMolecules_Discrepancy_2_098_C11H7N3OS        -45         15     0.000 - 1.605    -3.614 - 15.179     0.363     6.9486    48.2824 
----------------------------------------------------------------------------------------------------------------------------------------------------
#====================================================================#
#| [94m                  Objective Function Breakdown                  [0m |#
#| [94m  Target Name              Residual  x  Weight  =  Contribution [0m |#
#====================================================================#
td_OpenFF_Gen_2_Torsion_Set_4_eMolecules_Discrepancy_2_098_C11H7N3OS     48.28241      1.000 [94m     4.82824e+01[0m 
Regularization                 0.00000      1.000 [94m     0.00000e+00[0m 
Total                                             [94m     4.82824e+01[0m 
----------------------------------------------------------------------

  Step       |k|        |dk|       |grad|       -=X2=-     Delta(X2)    StepQual
     0   0.000e+00   0.000e+00   6.125e+01[1m   4.82824e+01[0m   0.000e+00      0.000

#========================================================#
#| [94m                   Total Gradient                   [0m |#
#========================================================#
   0 [  6.12543389e+01 ] : ProperTorsions/Proper/k1/[*:1]~[#6X3:2]~!@[#6X3:3]~[*:4]
----------------------------------------------------------
Calculating nonlinear optimization step
Finding trust radius: H+0.0000*I, length 1.4646e+00 (target 1.0000e+00)
Finding trust radius: H+9.0000*I, length 1.2052e+00 (target 1.0000e+00)
Finding trust radius: H+61.6869*I, length 5.9177e-01 (target 1.0000e+00)
Finding trust radius: H+9.0000*I, length 1.2052e+00 (target 1.0000e+00)
Finding trust radius: H+23.5623*I, length 9.3680e-01 (target 1.0000e+00)
Finding trust radius: H+36.0000*I, length 7.8709e-01 (target 1.0000e+00)
Finding trust radius: H+19.9952*I, length 9.9086e-01 (target 1.0000e+00)
Finding trust radius: H+19.5232*I, length 9.9848e-01 (target 1.0000e+00)
Finding trust radius: H+19.4191*I, length 1.0002e+00 (target 1.0000e+00)
Finding trust radius: H+19.4300*I, length 1.0000e+00 (target 1.0000e+00)
Finding trust radius: H+19.4348*I, length 9.9992e-01 (target 1.0000e+00)
Finding trust radius: H+19.4252*I, length 1.0001e+00 (target 1.0000e+00)
Starting Hessian diagonal search with step size 1.0000e+00
Hessian diagonal search: H+19.4300*I, length 1.0000e+00, result -4.0881e+01
Hessian diagonal search: H+425.6704*I, length 1.3103e-01, result -7.7168e+00
Hessian diagonal search: H+477.1067*I, length 1.1804e-01, result -6.9803e+00
Hessian diagonal search: H+19.4300*I, length 1.0000e+00, result -4.0881e+01
Hessian diagonal search: H+31.5724*I, length 8.3457e-01, result -3.7076e+01
Hessian diagonal search: H+112.4639*I, length 3.9701e-01, result -2.1307e+01
Hessian diagonal search: H+0.0699*I, length 1.4621e+00, result -4.5601e+01
Hessian diagonal search: H+0.0168*I, length 1.4640e+00, result -4.5604e+01
Hessian diagonal search: H+0.0250*I, length 1.4637e+00, result -4.5603e+01
Hessian diagonal search: H+4.2691*I, length 1.3289e+00, result -4.5083e+01
Hessian diagonal search: H+0.0001*I, length 1.4646e+00, result -4.5604e+01
Hessian diagonal search: H+0.0000*I, length 1.4646e+00, result -4.5604e+01
Hessian diagonal search: H+0.0000*I, length 1.4646e+00, result -4.5604e+01
Hessian diagonal search: H+0.0000*I, length 1.4646e+00, result -4.5604e+01
Hessian diagonal search: H+0.0000*I, length 1.4646e+00, result -4.5604e+01
Hessian diagonal search: H+0.0000*I, length 1.4646e+00, result -4.5604e+01
Hessian diagonal search: H+0.0000*I, length 1.4646e+00, result -4.5604e+01
Optimization step found (length 1.4646e+00)
#========================================================#
#| [95m  Mathematical Parameters (Current + Step = Next)   [0m |#
#========================================================#
   0 [  0.0000e+00 - 1.4646e+00 = -1.4646e+00 ] : ProperTorsions/Proper/k1/[*:1]~[#6X3:2]~!@[#6X3:3]~[*:4]
----------------------------------------------------------
#========================================================#
#| [95m    Physical Parameters (Current + Step = Next)     [0m |#
#========================================================#
   0 [  3.7901e+00 - 2.9291e+00 =  8.6098e-01 ] : ProperTorsions/Proper/k1/[*:1]~[#6X3:2]~!@[#6X3:3]~[*:4]
----------------------------------------------------------
Backing up debug.sav -> debug.bak/debug_66.sav
Input file with saved parameters: debug.sav
#========================================================#
#| [94m     Iteration 1: Evaluating objective function     [0m |#
#| [94m        and derivatives through second order        [0m |#
#========================================================#

#==================================================================================================================================================#
#| [92m Torsion Profile: td_OpenFF_Gen_2_Torsion_Set_4_eMolecules_Discrepancy_2_098_C11H7N3OS, Objective =  5.33001e-01, Units = kcal/mol, Angstrom  [0m |#
#| [92m System                                             Min(QM)    Min(MM)      Range(QM)          Range(MM)    Max-RMSD   Ene-RMSE    Obj-Fn     [0m |#
#==================================================================================================================================================#
td_OpenFF_Gen_2_Torsion_Set_4_eMolecules_Discrepancy_2_098_C11H7N3OS        -45         30     0.000 - 1.605    -0.170 - 2.462      0.097     0.7301    0.5330 
----------------------------------------------------------------------------------------------------------------------------------------------------
#===================================================================================#
#| [94m                         Objective Function Breakdown                          [0m |#
#| [94m  Target Name              Residual  x  Weight  =  Contribution (Current-Prev) [0m |#
#===================================================================================#
td_OpenFF_Gen_2_Torsion_Set_4_eMolecules_Discrepancy_2_098_C11H7N3OS      0.53300      1.000 [92m     5.33001e-01[0m ( -4.775e+01 ) 
Regularization                 2.14496      1.000 [91m     2.14496e+00[0m ( +2.145e+00 ) 
Total                                             [92m     2.67796e+00[0m ( -4.560e+01 ) 
-------------------------------------------------------------------------------------
Backing up result/debug/test.offxml -> result/debug/test_144.offxml
#=====================================================================#
#|  The force field has been written to the result/debug directory.  |#
#|    Input file with optimization parameters saved to debug.sav.    |#
#=====================================================================#

  Step       |k|        |dk|       |grad|       -=X2=-     Delta(X2)    StepQual
     1   1.465e+00   1.465e+00   1.419e+00[92m   2.67796e+00[0m  -4.560e+01      1.000

#========================================================#
#| [94m                   Total Gradient                   [0m |#
#========================================================#
   0 [  1.41896826e+00 ] : ProperTorsions/Proper/k1/[*:1]~[#6X3:2]~!@[#6X3:3]~[*:4]
----------------------------------------------------------
Calculating nonlinear optimization step
Starting Hessian diagonal search with step size 3.9412e-02
Hessian diagonal search: H+0.0000*I, length 3.9412e-02, result -2.8975e-02
Hessian diagonal search: H+9.0000*I, length 3.1530e-02, result -2.7470e-02
Hessian diagonal search: H+23.5623*I, length 2.3822e-02, result -2.3931e-02
Hessian diagonal search: H+0.0000*I, length 3.9412e-02, result -2.8975e-02
Hessian diagonal search: H+3.4377*I, length 3.5977e-02, result -2.8581e-02
Hessian diagonal search: H+1.3131*I, length 3.8025e-02, result -2.8865e-02
Hessian diagonal search: H+0.0112*I, length 3.9400e-02, result -2.8974e-02
Hessian diagonal search: H+0.0001*I, length 3.9412e-02, result -2.8974e-02
Hessian diagonal search: H+0.5016*I, length 3.8870e-02, result -2.8939e-02
Hessian diagonal search: H+0.0732*I, length 3.9332e-02, result -2.8970e-02
Hessian diagonal search: H+0.0107*I, length 3.9400e-02, result -2.8974e-02
Hessian diagonal search: H+0.0018*I, length 3.9410e-02, result -2.8975e-02
Hessian diagonal search: H+0.0009*I, length 3.9411e-02, result -2.8974e-02
Hessian diagonal search: H+0.0043*I, length 3.9407e-02, result -2.8974e-02
Hessian diagonal search: H+0.0026*I, length 3.9409e-02, result -2.8974e-02
Hessian diagonal search: H+0.0014*I, length 3.9410e-02, result -2.8974e-02
Hessian diagonal search: H+0.0021*I, length 3.9410e-02, result -2.8974e-02
Hessian diagonal search: H+0.0016*I, length 3.9410e-02, result -2.8974e-02
Hessian diagonal search: H+0.0019*I, length 3.9410e-02, result -2.8975e-02
Hessian diagonal search: H+0.0017*I, length 3.9410e-02, result -2.8975e-02
Hessian diagonal search: H+0.0018*I, length 3.9410e-02, result -2.8975e-02
Hessian diagonal search: H+0.0018*I, length 3.9410e-02, result -2.8975e-02
Hessian diagonal search: H+0.0018*I, length 3.9410e-02, result -2.8974e-02
Hessian diagonal search: H+0.0018*I, length 3.9410e-02, result -2.8974e-02
Optimization step found (length 3.9410e-02)
#========================================================#
#| [95m  Mathematical Parameters (Current + Step = Next)   [0m |#
#========================================================#
   0 [ -1.4646e+00 - 3.9410e-02 = -1.5040e+00 ] : ProperTorsions/Proper/k1/[*:1]~[#6X3:2]~!@[#6X3:3]~[*:4]
----------------------------------------------------------
#========================================================#
#| [95m    Physical Parameters (Current + Step = Next)     [0m |#
#========================================================#
   0 [  8.6098e-01 - 7.8820e-02 =  7.8216e-01 ] : ProperTorsions/Proper/k1/[*:1]~[#6X3:2]~!@[#6X3:3]~[*:4]
----------------------------------------------------------
Input file with saved parameters: debug.sav
Setting finite difference step to 3.9410e-03
#========================================================#
#| [94m     Iteration 2: Evaluating objective function     [0m |#
#| [94m        and derivatives through second order        [0m |#
#========================================================#

#==================================================================================================================================================#
#| [92m Torsion Profile: td_OpenFF_Gen_2_Torsion_Set_4_eMolecules_Discrepancy_2_098_C11H7N3OS, Objective =  3.87036e-01, Units = kcal/mol, Angstrom  [0m |#
#| [92m System                                             Min(QM)    Min(MM)      Range(QM)          Range(MM)    Max-RMSD   Ene-RMSE    Obj-Fn     [0m |#
#==================================================================================================================================================#
td_OpenFF_Gen_2_Torsion_Set_4_eMolecules_Discrepancy_2_098_C11H7N3OS        -45         30     0.000 - 1.605    -0.098 - 2.428      0.088     0.6221    0.3870 
----------------------------------------------------------------------------------------------------------------------------------------------------
#===================================================================================#
#| [94m                         Objective Function Breakdown                          [0m |#
#| [94m  Target Name              Residual  x  Weight  =  Contribution (Current-Prev) [0m |#
#===================================================================================#
td_OpenFF_Gen_2_Torsion_Set_4_eMolecules_Discrepancy_2_098_C11H7N3OS      0.38704      1.000 [92m     3.87036e-01[0m ( -1.460e-01 ) 
Regularization                 2.26195      1.000 [91m     2.26195e+00[0m ( +1.170e-01 ) 
Total                                             [92m     2.64898e+00[0m ( -2.897e-02 ) 
-------------------------------------------------------------------------------------
Backing up result/debug/test.offxml -> result/debug/test_145.offxml
#=====================================================================#
#|  The force field has been written to the result/debug directory.  |#
#|    Input file with optimization parameters saved to debug.sav.    |#
#=====================================================================#

  Step       |k|        |dk|       |grad|       -=X2=-     Delta(X2)    StepQual
     2   1.504e+00   3.941e-02   5.575e-02[92m   2.64898e+00[0m  -2.897e-02      1.000

#========================================================#
#| [94m                   Total Gradient                   [0m |#
#========================================================#
   0 [  5.57490394e-02 ] : ProperTorsions/Proper/k1/[*:1]~[#6X3:2]~!@[#6X3:3]~[*:4]
----------------------------------------------------------
Convergence criterion reached for gradient norm (1.00e-01)
Convergence criterion reached for objective function (1.00e-01)
#========================================================#
#| [92m               [0m[1mOptimization Converged[0m               [0m |#
#| [92m           Final objective function value           [0m |#
#| [92m  Full:  2.648983e+00  Un-penalized:  3.870360e-01  [0m |#
#========================================================#
#========================================================#
#| [94m           Final optimization parameters:           [0m |#
#========================================================#
   0 [ -1.5040e+00 ] : ProperTorsions/Proper/k1/[*:1]~[#6X3:2]~!@[#6X3:3]~[*:4]
#========================================================#
#| [94m             Final physical parameters:             [0m |#
#========================================================#
   0 [  7.8216e-01 ] : ProperTorsions/Proper/k1/[*:1]~[#6X3:2]~!@[#6X3:3]~[*:4]
----------------------------------------------------------
Backing up result/debug/test.offxml -> result/debug/test_146.offxml
#=====================================================================#
#|  The force field has been written to the result/debug directory.  |#
#|    Input file with optimization parameters saved to debug.sav.    |#
#=====================================================================#
Wall time since calculation start: 54.5 seconds
#========================================================#
#| [1;44;93m               Calculation Finished.                [0m |#
#| [1;44;93m     ---==(  May the Force be with you!  )==---     [0m |#
#========================================================#
