Note: Failed to import the optional openff.evaluator package. 
Note: Failed to import the optional openff.recharge package.
#======================================================================#
#| [1m            Welcome to ForceBalance version 1.7.5! =D             [0m |#
#| [1m                 Force Field Optimization System                  [0m |#
#| [1m                                                                  [0m |#
#| [1m                             Authors:                             [0m |#
#| [1m                          Lee-Ping Wang                           [0m |#
#| [1m                  Yudong Qiu, Keri A. McKiernan                   [0m |#
#| [1m          Jeffrey R. Wagner, Hyesu Jang, Simon Boothroyd          [0m |#
#| [1m           Arthur Vigil, Erik G. Brandt, Johnny Israeli           [0m |#
#======================================================================#

                          [44m     [0m                                        
                       [44m        [0m      [43m     [0m                              
                    [44m        [0m   [44m  [0m    [43m         [0m                          
                 [44m       [0m    [44m      [0m      [43m         [0m                       
             [44m        [0m    [44m        [0m          [43m         [0m                    
          [44m        [0m    [44m        [0m                 [43m        [0m                 
       [44m        [0m    [44m       [0m                        [43m        [0m              
    [44m        [0m   [44m        [0m                              [43m         [0m          
   [44m      [0m   [44m        [0m               `.:+@@###@'          [43m         [0m       
    [44m [0m    [44m        [0m          ,;'+###############.             [43m     [0m       
      [44m        [0m         +################':`                    [43m [0m        
      [44m     [0m              `.,,...####+.                                  
                                ,#####      +##.               [44m   [0m   [44m   [0m
 [43m    [0m                            #####      ######             [44m   [0m   [44m   [0m
 [43m    [0m                ###'        ####'     :#####'             [44m   [0m   [44m   [0m
 [43m    [0m                :####@      ####.    ,####'               [44m   [0m   [44m   [0m
 [43m    [0m                 ######     ####    +###+                 [44m   [0m   [44m   [0m
 [43m    [0m                  #####     ####   ###;                   [44m   [0m   [44m   [0m
 [43m    [0m                   :##      ####  ++`                     [44m   [0m   [44m   [0m
 [43m    [0m                            ####``..:;+##############+`   [44m   [0m   [44m   [0m
 [43m    [0m             .,:;;'++##################################`  [44m   [0m   [44m   [0m
 [43m    [0m    `############################++++''';;;;;;;;;;;'';    [44m   [0m   [44m   [0m
 [43m    [0m      ,########':,.``       ####                          [44m   [0m   [44m   [0m
 [43m    [0m                            ####                          [44m   [0m   [44m   [0m
 [43m    [0m                            ####                          [44m   [0m   [44m   [0m
 [43m    [0m                            ####                          [44m   [0m   [44m   [0m
 [43m    [0m                            ####                          [44m   [0m   [44m   [0m
 [43m    [0m                            ####                          [44m   [0m   [44m   [0m
 [43m    [0m                            ####                          [44m   [0m   [44m   [0m
 [43m    [0m                            ####                          [44m   [0m   [44m   [0m
      [44m    [0m                       ####                                   
     [44m        [0m                    ####                                   
    [44m [0m    [44m       [0m                 ####                       [43m     [0m       
   [44m     [0m    [44m        [0m             ####                    [43m        [0m       
   [44m        [0m    [44m        [0m          ###                  [43m         [0m         
      [44m        [0m    [44m        [0m        +`               [43m        [0m             
          [44m        [0m   [44m        [0m                   [43m        [0m                
             [44m        [0m   [44m         [0m           [43m         [0m                   
                [44m        [0m    [44m       [0m      [43m         [0m                      
                   [44m        [0m    [44m   [0m    [43m        [0m                          
                      [44m        [0m       [43m      [0m                             
                          [44m      [0m      [43m  [0m                                
                             [44m  [0m                                         

Reading options from file: debug.in
#========================================================#
#| [95m  Options at their default values are not printed   [0m |#
#| [95m        Use 'verbose_options True' to Enable        [0m |#
#========================================================#
Reading force field from file: test.offxml
#=========================================================#
#| [92m Starting parameter indices, physical values and IDs [0m |#
#=========================================================#
   0 [  3.7901e+00 ] : ProperTorsions/Proper/k1/[*:1]~[#6X3:2]~!@[#6X3:3]~[*:4]
-----------------------------------------------------------
#=========================================================#
#| [91m Rescaling Factors by Type (Lower Takes Precedence): [0m |#
#=========================================================#
   ProperTorsions/Proper/k1             : 3.79011e+00
   Bonds/Bond/k                         : 1.00000e+01
   Bonds/Bond/length                    : 1.00000e-02
   Angles/Angle/k                       : 5.00000e+00
   Angles/Angle/angle                   : 1.00000e+00
   ProperTorsions/Proper/k              : 2.00000e+00
-----------------------------------------------------------
#========================================================#
#| [91m   Rescaling Types / Factors by Parameter Number:   [0m |#
#========================================================#
   0 [    ProperTorsions/Proper/k       : 2.00000e+00 ] : ProperTorsions/Proper/k1/[*:1]~[#6X3:2]~!@[#6X3:3]~[*:4]
----------------------------------------------------------
#========================================================#
#| [92m               Setup for force field                [0m |#
#========================================================#
fnms                      ['test.offxml'] 
priors                    OrderedDict([('Bonds/Bond/k', 10.0), ('Bonds/Bond/length', 0.01), ('Angles/Angle/k', 5.0), ('Angles/Angle/angle', 1.0), ('ProperTorsions/Proper/k', 2.0)]) 
----------------------------------------------------------
Referencing all energies to the snapshot 23 (minimum energy structure in QM)
#=============================================================================================#
#| [92m Setup for target td_OpenFF_Gen_2_Torsion_Set_4_eMolecules_Discrepancy_2_113_C14H15NO2 : [0m |#
#=============================================================================================#
mol2                      ['input.mol2'] 
precision                 double 
platname                  Reference 
name                      td_OpenFF_Gen_2_Torsion_Set_4_eMolecules_Discrepancy_2_113_C14H15NO2 
type                      TORSIONPROFILE_SMIRNOFF 
h                         0.01 
tgtdir                    targets/td_OpenFF_Gen_2_Torsion_Set_4_eMolecules_Discrepancy_2_113_C14H15NO2 
writelevel                2 
attenuate                 True 
energy_upper              5.0 
-----------------------------------------------------------------------------------------------
#========================================================#
#| [92m        SMIRNOFF Parameter Coverage Analysis        [0m |#
#========================================================#
Force field assignment data written to /Users/jessica/Documents/Grad_research/WBO_Torsions_ChayaPaper/release_1.3.0_2/fb-fit/fb-fit0/smirnoff_parameter_assignments.json
 idx Parameter                                                                                                   Count
----------------------------------------------------------------------------------------------------------------------
   0 ProperTorsions/Proper/k1/[*:1]~[#6X3:2]~!@[#6X3:3]~[*:4]                                             :          4
SNIRNOFF Parameter Coverage Analysis result: 1/1 parameters are covered.
----------------------------------------------------------------------------------------------------------------------
Using parabolic regularization (Gaussian prior) with strength 1.0e+00 (+), 0.0e+00 (x)
#========================================================#
#| [92m           Setup for objective function :           [0m |#
#========================================================#
penalty_additive          1.0 
normalize_weights         False 
----------------------------------------------------------
#========================================================#
#| [92m                Setup for optimizer                 [0m |#
#========================================================#
jobtype                   OPTIMIZE 
trust0                    -1.0 
eps                       0.01 
h                         0.01 
h0                        0.01 
convergence_objective     0.1 
convergence_step          0.01 
convergence_gradient      0.1 
input_file                debug.in 
criteria                  2 
----------------------------------------------------------
Calculation started at 2020-11-18 03:59 PM
#========================================================#
#| [1m                  Main Optimizer                    [0m |#
#| [1m  Newton-Raphson Method (Hessian Diagonal Search)   [0m |#
#| [1m                                                    [0m |#
#| [1m       [0mConvergence criteria (2 of 3 needed):        [0m |#
#| [1m          [0mObjective Function  : 1.000e-01           [0m |#
#| [1m          [0mNorm of Gradient    : 1.000e-01           [0m |#
#| [1m          [0mParameter step size : 1.000e-02           [0m |#
#========================================================#
#========================================================#
#|       Color Key for Objective Function -=X2=-        |#
#|  [1mBold[0m = Initial step                                 |#
#|  [92mGreen = Current lowest value of objective function[0m  |#
#|  [91mRed = Objective function rises, step rejected[0m       |#
#|  [0mNo color = Not at the lowest value                  |#
#========================================================#
#========================================================#
#| [94m     Iteration 0: Evaluating objective function     [0m |#
#| [94m        and derivatives through second order        [0m |#
#========================================================#

#==================================================================================================================================================#
#| [92m Torsion Profile: td_OpenFF_Gen_2_Torsion_Set_4_eMolecules_Discrepancy_2_113_C14H15NO2, Objective =  6.67220e+01, Units = kcal/mol, Angstrom  [0m |#
#| [92m System                                             Min(QM)    Min(MM)      Range(QM)          Range(MM)    Max-RMSD   Ene-RMSE    Obj-Fn     [0m |#
#==================================================================================================================================================#
td_OpenFF_Gen_2_Torsion_Set_4_eMolecules_Discrepancy_2_113_C14H15NO2        180          0     0.000 - 5.082    -0.135 - 28.989     0.127     8.1684    66.7220 
----------------------------------------------------------------------------------------------------------------------------------------------------
#====================================================================#
#| [94m                  Objective Function Breakdown                  [0m |#
#| [94m  Target Name              Residual  x  Weight  =  Contribution [0m |#
#====================================================================#
td_OpenFF_Gen_2_Torsion_Set_4_eMolecules_Discrepancy_2_113_C14H15NO2     66.72202      1.000 [94m     6.67220e+01[0m 
Regularization                 0.00000      1.000 [94m     0.00000e+00[0m 
Total                                             [94m     6.67220e+01[0m 
----------------------------------------------------------------------

  Step       |k|        |dk|       |grad|       -=X2=-     Delta(X2)    StepQual
     0   0.000e+00   0.000e+00   7.888e+01[1m   6.67220e+01[0m   0.000e+00      0.000

#========================================================#
#| [94m                   Total Gradient                   [0m |#
#========================================================#
   0 [  7.88768542e+01 ] : ProperTorsions/Proper/k1/[*:1]~[#6X3:2]~!@[#6X3:3]~[*:4]
----------------------------------------------------------
Calculating nonlinear optimization step
Finding trust radius: H+0.0000*I, length 1.6220e+00 (target 1.0000e+00)
Finding trust radius: H+9.0000*I, length 1.3687e+00 (target 1.0000e+00)
Finding trust radius: H+61.6869*I, length 7.1501e-01 (target 1.0000e+00)
Finding trust radius: H+36.4653*I, length 9.2693e-01 (target 1.0000e+00)
Finding trust radius: H+36.4653*I, length 9.2693e-01 (target 1.0000e+00)
Finding trust radius: H+23.7948*I, length 1.0891e+00 (target 1.0000e+00)
Finding trust radius: H+45.3210*I, length 8.3956e-01 (target 1.0000e+00)
Finding trust radius: H+30.5136*I, length 9.9664e-01 (target 1.0000e+00)
Finding trust radius: H+30.4239*I, length 9.9777e-01 (target 1.0000e+00)
Finding trust radius: H+30.2347*I, length 1.0002e+00 (target 1.0000e+00)
Finding trust radius: H+30.2475*I, length 1.0000e+00 (target 1.0000e+00)
Finding trust radius: H+30.2547*I, length 9.9991e-01 (target 1.0000e+00)
Starting Hessian diagonal search with step size 1.0000e+00
Hessian diagonal search: H+30.2475*I, length 1.0000e+00, result -5.7505e+01
Hessian diagonal search: H+624.9551*I, length 1.1710e-01, result -8.9928e+00
Hessian diagonal search: H+678.6440*I, length 1.0846e-01, result -8.3459e+00
Hessian diagonal search: H+30.2475*I, length 1.0000e+00, result -5.7505e+01
Hessian diagonal search: H+42.9218*I, length 8.6156e-01, result -5.2576e+01
Hessian diagonal search: H+167.6469*I, length 3.6470e-01, result -2.6286e+01
Hessian diagonal search: H+0.1162*I, length 1.6181e+00, result -6.3159e+01
Hessian diagonal search: H+0.1687*I, length 1.6164e+00, result -6.3186e+01
Hessian diagonal search: H+1.0890*I, length 1.5865e+00, result -6.3612e+01
Hessian diagonal search: H+7.5387*I, length 1.4043e+00, result -6.4547e+01
Hessian diagonal search: H+14.4221*I, length 1.2510e+00, result -6.3265e+01
Hessian diagonal search: H+5.3935*I, length 1.4601e+00, result -6.4555e+01
Hessian diagonal search: H+6.3119*I, length 1.4357e+00, result -6.4582e+01
Hessian diagonal search: H+6.3521*I, length 1.4346e+00, result -6.4583e+01
Hessian diagonal search: H+6.3751*I, length 1.4340e+00, result -6.4583e+01
Hessian diagonal search: H+6.3733*I, length 1.4341e+00, result -6.4583e+01
Hessian diagonal search: H+6.3716*I, length 1.4341e+00, result -6.4583e+01
Optimization step found (length 1.4341e+00)
#========================================================#
#| [95m  Mathematical Parameters (Current + Step = Next)   [0m |#
#========================================================#
   0 [  0.0000e+00 - 1.4341e+00 = -1.4341e+00 ] : ProperTorsions/Proper/k1/[*:1]~[#6X3:2]~!@[#6X3:3]~[*:4]
----------------------------------------------------------
#========================================================#
#| [95m    Physical Parameters (Current + Step = Next)     [0m |#
#========================================================#
   0 [  3.7901e+00 - 2.8681e+00 =  9.2199e-01 ] : ProperTorsions/Proper/k1/[*:1]~[#6X3:2]~!@[#6X3:3]~[*:4]
----------------------------------------------------------
Backing up debug.sav -> debug.bak/debug_34.sav
Input file with saved parameters: debug.sav
#========================================================#
#| [94m     Iteration 1: Evaluating objective function     [0m |#
#| [94m        and derivatives through second order        [0m |#
#========================================================#

#==================================================================================================================================================#
#| [92m Torsion Profile: td_OpenFF_Gen_2_Torsion_Set_4_eMolecules_Discrepancy_2_113_C14H15NO2, Objective =  8.29545e-02, Units = kcal/mol, Angstrom  [0m |#
#| [92m System                                             Min(QM)    Min(MM)      Range(QM)          Range(MM)    Max-RMSD   Ene-RMSE    Obj-Fn     [0m |#
#==================================================================================================================================================#
td_OpenFF_Gen_2_Torsion_Set_4_eMolecules_Discrepancy_2_113_C14H15NO2        180          0     0.000 - 5.082    -0.135 - 6.049      0.076     0.2880    0.0830 
----------------------------------------------------------------------------------------------------------------------------------------------------
#===================================================================================#
#| [94m                         Objective Function Breakdown                          [0m |#
#| [94m  Target Name              Residual  x  Weight  =  Contribution (Current-Prev) [0m |#
#===================================================================================#
td_OpenFF_Gen_2_Torsion_Set_4_eMolecules_Discrepancy_2_113_C14H15NO2      0.08295      1.000 [92m     8.29545e-02[0m ( -6.664e+01 ) 
Regularization                 2.05653      1.000 [91m     2.05653e+00[0m ( +2.057e+00 ) 
Total                                             [92m     2.13948e+00[0m ( -6.458e+01 ) 
-------------------------------------------------------------------------------------
Backing up result/debug/test.offxml -> result/debug/test_74.offxml
#=====================================================================#
#|  The force field has been written to the result/debug directory.  |#
#|    Input file with optimization parameters saved to debug.sav.    |#
#=====================================================================#

  Step       |k|        |dk|       |grad|       -=X2=-     Delta(X2)    StepQual
     1   1.434e+00   1.434e+00   2.675e-05[92m   2.13948e+00[0m  -6.458e+01      1.000

#========================================================#
#| [94m                   Total Gradient                   [0m |#
#========================================================#
   0 [ -2.67496940e-05 ] : ProperTorsions/Proper/k1/[*:1]~[#6X3:2]~!@[#6X3:3]~[*:4]
----------------------------------------------------------
Convergence criterion reached for gradient norm (1.00e-01)
Calculating nonlinear optimization step
Starting Hessian diagonal search with step size 3.2772e-07
Hessian diagonal search: H+0.0000*I, length 3.2772e-07, result -7.5551e-09
Hessian diagonal search: H+9.0000*I, length 2.9517e-07, result -2.0312e-08
Hessian diagonal search: H+61.6869*I, length 1.8665e-07, result -4.0994e-09
Hessian diagonal search: H+9.0000*I, length 2.9517e-07, result -2.0312e-08
Hessian diagonal search: H+23.5623*I, length 2.5431e-07, result -1.7254e-08
Hessian diagonal search: H+3.4377*I, length 3.1447e-07, result  1.7599e-09
Hessian diagonal search: H+14.5066*I, length 2.7826e-07, result -5.8922e-09
Hessian diagonal search: H+6.5654*I, length 3.0332e-07, result -1.0050e-08
Hessian diagonal search: H+10.9489*I, length 2.8896e-07, result  2.5294e-08
Hessian diagonal search: H+8.0248*I, length 2.9838e-07, result  2.3006e-08
Hessian diagonal search: H+9.7219*I, length 2.9284e-07, result  3.4379e-08
Hessian diagonal search: H+8.6209*I, length 2.9641e-07, result  1.3740e-08
Hessian diagonal search: H+9.2725*I, length 2.9429e-07, result  2.4602e-08
Hessian diagonal search: H+8.8542*I, length 2.9565e-07, result  4.4428e-09
Hessian diagonal search: H+9.1036*I, length 2.9483e-07, result -2.0564e-08
Hessian diagonal search: H+9.1679*I, length 2.9462e-07, result  1.2188e-08
Hessian diagonal search: H+9.0640*I, length 2.9496e-07, result  2.2807e-09
Hessian diagonal search: H+9.1281*I, length 2.9475e-07, result  1.4075e-08
Hessian diagonal search: H+9.0884*I, length 2.9488e-07, result -8.6264e-10
Hessian diagonal search: H+9.1130*I, length 2.9480e-07, result  4.2338e-08
Hessian diagonal search: H+9.0978*I, length 2.9485e-07, result  6.3710e-09
Hessian diagonal search: H+9.1072*I, length 2.9482e-07, result -2.1655e-08
Hessian diagonal search: H+9.1096*I, length 2.9481e-07, result -4.4378e-08
Optimization step found (length 2.9481e-07)
Convergence criterion reached in step size (1.00e-02)
#========================================================#
#| [92m               [0m[1mOptimization Converged[0m               [0m |#
#| [92m           Final objective function value           [0m |#
#| [92m  Full:  2.139483e+00  Un-penalized:  8.295453e-02  [0m |#
#========================================================#
#========================================================#
#| [94m           Final optimization parameters:           [0m |#
#========================================================#
   0 [ -1.4341e+00 ] : ProperTorsions/Proper/k1/[*:1]~[#6X3:2]~!@[#6X3:3]~[*:4]
#========================================================#
#| [94m             Final physical parameters:             [0m |#
#========================================================#
   0 [  9.2199e-01 ] : ProperTorsions/Proper/k1/[*:1]~[#6X3:2]~!@[#6X3:3]~[*:4]
----------------------------------------------------------
Backing up result/debug/test.offxml -> result/debug/test_75.offxml
#=====================================================================#
#|  The force field has been written to the result/debug directory.  |#
#|    Input file with optimization parameters saved to debug.sav.    |#
#=====================================================================#
Wall time since calculation start: 73.3 seconds
#========================================================#
#| [1;44;93m               Calculation Finished.                [0m |#
#| [1;44;93m     ---==(  May the Force be with you!  )==---     [0m |#
#========================================================#
