Note: Failed to import the optional openff.evaluator package. 
Note: Failed to import the optional openff.recharge package.
#======================================================================#
#| [1m            Welcome to ForceBalance version 1.7.5! =D             [0m |#
#| [1m                 Force Field Optimization System                  [0m |#
#| [1m                                                                  [0m |#
#| [1m                             Authors:                             [0m |#
#| [1m                          Lee-Ping Wang                           [0m |#
#| [1m                  Yudong Qiu, Keri A. McKiernan                   [0m |#
#| [1m          Jeffrey R. Wagner, Hyesu Jang, Simon Boothroyd          [0m |#
#| [1m           Arthur Vigil, Erik G. Brandt, Johnny Israeli           [0m |#
#======================================================================#

                          [44m     [0m                                        
                       [44m        [0m      [43m     [0m                              
                    [44m        [0m   [44m  [0m    [43m         [0m                          
                 [44m       [0m    [44m      [0m      [43m         [0m                       
             [44m        [0m    [44m        [0m          [43m         [0m                    
          [44m        [0m    [44m        [0m                 [43m        [0m                 
       [44m        [0m    [44m       [0m                        [43m        [0m              
    [44m        [0m   [44m        [0m                              [43m         [0m          
   [44m      [0m   [44m        [0m               `.:+@@###@'          [43m         [0m       
    [44m [0m    [44m        [0m          ,;'+###############.             [43m     [0m       
      [44m        [0m         +################':`                    [43m [0m        
      [44m     [0m              `.,,...####+.                                  
                                ,#####      +##.               [44m   [0m   [44m   [0m
 [43m    [0m                            #####      ######             [44m   [0m   [44m   [0m
 [43m    [0m                ###'        ####'     :#####'             [44m   [0m   [44m   [0m
 [43m    [0m                :####@      ####.    ,####'               [44m   [0m   [44m   [0m
 [43m    [0m                 ######     ####    +###+                 [44m   [0m   [44m   [0m
 [43m    [0m                  #####     ####   ###;                   [44m   [0m   [44m   [0m
 [43m    [0m                   :##      ####  ++`                     [44m   [0m   [44m   [0m
 [43m    [0m                            ####``..:;+##############+`   [44m   [0m   [44m   [0m
 [43m    [0m             .,:;;'++##################################`  [44m   [0m   [44m   [0m
 [43m    [0m    `############################++++''';;;;;;;;;;;'';    [44m   [0m   [44m   [0m
 [43m    [0m      ,########':,.``       ####                          [44m   [0m   [44m   [0m
 [43m    [0m                            ####                          [44m   [0m   [44m   [0m
 [43m    [0m                            ####                          [44m   [0m   [44m   [0m
 [43m    [0m                            ####                          [44m   [0m   [44m   [0m
 [43m    [0m                            ####                          [44m   [0m   [44m   [0m
 [43m    [0m                            ####                          [44m   [0m   [44m   [0m
 [43m    [0m                            ####                          [44m   [0m   [44m   [0m
 [43m    [0m                            ####                          [44m   [0m   [44m   [0m
      [44m    [0m                       ####                                   
     [44m        [0m                    ####                                   
    [44m [0m    [44m       [0m                 ####                       [43m     [0m       
   [44m     [0m    [44m        [0m             ####                    [43m        [0m       
   [44m        [0m    [44m        [0m          ###                  [43m         [0m         
      [44m        [0m    [44m        [0m        +`               [43m        [0m             
          [44m        [0m   [44m        [0m                   [43m        [0m                
             [44m        [0m   [44m         [0m           [43m         [0m                   
                [44m        [0m    [44m       [0m      [43m         [0m                      
                   [44m        [0m    [44m   [0m    [43m        [0m                          
                      [44m        [0m       [43m      [0m                             
                          [44m      [0m      [43m  [0m                                
                             [44m  [0m                                         

Reading options from file: debug.in
#========================================================#
#| [95m  Options at their default values are not printed   [0m |#
#| [95m        Use 'verbose_options True' to Enable        [0m |#
#========================================================#
Reading force field from file: test.offxml
#=========================================================#
#| [92m Starting parameter indices, physical values and IDs [0m |#
#=========================================================#
   0 [  3.7901e+00 ] : ProperTorsions/Proper/k1/[*:1]~[#6X3:2]~!@[#6X3:3]~[*:4]
-----------------------------------------------------------
#=========================================================#
#| [91m Rescaling Factors by Type (Lower Takes Precedence): [0m |#
#=========================================================#
   ProperTorsions/Proper/k1             : 3.79011e+00
   Bonds/Bond/k                         : 1.00000e+01
   Bonds/Bond/length                    : 1.00000e-02
   Angles/Angle/k                       : 5.00000e+00
   Angles/Angle/angle                   : 1.00000e+00
   ProperTorsions/Proper/k              : 2.00000e+00
-----------------------------------------------------------
#========================================================#
#| [91m   Rescaling Types / Factors by Parameter Number:   [0m |#
#========================================================#
   0 [    ProperTorsions/Proper/k       : 2.00000e+00 ] : ProperTorsions/Proper/k1/[*:1]~[#6X3:2]~!@[#6X3:3]~[*:4]
----------------------------------------------------------
#========================================================#
#| [92m               Setup for force field                [0m |#
#========================================================#
fnms                      ['test.offxml'] 
priors                    OrderedDict([('Bonds/Bond/k', 10.0), ('Bonds/Bond/length', 0.01), ('Angles/Angle/k', 5.0), ('Angles/Angle/angle', 1.0), ('ProperTorsions/Proper/k', 2.0)]) 
----------------------------------------------------------
Backing up: debug.tmp/td_OpenFF_Gen_2_Torsion_Set_1_Roche_2_081_C5H7N3O to: debug.bak/td_OpenFF_Gen_2_Torsion_Set_1_Roche_2_081_C5H7N3O_0.tar.bz2
Referencing all energies to the snapshot 11 (minimum energy structure in QM)
#==========================================================================#
#| [92m Setup for target td_OpenFF_Gen_2_Torsion_Set_1_Roche_2_081_C5H7N3O : [0m |#
#==========================================================================#
mol2                      ['input.mol2'] 
precision                 double 
platname                  Reference 
name                      td_OpenFF_Gen_2_Torsion_Set_1_Roche_2_081_C5H7N3O 
type                      TORSIONPROFILE_SMIRNOFF 
h                         0.01 
tgtdir                    targets/td_OpenFF_Gen_2_Torsion_Set_1_Roche_2_081_C5H7N3O 
writelevel                2 
attenuate                 True 
energy_upper              5.0 
----------------------------------------------------------------------------
#========================================================#
#| [92m        SMIRNOFF Parameter Coverage Analysis        [0m |#
#========================================================#
Force field assignment data written to /Users/jessica/Documents/Grad_research/WBO_Torsions_ChayaPaper/release_1.3.0_2/fb-fit/fb-fit0/smirnoff_parameter_assignments.json
 idx Parameter                                                                                                   Count
----------------------------------------------------------------------------------------------------------------------
   0 ProperTorsions/Proper/k1/[*:1]~[#6X3:2]~!@[#6X3:3]~[*:4]                                             :          4
SNIRNOFF Parameter Coverage Analysis result: 1/1 parameters are covered.
----------------------------------------------------------------------------------------------------------------------
Using parabolic regularization (Gaussian prior) with strength 1.0e+00 (+), 0.0e+00 (x)
#========================================================#
#| [92m           Setup for objective function :           [0m |#
#========================================================#
penalty_additive          1.0 
normalize_weights         False 
----------------------------------------------------------
#========================================================#
#| [92m                Setup for optimizer                 [0m |#
#========================================================#
jobtype                   OPTIMIZE 
trust0                    -1.0 
eps                       0.01 
h                         0.01 
h0                        0.01 
convergence_objective     0.1 
convergence_step          0.01 
convergence_gradient      0.1 
input_file                debug.in 
criteria                  2 
----------------------------------------------------------
Calculation started at 2020-11-19 11:12 AM
#========================================================#
#| [1m                  Main Optimizer                    [0m |#
#| [1m  Newton-Raphson Method (Hessian Diagonal Search)   [0m |#
#| [1m                                                    [0m |#
#| [1m       [0mConvergence criteria (2 of 3 needed):        [0m |#
#| [1m          [0mObjective Function  : 1.000e-01           [0m |#
#| [1m          [0mNorm of Gradient    : 1.000e-01           [0m |#
#| [1m          [0mParameter step size : 1.000e-02           [0m |#
#========================================================#
#========================================================#
#|       Color Key for Objective Function -=X2=-        |#
#|  [1mBold[0m = Initial step                                 |#
#|  [92mGreen = Current lowest value of objective function[0m  |#
#|  [91mRed = Objective function rises, step rejected[0m       |#
#|  [0mNo color = Not at the lowest value                  |#
#========================================================#
#========================================================#
#| [94m     Iteration 0: Evaluating objective function     [0m |#
#| [94m        and derivatives through second order        [0m |#
#========================================================#

#==================================================================================================================================================#
#| [92m           Torsion Profile: td_OpenFF_Gen_2_Torsion_Set_1_Roche_2_081_C5H7N3O, Objective =  6.89127e+00, Units = kcal/mol, Angstrom           [0m |#
#| [92m System                                             Min(QM)    Min(MM)      Range(QM)          Range(MM)    Max-RMSD   Ene-RMSE    Obj-Fn     [0m |#
#==================================================================================================================================================#
td_OpenFF_Gen_2_Torsion_Set_1_Roche_2_081_C5H7N3O           0          0     0.000 - 13.709    0.000 - 34.273     0.197     2.6251    6.8913 
----------------------------------------------------------------------------------------------------------------------------------------------------
#====================================================================#
#| [94m                  Objective Function Breakdown                  [0m |#
#| [94m  Target Name              Residual  x  Weight  =  Contribution [0m |#
#====================================================================#
td_OpenFF_Gen_2_Torsion_Set_1_Roche_2_081_C5H7N3O      6.89127      1.000 [94m     6.89127e+00[0m 
Regularization                 0.00000      1.000 [94m     0.00000e+00[0m 
Total                                             [94m     6.89127e+00[0m 
----------------------------------------------------------------------

  Step       |k|        |dk|       |grad|       -=X2=-     Delta(X2)    StepQual
     0   0.000e+00   0.000e+00   8.664e+00[1m   6.89127e+00[0m   0.000e+00      0.000

#========================================================#
#| [94m                   Total Gradient                   [0m |#
#========================================================#
   0 [  8.66431520e+00 ] : ProperTorsions/Proper/k1/[*:1]~[#6X3:2]~!@[#6X3:3]~[*:4]
----------------------------------------------------------
Calculating nonlinear optimization step
Finding trust radius: H+0.0000*I, length 1.1629e+00 (target 1.0000e+00)
Finding trust radius: H+9.0000*I, length 5.2669e-01 (target 1.0000e+00)
Finding trust radius: H+23.5623*I, length 2.7938e-01 (target 1.0000e+00)
Finding trust radius: H+0.0000*I, length 1.1629e+00 (target 1.0000e+00)
Finding trust radius: H+3.4377*I, length 7.9575e-01 (target 1.0000e+00)
Finding trust radius: H+1.3131*I, length 9.8866e-01 (target 1.0000e+00)
Finding trust radius: H+3.4377*I, length 7.9575e-01 (target 1.0000e+00)
Finding trust radius: H+0.6959*I, length 1.0636e+00 (target 1.0000e+00)
Finding trust radius: H+2.2164*I, length 8.9628e-01 (target 1.0000e+00)
Finding trust radius: H+1.1758*I, length 1.0044e+00 (target 1.0000e+00)
Finding trust radius: H+1.2092*I, length 1.0005e+00 (target 1.0000e+00)
Finding trust radius: H+1.2134*I, length 1.0000e+00 (target 1.0000e+00)
Finding trust radius: H+1.2138*I, length 9.9999e-01 (target 1.0000e+00)
Finding trust radius: H+1.2143*I, length 9.9993e-01 (target 1.0000e+00)
Starting Hessian diagonal search with step size 9.9999e-01
Hessian diagonal search: H+1.2138*I, length 9.9999e-01, result -5.2053e+00
Hessian diagonal search: H+54.8634*I, length 1.3904e-01, result -1.1433e+00
Hessian diagonal search: H+82.8162*I, length 9.5986e-02, result -8.0246e-01
Hessian diagonal search: H+1.2138*I, length 9.9999e-01, result -5.2053e+00
Hessian diagonal search: H+7.8126*I, length 5.6766e-01, result -3.8562e+00
Hessian diagonal search: H+12.3210*I, length 4.3822e-01, result -3.1713e+00
Hessian diagonal search: H+0.0049*I, length 1.1621e+00, result -5.2921e+00
Hessian diagonal search: H+0.0935*I, length 1.1485e+00, result -5.2947e+00
Hessian diagonal search: H+0.0544*I, length 1.1545e+00, result -5.2938e+00
Hessian diagonal search: H+0.3718*I, length 1.1076e+00, result -5.2912e+00
Hessian diagonal search: H+0.1780*I, length 1.1358e+00, result -5.2954e+00
Hessian diagonal search: H+0.2066*I, length 1.1315e+00, result -5.2953e+00
Hessian diagonal search: H+0.1671*I, length 1.1374e+00, result -5.2954e+00
Hessian diagonal search: H+0.1724*I, length 1.1366e+00, result -5.2954e+00
Hessian diagonal search: H+0.1723*I, length 1.1366e+00, result -5.2954e+00
Hessian diagonal search: H+0.1745*I, length 1.1363e+00, result -5.2954e+00
Hessian diagonal search: H+0.1734*I, length 1.1365e+00, result -5.2954e+00
Hessian diagonal search: H+0.1729*I, length 1.1365e+00, result -5.2954e+00
Hessian diagonal search: H+0.1726*I, length 1.1366e+00, result -5.2954e+00
Optimization step found (length 1.1366e+00)
#========================================================#
#| [95m  Mathematical Parameters (Current + Step = Next)   [0m |#
#========================================================#
   0 [  0.0000e+00 - 1.1366e+00 = -1.1366e+00 ] : ProperTorsions/Proper/k1/[*:1]~[#6X3:2]~!@[#6X3:3]~[*:4]
----------------------------------------------------------
#========================================================#
#| [95m    Physical Parameters (Current + Step = Next)     [0m |#
#========================================================#
   0 [  3.7901e+00 - 2.2732e+00 =  1.5169e+00 ] : ProperTorsions/Proper/k1/[*:1]~[#6X3:2]~!@[#6X3:3]~[*:4]
----------------------------------------------------------
Backing up debug.sav -> debug.bak/debug_71.sav
Input file with saved parameters: debug.sav
#========================================================#
#| [94m     Iteration 1: Evaluating objective function     [0m |#
#| [94m        and derivatives through second order        [0m |#
#========================================================#

#==================================================================================================================================================#
#| [92m           Torsion Profile: td_OpenFF_Gen_2_Torsion_Set_1_Roche_2_081_C5H7N3O, Objective =  3.04015e-01, Units = kcal/mol, Angstrom           [0m |#
#| [92m System                                             Min(QM)    Min(MM)      Range(QM)          Range(MM)    Max-RMSD   Ene-RMSE    Obj-Fn     [0m |#
#==================================================================================================================================================#
td_OpenFF_Gen_2_Torsion_Set_1_Roche_2_081_C5H7N3O           0          0     0.000 - 13.709    0.000 - 19.098     0.154     0.5514    0.3040 
----------------------------------------------------------------------------------------------------------------------------------------------------
#===================================================================================#
#| [94m                         Objective Function Breakdown                          [0m |#
#| [94m  Target Name              Residual  x  Weight  =  Contribution (Current-Prev) [0m |#
#===================================================================================#
td_OpenFF_Gen_2_Torsion_Set_1_Roche_2_081_C5H7N3O      0.30402      1.000 [92m     3.04015e-01[0m ( -6.587e+00 ) 
Regularization                 1.29186      1.000 [91m     1.29186e+00[0m ( +1.292e+00 ) 
Total                                             [92m     1.59587e+00[0m ( -5.295e+00 ) 
-------------------------------------------------------------------------------------
Backing up result/debug/test.offxml -> result/debug/test_156.offxml
#=====================================================================#
#|  The force field has been written to the result/debug directory.  |#
#|    Input file with optimization parameters saved to debug.sav.    |#
#=====================================================================#

  Step       |k|        |dk|       |grad|       -=X2=-     Delta(X2)    StepQual
     1   1.137e+00   1.137e+00   5.101e-04[92m   1.59587e+00[0m  -5.295e+00      1.000

#========================================================#
#| [94m                   Total Gradient                   [0m |#
#========================================================#
   0 [  5.10064505e-04 ] : ProperTorsions/Proper/k1/[*:1]~[#6X3:2]~!@[#6X3:3]~[*:4]
----------------------------------------------------------
Convergence criterion reached for gradient norm (1.00e-01)
Calculating nonlinear optimization step
Starting Hessian diagonal search with step size 4.8001e-05
Hessian diagonal search: H+0.0000*I, length 4.8001e-05, result  4.9511e-07
Hessian diagonal search: H+9.0000*I, length 2.5989e-05, result  1.6923e-07
Hessian diagonal search: H+61.6869*I, length 7.0536e-06, result  6.4125e-07
Hessian diagonal search: H+9.0000*I, length 2.5989e-05, result  1.6923e-07
Hessian diagonal search: H+23.5623*I, length 1.4919e-05, result -3.4961e-07
Hessian diagonal search: H+36.0000*I, length 1.0939e-05, result  9.3433e-07
Hessian diagonal search: H+17.8659*I, length 1.7902e-05, result  3.4505e-07
Hessian diagonal search: H+28.0031*I, length 1.3204e-05, result  7.0721e-08
Hessian diagonal search: H+21.2936*I, length 1.5980e-05, result  1.9153e-06
Hessian diagonal search: H+25.2133*I, length 1.4232e-05, result -7.0904e-09
Hessian diagonal search: H+22.6822*I, length 1.5313e-05, result  6.0927e-07
Hessian diagonal search: H+24.1863*I, length 1.4652e-05, result -1.9460e-07
Hessian diagonal search: H+23.2241*I, length 1.5068e-05, result  1.0081e-06
Hessian diagonal search: H+23.7997*I, length 1.4816e-05, result  1.3366e-06
Hessian diagonal search: H+23.4329*I, length 1.4976e-05, result  3.3497e-07
Hessian diagonal search: H+23.6528*I, length 1.4880e-05, result  4.7903e-08
Hessian diagonal search: H+23.5128*I, length 1.4941e-05, result  2.8599e-07
Hessian diagonal search: H+23.5969*I, length 1.4904e-05, result  1.1995e-06
Hessian diagonal search: H+23.5434*I, length 1.4928e-05, result  2.8496e-06
Hessian diagonal search: H+23.5755*I, length 1.4913e-05, result  9.2525e-07
Hessian diagonal search: H+23.5551*I, length 1.4922e-05, result  5.8241e-07
Hessian diagonal search: H+23.5680*I, length 1.4917e-05, result  9.6585e-07
Optimization step found (length 1.4919e-05)
Convergence criterion reached in step size (1.00e-02)
#========================================================#
#| [92m               [0m[1mOptimization Converged[0m               [0m |#
#| [92m           Final objective function value           [0m |#
#| [92m  Full:  1.595874e+00  Un-penalized:  3.040154e-01  [0m |#
#========================================================#
#========================================================#
#| [94m           Final optimization parameters:           [0m |#
#========================================================#
   0 [ -1.1366e+00 ] : ProperTorsions/Proper/k1/[*:1]~[#6X3:2]~!@[#6X3:3]~[*:4]
#========================================================#
#| [94m             Final physical parameters:             [0m |#
#========================================================#
   0 [  1.5169e+00 ] : ProperTorsions/Proper/k1/[*:1]~[#6X3:2]~!@[#6X3:3]~[*:4]
----------------------------------------------------------
Backing up result/debug/test.offxml -> result/debug/test_157.offxml
#=====================================================================#
#|  The force field has been written to the result/debug directory.  |#
#|    Input file with optimization parameters saved to debug.sav.    |#
#=====================================================================#
Wall time since calculation start: 37.0 seconds
#========================================================#
#| [1;44;93m               Calculation Finished.                [0m |#
#| [1;44;93m     ---==(  May the Force be with you!  )==---     [0m |#
#========================================================#
