Note: Failed to import the optional openff.evaluator package. 
Note: Failed to import the optional openff.recharge package.
#======================================================================#
#| [1m            Welcome to ForceBalance version 1.7.5! =D             [0m |#
#| [1m                 Force Field Optimization System                  [0m |#
#| [1m                                                                  [0m |#
#| [1m                             Authors:                             [0m |#
#| [1m                          Lee-Ping Wang                           [0m |#
#| [1m                  Yudong Qiu, Keri A. McKiernan                   [0m |#
#| [1m          Jeffrey R. Wagner, Hyesu Jang, Simon Boothroyd          [0m |#
#| [1m           Arthur Vigil, Erik G. Brandt, Johnny Israeli           [0m |#
#======================================================================#

                          [44m     [0m                                        
                       [44m        [0m      [43m     [0m                              
                    [44m        [0m   [44m  [0m    [43m         [0m                          
                 [44m       [0m    [44m      [0m      [43m         [0m                       
             [44m        [0m    [44m        [0m          [43m         [0m                    
          [44m        [0m    [44m        [0m                 [43m        [0m                 
       [44m        [0m    [44m       [0m                        [43m        [0m              
    [44m        [0m   [44m        [0m                              [43m         [0m          
   [44m      [0m   [44m        [0m               `.:+@@###@'          [43m         [0m       
    [44m [0m    [44m        [0m          ,;'+###############.             [43m     [0m       
      [44m        [0m         +################':`                    [43m [0m        
      [44m     [0m              `.,,...####+.                                  
                                ,#####      +##.               [44m   [0m   [44m   [0m
 [43m    [0m                            #####      ######             [44m   [0m   [44m   [0m
 [43m    [0m                ###'        ####'     :#####'             [44m   [0m   [44m   [0m
 [43m    [0m                :####@      ####.    ,####'               [44m   [0m   [44m   [0m
 [43m    [0m                 ######     ####    +###+                 [44m   [0m   [44m   [0m
 [43m    [0m                  #####     ####   ###;                   [44m   [0m   [44m   [0m
 [43m    [0m                   :##      ####  ++`                     [44m   [0m   [44m   [0m
 [43m    [0m                            ####``..:;+##############+`   [44m   [0m   [44m   [0m
 [43m    [0m             .,:;;'++##################################`  [44m   [0m   [44m   [0m
 [43m    [0m    `############################++++''';;;;;;;;;;;'';    [44m   [0m   [44m   [0m
 [43m    [0m      ,########':,.``       ####                          [44m   [0m   [44m   [0m
 [43m    [0m                            ####                          [44m   [0m   [44m   [0m
 [43m    [0m                            ####                          [44m   [0m   [44m   [0m
 [43m    [0m                            ####                          [44m   [0m   [44m   [0m
 [43m    [0m                            ####                          [44m   [0m   [44m   [0m
 [43m    [0m                            ####                          [44m   [0m   [44m   [0m
 [43m    [0m                            ####                          [44m   [0m   [44m   [0m
 [43m    [0m                            ####                          [44m   [0m   [44m   [0m
      [44m    [0m                       ####                                   
     [44m        [0m                    ####                                   
    [44m [0m    [44m       [0m                 ####                       [43m     [0m       
   [44m     [0m    [44m        [0m             ####                    [43m        [0m       
   [44m        [0m    [44m        [0m          ###                  [43m         [0m         
      [44m        [0m    [44m        [0m        +`               [43m        [0m             
          [44m        [0m   [44m        [0m                   [43m        [0m                
             [44m        [0m   [44m         [0m           [43m         [0m                   
                [44m        [0m    [44m       [0m      [43m         [0m                      
                   [44m        [0m    [44m   [0m    [43m        [0m                          
                      [44m        [0m       [43m      [0m                             
                          [44m      [0m      [43m  [0m                                
                             [44m  [0m                                         

Reading options from file: debug.in
#========================================================#
#| [95m  Options at their default values are not printed   [0m |#
#| [95m        Use 'verbose_options True' to Enable        [0m |#
#========================================================#
Reading force field from file: test.offxml
#=========================================================#
#| [92m Starting parameter indices, physical values and IDs [0m |#
#=========================================================#
   0 [  3.7901e+00 ] : ProperTorsions/Proper/k1/[*:1]~[#6X3:2]~!@[#6X3:3]~[*:4]
-----------------------------------------------------------
#=========================================================#
#| [91m Rescaling Factors by Type (Lower Takes Precedence): [0m |#
#=========================================================#
   ProperTorsions/Proper/k1             : 3.79011e+00
   Bonds/Bond/k                         : 1.00000e+01
   Bonds/Bond/length                    : 1.00000e-02
   Angles/Angle/k                       : 5.00000e+00
   Angles/Angle/angle                   : 1.00000e+00
   ProperTorsions/Proper/k              : 2.00000e+00
-----------------------------------------------------------
#========================================================#
#| [91m   Rescaling Types / Factors by Parameter Number:   [0m |#
#========================================================#
   0 [    ProperTorsions/Proper/k       : 2.00000e+00 ] : ProperTorsions/Proper/k1/[*:1]~[#6X3:2]~!@[#6X3:3]~[*:4]
----------------------------------------------------------
#========================================================#
#| [92m               Setup for force field                [0m |#
#========================================================#
fnms                      ['test.offxml'] 
priors                    OrderedDict([('Bonds/Bond/k', 10.0), ('Bonds/Bond/length', 0.01), ('Angles/Angle/k', 5.0), ('Angles/Angle/angle', 1.0), ('ProperTorsions/Proper/k', 2.0)]) 
----------------------------------------------------------
Backing up: debug.tmp/td_OpenFF_Gen_2_Torsion_Set_4_eMolecules_Discrepancy_2_115_C15H17NO3 to: debug.bak/td_OpenFF_Gen_2_Torsion_Set_4_eMolecules_Discrepancy_2_115_C15H17NO3_6.tar.bz2
Referencing all energies to the snapshot 11 (minimum energy structure in QM)
#=============================================================================================#
#| [92m Setup for target td_OpenFF_Gen_2_Torsion_Set_4_eMolecules_Discrepancy_2_115_C15H17NO3 : [0m |#
#=============================================================================================#
mol2                      ['input.mol2'] 
precision                 double 
platname                  Reference 
name                      td_OpenFF_Gen_2_Torsion_Set_4_eMolecules_Discrepancy_2_115_C15H17NO3 
type                      TORSIONPROFILE_SMIRNOFF 
h                         0.01 
tgtdir                    targets/td_OpenFF_Gen_2_Torsion_Set_4_eMolecules_Discrepancy_2_115_C15H17NO3 
writelevel                2 
attenuate                 True 
energy_upper              5.0 
-----------------------------------------------------------------------------------------------
#========================================================#
#| [92m        SMIRNOFF Parameter Coverage Analysis        [0m |#
#========================================================#
Force field assignment data written to /Users/jessica/Documents/Grad_research/WBO_Torsions_ChayaPaper/release_1.3.0_2/fb-fit/fb-fit0/smirnoff_parameter_assignments.json
 idx Parameter                                                                                                   Count
----------------------------------------------------------------------------------------------------------------------
   0 ProperTorsions/Proper/k1/[*:1]~[#6X3:2]~!@[#6X3:3]~[*:4]                                             :          4
SNIRNOFF Parameter Coverage Analysis result: 1/1 parameters are covered.
----------------------------------------------------------------------------------------------------------------------
Using parabolic regularization (Gaussian prior) with strength 1.0e+00 (+), 0.0e+00 (x)
#========================================================#
#| [92m           Setup for objective function :           [0m |#
#========================================================#
penalty_additive          1.0 
normalize_weights         False 
----------------------------------------------------------
#========================================================#
#| [92m                Setup for optimizer                 [0m |#
#========================================================#
jobtype                   OPTIMIZE 
trust0                    -1.0 
eps                       0.01 
h                         0.01 
h0                        0.01 
convergence_objective     0.1 
convergence_step          0.01 
convergence_gradient      0.1 
input_file                debug.in 
criteria                  2 
----------------------------------------------------------
Calculation started at 2020-11-19 10:47 AM
#========================================================#
#| [1m                  Main Optimizer                    [0m |#
#| [1m  Newton-Raphson Method (Hessian Diagonal Search)   [0m |#
#| [1m                                                    [0m |#
#| [1m       [0mConvergence criteria (2 of 3 needed):        [0m |#
#| [1m          [0mObjective Function  : 1.000e-01           [0m |#
#| [1m          [0mNorm of Gradient    : 1.000e-01           [0m |#
#| [1m          [0mParameter step size : 1.000e-02           [0m |#
#========================================================#
#========================================================#
#|       Color Key for Objective Function -=X2=-        |#
#|  [1mBold[0m = Initial step                                 |#
#|  [92mGreen = Current lowest value of objective function[0m  |#
#|  [91mRed = Objective function rises, step rejected[0m       |#
#|  [0mNo color = Not at the lowest value                  |#
#========================================================#
#========================================================#
#| [94m     Iteration 0: Evaluating objective function     [0m |#
#| [94m        and derivatives through second order        [0m |#
#========================================================#

#==================================================================================================================================================#
#| [92m Torsion Profile: td_OpenFF_Gen_2_Torsion_Set_4_eMolecules_Discrepancy_2_115_C15H17NO3, Objective =  4.14003e+01, Units = kcal/mol, Angstrom  [0m |#
#| [92m System                                             Min(QM)    Min(MM)      Range(QM)          Range(MM)    Max-RMSD   Ene-RMSE    Obj-Fn     [0m |#
#==================================================================================================================================================#
td_OpenFF_Gen_2_Torsion_Set_4_eMolecules_Discrepancy_2_115_C15H17NO3          0          0     0.000 - 8.285     0.000 - 32.339     0.110     6.4343    41.4003 
----------------------------------------------------------------------------------------------------------------------------------------------------
#====================================================================#
#| [94m                  Objective Function Breakdown                  [0m |#
#| [94m  Target Name              Residual  x  Weight  =  Contribution [0m |#
#====================================================================#
td_OpenFF_Gen_2_Torsion_Set_4_eMolecules_Discrepancy_2_115_C15H17NO3     41.40028      1.000 [94m     4.14003e+01[0m 
Regularization                 0.00000      1.000 [94m     0.00000e+00[0m 
Total                                             [94m     4.14003e+01[0m 
----------------------------------------------------------------------

  Step       |k|        |dk|       |grad|       -=X2=-     Delta(X2)    StepQual
     0   0.000e+00   0.000e+00   3.688e+01[1m   4.14003e+01[0m   0.000e+00      0.000

#========================================================#
#| [94m                   Total Gradient                   [0m |#
#========================================================#
   0 [  3.68840888e+01 ] : ProperTorsions/Proper/k1/[*:1]~[#6X3:2]~!@[#6X3:3]~[*:4]
----------------------------------------------------------
Calculating nonlinear optimization step
Finding trust radius: H+0.0000*I, length 1.9163e+00 (target 1.0000e+00)
Finding trust radius: H+9.0000*I, length 1.3057e+00 (target 1.0000e+00)
Finding trust radius: H+61.6869*I, length 4.5573e-01 (target 1.0000e+00)
Finding trust radius: H+9.0000*I, length 1.3057e+00 (target 1.0000e+00)
Finding trust radius: H+23.5623*I, length 8.6158e-01 (target 1.0000e+00)
Finding trust radius: H+36.0000*I, length 6.6761e-01 (target 1.0000e+00)
Finding trust radius: H+19.6161*I, length 9.4906e-01 (target 1.0000e+00)
Finding trust radius: H+18.3983*I, length 9.7976e-01 (target 1.0000e+00)
Finding trust radius: H+17.3870*I, length 1.0068e+00 (target 1.0000e+00)
Finding trust radius: H+17.6257*I, length 1.0003e+00 (target 1.0000e+00)
Finding trust radius: H+17.6389*I, length 9.9993e-01 (target 1.0000e+00)
Finding trust radius: H+17.6345*I, length 1.0000e+00 (target 1.0000e+00)
Finding trust radius: H+17.6302*I, length 1.0002e+00 (target 1.0000e+00)
Starting Hessian diagonal search with step size 1.0000e+00
Hessian diagonal search: H+17.6345*I, length 1.0000e+00, result -2.9366e+01
Hessian diagonal search: H+391.9371*I, length 8.9702e-02, result -3.2575e+00
Hessian diagonal search: H+442.6322*I, length 7.9856e-02, result -2.9050e+00
Hessian diagonal search: H+17.6345*I, length 1.0000e+00, result -2.9366e+01
Hessian diagonal search: H+29.6020*I, length 7.5505e-01, result -2.3784e+01
Hessian diagonal search: H+103.1703*I, length 3.0130e-01, result -1.0518e+01
Hessian diagonal search: H+0.3432*I, length 1.8827e+00, result -3.5541e+01
Hessian diagonal search: H+0.0201*I, length 1.9143e+00, result -3.5211e+01
Hessian diagonal search: H+0.9592*I, length 1.8253e+00, result -3.6022e+01
Hessian diagonal search: H+4.8810*I, length 1.5286e+00, result -3.6270e+01
Hessian diagonal search: H+3.0785*I, length 1.6521e+00, result -3.6594e+01
Hessian diagonal search: H+2.8212*I, length 1.6713e+00, result -3.6592e+01
Hessian diagonal search: H+2.9810*I, length 1.6593e+00, result -3.6595e+01
Hessian diagonal search: H+2.9832*I, length 1.6591e+00, result -3.6595e+01
Hessian diagonal search: H+2.9841*I, length 1.6591e+00, result -3.6595e+01
Hessian diagonal search: H+3.0200*I, length 1.6564e+00, result -3.6595e+01
Hessian diagonal search: H+2.9978*I, length 1.6580e+00, result -3.6595e+01
Hessian diagonal search: H+2.9893*I, length 1.6587e+00, result -3.6595e+01
Hessian diagonal search: H+2.9861*I, length 1.6589e+00, result -3.6595e+01
Hessian diagonal search: H+2.9851*I, length 1.6590e+00, result -3.6595e+01
Optimization step found (length 1.6591e+00)
#========================================================#
#| [95m  Mathematical Parameters (Current + Step = Next)   [0m |#
#========================================================#
   0 [  0.0000e+00 - 1.6591e+00 = -1.6591e+00 ] : ProperTorsions/Proper/k1/[*:1]~[#6X3:2]~!@[#6X3:3]~[*:4]
----------------------------------------------------------
#========================================================#
#| [95m    Physical Parameters (Current + Step = Next)     [0m |#
#========================================================#
   0 [  3.7901e+00 - 3.3181e+00 =  4.7197e-01 ] : ProperTorsions/Proper/k1/[*:1]~[#6X3:2]~!@[#6X3:3]~[*:4]
----------------------------------------------------------
Backing up debug.sav -> debug.bak/debug_52.sav
Input file with saved parameters: debug.sav
#========================================================#
#| [94m     Iteration 1: Evaluating objective function     [0m |#
#| [94m        and derivatives through second order        [0m |#
#========================================================#

#==================================================================================================================================================#
#| [92m Torsion Profile: td_OpenFF_Gen_2_Torsion_Set_4_eMolecules_Discrepancy_2_115_C15H17NO3, Objective =  2.05288e+00, Units = kcal/mol, Angstrom  [0m |#
#| [92m System                                             Min(QM)    Min(MM)      Range(QM)          Range(MM)    Max-RMSD   Ene-RMSE    Obj-Fn     [0m |#
#==================================================================================================================================================#
td_OpenFF_Gen_2_Torsion_Set_4_eMolecules_Discrepancy_2_115_C15H17NO3          0          0     0.000 - 8.285     0.000 - 5.813      0.134     1.4328    2.0529 
----------------------------------------------------------------------------------------------------------------------------------------------------
#===================================================================================#
#| [94m                         Objective Function Breakdown                          [0m |#
#| [94m  Target Name              Residual  x  Weight  =  Contribution (Current-Prev) [0m |#
#===================================================================================#
td_OpenFF_Gen_2_Torsion_Set_4_eMolecules_Discrepancy_2_115_C15H17NO3      2.05288      1.000 [92m     2.05288e+00[0m ( -3.935e+01 ) 
Regularization                 2.75250      1.000 [91m     2.75250e+00[0m ( +2.753e+00 ) 
Total                                             [92m     4.80538e+00[0m ( -3.659e+01 ) 
-------------------------------------------------------------------------------------
Backing up result/debug/test.offxml -> result/debug/test_113.offxml
#=====================================================================#
#|  The force field has been written to the result/debug directory.  |#
#|    Input file with optimization parameters saved to debug.sav.    |#
#=====================================================================#

  Step       |k|        |dk|       |grad|       -=X2=-     Delta(X2)    StepQual
     1   1.659e+00   1.659e+00   1.417e-03[92m   4.80538e+00[0m  -3.659e+01      1.000

#========================================================#
#| [94m                   Total Gradient                   [0m |#
#========================================================#
   0 [  1.41705603e-03 ] : ProperTorsions/Proper/k1/[*:1]~[#6X3:2]~!@[#6X3:3]~[*:4]
----------------------------------------------------------
Convergence criterion reached for gradient norm (1.00e-01)
Calculating nonlinear optimization step
Starting Hessian diagonal search with step size 3.4719e-05
Hessian diagonal search: H+0.0000*I, length 3.4719e-05, result -2.9179e-07
Hessian diagonal search: H+9.0000*I, length 2.8446e-05, result  2.0424e-08
Hessian diagonal search: H+23.5623*I, length 2.2012e-05, result  7.8678e-08
Hessian diagonal search: H+0.0000*I, length 3.4719e-05, result -2.9179e-07
Hessian diagonal search: H+3.4377*I, length 3.2022e-05, result  7.6246e-07
Hessian diagonal search: H+1.3131*I, length 3.3636e-05, result  3.3380e-07
Hessian diagonal search: H+0.0262*I, length 3.4696e-05, result  4.8009e-07
Hessian diagonal search: H+0.2558*I, length 3.4502e-05, result  2.3195e-07
Hessian diagonal search: H+0.0373*I, length 3.4687e-05, result -1.2495e-07
Hessian diagonal search: H+0.0054*I, length 3.4714e-05, result  3.3330e-07
Hessian diagonal search: H+0.0038*I, length 3.4715e-05, result  3.6776e-07
Hessian diagonal search: H+0.0008*I, length 3.4718e-05, result  1.8745e-07
Hessian diagonal search: H+0.0006*I, length 3.4718e-05, result -3.5291e-07
Hessian diagonal search: H+0.0015*I, length 3.4717e-05, result  4.1806e-08
Hessian diagonal search: H+0.0002*I, length 3.4718e-05, result -2.2218e-07
Hessian diagonal search: H+0.0009*I, length 3.4718e-05, result -1.3683e-07
Hessian diagonal search: H+0.0004*I, length 3.4718e-05, result  6.7402e-07
Hessian diagonal search: H+0.0007*I, length 3.4718e-05, result  3.9894e-08
Hessian diagonal search: H+0.0005*I, length 3.4718e-05, result -3.9035e-07
Hessian diagonal search: H+0.0005*I, length 3.4718e-05, result -3.5748e-07
Hessian diagonal search: H+0.0005*I, length 3.4718e-05, result -4.6710e-07
Hessian diagonal search: H+0.0005*I, length 3.4718e-05, result  5.5039e-07
Hessian diagonal search: H+0.0005*I, length 3.4718e-05, result  4.6624e-07
Hessian diagonal search: H+0.0005*I, length 3.4718e-05, result -6.6785e-08
Optimization step found (length 3.4718e-05)
Convergence criterion reached in step size (1.00e-02)
#========================================================#
#| [92m               [0m[1mOptimization Converged[0m               [0m |#
#| [92m           Final objective function value           [0m |#
#| [92m  Full:  4.805382e+00  Un-penalized:  2.052878e+00  [0m |#
#========================================================#
#========================================================#
#| [94m           Final optimization parameters:           [0m |#
#========================================================#
   0 [ -1.6591e+00 ] : ProperTorsions/Proper/k1/[*:1]~[#6X3:2]~!@[#6X3:3]~[*:4]
#========================================================#
#| [94m             Final physical parameters:             [0m |#
#========================================================#
   0 [  4.7191e-01 ] : ProperTorsions/Proper/k1/[*:1]~[#6X3:2]~!@[#6X3:3]~[*:4]
----------------------------------------------------------
Backing up result/debug/test.offxml -> result/debug/test_114.offxml
#=====================================================================#
#|  The force field has been written to the result/debug directory.  |#
#|    Input file with optimization parameters saved to debug.sav.    |#
#=====================================================================#
Wall time since calculation start: 87.7 seconds
#========================================================#
#| [1;44;93m               Calculation Finished.                [0m |#
#| [1;44;93m     ---==(  May the Force be with you!  )==---     [0m |#
#========================================================#
