Note: Failed to import the optional openff.evaluator package. 
Note: Failed to import the optional openff.recharge package.
#======================================================================#
#| [1m            Welcome to ForceBalance version 1.7.5! =D             [0m |#
#| [1m                 Force Field Optimization System                  [0m |#
#| [1m                                                                  [0m |#
#| [1m                             Authors:                             [0m |#
#| [1m                          Lee-Ping Wang                           [0m |#
#| [1m                  Yudong Qiu, Keri A. McKiernan                   [0m |#
#| [1m          Jeffrey R. Wagner, Hyesu Jang, Simon Boothroyd          [0m |#
#| [1m           Arthur Vigil, Erik G. Brandt, Johnny Israeli           [0m |#
#======================================================================#

                          [44m     [0m                                        
                       [44m        [0m      [43m     [0m                              
                    [44m        [0m   [44m  [0m    [43m         [0m                          
                 [44m       [0m    [44m      [0m      [43m         [0m                       
             [44m        [0m    [44m        [0m          [43m         [0m                    
          [44m        [0m    [44m        [0m                 [43m        [0m                 
       [44m        [0m    [44m       [0m                        [43m        [0m              
    [44m        [0m   [44m        [0m                              [43m         [0m          
   [44m      [0m   [44m        [0m               `.:+@@###@'          [43m         [0m       
    [44m [0m    [44m        [0m          ,;'+###############.             [43m     [0m       
      [44m        [0m         +################':`                    [43m [0m        
      [44m     [0m              `.,,...####+.                                  
                                ,#####      +##.               [44m   [0m   [44m   [0m
 [43m    [0m                            #####      ######             [44m   [0m   [44m   [0m
 [43m    [0m                ###'        ####'     :#####'             [44m   [0m   [44m   [0m
 [43m    [0m                :####@      ####.    ,####'               [44m   [0m   [44m   [0m
 [43m    [0m                 ######     ####    +###+                 [44m   [0m   [44m   [0m
 [43m    [0m                  #####     ####   ###;                   [44m   [0m   [44m   [0m
 [43m    [0m                   :##      ####  ++`                     [44m   [0m   [44m   [0m
 [43m    [0m                            ####``..:;+##############+`   [44m   [0m   [44m   [0m
 [43m    [0m             .,:;;'++##################################`  [44m   [0m   [44m   [0m
 [43m    [0m    `############################++++''';;;;;;;;;;;'';    [44m   [0m   [44m   [0m
 [43m    [0m      ,########':,.``       ####                          [44m   [0m   [44m   [0m
 [43m    [0m                            ####                          [44m   [0m   [44m   [0m
 [43m    [0m                            ####                          [44m   [0m   [44m   [0m
 [43m    [0m                            ####                          [44m   [0m   [44m   [0m
 [43m    [0m                            ####                          [44m   [0m   [44m   [0m
 [43m    [0m                            ####                          [44m   [0m   [44m   [0m
 [43m    [0m                            ####                          [44m   [0m   [44m   [0m
 [43m    [0m                            ####                          [44m   [0m   [44m   [0m
      [44m    [0m                       ####                                   
     [44m        [0m                    ####                                   
    [44m [0m    [44m       [0m                 ####                       [43m     [0m       
   [44m     [0m    [44m        [0m             ####                    [43m        [0m       
   [44m        [0m    [44m        [0m          ###                  [43m         [0m         
      [44m        [0m    [44m        [0m        +`               [43m        [0m             
          [44m        [0m   [44m        [0m                   [43m        [0m                
             [44m        [0m   [44m         [0m           [43m         [0m                   
                [44m        [0m    [44m       [0m      [43m         [0m                      
                   [44m        [0m    [44m   [0m    [43m        [0m                          
                      [44m        [0m       [43m      [0m                             
                          [44m      [0m      [43m  [0m                                
                             [44m  [0m                                         

Reading options from file: debug.in
#========================================================#
#| [95m  Options at their default values are not printed   [0m |#
#| [95m        Use 'verbose_options True' to Enable        [0m |#
#========================================================#
Reading force field from file: test.offxml
#=========================================================#
#| [92m Starting parameter indices, physical values and IDs [0m |#
#=========================================================#
   0 [  3.7901e+00 ] : ProperTorsions/Proper/k1/[*:1]~[#6X3:2]~!@[#6X3:3]~[*:4]
-----------------------------------------------------------
#=========================================================#
#| [91m Rescaling Factors by Type (Lower Takes Precedence): [0m |#
#=========================================================#
   ProperTorsions/Proper/k1             : 3.79011e+00
   Bonds/Bond/k                         : 1.00000e+01
   Bonds/Bond/length                    : 1.00000e-02
   Angles/Angle/k                       : 5.00000e+00
   Angles/Angle/angle                   : 1.00000e+00
   ProperTorsions/Proper/k              : 2.00000e+00
-----------------------------------------------------------
#========================================================#
#| [91m   Rescaling Types / Factors by Parameter Number:   [0m |#
#========================================================#
   0 [    ProperTorsions/Proper/k       : 2.00000e+00 ] : ProperTorsions/Proper/k1/[*:1]~[#6X3:2]~!@[#6X3:3]~[*:4]
----------------------------------------------------------
#========================================================#
#| [92m               Setup for force field                [0m |#
#========================================================#
fnms                      ['test.offxml'] 
priors                    OrderedDict([('Bonds/Bond/k', 10.0), ('Bonds/Bond/length', 0.01), ('Angles/Angle/k', 5.0), ('Angles/Angle/angle', 1.0), ('ProperTorsions/Proper/k', 2.0)]) 
----------------------------------------------------------
Referencing all energies to the snapshot 2 (minimum energy structure in QM)
#===========================================================================#
#| [92m Setup for target td_OpenFF_Gen_2_Torsion_Set_5_Bayer_2_067_C20H23NO : [0m |#
#===========================================================================#
mol2                      ['input.mol2'] 
precision                 double 
platname                  Reference 
name                      td_OpenFF_Gen_2_Torsion_Set_5_Bayer_2_067_C20H23NO 
type                      TORSIONPROFILE_SMIRNOFF 
h                         0.01 
tgtdir                    targets/td_OpenFF_Gen_2_Torsion_Set_5_Bayer_2_067_C20H23NO 
writelevel                2 
attenuate                 True 
energy_upper              5.0 
-----------------------------------------------------------------------------
#========================================================#
#| [92m        SMIRNOFF Parameter Coverage Analysis        [0m |#
#========================================================#
Force field assignment data written to /Users/jessica/Documents/Grad_research/WBO_Torsions_ChayaPaper/release_1.3.0_2/fb-fit/fb-fit0/smirnoff_parameter_assignments.json
 idx Parameter                                                                                                   Count
----------------------------------------------------------------------------------------------------------------------
   0 ProperTorsions/Proper/k1/[*:1]~[#6X3:2]~!@[#6X3:3]~[*:4]                                             :          4
SNIRNOFF Parameter Coverage Analysis result: 1/1 parameters are covered.
----------------------------------------------------------------------------------------------------------------------
Using parabolic regularization (Gaussian prior) with strength 1.0e+00 (+), 0.0e+00 (x)
#========================================================#
#| [92m           Setup for objective function :           [0m |#
#========================================================#
penalty_additive          1.0 
normalize_weights         False 
----------------------------------------------------------
#========================================================#
#| [92m                Setup for optimizer                 [0m |#
#========================================================#
jobtype                   OPTIMIZE 
trust0                    -1.0 
eps                       0.01 
h                         0.01 
h0                        0.01 
convergence_objective     0.1 
convergence_step          0.01 
convergence_gradient      0.1 
input_file                debug.in 
criteria                  2 
----------------------------------------------------------
Calculation started at 2020-11-18 04:04 PM
#========================================================#
#| [1m                  Main Optimizer                    [0m |#
#| [1m  Newton-Raphson Method (Hessian Diagonal Search)   [0m |#
#| [1m                                                    [0m |#
#| [1m       [0mConvergence criteria (2 of 3 needed):        [0m |#
#| [1m          [0mObjective Function  : 1.000e-01           [0m |#
#| [1m          [0mNorm of Gradient    : 1.000e-01           [0m |#
#| [1m          [0mParameter step size : 1.000e-02           [0m |#
#========================================================#
#========================================================#
#|       Color Key for Objective Function -=X2=-        |#
#|  [1mBold[0m = Initial step                                 |#
#|  [92mGreen = Current lowest value of objective function[0m  |#
#|  [91mRed = Objective function rises, step rejected[0m       |#
#|  [0mNo color = Not at the lowest value                  |#
#========================================================#
#========================================================#
#| [94m     Iteration 0: Evaluating objective function     [0m |#
#| [94m        and derivatives through second order        [0m |#
#========================================================#

#==================================================================================================================================================#
#| [92m          Torsion Profile: td_OpenFF_Gen_2_Torsion_Set_5_Bayer_2_067_C20H23NO, Objective =  5.19518e+01, Units = kcal/mol, Angstrom           [0m |#
#| [92m System                                             Min(QM)    Min(MM)      Range(QM)          Range(MM)    Max-RMSD   Ene-RMSE    Obj-Fn     [0m |#
#==================================================================================================================================================#
td_OpenFF_Gen_2_Torsion_Set_5_Bayer_2_067_C20H23NO       -135        180     0.000 - 2.346    -7.368 - 16.129     0.106     7.2078    51.9518 
----------------------------------------------------------------------------------------------------------------------------------------------------
#====================================================================#
#| [94m                  Objective Function Breakdown                  [0m |#
#| [94m  Target Name              Residual  x  Weight  =  Contribution [0m |#
#====================================================================#
td_OpenFF_Gen_2_Torsion_Set_5_Bayer_2_067_C20H23NO     51.95180      1.000 [94m     5.19518e+01[0m 
Regularization                 0.00000      1.000 [94m     0.00000e+00[0m 
Total                                             [94m     5.19518e+01[0m 
----------------------------------------------------------------------

  Step       |k|        |dk|       |grad|       -=X2=-     Delta(X2)    StepQual
     0   0.000e+00   0.000e+00   6.922e+01[1m   5.19518e+01[0m   0.000e+00      0.000

#========================================================#
#| [94m                   Total Gradient                   [0m |#
#========================================================#
   0 [  6.92215129e+01 ] : ProperTorsions/Proper/k1/[*:1]~[#6X3:2]~!@[#6X3:3]~[*:4]
----------------------------------------------------------
Calculating nonlinear optimization step
Finding trust radius: H+0.0000*I, length 1.4309e+00 (target 1.0000e+00)
Finding trust radius: H+9.0000*I, length 1.2064e+00 (target 1.0000e+00)
Finding trust radius: H+61.6869*I, length 6.2892e-01 (target 1.0000e+00)
Finding trust radius: H+9.0000*I, length 1.2064e+00 (target 1.0000e+00)
Finding trust radius: H+23.5623*I, length 9.6221e-01 (target 1.0000e+00)
Finding trust radius: H+36.0000*I, length 8.2038e-01 (target 1.0000e+00)
Finding trust radius: H+21.2087*I, length 9.9476e-01 (target 1.0000e+00)
Finding trust radius: H+20.6594*I, length 1.0027e+00 (target 1.0000e+00)
Finding trust radius: H+20.8426*I, length 1.0000e+00 (target 1.0000e+00)
Finding trust radius: H+20.8477*I, length 9.9994e-01 (target 1.0000e+00)
Finding trust radius: H+20.8375*I, length 1.0001e+00 (target 1.0000e+00)
Starting Hessian diagonal search with step size 1.0000e+00
Hessian diagonal search: H+20.8426*I, length 1.0000e+00, result -4.5897e+01
Hessian diagonal search: H+452.0506*I, length 1.3832e-01, result -9.1589e+00
Hessian diagonal search: H+503.9803*I, length 1.2532e-01, result -8.3337e+00
Hessian diagonal search: H+20.8426*I, length 1.0000e+00, result -4.5897e+01
Hessian diagonal search: H+33.1015*I, length 8.4956e-01, result -4.2161e+01
Hessian diagonal search: H+119.7431*I, length 4.1174e-01, result -2.4727e+01
Hessian diagonal search: H+0.0515*I, length 1.4293e+00, result -4.9897e+01
Hessian diagonal search: H+0.0621*I, length 1.4290e+00, result -4.9898e+01
Hessian diagonal search: H+0.0985*I, length 1.4279e+00, result -4.9900e+01
Hessian diagonal search: H+3.7549*I, length 1.3278e+00, result -4.9857e+01
Hessian diagonal search: H+0.8725*I, length 1.4055e+00, result -4.9938e+01
Hessian diagonal search: H+1.7357*I, length 1.3813e+00, result -4.9948e+01
Hessian diagonal search: H+2.2502*I, length 1.3673e+00, result -4.9940e+01
Hessian diagonal search: H+1.5001*I, length 1.3878e+00, result -4.9949e+01
Hessian diagonal search: H+1.5766*I, length 1.3857e+00, result -4.9949e+01
Hessian diagonal search: H+1.5701*I, length 1.3859e+00, result -4.9949e+01
Hessian diagonal search: H+1.5715*I, length 1.3858e+00, result -4.9949e+01
Hessian diagonal search: H+1.5706*I, length 1.3859e+00, result -4.9949e+01
Optimization step found (length 1.3859e+00)
#========================================================#
#| [95m  Mathematical Parameters (Current + Step = Next)   [0m |#
#========================================================#
   0 [  0.0000e+00 - 1.3859e+00 = -1.3859e+00 ] : ProperTorsions/Proper/k1/[*:1]~[#6X3:2]~!@[#6X3:3]~[*:4]
----------------------------------------------------------
#========================================================#
#| [95m    Physical Parameters (Current + Step = Next)     [0m |#
#========================================================#
   0 [  3.7901e+00 - 2.7717e+00 =  1.0184e+00 ] : ProperTorsions/Proper/k1/[*:1]~[#6X3:2]~!@[#6X3:3]~[*:4]
----------------------------------------------------------
Backing up debug.sav -> debug.bak/debug_39.sav
Input file with saved parameters: debug.sav
#========================================================#
#| [94m     Iteration 1: Evaluating objective function     [0m |#
#| [94m        and derivatives through second order        [0m |#
#========================================================#

#==================================================================================================================================================#
#| [92m          Torsion Profile: td_OpenFF_Gen_2_Torsion_Set_5_Bayer_2_067_C20H23NO, Objective =  8.21476e-02, Units = kcal/mol, Angstrom           [0m |#
#| [92m System                                             Min(QM)    Min(MM)      Range(QM)          Range(MM)    Max-RMSD   Ene-RMSE    Obj-Fn     [0m |#
#==================================================================================================================================================#
td_OpenFF_Gen_2_Torsion_Set_5_Bayer_2_067_C20H23NO       -135       -150     0.000 - 2.346    -0.246 - 2.888      0.048     0.2866    0.0821 
----------------------------------------------------------------------------------------------------------------------------------------------------
#===================================================================================#
#| [94m                         Objective Function Breakdown                          [0m |#
#| [94m  Target Name              Residual  x  Weight  =  Contribution (Current-Prev) [0m |#
#===================================================================================#
td_OpenFF_Gen_2_Torsion_Set_5_Bayer_2_067_C20H23NO      0.08215      1.000 [92m     8.21476e-02[0m ( -5.187e+01 ) 
Regularization                 1.92061      1.000 [91m     1.92061e+00[0m ( +1.921e+00 ) 
Total                                             [92m     2.00276e+00[0m ( -4.995e+01 ) 
-------------------------------------------------------------------------------------
Backing up result/debug/test.offxml -> result/debug/test_84.offxml
#=====================================================================#
#|  The force field has been written to the result/debug directory.  |#
#|    Input file with optimization parameters saved to debug.sav.    |#
#=====================================================================#

  Step       |k|        |dk|       |grad|       -=X2=-     Delta(X2)    StepQual
     1   1.386e+00   1.386e+00   1.444e-03[92m   2.00276e+00[0m  -4.995e+01      1.000

#========================================================#
#| [94m                   Total Gradient                   [0m |#
#========================================================#
   0 [ -1.44390443e-03 ] : ProperTorsions/Proper/k1/[*:1]~[#6X3:2]~!@[#6X3:3]~[*:4]
----------------------------------------------------------
Convergence criterion reached for gradient norm (1.00e-01)
Calculating nonlinear optimization step
Starting Hessian diagonal search with step size 2.6274e-05
Hessian diagonal search: H+0.0000*I, length 2.6274e-05, result  1.7094e-08
Hessian diagonal search: H+9.0000*I, length 2.2576e-05, result  3.9480e-08
Hessian diagonal search: H+23.5623*I, length 1.8389e-05, result  1.9747e-09
Hessian diagonal search: H+27.4641*I, length 1.7519e-05, result  2.3152e-08
Hessian diagonal search: H+23.5623*I, length 1.8389e-05, result  1.9747e-09
Hessian diagonal search: H+9.0000*I, length 2.2576e-05, result  2.2304e-08
Hessian diagonal search: H+17.1885*I, length 2.0014e-05, result -1.5351e-08
Hessian diagonal search: H+16.8458*I, length 2.0109e-05, result  1.4098e-08
Hessian diagonal search: H+20.1376*I, length 1.9228e-05, result  1.5586e-08
Hessian diagonal search: H+18.2874*I, length 1.9714e-05, result  2.2676e-09
Hessian diagonal search: H+17.6042*I, length 1.9899e-05, result -2.2721e-08
Hessian diagonal search: H+17.8636*I, length 1.9828e-05, result  3.5306e-08
Hessian diagonal search: H+17.4448*I, length 1.9943e-05, result -1.1947e-08
Hessian diagonal search: H+17.7031*I, length 1.9872e-05, result  3.9020e-08
Hessian diagonal search: H+17.5432*I, length 1.9916e-05, result -2.1198e-09
Hessian diagonal search: H+17.6419*I, length 1.9889e-05, result -1.5472e-08
Hessian diagonal search: H+17.5809*I, length 1.9906e-05, result  3.2428e-08
Hessian diagonal search: H+17.6186*I, length 1.9895e-05, result -1.4425e-09
Hessian diagonal search: H+17.5953*I, length 1.9902e-05, result  5.9754e-09
Hessian diagonal search: H+17.6097*I, length 1.9898e-05, result  7.7256e-10
Hessian diagonal search: H+17.6008*I, length 1.9900e-05, result -4.6806e-08
Hessian diagonal search: H+17.5981*I, length 1.9901e-05, result -1.9807e-08
Optimization step found (length 1.9900e-05)
Convergence criterion reached in step size (1.00e-02)
#========================================================#
#| [92m               [0m[1mOptimization Converged[0m               [0m |#
#| [92m           Final objective function value           [0m |#
#| [92m  Full:  2.002759e+00  Un-penalized:  8.214757e-02  [0m |#
#========================================================#
#========================================================#
#| [94m           Final optimization parameters:           [0m |#
#========================================================#
   0 [ -1.3858e+00 ] : ProperTorsions/Proper/k1/[*:1]~[#6X3:2]~!@[#6X3:3]~[*:4]
#========================================================#
#| [94m             Final physical parameters:             [0m |#
#========================================================#
   0 [  1.0184e+00 ] : ProperTorsions/Proper/k1/[*:1]~[#6X3:2]~!@[#6X3:3]~[*:4]
----------------------------------------------------------
Backing up result/debug/test.offxml -> result/debug/test_85.offxml
#=====================================================================#
#|  The force field has been written to the result/debug directory.  |#
#|    Input file with optimization parameters saved to debug.sav.    |#
#=====================================================================#
Wall time since calculation start: 106.8 seconds
#========================================================#
#| [1;44;93m               Calculation Finished.                [0m |#
#| [1;44;93m     ---==(  May the Force be with you!  )==---     [0m |#
#========================================================#
