Note: Failed to import the optional openff.evaluator package. 
Note: Failed to import the optional openff.recharge package.
#======================================================================#
#| [1m            Welcome to ForceBalance version 1.7.5! =D             [0m |#
#| [1m                 Force Field Optimization System                  [0m |#
#| [1m                                                                  [0m |#
#| [1m                             Authors:                             [0m |#
#| [1m                          Lee-Ping Wang                           [0m |#
#| [1m                  Yudong Qiu, Keri A. McKiernan                   [0m |#
#| [1m          Jeffrey R. Wagner, Hyesu Jang, Simon Boothroyd          [0m |#
#| [1m           Arthur Vigil, Erik G. Brandt, Johnny Israeli           [0m |#
#======================================================================#

                          [44m     [0m                                        
                       [44m        [0m      [43m     [0m                              
                    [44m        [0m   [44m  [0m    [43m         [0m                          
                 [44m       [0m    [44m      [0m      [43m         [0m                       
             [44m        [0m    [44m        [0m          [43m         [0m                    
          [44m        [0m    [44m        [0m                 [43m        [0m                 
       [44m        [0m    [44m       [0m                        [43m        [0m              
    [44m        [0m   [44m        [0m                              [43m         [0m          
   [44m      [0m   [44m        [0m               `.:+@@###@'          [43m         [0m       
    [44m [0m    [44m        [0m          ,;'+###############.             [43m     [0m       
      [44m        [0m         +################':`                    [43m [0m        
      [44m     [0m              `.,,...####+.                                  
                                ,#####      +##.               [44m   [0m   [44m   [0m
 [43m    [0m                            #####      ######             [44m   [0m   [44m   [0m
 [43m    [0m                ###'        ####'     :#####'             [44m   [0m   [44m   [0m
 [43m    [0m                :####@      ####.    ,####'               [44m   [0m   [44m   [0m
 [43m    [0m                 ######     ####    +###+                 [44m   [0m   [44m   [0m
 [43m    [0m                  #####     ####   ###;                   [44m   [0m   [44m   [0m
 [43m    [0m                   :##      ####  ++`                     [44m   [0m   [44m   [0m
 [43m    [0m                            ####``..:;+##############+`   [44m   [0m   [44m   [0m
 [43m    [0m             .,:;;'++##################################`  [44m   [0m   [44m   [0m
 [43m    [0m    `############################++++''';;;;;;;;;;;'';    [44m   [0m   [44m   [0m
 [43m    [0m      ,########':,.``       ####                          [44m   [0m   [44m   [0m
 [43m    [0m                            ####                          [44m   [0m   [44m   [0m
 [43m    [0m                            ####                          [44m   [0m   [44m   [0m
 [43m    [0m                            ####                          [44m   [0m   [44m   [0m
 [43m    [0m                            ####                          [44m   [0m   [44m   [0m
 [43m    [0m                            ####                          [44m   [0m   [44m   [0m
 [43m    [0m                            ####                          [44m   [0m   [44m   [0m
 [43m    [0m                            ####                          [44m   [0m   [44m   [0m
      [44m    [0m                       ####                                   
     [44m        [0m                    ####                                   
    [44m [0m    [44m       [0m                 ####                       [43m     [0m       
   [44m     [0m    [44m        [0m             ####                    [43m        [0m       
   [44m        [0m    [44m        [0m          ###                  [43m         [0m         
      [44m        [0m    [44m        [0m        +`               [43m        [0m             
          [44m        [0m   [44m        [0m                   [43m        [0m                
             [44m        [0m   [44m         [0m           [43m         [0m                   
                [44m        [0m    [44m       [0m      [43m         [0m                      
                   [44m        [0m    [44m   [0m    [43m        [0m                          
                      [44m        [0m       [43m      [0m                             
                          [44m      [0m      [43m  [0m                                
                             [44m  [0m                                         

Reading options from file: debug.in
#========================================================#
#| [95m  Options at their default values are not printed   [0m |#
#| [95m        Use 'verbose_options True' to Enable        [0m |#
#========================================================#
Reading force field from file: test.offxml
#=========================================================#
#| [92m Starting parameter indices, physical values and IDs [0m |#
#=========================================================#
   0 [  3.7901e+00 ] : ProperTorsions/Proper/k1/[*:1]~[#6X3:2]~!@[#6X3:3]~[*:4]
-----------------------------------------------------------
#=========================================================#
#| [91m Rescaling Factors by Type (Lower Takes Precedence): [0m |#
#=========================================================#
   ProperTorsions/Proper/k1             : 3.79011e+00
   Bonds/Bond/k                         : 1.00000e+01
   Bonds/Bond/length                    : 1.00000e-02
   Angles/Angle/k                       : 5.00000e+00
   Angles/Angle/angle                   : 1.00000e+00
   ProperTorsions/Proper/k              : 2.00000e+00
-----------------------------------------------------------
#========================================================#
#| [91m   Rescaling Types / Factors by Parameter Number:   [0m |#
#========================================================#
   0 [    ProperTorsions/Proper/k       : 2.00000e+00 ] : ProperTorsions/Proper/k1/[*:1]~[#6X3:2]~!@[#6X3:3]~[*:4]
----------------------------------------------------------
#========================================================#
#| [92m               Setup for force field                [0m |#
#========================================================#
fnms                      ['test.offxml'] 
priors                    OrderedDict([('Bonds/Bond/k', 10.0), ('Bonds/Bond/length', 0.01), ('Angles/Angle/k', 5.0), ('Angles/Angle/angle', 1.0), ('ProperTorsions/Proper/k', 2.0)]) 
----------------------------------------------------------
Backing up: debug.tmp/td_OpenFF_Gen_2_Torsion_Set_1_Roche_2_075_C13H14N2 to: debug.bak/td_OpenFF_Gen_2_Torsion_Set_1_Roche_2_075_C13H14N2_0.tar.bz2
Referencing all energies to the snapshot 1 (minimum energy structure in QM)
#===========================================================================#
#| [92m Setup for target td_OpenFF_Gen_2_Torsion_Set_1_Roche_2_075_C13H14N2 : [0m |#
#===========================================================================#
mol2                      ['input.mol2'] 
precision                 double 
platname                  Reference 
name                      td_OpenFF_Gen_2_Torsion_Set_1_Roche_2_075_C13H14N2 
type                      TORSIONPROFILE_SMIRNOFF 
h                         0.01 
tgtdir                    targets/td_OpenFF_Gen_2_Torsion_Set_1_Roche_2_075_C13H14N2 
writelevel                2 
attenuate                 True 
energy_upper              5.0 
-----------------------------------------------------------------------------
#========================================================#
#| [92m        SMIRNOFF Parameter Coverage Analysis        [0m |#
#========================================================#
Force field assignment data written to /Users/jessica/Documents/Grad_research/WBO_Torsions_ChayaPaper/release_1.3.0_2/fb-fit/fb-fit0/smirnoff_parameter_assignments.json
 idx Parameter                                                                                                   Count
----------------------------------------------------------------------------------------------------------------------
   0 ProperTorsions/Proper/k1/[*:1]~[#6X3:2]~!@[#6X3:3]~[*:4]                                             :          4
SNIRNOFF Parameter Coverage Analysis result: 1/1 parameters are covered.
----------------------------------------------------------------------------------------------------------------------
Using parabolic regularization (Gaussian prior) with strength 1.0e+00 (+), 0.0e+00 (x)
#========================================================#
#| [92m           Setup for objective function :           [0m |#
#========================================================#
penalty_additive          1.0 
normalize_weights         False 
----------------------------------------------------------
#========================================================#
#| [92m                Setup for optimizer                 [0m |#
#========================================================#
jobtype                   OPTIMIZE 
trust0                    -1.0 
eps                       0.01 
h                         0.01 
h0                        0.01 
convergence_objective     0.1 
convergence_step          0.01 
convergence_gradient      0.1 
input_file                debug.in 
criteria                  2 
----------------------------------------------------------
Calculation started at 2020-11-19 11:35 AM
#========================================================#
#| [1m                  Main Optimizer                    [0m |#
#| [1m  Newton-Raphson Method (Hessian Diagonal Search)   [0m |#
#| [1m                                                    [0m |#
#| [1m       [0mConvergence criteria (2 of 3 needed):        [0m |#
#| [1m          [0mObjective Function  : 1.000e-01           [0m |#
#| [1m          [0mNorm of Gradient    : 1.000e-01           [0m |#
#| [1m          [0mParameter step size : 1.000e-02           [0m |#
#========================================================#
#========================================================#
#|       Color Key for Objective Function -=X2=-        |#
#|  [1mBold[0m = Initial step                                 |#
#|  [92mGreen = Current lowest value of objective function[0m  |#
#|  [91mRed = Objective function rises, step rejected[0m       |#
#|  [0mNo color = Not at the lowest value                  |#
#========================================================#
#========================================================#
#| [94m     Iteration 0: Evaluating objective function     [0m |#
#| [94m        and derivatives through second order        [0m |#
#========================================================#

#==================================================================================================================================================#
#| [92m          Torsion Profile: td_OpenFF_Gen_2_Torsion_Set_1_Roche_2_075_C13H14N2, Objective =  6.77680e+01, Units = kcal/mol, Angstrom           [0m |#
#| [92m System                                             Min(QM)    Min(MM)      Range(QM)          Range(MM)    Max-RMSD   Ene-RMSE    Obj-Fn     [0m |#
#==================================================================================================================================================#
td_OpenFF_Gen_2_Torsion_Set_1_Roche_2_075_C13H14N2       -150        165     0.000 - 7.099    -1.042 - 19.125     0.279     8.2321    67.7680 
----------------------------------------------------------------------------------------------------------------------------------------------------
#====================================================================#
#| [94m                  Objective Function Breakdown                  [0m |#
#| [94m  Target Name              Residual  x  Weight  =  Contribution [0m |#
#====================================================================#
td_OpenFF_Gen_2_Torsion_Set_1_Roche_2_075_C13H14N2     67.76802      1.000 [94m     6.77680e+01[0m 
Regularization                 0.00000      1.000 [94m     0.00000e+00[0m 
Total                                             [94m     6.77680e+01[0m 
----------------------------------------------------------------------

  Step       |k|        |dk|       |grad|       -=X2=-     Delta(X2)    StepQual
     0   0.000e+00   0.000e+00   9.456e+01[1m   6.77680e+01[0m   0.000e+00      0.000

#========================================================#
#| [94m                   Total Gradient                   [0m |#
#========================================================#
   0 [  9.45575919e+01 ] : ProperTorsions/Proper/k1/[*:1]~[#6X3:2]~!@[#6X3:3]~[*:4]
----------------------------------------------------------
Calculating nonlinear optimization step
Finding trust radius: H+0.0000*I, length 1.3382e+00 (target 1.0000e+00)
Finding trust radius: H+9.0000*I, length 1.1870e+00 (target 1.0000e+00)
Finding trust radius: H+61.6869*I, length 7.1445e-01 (target 1.0000e+00)
Finding trust radius: H+9.0000*I, length 1.1870e+00 (target 1.0000e+00)
Finding trust radius: H+23.5623*I, length 1.0035e+00 (target 1.0000e+00)
Finding trust radius: H+36.0000*I, length 8.8651e-01 (target 1.0000e+00)
Finding trust radius: H+23.6884*I, length 1.0022e+00 (target 1.0000e+00)
Finding trust radius: H+23.9018*I, length 9.9993e-01 (target 1.0000e+00)
Finding trust radius: H+23.8951*I, length 1.0000e+00 (target 1.0000e+00)
Finding trust radius: H+23.8894*I, length 1.0001e+00 (target 1.0000e+00)
Starting Hessian diagonal search with step size 1.0000e+00
Hessian diagonal search: H+23.8951*I, length 1.0000e+00, result -5.9537e+01
Hessian diagonal search: H+508.6405*I, length 1.6323e-01, result -1.4550e+01
Hessian diagonal search: H+561.4044*I, length 1.4960e-01, result -1.3404e+01
Hessian diagonal search: H+23.8951*I, length 1.0000e+00, result -5.9537e+01
Hessian diagonal search: H+36.3510*I, length 8.8360e-01, result -5.6366e+01
Hessian diagonal search: H+135.3876*I, length 4.5891e-01, result -3.6249e+01
Hessian diagonal search: H+0.0132*I, length 1.3379e+00, result -6.2995e+01
Hessian diagonal search: H+0.0952*I, length 1.3364e+00, result -6.2998e+01
Hessian diagonal search: H+0.0716*I, length 1.3368e+00, result -6.2997e+01
Hessian diagonal search: H+4.2347*I, length 1.2625e+00, result -6.2960e+01
Hessian diagonal search: H+0.9540*I, length 1.3203e+00, result -6.3024e+01
Hessian diagonal search: H+1.9312*I, length 1.3026e+00, result -6.3031e+01
Hessian diagonal search: H+2.4266*I, length 1.2937e+00, result -6.3025e+01
Hessian diagonal search: H+1.6356*I, length 1.3079e+00, result -6.3031e+01
Hessian diagonal search: H+1.7224*I, length 1.3063e+00, result -6.3031e+01
Hessian diagonal search: H+1.7128*I, length 1.3065e+00, result -6.3031e+01
Hessian diagonal search: H+1.7152*I, length 1.3064e+00, result -6.3031e+01
Hessian diagonal search: H+1.7162*I, length 1.3064e+00, result -6.3031e+01
Hessian diagonal search: H+1.7146*I, length 1.3065e+00, result -6.3031e+01
Hessian diagonal search: H+1.7139*I, length 1.3065e+00, result -6.3031e+01
Optimization step found (length 1.3065e+00)
#========================================================#
#| [95m  Mathematical Parameters (Current + Step = Next)   [0m |#
#========================================================#
   0 [  0.0000e+00 - 1.3065e+00 = -1.3065e+00 ] : ProperTorsions/Proper/k1/[*:1]~[#6X3:2]~!@[#6X3:3]~[*:4]
----------------------------------------------------------
#========================================================#
#| [95m    Physical Parameters (Current + Step = Next)     [0m |#
#========================================================#
   0 [  3.7901e+00 - 2.6129e+00 =  1.1772e+00 ] : ProperTorsions/Proper/k1/[*:1]~[#6X3:2]~!@[#6X3:3]~[*:4]
----------------------------------------------------------
Backing up debug.sav -> debug.bak/debug_89.sav
Input file with saved parameters: debug.sav
#========================================================#
#| [94m     Iteration 1: Evaluating objective function     [0m |#
#| [94m        and derivatives through second order        [0m |#
#========================================================#

#==================================================================================================================================================#
#| [92m          Torsion Profile: td_OpenFF_Gen_2_Torsion_Set_1_Roche_2_075_C13H14N2, Objective =  3.02986e+00, Units = kcal/mol, Angstrom           [0m |#
#| [92m System                                             Min(QM)    Min(MM)      Range(QM)          Range(MM)    Max-RMSD   Ene-RMSE    Obj-Fn     [0m |#
#==================================================================================================================================================#
td_OpenFF_Gen_2_Torsion_Set_1_Roche_2_075_C13H14N2       -150       -135     0.000 - 7.099    -0.586 - 12.067     0.264     1.7407    3.0299 
----------------------------------------------------------------------------------------------------------------------------------------------------
#===================================================================================#
#| [94m                         Objective Function Breakdown                          [0m |#
#| [94m  Target Name              Residual  x  Weight  =  Contribution (Current-Prev) [0m |#
#===================================================================================#
td_OpenFF_Gen_2_Torsion_Set_1_Roche_2_075_C13H14N2      3.02986      1.000 [92m     3.02986e+00[0m ( -6.474e+01 ) 
Regularization                 1.70683      1.000 [91m     1.70683e+00[0m ( +1.707e+00 ) 
Total                                             [92m     4.73670e+00[0m ( -6.303e+01 ) 
-------------------------------------------------------------------------------------
Backing up result/debug/test.offxml -> result/debug/test_193.offxml
#=====================================================================#
#|  The force field has been written to the result/debug directory.  |#
#|    Input file with optimization parameters saved to debug.sav.    |#
#=====================================================================#

  Step       |k|        |dk|       |grad|       -=X2=-     Delta(X2)    StepQual
     1   1.306e+00   1.306e+00   2.006e-05[92m   4.73670e+00[0m  -6.303e+01      1.000

#========================================================#
#| [94m                   Total Gradient                   [0m |#
#========================================================#
   0 [  2.00586838e-05 ] : ProperTorsions/Proper/k1/[*:1]~[#6X3:2]~!@[#6X3:3]~[*:4]
----------------------------------------------------------
Convergence criterion reached for gradient norm (1.00e-01)
Calculating nonlinear optimization step
Starting Hessian diagonal search with step size 2.7489e-07
Hessian diagonal search: H+0.0000*I, length 2.7489e-07, result  4.7072e-07
Hessian diagonal search: H+9.0000*I, length 2.4471e-07, result  3.9860e-08
Hessian diagonal search: H+61.6869*I, length 1.4896e-07, result  2.7849e-07
Hessian diagonal search: H+9.0000*I, length 2.4471e-07, result  3.9860e-08
Hessian diagonal search: H+23.5623*I, length 2.0779e-07, result  4.0912e-07
Hessian diagonal search: H+3.4377*I, length 2.6252e-07, result  5.6124e-07
Hessian diagonal search: H+12.0435*I, length 2.3595e-07, result  1.3057e-07
Hessian diagonal search: H+6.5654*I, length 2.5220e-07, result  5.8357e-08
Hessian diagonal search: H+8.1954*I, length 2.4714e-07, result  1.2968e-07
Hessian diagonal search: H+10.1103*I, length 2.4144e-07, result  8.0932e-09
Hessian diagonal search: H+10.8288*I, length 2.3937e-07, result -9.0023e-07
Hessian diagonal search: H+11.2851*I, length 2.3807e-07, result  3.7359e-07
Hessian diagonal search: H+10.5514*I, length 2.4016e-07, result  7.6587e-07
Hessian diagonal search: H+11.0020*I, length 2.3888e-07, result  3.2253e-07
Hessian diagonal search: H+10.7224*I, length 2.3967e-07, result  2.0613e-07
Hessian diagonal search: H+10.8948*I, length 2.3918e-07, result  2.9077e-07
Hessian diagonal search: H+10.7881*I, length 2.3949e-07, result -1.2495e-07
Hessian diagonal search: H+10.8540*I, length 2.3930e-07, result  9.3997e-07
Hessian diagonal search: H+10.8132*I, length 2.3941e-07, result  2.8343e-07
Hessian diagonal search: H+10.8384*I, length 2.3934e-07, result  3.4601e-07
Hessian diagonal search: H+10.8228*I, length 2.3939e-07, result  3.0752e-07
Hessian diagonal search: H+10.8324*I, length 2.3936e-07, result  5.0613e-07
Hessian diagonal search: H+10.8259*I, length 2.3938e-07, result  3.2941e-07
Optimization step found (length 2.3937e-07)
Convergence criterion reached in step size (1.00e-02)
#========================================================#
#| [92m               [0m[1mOptimization Converged[0m               [0m |#
#| [92m           Final objective function value           [0m |#
#| [92m  Full:  4.736697e+00  Un-penalized:  3.029864e+00  [0m |#
#========================================================#
#========================================================#
#| [94m           Final optimization parameters:           [0m |#
#========================================================#
   0 [ -1.3065e+00 ] : ProperTorsions/Proper/k1/[*:1]~[#6X3:2]~!@[#6X3:3]~[*:4]
#========================================================#
#| [94m             Final physical parameters:             [0m |#
#========================================================#
   0 [  1.1772e+00 ] : ProperTorsions/Proper/k1/[*:1]~[#6X3:2]~!@[#6X3:3]~[*:4]
----------------------------------------------------------
Backing up result/debug/test.offxml -> result/debug/test_194.offxml
#=====================================================================#
#|  The force field has been written to the result/debug directory.  |#
#|    Input file with optimization parameters saved to debug.sav.    |#
#=====================================================================#
Wall time since calculation start: 63.0 seconds
#========================================================#
#| [1;44;93m               Calculation Finished.                [0m |#
#| [1;44;93m     ---==(  May the Force be with you!  )==---     [0m |#
#========================================================#
