Note: Failed to import the optional openff.evaluator package. 
Note: Failed to import the optional openff.recharge package.
#======================================================================#
#| [1m            Welcome to ForceBalance version 1.7.5! =D             [0m |#
#| [1m                 Force Field Optimization System                  [0m |#
#| [1m                                                                  [0m |#
#| [1m                             Authors:                             [0m |#
#| [1m                          Lee-Ping Wang                           [0m |#
#| [1m                  Yudong Qiu, Keri A. McKiernan                   [0m |#
#| [1m          Jeffrey R. Wagner, Hyesu Jang, Simon Boothroyd          [0m |#
#| [1m           Arthur Vigil, Erik G. Brandt, Johnny Israeli           [0m |#
#======================================================================#

                          [44m     [0m                                        
                       [44m        [0m      [43m     [0m                              
                    [44m        [0m   [44m  [0m    [43m         [0m                          
                 [44m       [0m    [44m      [0m      [43m         [0m                       
             [44m        [0m    [44m        [0m          [43m         [0m                    
          [44m        [0m    [44m        [0m                 [43m        [0m                 
       [44m        [0m    [44m       [0m                        [43m        [0m              
    [44m        [0m   [44m        [0m                              [43m         [0m          
   [44m      [0m   [44m        [0m               `.:+@@###@'          [43m         [0m       
    [44m [0m    [44m        [0m          ,;'+###############.             [43m     [0m       
      [44m        [0m         +################':`                    [43m [0m        
      [44m     [0m              `.,,...####+.                                  
                                ,#####      +##.               [44m   [0m   [44m   [0m
 [43m    [0m                            #####      ######             [44m   [0m   [44m   [0m
 [43m    [0m                ###'        ####'     :#####'             [44m   [0m   [44m   [0m
 [43m    [0m                :####@      ####.    ,####'               [44m   [0m   [44m   [0m
 [43m    [0m                 ######     ####    +###+                 [44m   [0m   [44m   [0m
 [43m    [0m                  #####     ####   ###;                   [44m   [0m   [44m   [0m
 [43m    [0m                   :##      ####  ++`                     [44m   [0m   [44m   [0m
 [43m    [0m                            ####``..:;+##############+`   [44m   [0m   [44m   [0m
 [43m    [0m             .,:;;'++##################################`  [44m   [0m   [44m   [0m
 [43m    [0m    `############################++++''';;;;;;;;;;;'';    [44m   [0m   [44m   [0m
 [43m    [0m      ,########':,.``       ####                          [44m   [0m   [44m   [0m
 [43m    [0m                            ####                          [44m   [0m   [44m   [0m
 [43m    [0m                            ####                          [44m   [0m   [44m   [0m
 [43m    [0m                            ####                          [44m   [0m   [44m   [0m
 [43m    [0m                            ####                          [44m   [0m   [44m   [0m
 [43m    [0m                            ####                          [44m   [0m   [44m   [0m
 [43m    [0m                            ####                          [44m   [0m   [44m   [0m
 [43m    [0m                            ####                          [44m   [0m   [44m   [0m
      [44m    [0m                       ####                                   
     [44m        [0m                    ####                                   
    [44m [0m    [44m       [0m                 ####                       [43m     [0m       
   [44m     [0m    [44m        [0m             ####                    [43m        [0m       
   [44m        [0m    [44m        [0m          ###                  [43m         [0m         
      [44m        [0m    [44m        [0m        +`               [43m        [0m             
          [44m        [0m   [44m        [0m                   [43m        [0m                
             [44m        [0m   [44m         [0m           [43m         [0m                   
                [44m        [0m    [44m       [0m      [43m         [0m                      
                   [44m        [0m    [44m   [0m    [43m        [0m                          
                      [44m        [0m       [43m      [0m                             
                          [44m      [0m      [43m  [0m                                
                             [44m  [0m                                         

Reading options from file: debug.in
#========================================================#
#| [95m  Options at their default values are not printed   [0m |#
#| [95m        Use 'verbose_options True' to Enable        [0m |#
#========================================================#
Reading force field from file: test.offxml
#=========================================================#
#| [92m Starting parameter indices, physical values and IDs [0m |#
#=========================================================#
   0 [  3.7901e+00 ] : ProperTorsions/Proper/k1/[*:1]~[#6X3:2]~!@[#6X3:3]~[*:4]
-----------------------------------------------------------
#=========================================================#
#| [91m Rescaling Factors by Type (Lower Takes Precedence): [0m |#
#=========================================================#
   ProperTorsions/Proper/k1             : 3.79011e+00
   Bonds/Bond/k                         : 1.00000e+01
   Bonds/Bond/length                    : 1.00000e-02
   Angles/Angle/k                       : 5.00000e+00
   Angles/Angle/angle                   : 1.00000e+00
   ProperTorsions/Proper/k              : 2.00000e+00
-----------------------------------------------------------
#========================================================#
#| [91m   Rescaling Types / Factors by Parameter Number:   [0m |#
#========================================================#
   0 [    ProperTorsions/Proper/k       : 2.00000e+00 ] : ProperTorsions/Proper/k1/[*:1]~[#6X3:2]~!@[#6X3:3]~[*:4]
----------------------------------------------------------
#========================================================#
#| [92m               Setup for force field                [0m |#
#========================================================#
fnms                      ['test.offxml'] 
priors                    OrderedDict([('Bonds/Bond/k', 10.0), ('Bonds/Bond/length', 0.01), ('Angles/Angle/k', 5.0), ('Angles/Angle/angle', 1.0), ('ProperTorsions/Proper/k', 2.0)]) 
----------------------------------------------------------
Backing up: debug.tmp/td_OpenFF_Gen_2_Torsion_Set_4_eMolecules_Discrepancy_2_100_C19H15NS4 to: debug.bak/td_OpenFF_Gen_2_Torsion_Set_4_eMolecules_Discrepancy_2_100_C19H15NS4_0.tar.bz2
Referencing all energies to the snapshot 3 (minimum energy structure in QM)
#=============================================================================================#
#| [92m Setup for target td_OpenFF_Gen_2_Torsion_Set_4_eMolecules_Discrepancy_2_100_C19H15NS4 : [0m |#
#=============================================================================================#
mol2                      ['input.mol2'] 
precision                 double 
platname                  Reference 
name                      td_OpenFF_Gen_2_Torsion_Set_4_eMolecules_Discrepancy_2_100_C19H15NS4 
type                      TORSIONPROFILE_SMIRNOFF 
h                         0.01 
tgtdir                    targets/td_OpenFF_Gen_2_Torsion_Set_4_eMolecules_Discrepancy_2_100_C19H15NS4 
writelevel                2 
attenuate                 True 
energy_upper              5.0 
-----------------------------------------------------------------------------------------------
#========================================================#
#| [92m        SMIRNOFF Parameter Coverage Analysis        [0m |#
#========================================================#
Force field assignment data written to /Users/jessica/Documents/Grad_research/WBO_Torsions_ChayaPaper/release_1.3.0_2/fb-fit/fb-fit0/smirnoff_parameter_assignments.json
 idx Parameter                                                                                                   Count
----------------------------------------------------------------------------------------------------------------------
   0 ProperTorsions/Proper/k1/[*:1]~[#6X3:2]~!@[#6X3:3]~[*:4]                                             :         12
SNIRNOFF Parameter Coverage Analysis result: 1/1 parameters are covered.
----------------------------------------------------------------------------------------------------------------------
Using parabolic regularization (Gaussian prior) with strength 1.0e+00 (+), 0.0e+00 (x)
#========================================================#
#| [92m           Setup for objective function :           [0m |#
#========================================================#
penalty_additive          1.0 
normalize_weights         False 
----------------------------------------------------------
#========================================================#
#| [92m                Setup for optimizer                 [0m |#
#========================================================#
jobtype                   OPTIMIZE 
trust0                    -1.0 
eps                       0.01 
h                         0.01 
h0                        0.01 
convergence_objective     0.1 
convergence_step          0.01 
convergence_gradient      0.1 
input_file                debug.in 
criteria                  2 
----------------------------------------------------------
Calculation started at 2020-11-19 11:01 AM
#========================================================#
#| [1m                  Main Optimizer                    [0m |#
#| [1m  Newton-Raphson Method (Hessian Diagonal Search)   [0m |#
#| [1m                                                    [0m |#
#| [1m       [0mConvergence criteria (2 of 3 needed):        [0m |#
#| [1m          [0mObjective Function  : 1.000e-01           [0m |#
#| [1m          [0mNorm of Gradient    : 1.000e-01           [0m |#
#| [1m          [0mParameter step size : 1.000e-02           [0m |#
#========================================================#
#========================================================#
#|       Color Key for Objective Function -=X2=-        |#
#|  [1mBold[0m = Initial step                                 |#
#|  [92mGreen = Current lowest value of objective function[0m  |#
#|  [91mRed = Objective function rises, step rejected[0m       |#
#|  [0mNo color = Not at the lowest value                  |#
#========================================================#
#========================================================#
#| [94m     Iteration 0: Evaluating objective function     [0m |#
#| [94m        and derivatives through second order        [0m |#
#========================================================#

#==================================================================================================================================================#
#| [92m Torsion Profile: td_OpenFF_Gen_2_Torsion_Set_4_eMolecules_Discrepancy_2_100_C19H15NS4, Objective =  8.70456e+00, Units = kcal/mol, Angstrom  [0m |#
#| [92m System                                             Min(QM)    Min(MM)      Range(QM)          Range(MM)    Max-RMSD   Ene-RMSE    Obj-Fn     [0m |#
#==================================================================================================================================================#
td_OpenFF_Gen_2_Torsion_Set_4_eMolecules_Discrepancy_2_100_C19H15NS4       -120       -135     0.000 - 3.220    -2.172 - 7.631      0.264     2.9503    8.7046 
----------------------------------------------------------------------------------------------------------------------------------------------------
#====================================================================#
#| [94m                  Objective Function Breakdown                  [0m |#
#| [94m  Target Name              Residual  x  Weight  =  Contribution [0m |#
#====================================================================#
td_OpenFF_Gen_2_Torsion_Set_4_eMolecules_Discrepancy_2_100_C19H15NS4      8.70456      1.000 [94m     8.70456e+00[0m 
Regularization                 0.00000      1.000 [94m     0.00000e+00[0m 
Total                                             [94m     8.70456e+00[0m 
----------------------------------------------------------------------

  Step       |k|        |dk|       |grad|       -=X2=-     Delta(X2)    StepQual
     0   0.000e+00   0.000e+00   9.971e+00[1m   8.70456e+00[0m   0.000e+00      0.000

#========================================================#
#| [94m                   Total Gradient                   [0m |#
#========================================================#
   0 [  9.97094035e+00 ] : ProperTorsions/Proper/k1/[*:1]~[#6X3:2]~!@[#6X3:3]~[*:4]
----------------------------------------------------------
Calculating nonlinear optimization step
Finding trust radius: H+0.0000*I, length 1.1794e+00 (target 1.0000e+00)
Finding trust radius: H+9.0000*I, length 5.7126e-01 (target 1.0000e+00)
Finding trust radius: H+23.5623*I, length 3.1143e-01 (target 1.0000e+00)
Finding trust radius: H+0.0000*I, length 1.1794e+00 (target 1.0000e+00)
Finding trust radius: H+3.4377*I, length 8.3847e-01 (target 1.0000e+00)
Finding trust radius: H+9.0000*I, length 5.7126e-01 (target 1.0000e+00)
Finding trust radius: H+0.9255*I, length 1.0630e+00 (target 1.0000e+00)
Finding trust radius: H+0.9670*I, length 1.0584e+00 (target 1.0000e+00)
Finding trust radius: H+1.4357*I, length 1.0082e+00 (target 1.0000e+00)
Finding trust radius: H+2.0989*I, length 9.4484e-01 (target 1.0000e+00)
Finding trust radius: H+1.4949*I, length 1.0022e+00 (target 1.0000e+00)
Finding trust radius: H+1.5139*I, length 1.0003e+00 (target 1.0000e+00)
Finding trust radius: H+1.5169*I, length 9.9999e-01 (target 1.0000e+00)
Finding trust radius: H+1.5168*I, length 1.0000e+00 (target 1.0000e+00)
Finding trust radius: H+1.5167*I, length 1.0000e+00 (target 1.0000e+00)
Finding trust radius: H+1.5168*I, length 9.9999e-01 (target 1.0000e+00)
Starting Hessian diagonal search with step size 1.0000e+00
Hessian diagonal search: H+1.5168*I, length 1.0000e+00, result -5.2832e+00
Hessian diagonal search: H+3.7107*I, length 8.1965e-01, result -5.0158e+00
Hessian diagonal search: H+0.0115*I, length 1.1778e+00, result -5.3831e+00
Hessian diagonal search: H+0.1571*I, length 1.1579e+00, result -5.3773e+00
Hessian diagonal search: H+2.9289*I, length 8.7595e-01, result -5.1235e+00
Hessian diagonal search: H+0.0115*I, length 1.1778e+00, result -5.3831e+00
Hessian diagonal search: H+0.3449*I, length 1.1332e+00, result -5.3665e+00
Hessian diagonal search: H+0.2882*I, length 1.1405e+00, result -5.3701e+00
Hessian diagonal search: H+0.0001*I, length 1.1794e+00, result -5.3835e+00
Hessian diagonal search: H+0.0005*I, length 1.1793e+00, result -5.3835e+00
Hessian diagonal search: H+0.0000*I, length 1.1794e+00, result -5.3835e+00
Hessian diagonal search: H+0.0000*I, length 1.1794e+00, result -5.3835e+00
Hessian diagonal search: H+0.0000*I, length 1.1794e+00, result -5.3835e+00
Hessian diagonal search: H+0.0000*I, length 1.1794e+00, result -5.3835e+00
Hessian diagonal search: H+0.0000*I, length 1.1794e+00, result -5.3835e+00
Hessian diagonal search: H+0.0000*I, length 1.1794e+00, result -5.3835e+00
Hessian diagonal search: H+0.0000*I, length 1.1794e+00, result -5.3835e+00
Optimization step found (length 1.1794e+00)
#========================================================#
#| [95m  Mathematical Parameters (Current + Step = Next)   [0m |#
#========================================================#
   0 [  0.0000e+00 - 1.1794e+00 = -1.1794e+00 ] : ProperTorsions/Proper/k1/[*:1]~[#6X3:2]~!@[#6X3:3]~[*:4]
----------------------------------------------------------
#========================================================#
#| [95m    Physical Parameters (Current + Step = Next)     [0m |#
#========================================================#
   0 [  3.7901e+00 - 2.3588e+00 =  1.4313e+00 ] : ProperTorsions/Proper/k1/[*:1]~[#6X3:2]~!@[#6X3:3]~[*:4]
----------------------------------------------------------
Backing up debug.sav -> debug.bak/debug_61.sav
Input file with saved parameters: debug.sav
#========================================================#
#| [94m     Iteration 1: Evaluating objective function     [0m |#
#| [94m        and derivatives through second order        [0m |#
#========================================================#

#==================================================================================================================================================#
#| [92m Torsion Profile: td_OpenFF_Gen_2_Torsion_Set_4_eMolecules_Discrepancy_2_100_C19H15NS4, Objective =  1.93004e+00, Units = kcal/mol, Angstrom  [0m |#
#| [92m System                                             Min(QM)    Min(MM)      Range(QM)          Range(MM)    Max-RMSD   Ene-RMSE    Obj-Fn     [0m |#
#==================================================================================================================================================#
td_OpenFF_Gen_2_Torsion_Set_4_eMolecules_Discrepancy_2_100_C19H15NS4       -120       -135     0.000 - 3.220    -0.669 - 7.015      0.204     1.3893    1.9300 
----------------------------------------------------------------------------------------------------------------------------------------------------
#===================================================================================#
#| [94m                         Objective Function Breakdown                          [0m |#
#| [94m  Target Name              Residual  x  Weight  =  Contribution (Current-Prev) [0m |#
#===================================================================================#
td_OpenFF_Gen_2_Torsion_Set_4_eMolecules_Discrepancy_2_100_C19H15NS4      1.93004      1.000 [92m     1.93004e+00[0m ( -6.775e+00 ) 
Regularization                 1.39102      1.000 [91m     1.39102e+00[0m ( +1.391e+00 ) 
Total                                             [92m     3.32106e+00[0m ( -5.384e+00 ) 
-------------------------------------------------------------------------------------
Backing up result/debug/test.offxml -> result/debug/test_133.offxml
#=====================================================================#
#|  The force field has been written to the result/debug directory.  |#
#|    Input file with optimization parameters saved to debug.sav.    |#
#=====================================================================#

  Step       |k|        |dk|       |grad|       -=X2=-     Delta(X2)    StepQual
     1   1.179e+00   1.179e+00   2.150e-01[92m   3.32106e+00[0m  -5.384e+00      1.000

#========================================================#
#| [94m                   Total Gradient                   [0m |#
#========================================================#
   0 [  2.15048818e-01 ] : ProperTorsions/Proper/k1/[*:1]~[#6X3:2]~!@[#6X3:3]~[*:4]
----------------------------------------------------------
Calculating nonlinear optimization step
Starting Hessian diagonal search with step size 3.1469e-02
Hessian diagonal search: H+0.0000*I, length 3.1469e-02, result -3.4596e-03
Hessian diagonal search: H+9.0000*I, length 1.3582e-02, result -2.3055e-03
Hessian diagonal search: H+23.5623*I, length 7.0749e-03, result -1.3554e-03
Hessian diagonal search: H+0.0000*I, length 3.1469e-02, result -3.4596e-03
Hessian diagonal search: H+3.4377*I, length 2.0937e-02, result -3.0401e-03
Hessian diagonal search: H+1.3131*I, length 2.6397e-02, result -3.3500e-03
Hessian diagonal search: H+0.0162*I, length 3.1394e-02, result -3.4590e-03
Hessian diagonal search: H+0.0014*I, length 3.1463e-02, result -3.4594e-03
Hessian diagonal search: H+0.5016*I, length 2.9317e-02, result -3.4334e-03
Hessian diagonal search: H+0.0732*I, length 3.1135e-02, result -3.4570e-03
Hessian diagonal search: H+0.0107*I, length 3.1420e-02, result -3.4592e-03
Hessian diagonal search: H+0.0007*I, length 3.1466e-02, result -3.4596e-03
Hessian diagonal search: H+0.0002*I, length 3.1468e-02, result -3.4595e-03
Hessian diagonal search: H+0.0031*I, length 3.1455e-02, result -3.4590e-03
Hessian diagonal search: H+0.0014*I, length 3.1463e-02, result -3.4597e-03
Hessian diagonal search: H+0.0019*I, length 3.1460e-02, result -3.4591e-03
Hessian diagonal search: H+0.0011*I, length 3.1464e-02, result -3.4596e-03
Hessian diagonal search: H+0.0016*I, length 3.1462e-02, result -3.4602e-03
Hessian diagonal search: H+0.0017*I, length 3.1461e-02, result -3.4594e-03
Hessian diagonal search: H+0.0015*I, length 3.1462e-02, result -3.4591e-03
Hessian diagonal search: H+0.0016*I, length 3.1461e-02, result -3.4601e-03
Hessian diagonal search: H+0.0015*I, length 3.1462e-02, result -3.4588e-03
Hessian diagonal search: H+0.0016*I, length 3.1461e-02, result -3.4593e-03
Hessian diagonal search: H+0.0016*I, length 3.1462e-02, result -3.4587e-03
Hessian diagonal search: H+0.0016*I, length 3.1462e-02, result -3.4595e-03
Optimization step found (length 3.1462e-02)
#========================================================#
#| [95m  Mathematical Parameters (Current + Step = Next)   [0m |#
#========================================================#
   0 [ -1.1794e+00 - 3.1462e-02 = -1.2109e+00 ] : ProperTorsions/Proper/k1/[*:1]~[#6X3:2]~!@[#6X3:3]~[*:4]
----------------------------------------------------------
#========================================================#
#| [95m    Physical Parameters (Current + Step = Next)     [0m |#
#========================================================#
   0 [  1.4313e+00 - 6.2923e-02 =  1.3684e+00 ] : ProperTorsions/Proper/k1/[*:1]~[#6X3:2]~!@[#6X3:3]~[*:4]
----------------------------------------------------------
Input file with saved parameters: debug.sav
Setting finite difference step to 3.1462e-03
#========================================================#
#| [94m     Iteration 2: Evaluating objective function     [0m |#
#| [94m        and derivatives through second order        [0m |#
#========================================================#

#==================================================================================================================================================#
#| [92m Torsion Profile: td_OpenFF_Gen_2_Torsion_Set_4_eMolecules_Discrepancy_2_100_C19H15NS4, Objective =  1.85138e+00, Units = kcal/mol, Angstrom  [0m |#
#| [92m System                                             Min(QM)    Min(MM)      Range(QM)          Range(MM)    Max-RMSD   Ene-RMSE    Obj-Fn     [0m |#
#==================================================================================================================================================#
td_OpenFF_Gen_2_Torsion_Set_4_eMolecules_Discrepancy_2_100_C19H15NS4       -120       -135     0.000 - 3.220    -0.633 - 6.941      0.207     1.3607    1.8514 
----------------------------------------------------------------------------------------------------------------------------------------------------
#===================================================================================#
#| [94m                         Objective Function Breakdown                          [0m |#
#| [94m  Target Name              Residual  x  Weight  =  Contribution (Current-Prev) [0m |#
#===================================================================================#
td_OpenFF_Gen_2_Torsion_Set_4_eMolecules_Discrepancy_2_100_C19H15NS4      1.85138      1.000 [92m     1.85138e+00[0m ( -7.866e-02 ) 
Regularization                 1.46622      1.000 [91m     1.46622e+00[0m ( +7.520e-02 ) 
Total                                             [92m     3.31760e+00[0m ( -3.460e-03 ) 
-------------------------------------------------------------------------------------
Backing up result/debug/test.offxml -> result/debug/test_134.offxml
#=====================================================================#
#|  The force field has been written to the result/debug directory.  |#
#|    Input file with optimization parameters saved to debug.sav.    |#
#=====================================================================#

  Step       |k|        |dk|       |grad|       -=X2=-     Delta(X2)    StepQual
     2   1.211e+00   3.146e-02   4.616e-03[92m   3.31760e+00[0m  -3.460e-03      1.000

#========================================================#
#| [94m                   Total Gradient                   [0m |#
#========================================================#
   0 [  4.61561547e-03 ] : ProperTorsions/Proper/k1/[*:1]~[#6X3:2]~!@[#6X3:3]~[*:4]
----------------------------------------------------------
Convergence criterion reached for gradient norm (1.00e-01)
Convergence criterion reached for objective function (1.00e-01)
#========================================================#
#| [92m               [0m[1mOptimization Converged[0m               [0m |#
#| [92m           Final objective function value           [0m |#
#| [92m  Full:  3.317600e+00  Un-penalized:  1.851382e+00  [0m |#
#========================================================#
#========================================================#
#| [94m           Final optimization parameters:           [0m |#
#========================================================#
   0 [ -1.2109e+00 ] : ProperTorsions/Proper/k1/[*:1]~[#6X3:2]~!@[#6X3:3]~[*:4]
#========================================================#
#| [94m             Final physical parameters:             [0m |#
#========================================================#
   0 [  1.3684e+00 ] : ProperTorsions/Proper/k1/[*:1]~[#6X3:2]~!@[#6X3:3]~[*:4]
----------------------------------------------------------
Backing up result/debug/test.offxml -> result/debug/test_135.offxml
#=====================================================================#
#|  The force field has been written to the result/debug directory.  |#
#|    Input file with optimization parameters saved to debug.sav.    |#
#=====================================================================#
Wall time since calculation start: 88.6 seconds
#========================================================#
#| [1;44;93m               Calculation Finished.                [0m |#
#| [1;44;93m     ---==(  May the Force be with you!  )==---     [0m |#
#========================================================#
