Note: Failed to import the optional openff.evaluator package. 
Note: Failed to import the optional openff.recharge package.
#======================================================================#
#| [1m            Welcome to ForceBalance version 1.7.5! =D             [0m |#
#| [1m                 Force Field Optimization System                  [0m |#
#| [1m                                                                  [0m |#
#| [1m                             Authors:                             [0m |#
#| [1m                          Lee-Ping Wang                           [0m |#
#| [1m                  Yudong Qiu, Keri A. McKiernan                   [0m |#
#| [1m          Jeffrey R. Wagner, Hyesu Jang, Simon Boothroyd          [0m |#
#| [1m           Arthur Vigil, Erik G. Brandt, Johnny Israeli           [0m |#
#======================================================================#

                          [44m     [0m                                        
                       [44m        [0m      [43m     [0m                              
                    [44m        [0m   [44m  [0m    [43m         [0m                          
                 [44m       [0m    [44m      [0m      [43m         [0m                       
             [44m        [0m    [44m        [0m          [43m         [0m                    
          [44m        [0m    [44m        [0m                 [43m        [0m                 
       [44m        [0m    [44m       [0m                        [43m        [0m              
    [44m        [0m   [44m        [0m                              [43m         [0m          
   [44m      [0m   [44m        [0m               `.:+@@###@'          [43m         [0m       
    [44m [0m    [44m        [0m          ,;'+###############.             [43m     [0m       
      [44m        [0m         +################':`                    [43m [0m        
      [44m     [0m              `.,,...####+.                                  
                                ,#####      +##.               [44m   [0m   [44m   [0m
 [43m    [0m                            #####      ######             [44m   [0m   [44m   [0m
 [43m    [0m                ###'        ####'     :#####'             [44m   [0m   [44m   [0m
 [43m    [0m                :####@      ####.    ,####'               [44m   [0m   [44m   [0m
 [43m    [0m                 ######     ####    +###+                 [44m   [0m   [44m   [0m
 [43m    [0m                  #####     ####   ###;                   [44m   [0m   [44m   [0m
 [43m    [0m                   :##      ####  ++`                     [44m   [0m   [44m   [0m
 [43m    [0m                            ####``..:;+##############+`   [44m   [0m   [44m   [0m
 [43m    [0m             .,:;;'++##################################`  [44m   [0m   [44m   [0m
 [43m    [0m    `############################++++''';;;;;;;;;;;'';    [44m   [0m   [44m   [0m
 [43m    [0m      ,########':,.``       ####                          [44m   [0m   [44m   [0m
 [43m    [0m                            ####                          [44m   [0m   [44m   [0m
 [43m    [0m                            ####                          [44m   [0m   [44m   [0m
 [43m    [0m                            ####                          [44m   [0m   [44m   [0m
 [43m    [0m                            ####                          [44m   [0m   [44m   [0m
 [43m    [0m                            ####                          [44m   [0m   [44m   [0m
 [43m    [0m                            ####                          [44m   [0m   [44m   [0m
 [43m    [0m                            ####                          [44m   [0m   [44m   [0m
      [44m    [0m                       ####                                   
     [44m        [0m                    ####                                   
    [44m [0m    [44m       [0m                 ####                       [43m     [0m       
   [44m     [0m    [44m        [0m             ####                    [43m        [0m       
   [44m        [0m    [44m        [0m          ###                  [43m         [0m         
      [44m        [0m    [44m        [0m        +`               [43m        [0m             
          [44m        [0m   [44m        [0m                   [43m        [0m                
             [44m        [0m   [44m         [0m           [43m         [0m                   
                [44m        [0m    [44m       [0m      [43m         [0m                      
                   [44m        [0m    [44m   [0m    [43m        [0m                          
                      [44m        [0m       [43m      [0m                             
                          [44m      [0m      [43m  [0m                                
                             [44m  [0m                                         

Reading options from file: debug.in
#========================================================#
#| [95m  Options at their default values are not printed   [0m |#
#| [95m        Use 'verbose_options True' to Enable        [0m |#
#========================================================#
Reading force field from file: test.offxml
#=========================================================#
#| [92m Starting parameter indices, physical values and IDs [0m |#
#=========================================================#
   0 [  3.7901e+00 ] : ProperTorsions/Proper/k1/[*:1]~[#6X3:2]~!@[#6X3:3]~[*:4]
-----------------------------------------------------------
#=========================================================#
#| [91m Rescaling Factors by Type (Lower Takes Precedence): [0m |#
#=========================================================#
   ProperTorsions/Proper/k1             : 3.79011e+00
   Bonds/Bond/k                         : 1.00000e+01
   Bonds/Bond/length                    : 1.00000e-02
   Angles/Angle/k                       : 5.00000e+00
   Angles/Angle/angle                   : 1.00000e+00
   ProperTorsions/Proper/k              : 2.00000e+00
-----------------------------------------------------------
#========================================================#
#| [91m   Rescaling Types / Factors by Parameter Number:   [0m |#
#========================================================#
   0 [    ProperTorsions/Proper/k       : 2.00000e+00 ] : ProperTorsions/Proper/k1/[*:1]~[#6X3:2]~!@[#6X3:3]~[*:4]
----------------------------------------------------------
#========================================================#
#| [92m               Setup for force field                [0m |#
#========================================================#
fnms                      ['test.offxml'] 
priors                    OrderedDict([('Bonds/Bond/k', 10.0), ('Bonds/Bond/length', 0.01), ('Angles/Angle/k', 5.0), ('Angles/Angle/angle', 1.0), ('ProperTorsions/Proper/k', 2.0)]) 
----------------------------------------------------------
Backing up: debug.tmp/td_OpenFF_Gen_2_Torsion_Set_4_eMolecules_Discrepancy_2_102_C11ClH9N2O to: debug.bak/td_OpenFF_Gen_2_Torsion_Set_4_eMolecules_Discrepancy_2_102_C11ClH9N2O_0.tar.bz2
Referencing all energies to the snapshot 11 (minimum energy structure in QM)
#==============================================================================================#
#| [92m Setup for target td_OpenFF_Gen_2_Torsion_Set_4_eMolecules_Discrepancy_2_102_C11ClH9N2O : [0m |#
#==============================================================================================#
mol2                      ['input.mol2'] 
precision                 double 
platname                  Reference 
name                      td_OpenFF_Gen_2_Torsion_Set_4_eMolecules_Discrepancy_2_102_C11ClH9N2O 
type                      TORSIONPROFILE_SMIRNOFF 
h                         0.01 
tgtdir                    targets/td_OpenFF_Gen_2_Torsion_Set_4_eMolecules_Discrepancy_2_102_C11ClH9N2O 
writelevel                2 
attenuate                 True 
energy_upper              5.0 
------------------------------------------------------------------------------------------------
#========================================================#
#| [92m        SMIRNOFF Parameter Coverage Analysis        [0m |#
#========================================================#
Force field assignment data written to /Users/jessica/Documents/Grad_research/WBO_Torsions_ChayaPaper/release_1.3.0_2/fb-fit/fb-fit0/smirnoff_parameter_assignments.json
 idx Parameter                                                                                                   Count
----------------------------------------------------------------------------------------------------------------------
   0 ProperTorsions/Proper/k1/[*:1]~[#6X3:2]~!@[#6X3:3]~[*:4]                                             :         12
SNIRNOFF Parameter Coverage Analysis result: 1/1 parameters are covered.
----------------------------------------------------------------------------------------------------------------------
Using parabolic regularization (Gaussian prior) with strength 1.0e+00 (+), 0.0e+00 (x)
#========================================================#
#| [92m           Setup for objective function :           [0m |#
#========================================================#
penalty_additive          1.0 
normalize_weights         False 
----------------------------------------------------------
#========================================================#
#| [92m                Setup for optimizer                 [0m |#
#========================================================#
jobtype                   OPTIMIZE 
trust0                    -1.0 
eps                       0.01 
h                         0.01 
h0                        0.01 
convergence_objective     0.1 
convergence_step          0.01 
convergence_gradient      0.1 
input_file                debug.in 
criteria                  2 
----------------------------------------------------------
Calculation started at 2020-11-19 11:13 AM
#========================================================#
#| [1m                  Main Optimizer                    [0m |#
#| [1m  Newton-Raphson Method (Hessian Diagonal Search)   [0m |#
#| [1m                                                    [0m |#
#| [1m       [0mConvergence criteria (2 of 3 needed):        [0m |#
#| [1m          [0mObjective Function  : 1.000e-01           [0m |#
#| [1m          [0mNorm of Gradient    : 1.000e-01           [0m |#
#| [1m          [0mParameter step size : 1.000e-02           [0m |#
#========================================================#
#========================================================#
#|       Color Key for Objective Function -=X2=-        |#
#|  [1mBold[0m = Initial step                                 |#
#|  [92mGreen = Current lowest value of objective function[0m  |#
#|  [91mRed = Objective function rises, step rejected[0m       |#
#|  [0mNo color = Not at the lowest value                  |#
#========================================================#
#========================================================#
#| [94m     Iteration 0: Evaluating objective function     [0m |#
#| [94m        and derivatives through second order        [0m |#
#========================================================#

#==================================================================================================================================================#
#| [92m Torsion Profile: td_OpenFF_Gen_2_Torsion_Set_4_eMolecules_Discrepancy_2_102_C11ClH9N2O, Objective =  1.51018e+01, Units = kcal/mol, Angstrom [0m |#
#| [92m System                                             Min(QM)    Min(MM)      Range(QM)          Range(MM)    Max-RMSD   Ene-RMSE    Obj-Fn     [0m |#
#==================================================================================================================================================#
td_OpenFF_Gen_2_Torsion_Set_4_eMolecules_Discrepancy_2_102_C11ClH9N2O          0        180     0.000 - 5.679    -0.018 - 22.251     0.131     3.8861    15.1018 
----------------------------------------------------------------------------------------------------------------------------------------------------
#====================================================================#
#| [94m                  Objective Function Breakdown                  [0m |#
#| [94m  Target Name              Residual  x  Weight  =  Contribution [0m |#
#====================================================================#
td_OpenFF_Gen_2_Torsion_Set_4_eMolecules_Discrepancy_2_102_C11ClH9N2O     15.10177      1.000 [94m     1.51018e+01[0m 
Regularization                 0.00000      1.000 [94m     0.00000e+00[0m 
Total                                             [94m     1.51018e+01[0m 
----------------------------------------------------------------------

  Step       |k|        |dk|       |grad|       -=X2=-     Delta(X2)    StepQual
     0   0.000e+00   0.000e+00   3.490e+01[1m   1.51018e+01[0m   0.000e+00      0.000

#========================================================#
#| [94m                   Total Gradient                   [0m |#
#========================================================#
   0 [  3.48960675e+01 ] : ProperTorsions/Proper/k1/[*:1]~[#6X3:2]~!@[#6X3:3]~[*:4]
----------------------------------------------------------
Calculating nonlinear optimization step
Starting Hessian diagonal search with step size 7.9436e-01
Hessian diagonal search: H+0.0000*I, length 7.9436e-01, result -1.3801e+01
Hessian diagonal search: H+9.0000*I, length 6.5929e-01, result -1.3618e+01
Hessian diagonal search: H+23.5623*I, length 5.1704e-01, result -1.2388e+01
Hessian diagonal search: H+0.0000*I, length 7.9436e-01, result -1.3801e+01
Hessian diagonal search: H+3.4377*I, length 7.3671e-01, result -1.3844e+01
Hessian diagonal search: H+9.0000*I, length 6.5929e-01, result -1.3618e+01
Hessian diagonal search: H+1.1822*I, length 7.7354e-01, result -1.3838e+01
Hessian diagonal search: H+3.1884*I, length 7.4060e-01, result -1.3847e+01
Hessian diagonal search: H+2.3444*I, length 7.5411e-01, result -1.3851e+01
Hessian diagonal search: H+1.8539*I, length 7.6219e-01, result -1.3848e+01
Hessian diagonal search: H+2.4461*I, length 7.5246e-01, result -1.3851e+01
Hessian diagonal search: H+2.4925*I, length 7.5171e-01, result -1.3851e+01
Hessian diagonal search: H+2.4813*I, length 7.5189e-01, result -1.3851e+01
Hessian diagonal search: H+2.4808*I, length 7.5190e-01, result -1.3851e+01
Hessian diagonal search: H+2.4853*I, length 7.5182e-01, result -1.3851e+01
Hessian diagonal search: H+2.4829*I, length 7.5186e-01, result -1.3851e+01
Hessian diagonal search: H+2.4823*I, length 7.5187e-01, result -1.3851e+01
Hessian diagonal search: H+2.4830*I, length 7.5186e-01, result -1.3851e+01
Hessian diagonal search: H+2.4826*I, length 7.5187e-01, result -1.3851e+01
Optimization step found (length 7.5186e-01)
#========================================================#
#| [95m  Mathematical Parameters (Current + Step = Next)   [0m |#
#========================================================#
   0 [  0.0000e+00 - 7.5186e-01 = -7.5186e-01 ] : ProperTorsions/Proper/k1/[*:1]~[#6X3:2]~!@[#6X3:3]~[*:4]
----------------------------------------------------------
#========================================================#
#| [95m    Physical Parameters (Current + Step = Next)     [0m |#
#========================================================#
   0 [  3.7901e+00 - 1.5037e+00 =  2.2864e+00 ] : ProperTorsions/Proper/k1/[*:1]~[#6X3:2]~!@[#6X3:3]~[*:4]
----------------------------------------------------------
Backing up debug.sav -> debug.bak/debug_72.sav
Input file with saved parameters: debug.sav
#========================================================#
#| [94m     Iteration 1: Evaluating objective function     [0m |#
#| [94m        and derivatives through second order        [0m |#
#========================================================#

#==================================================================================================================================================#
#| [92m Torsion Profile: td_OpenFF_Gen_2_Torsion_Set_4_eMolecules_Discrepancy_2_102_C11ClH9N2O, Objective =  6.85731e-01, Units = kcal/mol, Angstrom [0m |#
#| [92m System                                             Min(QM)    Min(MM)      Range(QM)          Range(MM)    Max-RMSD   Ene-RMSE    Obj-Fn     [0m |#
#==================================================================================================================================================#
td_OpenFF_Gen_2_Torsion_Set_4_eMolecules_Discrepancy_2_102_C11ClH9N2O          0         15     0.000 - 5.679    -0.456 - 10.229     0.112     0.8281    0.6857 
----------------------------------------------------------------------------------------------------------------------------------------------------
#===================================================================================#
#| [94m                         Objective Function Breakdown                          [0m |#
#| [94m  Target Name              Residual  x  Weight  =  Contribution (Current-Prev) [0m |#
#===================================================================================#
td_OpenFF_Gen_2_Torsion_Set_4_eMolecules_Discrepancy_2_102_C11ClH9N2O      0.68573      1.000 [92m     6.85731e-01[0m ( -1.442e+01 ) 
Regularization                 0.56530      1.000 [91m     5.65296e-01[0m ( +5.653e-01 ) 
Total                                             [92m     1.25103e+00[0m ( -1.385e+01 ) 
-------------------------------------------------------------------------------------
Backing up result/debug/test.offxml -> result/debug/test_158.offxml
#=====================================================================#
#|  The force field has been written to the result/debug directory.  |#
#|    Input file with optimization parameters saved to debug.sav.    |#
#=====================================================================#

  Step       |k|        |dk|       |grad|       -=X2=-     Delta(X2)    StepQual
     1   7.519e-01   7.519e-01   1.365e-03[92m   1.25103e+00[0m  -1.385e+01      1.000

#========================================================#
#| [94m                   Total Gradient                   [0m |#
#========================================================#
   0 [  1.36483591e-03 ] : ProperTorsions/Proper/k1/[*:1]~[#6X3:2]~!@[#6X3:3]~[*:4]
----------------------------------------------------------
Convergence criterion reached for gradient norm (1.00e-01)
Calculating nonlinear optimization step
Starting Hessian diagonal search with step size 2.4782e-05
Hessian diagonal search: H+0.0000*I, length 2.4782e-05, result  1.8339e-07
Hessian diagonal search: H+9.0000*I, length 2.1301e-05, result  1.8397e-07
Hessian diagonal search: H+23.5623*I, length 1.7356e-05, result  1.0971e-07
Hessian diagonal search: H+161.4985*I, length 6.3020e-06, result  1.0523e-07
Hessian diagonal search: H+81.5288*I, length 9.9913e-06, result  1.3933e-07
Hessian diagonal search: H+23.5623*I, length 1.7356e-05, result  1.0971e-07
Hessian diagonal search: H+9.0000*I, length 2.1301e-05, result  2.1393e-07
Hessian diagonal search: H+41.5883*I, length 1.4120e-05, result  2.3275e-08
Hessian diagonal search: H+55.2723*I, length 1.2369e-05, result  7.3406e-08
Hessian diagonal search: H+39.9058*I, length 1.4370e-05, result  5.7707e-08
Hessian diagonal search: H+46.9317*I, length 1.3380e-05, result  1.5164e-07
Hessian diagonal search: H+43.5912*I, length 1.3833e-05, result  2.3831e-07
Hessian diagonal search: H+42.3478*I, length 1.4010e-05, result  1.3052e-07
Hessian diagonal search: H+40.9415*I, length 1.4215e-05, result  1.8795e-07
Hessian diagonal search: H+41.8776*I, length 1.4077e-05, result  8.4791e-08
Hessian diagonal search: H+41.3406*I, length 1.4156e-05, result  1.1460e-07
Hessian diagonal search: H+41.6987*I, length 1.4104e-05, result  1.2429e-07
Hessian diagonal search: H+41.4936*I, length 1.4133e-05, result  1.2518e-07
Hessian diagonal search: H+41.6304*I, length 1.4113e-05, result  4.6416e-09
Hessian diagonal search: H+41.6565*I, length 1.4110e-05, result  7.9861e-08
Hessian diagonal search: H+41.6143*I, length 1.4116e-05, result  1.9696e-07
Hessian diagonal search: H+41.6404*I, length 1.4112e-05, result  8.0123e-08
Hessian diagonal search: H+41.6234*I, length 1.4114e-05, result  7.6644e-08
Restarting search with step size 2.4782e-05
Hessian diagonal search: H+0.0000*I, length 2.4782e-05, result  1.8339e-07
Hessian diagonal search: H+9.0000*I, length 2.1301e-05, result  1.6132e-07
Hessian diagonal search: H+61.6868*I, length 1.1689e-05, result  1.6791e-07
Hessian diagonal search: H+9.0000*I, length 2.1301e-05, result  1.6132e-07
Hessian diagonal search: H+23.5622*I, length 1.7356e-05, result  1.0390e-07
Hessian diagonal search: H+35.9999*I, length 1.4986e-05, result  1.8628e-07
Hessian diagonal search: H+19.1726*I, length 1.8382e-05, result  8.6398e-08
Hessian diagonal search: H+17.9942*I, length 1.8679e-05, result  1.9614e-07
Hessian diagonal search: H+19.1773*I, length 1.8381e-05, result  1.6565e-07
Hessian diagonal search: H+18.7181*I, length 1.8496e-05, result  1.6944e-07
Hessian diagonal search: H+18.9984*I, length 1.8426e-05, result  1.5280e-07
Hessian diagonal search: H+19.1060*I, length 1.8399e-05, result  1.7201e-07
Hessian diagonal search: H+19.1471*I, length 1.8389e-05, result  1.6380e-07
Hessian diagonal search: H+19.1629*I, length 1.8385e-05, result  1.7354e-07
Hessian diagonal search: H+19.1679*I, length 1.8384e-05, result  1.2165e-07
Optimization step found (length 1.8382e-05)
Convergence criterion reached in step size (1.00e-02)
#========================================================#
#| [92m               [0m[1mOptimization Converged[0m               [0m |#
#| [92m           Final objective function value           [0m |#
#| [92m  Full:  1.251027e+00  Un-penalized:  6.857305e-01  [0m |#
#========================================================#
#========================================================#
#| [94m           Final optimization parameters:           [0m |#
#========================================================#
   0 [ -7.5188e-01 ] : ProperTorsions/Proper/k1/[*:1]~[#6X3:2]~!@[#6X3:3]~[*:4]
#========================================================#
#| [94m             Final physical parameters:             [0m |#
#========================================================#
   0 [  2.2863e+00 ] : ProperTorsions/Proper/k1/[*:1]~[#6X3:2]~!@[#6X3:3]~[*:4]
----------------------------------------------------------
Backing up result/debug/test.offxml -> result/debug/test_159.offxml
#=====================================================================#
#|  The force field has been written to the result/debug directory.  |#
#|    Input file with optimization parameters saved to debug.sav.    |#
#=====================================================================#
Wall time since calculation start: 65.8 seconds
#========================================================#
#| [1;44;93m               Calculation Finished.                [0m |#
#| [1;44;93m     ---==(  May the Force be with you!  )==---     [0m |#
#========================================================#
