Note: Failed to import the optional openff.evaluator package. 
Note: Failed to import the optional openff.recharge package.
#======================================================================#
#| [1m            Welcome to ForceBalance version 1.7.5! =D             [0m |#
#| [1m                 Force Field Optimization System                  [0m |#
#| [1m                                                                  [0m |#
#| [1m                             Authors:                             [0m |#
#| [1m                          Lee-Ping Wang                           [0m |#
#| [1m                  Yudong Qiu, Keri A. McKiernan                   [0m |#
#| [1m          Jeffrey R. Wagner, Hyesu Jang, Simon Boothroyd          [0m |#
#| [1m           Arthur Vigil, Erik G. Brandt, Johnny Israeli           [0m |#
#======================================================================#

                          [44m     [0m                                        
                       [44m        [0m      [43m     [0m                              
                    [44m        [0m   [44m  [0m    [43m         [0m                          
                 [44m       [0m    [44m      [0m      [43m         [0m                       
             [44m        [0m    [44m        [0m          [43m         [0m                    
          [44m        [0m    [44m        [0m                 [43m        [0m                 
       [44m        [0m    [44m       [0m                        [43m        [0m              
    [44m        [0m   [44m        [0m                              [43m         [0m          
   [44m      [0m   [44m        [0m               `.:+@@###@'          [43m         [0m       
    [44m [0m    [44m        [0m          ,;'+###############.             [43m     [0m       
      [44m        [0m         +################':`                    [43m [0m        
      [44m     [0m              `.,,...####+.                                  
                                ,#####      +##.               [44m   [0m   [44m   [0m
 [43m    [0m                            #####      ######             [44m   [0m   [44m   [0m
 [43m    [0m                ###'        ####'     :#####'             [44m   [0m   [44m   [0m
 [43m    [0m                :####@      ####.    ,####'               [44m   [0m   [44m   [0m
 [43m    [0m                 ######     ####    +###+                 [44m   [0m   [44m   [0m
 [43m    [0m                  #####     ####   ###;                   [44m   [0m   [44m   [0m
 [43m    [0m                   :##      ####  ++`                     [44m   [0m   [44m   [0m
 [43m    [0m                            ####``..:;+##############+`   [44m   [0m   [44m   [0m
 [43m    [0m             .,:;;'++##################################`  [44m   [0m   [44m   [0m
 [43m    [0m    `############################++++''';;;;;;;;;;;'';    [44m   [0m   [44m   [0m
 [43m    [0m      ,########':,.``       ####                          [44m   [0m   [44m   [0m
 [43m    [0m                            ####                          [44m   [0m   [44m   [0m
 [43m    [0m                            ####                          [44m   [0m   [44m   [0m
 [43m    [0m                            ####                          [44m   [0m   [44m   [0m
 [43m    [0m                            ####                          [44m   [0m   [44m   [0m
 [43m    [0m                            ####                          [44m   [0m   [44m   [0m
 [43m    [0m                            ####                          [44m   [0m   [44m   [0m
 [43m    [0m                            ####                          [44m   [0m   [44m   [0m
      [44m    [0m                       ####                                   
     [44m        [0m                    ####                                   
    [44m [0m    [44m       [0m                 ####                       [43m     [0m       
   [44m     [0m    [44m        [0m             ####                    [43m        [0m       
   [44m        [0m    [44m        [0m          ###                  [43m         [0m         
      [44m        [0m    [44m        [0m        +`               [43m        [0m             
          [44m        [0m   [44m        [0m                   [43m        [0m                
             [44m        [0m   [44m         [0m           [43m         [0m                   
                [44m        [0m    [44m       [0m      [43m         [0m                      
                   [44m        [0m    [44m   [0m    [43m        [0m                          
                      [44m        [0m       [43m      [0m                             
                          [44m      [0m      [43m  [0m                                
                             [44m  [0m                                         

Reading options from file: debug.in
#========================================================#
#| [95m  Options at their default values are not printed   [0m |#
#| [95m        Use 'verbose_options True' to Enable        [0m |#
#========================================================#
Reading force field from file: test.offxml
#=========================================================#
#| [92m Starting parameter indices, physical values and IDs [0m |#
#=========================================================#
   0 [  3.7901e+00 ] : ProperTorsions/Proper/k1/[*:1]~[#6X3:2]~!@[#6X3:3]~[*:4]
-----------------------------------------------------------
#=========================================================#
#| [91m Rescaling Factors by Type (Lower Takes Precedence): [0m |#
#=========================================================#
   ProperTorsions/Proper/k1             : 3.79011e+00
   Bonds/Bond/k                         : 1.00000e+01
   Bonds/Bond/length                    : 1.00000e-02
   Angles/Angle/k                       : 5.00000e+00
   Angles/Angle/angle                   : 1.00000e+00
   ProperTorsions/Proper/k              : 2.00000e+00
-----------------------------------------------------------
#========================================================#
#| [91m   Rescaling Types / Factors by Parameter Number:   [0m |#
#========================================================#
   0 [    ProperTorsions/Proper/k       : 2.00000e+00 ] : ProperTorsions/Proper/k1/[*:1]~[#6X3:2]~!@[#6X3:3]~[*:4]
----------------------------------------------------------
#========================================================#
#| [92m               Setup for force field                [0m |#
#========================================================#
fnms                      ['test.offxml'] 
priors                    OrderedDict([('Bonds/Bond/k', 10.0), ('Bonds/Bond/length', 0.01), ('Angles/Angle/k', 5.0), ('Angles/Angle/angle', 1.0), ('ProperTorsions/Proper/k', 2.0)]) 
----------------------------------------------------------
Backing up: debug.tmp/td_OpenFF_Gen_2_Torsion_Set_1_Roche_2_085_C12H15NO to: debug.bak/td_OpenFF_Gen_2_Torsion_Set_1_Roche_2_085_C12H15NO_0.tar.bz2
Referencing all energies to the snapshot 8 (minimum energy structure in QM)
#===========================================================================#
#| [92m Setup for target td_OpenFF_Gen_2_Torsion_Set_1_Roche_2_085_C12H15NO : [0m |#
#===========================================================================#
mol2                      ['input.mol2'] 
precision                 double 
platname                  Reference 
name                      td_OpenFF_Gen_2_Torsion_Set_1_Roche_2_085_C12H15NO 
type                      TORSIONPROFILE_SMIRNOFF 
h                         0.01 
tgtdir                    targets/td_OpenFF_Gen_2_Torsion_Set_1_Roche_2_085_C12H15NO 
writelevel                2 
attenuate                 True 
energy_upper              5.0 
-----------------------------------------------------------------------------
#========================================================#
#| [92m        SMIRNOFF Parameter Coverage Analysis        [0m |#
#========================================================#
Force field assignment data written to /Users/jessica/Documents/Grad_research/WBO_Torsions_ChayaPaper/release_1.3.0_2/fb-fit/fb-fit0/smirnoff_parameter_assignments.json
 idx Parameter                                                                                                   Count
----------------------------------------------------------------------------------------------------------------------
   0 ProperTorsions/Proper/k1/[*:1]~[#6X3:2]~!@[#6X3:3]~[*:4]                                             :          4
SNIRNOFF Parameter Coverage Analysis result: 1/1 parameters are covered.
----------------------------------------------------------------------------------------------------------------------
Using parabolic regularization (Gaussian prior) with strength 1.0e+00 (+), 0.0e+00 (x)
#========================================================#
#| [92m           Setup for objective function :           [0m |#
#========================================================#
penalty_additive          1.0 
normalize_weights         False 
----------------------------------------------------------
#========================================================#
#| [92m                Setup for optimizer                 [0m |#
#========================================================#
jobtype                   OPTIMIZE 
trust0                    -1.0 
eps                       0.01 
h                         0.01 
h0                        0.01 
convergence_objective     0.1 
convergence_step          0.01 
convergence_gradient      0.1 
input_file                debug.in 
criteria                  2 
----------------------------------------------------------
Calculation started at 2020-11-19 10:59 AM
#========================================================#
#| [1m                  Main Optimizer                    [0m |#
#| [1m  Newton-Raphson Method (Hessian Diagonal Search)   [0m |#
#| [1m                                                    [0m |#
#| [1m       [0mConvergence criteria (2 of 3 needed):        [0m |#
#| [1m          [0mObjective Function  : 1.000e-01           [0m |#
#| [1m          [0mNorm of Gradient    : 1.000e-01           [0m |#
#| [1m          [0mParameter step size : 1.000e-02           [0m |#
#========================================================#
#========================================================#
#|       Color Key for Objective Function -=X2=-        |#
#|  [1mBold[0m = Initial step                                 |#
#|  [92mGreen = Current lowest value of objective function[0m  |#
#|  [91mRed = Objective function rises, step rejected[0m       |#
#|  [0mNo color = Not at the lowest value                  |#
#========================================================#
#========================================================#
#| [94m     Iteration 0: Evaluating objective function     [0m |#
#| [94m        and derivatives through second order        [0m |#
#========================================================#

#==================================================================================================================================================#
#| [92m          Torsion Profile: td_OpenFF_Gen_2_Torsion_Set_1_Roche_2_085_C12H15NO, Objective =  5.46747e+01, Units = kcal/mol, Angstrom           [0m |#
#| [92m System                                             Min(QM)    Min(MM)      Range(QM)          Range(MM)    Max-RMSD   Ene-RMSE    Obj-Fn     [0m |#
#==================================================================================================================================================#
td_OpenFF_Gen_2_Torsion_Set_1_Roche_2_085_C12H15NO        -45        -15     0.000 - 4.315    -5.714 - 15.006     0.134     7.3942    54.6747 
----------------------------------------------------------------------------------------------------------------------------------------------------
#====================================================================#
#| [94m                  Objective Function Breakdown                  [0m |#
#| [94m  Target Name              Residual  x  Weight  =  Contribution [0m |#
#====================================================================#
td_OpenFF_Gen_2_Torsion_Set_1_Roche_2_085_C12H15NO     54.67473      1.000 [94m     5.46747e+01[0m 
Regularization                 0.00000      1.000 [94m     0.00000e+00[0m 
Total                                             [94m     5.46747e+01[0m 
----------------------------------------------------------------------

  Step       |k|        |dk|       |grad|       -=X2=-     Delta(X2)    StepQual
     0   0.000e+00   0.000e+00   7.238e+01[1m   5.46747e+01[0m   0.000e+00      0.000

#========================================================#
#| [94m                   Total Gradient                   [0m |#
#========================================================#
   0 [  7.23753436e+01 ] : ProperTorsions/Proper/k1/[*:1]~[#6X3:2]~!@[#6X3:3]~[*:4]
----------------------------------------------------------
Calculating nonlinear optimization step
Finding trust radius: H+0.0000*I, length 1.4363e+00 (target 1.0000e+00)
Finding trust radius: H+9.0000*I, length 1.2186e+00 (target 1.0000e+00)
Finding trust radius: H+61.6869*I, length 6.4576e-01 (target 1.0000e+00)
Finding trust radius: H+9.0000*I, length 1.2186e+00 (target 1.0000e+00)
Finding trust radius: H+23.5623*I, length 9.7867e-01 (target 1.0000e+00)
Finding trust radius: H+36.0000*I, length 8.3777e-01 (target 1.0000e+00)
Finding trust radius: H+22.3092*I, length 9.9554e-01 (target 1.0000e+00)
Finding trust radius: H+21.8870*I, length 1.0014e+00 (target 1.0000e+00)
Finding trust radius: H+21.9838*I, length 1.0000e+00 (target 1.0000e+00)
Finding trust radius: H+21.9891*I, length 9.9994e-01 (target 1.0000e+00)
Finding trust radius: H+21.9784*I, length 1.0001e+00 (target 1.0000e+00)
Starting Hessian diagonal search with step size 1.0000e+00
Hessian diagonal search: H+21.9838*I, length 1.0000e+00, result -4.8153e+01
Hessian diagonal search: H+473.2689*I, length 1.3821e-01, result -9.5922e+00
Hessian diagonal search: H+525.5454*I, length 1.2567e-01, result -8.7565e+00
Hessian diagonal search: H+21.9838*I, length 1.0000e+00, result -4.8153e+01
Hessian diagonal search: H+34.3246*I, length 8.5434e-01, result -4.4378e+01
Hessian diagonal search: H+125.6045*I, length 4.1123e-01, result -2.5921e+01
Hessian diagonal search: H+0.0508*I, length 1.4348e+00, result -5.2554e+01
Hessian diagonal search: H+0.0507*I, length 1.4348e+00, result -5.2554e+01
Hessian diagonal search: H+0.0717*I, length 1.4342e+00, result -5.2555e+01
Hessian diagonal search: H+3.8273*I, length 1.3349e+00, result -5.2440e+01
Hessian diagonal search: H+0.8330*I, length 1.4129e+00, result -5.2573e+01
Hessian diagonal search: H+1.7196*I, length 1.3889e+00, result -5.2566e+01
Hessian diagonal search: H+0.8337*I, length 1.4129e+00, result -5.2573e+01
Hessian diagonal search: H+1.0166*I, length 1.4079e+00, result -5.2574e+01
Hessian diagonal search: H+1.2634*I, length 1.4012e+00, result -5.2574e+01
Hessian diagonal search: H+1.0529*I, length 1.4069e+00, result -5.2574e+01
Hessian diagonal search: H+1.0607*I, length 1.4067e+00, result -5.2574e+01
Hessian diagonal search: H+1.0629*I, length 1.4066e+00, result -5.2574e+01
Hessian diagonal search: H+1.0636*I, length 1.4066e+00, result -5.2574e+01
Hessian diagonal search: H+1.0621*I, length 1.4066e+00, result -5.2574e+01
Optimization step found (length 1.4066e+00)
#========================================================#
#| [95m  Mathematical Parameters (Current + Step = Next)   [0m |#
#========================================================#
   0 [  0.0000e+00 - 1.4066e+00 = -1.4066e+00 ] : ProperTorsions/Proper/k1/[*:1]~[#6X3:2]~!@[#6X3:3]~[*:4]
----------------------------------------------------------
#========================================================#
#| [95m    Physical Parameters (Current + Step = Next)     [0m |#
#========================================================#
   0 [  3.7901e+00 - 2.8132e+00 =  9.7688e-01 ] : ProperTorsions/Proper/k1/[*:1]~[#6X3:2]~!@[#6X3:3]~[*:4]
----------------------------------------------------------
Backing up debug.sav -> debug.bak/debug_60.sav
Input file with saved parameters: debug.sav
#========================================================#
#| [94m     Iteration 1: Evaluating objective function     [0m |#
#| [94m        and derivatives through second order        [0m |#
#========================================================#

#==================================================================================================================================================#
#| [92m          Torsion Profile: td_OpenFF_Gen_2_Torsion_Set_1_Roche_2_085_C12H15NO, Objective =  1.21776e-01, Units = kcal/mol, Angstrom           [0m |#
#| [92m System                                             Min(QM)    Min(MM)      Range(QM)          Range(MM)    Max-RMSD   Ene-RMSE    Obj-Fn     [0m |#
#==================================================================================================================================================#
td_OpenFF_Gen_2_Torsion_Set_1_Roche_2_085_C12H15NO        -45        -45     0.000 - 4.315     0.000 - 3.712      0.091     0.3490    0.1218 
----------------------------------------------------------------------------------------------------------------------------------------------------
#===================================================================================#
#| [94m                         Objective Function Breakdown                          [0m |#
#| [94m  Target Name              Residual  x  Weight  =  Contribution (Current-Prev) [0m |#
#===================================================================================#
td_OpenFF_Gen_2_Torsion_Set_1_Roche_2_085_C12H15NO      0.12178      1.000 [92m     1.21776e-01[0m ( -5.455e+01 ) 
Regularization                 1.97856      1.000 [91m     1.97856e+00[0m ( +1.979e+00 ) 
Total                                             [92m     2.10034e+00[0m ( -5.257e+01 ) 
-------------------------------------------------------------------------------------
Backing up result/debug/test.offxml -> result/debug/test_131.offxml
#=====================================================================#
#|  The force field has been written to the result/debug directory.  |#
#|    Input file with optimization parameters saved to debug.sav.    |#
#=====================================================================#

  Step       |k|        |dk|       |grad|       -=X2=-     Delta(X2)    StepQual
     1   1.407e+00   1.407e+00   1.783e-06[92m   2.10034e+00[0m  -5.257e+01      1.000

#========================================================#
#| [94m                   Total Gradient                   [0m |#
#========================================================#
   0 [ -1.78261621e-06 ] : ProperTorsions/Proper/k1/[*:1]~[#6X3:2]~!@[#6X3:3]~[*:4]
----------------------------------------------------------
Convergence criterion reached for gradient norm (1.00e-01)
Calculating nonlinear optimization step
Starting Hessian diagonal search with step size 3.4533e-08
Hessian diagonal search: H+0.0000*I, length 3.4533e-08, result  3.1658e-08
Hessian diagonal search: H+9.0000*I, length 2.9406e-08, result -1.3094e-08
Hessian diagonal search: H+61.6869*I, length 1.5733e-08, result  1.2657e-07
Hessian diagonal search: H+9.0000*I, length 2.9406e-08, result -1.3094e-08
Hessian diagonal search: H+23.5623*I, length 2.3710e-08, result  1.9503e-08
Hessian diagonal search: H+3.4377*I, length 3.2377e-08, result  6.2512e-08
Hessian diagonal search: H+13.0426*I, length 2.7568e-08, result  6.7785e-08
Hessian diagonal search: H+6.5654*I, length 3.0637e-08, result  7.2924e-08
Hessian diagonal search: H+10.4559*I, length 2.8717e-08, result  1.9660e-08
Hessian diagonal search: H+8.0248*I, length 2.9887e-08, result -5.9655e-08
Hessian diagonal search: H+7.4501*I, length 3.0178e-08, result -5.3796e-08
Hessian diagonal search: H+7.8626*I, length 2.9969e-08, result  3.1308e-09
Hessian diagonal search: H+8.3907*I, length 2.9705e-08, result  1.1653e-07
Hessian diagonal search: H+8.1636*I, length 2.9818e-08, result  3.6946e-08
Hessian diagonal search: H+7.9627*I, length 2.9918e-08, result  7.1413e-08
Hessian diagonal search: H+8.0777*I, length 2.9861e-08, result  8.2259e-09
Hessian diagonal search: H+8.0011*I, length 2.9899e-08, result  2.7518e-08
Hessian diagonal search: H+8.0450*I, length 2.9877e-08, result  4.7683e-10
Hessian diagonal search: H+8.0158*I, length 2.9892e-08, result  1.5125e-07
Hessian diagonal search: H+8.0325*I, length 2.9883e-08, result -7.9193e-09
Hessian diagonal search: H+8.0214*I, length 2.9889e-08, result  6.4349e-08
Hessian diagonal search: H+8.0278*I, length 2.9886e-08, result -1.1694e-08
Optimization step found (length 2.9887e-08)
Convergence criterion reached in step size (1.00e-02)
#========================================================#
#| [92m               [0m[1mOptimization Converged[0m               [0m |#
#| [92m           Final objective function value           [0m |#
#| [92m  Full:  2.100339e+00  Un-penalized:  1.217765e-01  [0m |#
#========================================================#
#========================================================#
#| [94m           Final optimization parameters:           [0m |#
#========================================================#
   0 [ -1.4066e+00 ] : ProperTorsions/Proper/k1/[*:1]~[#6X3:2]~!@[#6X3:3]~[*:4]
#========================================================#
#| [94m             Final physical parameters:             [0m |#
#========================================================#
   0 [  9.7688e-01 ] : ProperTorsions/Proper/k1/[*:1]~[#6X3:2]~!@[#6X3:3]~[*:4]
----------------------------------------------------------
Backing up result/debug/test.offxml -> result/debug/test_132.offxml
#=====================================================================#
#|  The force field has been written to the result/debug directory.  |#
#|    Input file with optimization parameters saved to debug.sav.    |#
#=====================================================================#
Wall time since calculation start: 65.7 seconds
#========================================================#
#| [1;44;93m               Calculation Finished.                [0m |#
#| [1;44;93m     ---==(  May the Force be with you!  )==---     [0m |#
#========================================================#
