Note: Failed to import the optional openff.evaluator package. 
Note: Failed to import the optional openff.recharge package.
#======================================================================#
#| [1m            Welcome to ForceBalance version 1.7.5! =D             [0m |#
#| [1m                 Force Field Optimization System                  [0m |#
#| [1m                                                                  [0m |#
#| [1m                             Authors:                             [0m |#
#| [1m                          Lee-Ping Wang                           [0m |#
#| [1m                  Yudong Qiu, Keri A. McKiernan                   [0m |#
#| [1m          Jeffrey R. Wagner, Hyesu Jang, Simon Boothroyd          [0m |#
#| [1m           Arthur Vigil, Erik G. Brandt, Johnny Israeli           [0m |#
#======================================================================#

                          [44m     [0m                                        
                       [44m        [0m      [43m     [0m                              
                    [44m        [0m   [44m  [0m    [43m         [0m                          
                 [44m       [0m    [44m      [0m      [43m         [0m                       
             [44m        [0m    [44m        [0m          [43m         [0m                    
          [44m        [0m    [44m        [0m                 [43m        [0m                 
       [44m        [0m    [44m       [0m                        [43m        [0m              
    [44m        [0m   [44m        [0m                              [43m         [0m          
   [44m      [0m   [44m        [0m               `.:+@@###@'          [43m         [0m       
    [44m [0m    [44m        [0m          ,;'+###############.             [43m     [0m       
      [44m        [0m         +################':`                    [43m [0m        
      [44m     [0m              `.,,...####+.                                  
                                ,#####      +##.               [44m   [0m   [44m   [0m
 [43m    [0m                            #####      ######             [44m   [0m   [44m   [0m
 [43m    [0m                ###'        ####'     :#####'             [44m   [0m   [44m   [0m
 [43m    [0m                :####@      ####.    ,####'               [44m   [0m   [44m   [0m
 [43m    [0m                 ######     ####    +###+                 [44m   [0m   [44m   [0m
 [43m    [0m                  #####     ####   ###;                   [44m   [0m   [44m   [0m
 [43m    [0m                   :##      ####  ++`                     [44m   [0m   [44m   [0m
 [43m    [0m                            ####``..:;+##############+`   [44m   [0m   [44m   [0m
 [43m    [0m             .,:;;'++##################################`  [44m   [0m   [44m   [0m
 [43m    [0m    `############################++++''';;;;;;;;;;;'';    [44m   [0m   [44m   [0m
 [43m    [0m      ,########':,.``       ####                          [44m   [0m   [44m   [0m
 [43m    [0m                            ####                          [44m   [0m   [44m   [0m
 [43m    [0m                            ####                          [44m   [0m   [44m   [0m
 [43m    [0m                            ####                          [44m   [0m   [44m   [0m
 [43m    [0m                            ####                          [44m   [0m   [44m   [0m
 [43m    [0m                            ####                          [44m   [0m   [44m   [0m
 [43m    [0m                            ####                          [44m   [0m   [44m   [0m
 [43m    [0m                            ####                          [44m   [0m   [44m   [0m
      [44m    [0m                       ####                                   
     [44m        [0m                    ####                                   
    [44m [0m    [44m       [0m                 ####                       [43m     [0m       
   [44m     [0m    [44m        [0m             ####                    [43m        [0m       
   [44m        [0m    [44m        [0m          ###                  [43m         [0m         
      [44m        [0m    [44m        [0m        +`               [43m        [0m             
          [44m        [0m   [44m        [0m                   [43m        [0m                
             [44m        [0m   [44m         [0m           [43m         [0m                   
                [44m        [0m    [44m       [0m      [43m         [0m                      
                   [44m        [0m    [44m   [0m    [43m        [0m                          
                      [44m        [0m       [43m      [0m                             
                          [44m      [0m      [43m  [0m                                
                             [44m  [0m                                         

Reading options from file: debug.in
#========================================================#
#| [95m  Options at their default values are not printed   [0m |#
#| [95m        Use 'verbose_options True' to Enable        [0m |#
#========================================================#
Reading force field from file: test.offxml
#=========================================================#
#| [92m Starting parameter indices, physical values and IDs [0m |#
#=========================================================#
   0 [  3.7901e+00 ] : ProperTorsions/Proper/k1/[*:1]~[#6X3:2]~!@[#6X3:3]~[*:4]
-----------------------------------------------------------
#=========================================================#
#| [91m Rescaling Factors by Type (Lower Takes Precedence): [0m |#
#=========================================================#
   ProperTorsions/Proper/k1             : 3.79011e+00
   Bonds/Bond/k                         : 1.00000e+01
   Bonds/Bond/length                    : 1.00000e-02
   Angles/Angle/k                       : 5.00000e+00
   Angles/Angle/angle                   : 1.00000e+00
   ProperTorsions/Proper/k              : 2.00000e+00
-----------------------------------------------------------
#========================================================#
#| [91m   Rescaling Types / Factors by Parameter Number:   [0m |#
#========================================================#
   0 [    ProperTorsions/Proper/k       : 2.00000e+00 ] : ProperTorsions/Proper/k1/[*:1]~[#6X3:2]~!@[#6X3:3]~[*:4]
----------------------------------------------------------
#========================================================#
#| [92m               Setup for force field                [0m |#
#========================================================#
fnms                      ['test.offxml'] 
priors                    OrderedDict([('Bonds/Bond/k', 10.0), ('Bonds/Bond/length', 0.01), ('Angles/Angle/k', 5.0), ('Angles/Angle/angle', 1.0), ('ProperTorsions/Proper/k', 2.0)]) 
----------------------------------------------------------
Backing up: debug.tmp/td_OpenFF_Gen_2_Torsion_Set_5_Bayer_2_077_C24FH22NO4 to: debug.bak/td_OpenFF_Gen_2_Torsion_Set_5_Bayer_2_077_C24FH22NO4_0.tar.bz2
Referencing all energies to the snapshot 11 (minimum energy structure in QM)
#=============================================================================#
#| [92m Setup for target td_OpenFF_Gen_2_Torsion_Set_5_Bayer_2_077_C24FH22NO4 : [0m |#
#=============================================================================#
mol2                      ['input.mol2'] 
precision                 double 
platname                  Reference 
name                      td_OpenFF_Gen_2_Torsion_Set_5_Bayer_2_077_C24FH22NO4 
type                      TORSIONPROFILE_SMIRNOFF 
h                         0.01 
tgtdir                    targets/td_OpenFF_Gen_2_Torsion_Set_5_Bayer_2_077_C24FH22NO4 
writelevel                2 
attenuate                 True 
energy_upper              5.0 
-------------------------------------------------------------------------------
#========================================================#
#| [92m        SMIRNOFF Parameter Coverage Analysis        [0m |#
#========================================================#
Force field assignment data written to /Users/jessica/Documents/Grad_research/WBO_Torsions_ChayaPaper/release_1.3.0_2/fb-fit/fb-fit0/smirnoff_parameter_assignments.json
 idx Parameter                                                                                                   Count
----------------------------------------------------------------------------------------------------------------------
   0 ProperTorsions/Proper/k1/[*:1]~[#6X3:2]~!@[#6X3:3]~[*:4]                                             :          4
SNIRNOFF Parameter Coverage Analysis result: 1/1 parameters are covered.
----------------------------------------------------------------------------------------------------------------------
Using parabolic regularization (Gaussian prior) with strength 1.0e+00 (+), 0.0e+00 (x)
#========================================================#
#| [92m           Setup for objective function :           [0m |#
#========================================================#
penalty_additive          1.0 
normalize_weights         False 
----------------------------------------------------------
#========================================================#
#| [92m                Setup for optimizer                 [0m |#
#========================================================#
jobtype                   OPTIMIZE 
trust0                    -1.0 
eps                       0.01 
h                         0.01 
h0                        0.01 
convergence_objective     0.1 
convergence_step          0.01 
convergence_gradient      0.1 
input_file                debug.in 
criteria                  2 
----------------------------------------------------------
Calculation started at 2020-11-18 03:09 PM
#========================================================#
#| [1m                  Main Optimizer                    [0m |#
#| [1m  Newton-Raphson Method (Hessian Diagonal Search)   [0m |#
#| [1m                                                    [0m |#
#| [1m       [0mConvergence criteria (2 of 3 needed):        [0m |#
#| [1m          [0mObjective Function  : 1.000e-01           [0m |#
#| [1m          [0mNorm of Gradient    : 1.000e-01           [0m |#
#| [1m          [0mParameter step size : 1.000e-02           [0m |#
#========================================================#
#========================================================#
#|       Color Key for Objective Function -=X2=-        |#
#|  [1mBold[0m = Initial step                                 |#
#|  [92mGreen = Current lowest value of objective function[0m  |#
#|  [91mRed = Objective function rises, step rejected[0m       |#
#|  [0mNo color = Not at the lowest value                  |#
#========================================================#
#========================================================#
#| [94m     Iteration 0: Evaluating objective function     [0m |#
#| [94m        and derivatives through second order        [0m |#
#========================================================#

#==================================================================================================================================================#
#| [92m         Torsion Profile: td_OpenFF_Gen_2_Torsion_Set_5_Bayer_2_077_C24FH22NO4, Objective =  1.86024e+00, Units = kcal/mol, Angstrom          [0m |#
#| [92m System                                             Min(QM)    Min(MM)      Range(QM)          Range(MM)    Max-RMSD   Ene-RMSE    Obj-Fn     [0m |#
#==================================================================================================================================================#
td_OpenFF_Gen_2_Torsion_Set_5_Bayer_2_077_C24FH22NO4          0          0     0.000 - 16.135    0.000 - 35.572     0.136     1.3639    1.8602 
----------------------------------------------------------------------------------------------------------------------------------------------------
#====================================================================#
#| [94m                  Objective Function Breakdown                  [0m |#
#| [94m  Target Name              Residual  x  Weight  =  Contribution [0m |#
#====================================================================#
td_OpenFF_Gen_2_Torsion_Set_5_Bayer_2_077_C24FH22NO4      1.86024      1.000 [94m     1.86024e+00[0m 
Regularization                 0.00000      1.000 [94m     0.00000e+00[0m 
Total                                             [94m     1.86024e+00[0m 
----------------------------------------------------------------------

  Step       |k|        |dk|       |grad|       -=X2=-     Delta(X2)    StepQual
     0   0.000e+00   0.000e+00   2.815e+00[1m   1.86024e+00[0m   0.000e+00      0.000

#========================================================#
#| [94m                   Total Gradient                   [0m |#
#========================================================#
   0 [  2.81546026e+00 ] : ProperTorsions/Proper/k1/[*:1]~[#6X3:2]~!@[#6X3:3]~[*:4]
----------------------------------------------------------
Calculating nonlinear optimization step
Starting Hessian diagonal search with step size 6.7764e-01
Hessian diagonal search: H+0.0000*I, length 6.7764e-01, result -1.0014e+00
Hessian diagonal search: H+9.0000*I, length 2.1403e-01, result -5.1487e-01
Hessian diagonal search: H+23.5623*I, length 1.0158e-01, result -2.6636e-01
Hessian diagonal search: H+0.0000*I, length 6.7764e-01, result -1.0014e+00
Hessian diagonal search: H+3.4377*I, length 3.7082e-01, result -7.7823e-01
Hessian diagonal search: H+1.3131*I, length 5.1491e-01, result -9.3235e-01
Hessian diagonal search: H+0.0053*I, length 6.7678e-01, result -1.0013e+00
Hessian diagonal search: H+0.0008*I, length 6.7751e-01, result -1.0014e+00
Hessian diagonal search: H+0.0000*I, length 6.7764e-01, result -1.0014e+00
Hessian diagonal search: H+0.0001*I, length 6.7763e-01, result -1.0014e+00
Hessian diagonal search: H+0.0002*I, length 6.7760e-01, result -1.0014e+00
Hessian diagonal search: H+0.0000*I, length 6.7764e-01, result -1.0014e+00
Hessian diagonal search: H+0.0001*I, length 6.7763e-01, result -1.0014e+00
Hessian diagonal search: H+0.0000*I, length 6.7764e-01, result -1.0014e+00
Hessian diagonal search: H+0.0001*I, length 6.7763e-01, result -1.0014e+00
Hessian diagonal search: H+0.0001*I, length 6.7763e-01, result -1.0014e+00
Hessian diagonal search: H+0.0001*I, length 6.7763e-01, result -1.0014e+00
Hessian diagonal search: H+0.0001*I, length 6.7763e-01, result -1.0014e+00
Optimization step found (length 6.7763e-01)
#========================================================#
#| [95m  Mathematical Parameters (Current + Step = Next)   [0m |#
#========================================================#
   0 [  0.0000e+00 - 6.7763e-01 = -6.7763e-01 ] : ProperTorsions/Proper/k1/[*:1]~[#6X3:2]~!@[#6X3:3]~[*:4]
----------------------------------------------------------
#========================================================#
#| [95m    Physical Parameters (Current + Step = Next)     [0m |#
#========================================================#
   0 [  3.7901e+00 - 1.3553e+00 =  2.4348e+00 ] : ProperTorsions/Proper/k1/[*:1]~[#6X3:2]~!@[#6X3:3]~[*:4]
----------------------------------------------------------
Backing up debug.sav -> debug.bak/debug_2.sav
Input file with saved parameters: debug.sav
#========================================================#
#| [94m     Iteration 1: Evaluating objective function     [0m |#
#| [94m        and derivatives through second order        [0m |#
#========================================================#

#==================================================================================================================================================#
#| [92m         Torsion Profile: td_OpenFF_Gen_2_Torsion_Set_5_Bayer_2_077_C24FH22NO4, Objective =  3.99672e-01, Units = kcal/mol, Angstrom          [0m |#
#| [92m System                                             Min(QM)    Min(MM)      Range(QM)          Range(MM)    Max-RMSD   Ene-RMSE    Obj-Fn     [0m |#
#==================================================================================================================================================#
td_OpenFF_Gen_2_Torsion_Set_5_Bayer_2_077_C24FH22NO4          0          0     0.000 - 16.135    0.000 - 27.131     0.117     0.6322    0.3997 
----------------------------------------------------------------------------------------------------------------------------------------------------
#===================================================================================#
#| [94m                         Objective Function Breakdown                          [0m |#
#| [94m  Target Name              Residual  x  Weight  =  Contribution (Current-Prev) [0m |#
#===================================================================================#
td_OpenFF_Gen_2_Torsion_Set_5_Bayer_2_077_C24FH22NO4      0.39967      1.000 [92m     3.99672e-01[0m ( -1.461e+00 ) 
Regularization                 0.45919      1.000 [91m     4.59188e-01[0m ( +4.592e-01 ) 
Total                                             [92m     8.58860e-01[0m ( -1.001e+00 ) 
-------------------------------------------------------------------------------------
Backing up result/debug/test.offxml -> result/debug/test_4.offxml
#=====================================================================#
#|  The force field has been written to the result/debug directory.  |#
#|    Input file with optimization parameters saved to debug.sav.    |#
#=====================================================================#

  Step       |k|        |dk|       |grad|       -=X2=-     Delta(X2)    StepQual
     1   6.776e-01   6.776e-01   7.243e-02[92m   8.58860e-01[0m  -1.001e+00      1.000

#========================================================#
#| [94m                   Total Gradient                   [0m |#
#========================================================#
   0 [  7.24327435e-02 ] : ProperTorsions/Proper/k1/[*:1]~[#6X3:2]~!@[#6X3:3]~[*:4]
----------------------------------------------------------
Convergence criterion reached for gradient norm (1.00e-01)
Calculating nonlinear optimization step
Starting Hessian diagonal search with step size 1.5497e-02
Hessian diagonal search: H+0.0000*I, length 1.5497e-02, result -5.9186e-04
Hessian diagonal search: H+9.0000*I, length 5.2971e-03, result -3.1989e-04
Hessian diagonal search: H+23.5623*I, length 2.5652e-03, result -1.6963e-04
Hessian diagonal search: H+0.0000*I, length 1.5497e-02, result -5.9186e-04
Hessian diagonal search: H+3.4377*I, length 8.9294e-03, result -4.6884e-04
Hessian diagonal search: H+1.3131*I, length 1.2098e-02, result -5.5161e-04
Hessian diagonal search: H+0.0029*I, length 1.5487e-02, result -5.9200e-04
Hessian diagonal search: H+0.0044*I, length 1.5482e-02, result -5.9213e-04
Hessian diagonal search: H+0.2292*I, length 1.4772e-02, result -5.8751e-04
Hessian diagonal search: H+0.0501*I, length 1.5332e-02, result -5.9009e-04
Hessian diagonal search: H+0.0160*I, length 1.5444e-02, result -5.9170e-04
Hessian diagonal search: H+0.0080*I, length 1.5470e-02, result -5.9182e-04
Hessian diagonal search: H+0.0056*I, length 1.5478e-02, result -5.9177e-04
Hessian diagonal search: H+0.0038*I, length 1.5484e-02, result -5.9085e-04
Hessian diagonal search: H+0.0049*I, length 1.5481e-02, result -5.9171e-04
Hessian diagonal search: H+0.0042*I, length 1.5483e-02, result -5.9083e-04
Hessian diagonal search: H+0.0046*I, length 1.5482e-02, result -5.9280e-04
Hessian diagonal search: H+0.0047*I, length 1.5481e-02, result -5.9099e-04
Hessian diagonal search: H+0.0045*I, length 1.5482e-02, result -5.9036e-04
Hessian diagonal search: H+0.0046*I, length 1.5481e-02, result -5.9214e-04
Hessian diagonal search: H+0.0045*I, length 1.5482e-02, result -5.9093e-04
Hessian diagonal search: H+0.0046*I, length 1.5482e-02, result -5.9081e-04
Optimization step found (length 1.5482e-02)
#========================================================#
#| [95m  Mathematical Parameters (Current + Step = Next)   [0m |#
#========================================================#
   0 [ -6.7763e-01 - 1.5482e-02 = -6.9312e-01 ] : ProperTorsions/Proper/k1/[*:1]~[#6X3:2]~!@[#6X3:3]~[*:4]
----------------------------------------------------------
#========================================================#
#| [95m    Physical Parameters (Current + Step = Next)     [0m |#
#========================================================#
   0 [  2.4348e+00 - 3.0963e-02 =  2.4039e+00 ] : ProperTorsions/Proper/k1/[*:1]~[#6X3:2]~!@[#6X3:3]~[*:4]
----------------------------------------------------------
Input file with saved parameters: debug.sav
Setting finite difference step to 1.5482e-03
#========================================================#
#| [94m     Iteration 2: Evaluating objective function     [0m |#
#| [94m        and derivatives through second order        [0m |#
#========================================================#

#==================================================================================================================================================#
#| [92m         Torsion Profile: td_OpenFF_Gen_2_Torsion_Set_5_Bayer_2_077_C24FH22NO4, Objective =  3.77858e-01, Units = kcal/mol, Angstrom          [0m |#
#| [92m System                                             Min(QM)    Min(MM)      Range(QM)          Range(MM)    Max-RMSD   Ene-RMSE    Obj-Fn     [0m |#
#==================================================================================================================================================#
td_OpenFF_Gen_2_Torsion_Set_5_Bayer_2_077_C24FH22NO4          0          0     0.000 - 16.135    0.000 - 26.921     0.117     0.6147    0.3779 
----------------------------------------------------------------------------------------------------------------------------------------------------
#===================================================================================#
#| [94m                         Objective Function Breakdown                          [0m |#
#| [94m  Target Name              Residual  x  Weight  =  Contribution (Current-Prev) [0m |#
#===================================================================================#
td_OpenFF_Gen_2_Torsion_Set_5_Bayer_2_077_C24FH22NO4      0.37786      1.000 [92m     3.77858e-01[0m ( -2.181e-02 ) 
Regularization                 0.48041      1.000 [91m     4.80409e-01[0m ( +2.122e-02 ) 
Total                                             [92m     8.58267e-01[0m ( -5.928e-04 ) 
-------------------------------------------------------------------------------------
Backing up result/debug/test.offxml -> result/debug/test_5.offxml
#=====================================================================#
#|  The force field has been written to the result/debug directory.  |#
#|    Input file with optimization parameters saved to debug.sav.    |#
#=====================================================================#

  Step       |k|        |dk|       |grad|       -=X2=-     Delta(X2)    StepQual
     2   6.931e-01   1.548e-02   4.198e-03[92m   8.58267e-01[0m  -5.928e-04      1.000

#========================================================#
#| [94m                   Total Gradient                   [0m |#
#========================================================#
   0 [  4.19795761e-03 ] : ProperTorsions/Proper/k1/[*:1]~[#6X3:2]~!@[#6X3:3]~[*:4]
----------------------------------------------------------
Convergence criterion reached for gradient norm (1.00e-01)
Convergence criterion reached for objective function (1.00e-01)
#========================================================#
#| [92m               [0m[1mOptimization Converged[0m               [0m |#
#| [92m           Final objective function value           [0m |#
#| [92m  Full:  8.582668e-01  Un-penalized:  3.778575e-01  [0m |#
#========================================================#
#========================================================#
#| [94m           Final optimization parameters:           [0m |#
#========================================================#
   0 [ -6.9312e-01 ] : ProperTorsions/Proper/k1/[*:1]~[#6X3:2]~!@[#6X3:3]~[*:4]
#========================================================#
#| [94m             Final physical parameters:             [0m |#
#========================================================#
   0 [  2.4039e+00 ] : ProperTorsions/Proper/k1/[*:1]~[#6X3:2]~!@[#6X3:3]~[*:4]
----------------------------------------------------------
Backing up result/debug/test.offxml -> result/debug/test_6.offxml
#=====================================================================#
#|  The force field has been written to the result/debug directory.  |#
#|    Input file with optimization parameters saved to debug.sav.    |#
#=====================================================================#
Wall time since calculation start: 152.2 seconds
#========================================================#
#| [1;44;93m               Calculation Finished.                [0m |#
#| [1;44;93m     ---==(  May the Force be with you!  )==---     [0m |#
#========================================================#
