Traceback (most recent call last):
  File "/Users/jessica/miniconda3/envs/openforcefield-forcebalance/bin/ForceBalance.py", line 45, in Run_ForceBalance
    optimizer.Run()
  File "/Users/jessica/miniconda3/envs/openforcefield-forcebalance/lib/python3.7/site-packages/forcebalance/optimizer.py", line 319, in Run
    xk = self.OptTab[self.jobtype]()
  File "/Users/jessica/miniconda3/envs/openforcefield-forcebalance/lib/python3.7/site-packages/forcebalance/optimizer.py", line 943, in NewtonRaphson
    return self.MainOptimizer(b_BFGS=0)
  File "/Users/jessica/miniconda3/envs/openforcefield-forcebalance/lib/python3.7/site-packages/forcebalance/optimizer.py", line 493, in MainOptimizer
    data        = self.Objective.Full(xk,Ord,verbose=True)
  File "/Users/jessica/miniconda3/envs/openforcefield-forcebalance/lib/python3.7/site-packages/forcebalance/objective.py", line 313, in Full
    Objective = self.Target_Terms(vals, Order, verbose, customdir)
  File "/Users/jessica/miniconda3/envs/openforcefield-forcebalance/lib/python3.7/site-packages/forcebalance/objective.py", line 254, in Target_Terms
    Ans = Funcs[Order](mvals, customdir=customdir)
  File "/Users/jessica/miniconda3/envs/openforcefield-forcebalance/lib/python3.7/site-packages/forcebalance/target.py", line 319, in get_H
    Ans = self.meta_get(mvals,1,1,customdir=customdir)
  File "/Users/jessica/miniconda3/envs/openforcefield-forcebalance/lib/python3.7/site-packages/forcebalance/target.py", line 584, in meta_get
    Answer = self.get(mvals, AGrad, AHess)
  File "/Users/jessica/miniconda3/envs/openforcefield-forcebalance/lib/python3.7/site-packages/forcebalance/torsion_profile.py", line 171, in get
    V = compute(mvals, indicate=True)
  File "/Users/jessica/miniconda3/envs/openforcefield-forcebalance/lib/python3.7/site-packages/forcebalance/torsion_profile.py", line 125, in compute
    energy, rmsd, M_opt = self.engine.optimize(shot=i, align=False)
  File "/Users/jessica/miniconda3/envs/openforcefield-forcebalance/lib/python3.7/site-packages/forcebalance/smirnoffio.py", line 388, in optimize
    return super(SMIRNOFF,self).optimize(shot=shot, align=align, crit=crit, disable_vsite=True)
  File "/Users/jessica/miniconda3/envs/openforcefield-forcebalance/lib/python3.7/site-packages/forcebalance/openmmio.py", line 1191, in optimize
    self.update_simulation()
  File "/Users/jessica/miniconda3/envs/openforcefield-forcebalance/lib/python3.7/site-packages/forcebalance/smirnoffio.py", line 364, in update_simulation
    self.system = self.forcefield.create_openmm_system(self.off_topology)
  File "/Users/jessica/miniconda3/envs/openforcefield-forcebalance/lib/python3.7/site-packages/openforcefield/typing/engines/smirnoff/forcefield.py", line 1303, in create_openmm_system
    parameter_handler.create_force(system, topology, **kwargs)
  File "/Users/jessica/miniconda3/envs/openforcefield-forcebalance/lib/python3.7/site-packages/openforcefield/typing/engines/smirnoff/parameters.py", line 4126, in create_force
    toolkit_registry=toolkit_registry
  File "/Users/jessica/miniconda3/envs/openforcefield-forcebalance/lib/python3.7/site-packages/openforcefield/topology/molecule.py", line 2818, in compute_partial_charges_am1bcc
    toolkit_registry=toolkit_registry,
  File "/Users/jessica/miniconda3/envs/openforcefield-forcebalance/lib/python3.7/site-packages/openforcefield/topology/molecule.py", line 2867, in assign_partial_charges
    raise_exception_types=[],
  File "/Users/jessica/miniconda3/envs/openforcefield-forcebalance/lib/python3.7/site-packages/openforcefield/utils/toolkits.py", line 5082, in call
    return method(*args, **kwargs)
  File "/Users/jessica/miniconda3/envs/openforcefield-forcebalance/lib/python3.7/site-packages/forcebalance/smirnoff_hack.py", line 58, in oe_cached_assign_partial_charges
    oe_original_assign_partial_charges(self, molecule, partial_charge_method=partial_charge_method, use_conformers=use_conformers, strict_n_conformers=strict_n_conformers)
  File "/Users/jessica/miniconda3/envs/openforcefield-forcebalance/lib/python3.7/site-packages/openforcefield/utils/toolkits.py", line 2187, in assign_partial_charges
    rms_cutoff=0.25 * unit.angstrom,
  File "/Users/jessica/miniconda3/envs/openforcefield-forcebalance/lib/python3.7/site-packages/forcebalance/smirnoff_hack.py", line 86, in oe_cached_generate_conformers
    oe_original_generate_conformers(self, molecule, n_conformers=n_conformers, rms_cutoff=rms_cutoff, clear_existing=clear_existing)
  File "/Users/jessica/miniconda3/envs/openforcefield-forcebalance/lib/python3.7/site-packages/openforcefield/utils/toolkits.py", line 2045, in generate_conformers
    omega = oeomega.OEOmega()
  File "/Users/jessica/miniconda3/envs/openforcefield-forcebalance/lib/python3.7/site-packages/openeye/oeomega.py", line 1515, in __init__
    this = _oeomega.new_OEOmega(*args)
KeyboardInterrupt
