Note: Failed to import the optional openff.evaluator package. 
Note: Failed to import the optional openff.recharge package.
#======================================================================#
#| [1m            Welcome to ForceBalance version 1.7.5! =D             [0m |#
#| [1m                 Force Field Optimization System                  [0m |#
#| [1m                                                                  [0m |#
#| [1m                             Authors:                             [0m |#
#| [1m                          Lee-Ping Wang                           [0m |#
#| [1m                  Yudong Qiu, Keri A. McKiernan                   [0m |#
#| [1m          Jeffrey R. Wagner, Hyesu Jang, Simon Boothroyd          [0m |#
#| [1m           Arthur Vigil, Erik G. Brandt, Johnny Israeli           [0m |#
#======================================================================#

                          [44m     [0m                                        
                       [44m        [0m      [43m     [0m                              
                    [44m        [0m   [44m  [0m    [43m         [0m                          
                 [44m       [0m    [44m      [0m      [43m         [0m                       
             [44m        [0m    [44m        [0m          [43m         [0m                    
          [44m        [0m    [44m        [0m                 [43m        [0m                 
       [44m        [0m    [44m       [0m                        [43m        [0m              
    [44m        [0m   [44m        [0m                              [43m         [0m          
   [44m      [0m   [44m        [0m               `.:+@@###@'          [43m         [0m       
    [44m [0m    [44m        [0m          ,;'+###############.             [43m     [0m       
      [44m        [0m         +################':`                    [43m [0m        
      [44m     [0m              `.,,...####+.                                  
                                ,#####      +##.               [44m   [0m   [44m   [0m
 [43m    [0m                            #####      ######             [44m   [0m   [44m   [0m
 [43m    [0m                ###'        ####'     :#####'             [44m   [0m   [44m   [0m
 [43m    [0m                :####@      ####.    ,####'               [44m   [0m   [44m   [0m
 [43m    [0m                 ######     ####    +###+                 [44m   [0m   [44m   [0m
 [43m    [0m                  #####     ####   ###;                   [44m   [0m   [44m   [0m
 [43m    [0m                   :##      ####  ++`                     [44m   [0m   [44m   [0m
 [43m    [0m                            ####``..:;+##############+`   [44m   [0m   [44m   [0m
 [43m    [0m             .,:;;'++##################################`  [44m   [0m   [44m   [0m
 [43m    [0m    `############################++++''';;;;;;;;;;;'';    [44m   [0m   [44m   [0m
 [43m    [0m      ,########':,.``       ####                          [44m   [0m   [44m   [0m
 [43m    [0m                            ####                          [44m   [0m   [44m   [0m
 [43m    [0m                            ####                          [44m   [0m   [44m   [0m
 [43m    [0m                            ####                          [44m   [0m   [44m   [0m
 [43m    [0m                            ####                          [44m   [0m   [44m   [0m
 [43m    [0m                            ####                          [44m   [0m   [44m   [0m
 [43m    [0m                            ####                          [44m   [0m   [44m   [0m
 [43m    [0m                            ####                          [44m   [0m   [44m   [0m
      [44m    [0m                       ####                                   
     [44m        [0m                    ####                                   
    [44m [0m    [44m       [0m                 ####                       [43m     [0m       
   [44m     [0m    [44m        [0m             ####                    [43m        [0m       
   [44m        [0m    [44m        [0m          ###                  [43m         [0m         
      [44m        [0m    [44m        [0m        +`               [43m        [0m             
          [44m        [0m   [44m        [0m                   [43m        [0m                
             [44m        [0m   [44m         [0m           [43m         [0m                   
                [44m        [0m    [44m       [0m      [43m         [0m                      
                   [44m        [0m    [44m   [0m    [43m        [0m                          
                      [44m        [0m       [43m      [0m                             
                          [44m      [0m      [43m  [0m                                
                             [44m  [0m                                         

Reading options from file: debug.in
#========================================================#
#| [95m  Options at their default values are not printed   [0m |#
#| [95m        Use 'verbose_options True' to Enable        [0m |#
#========================================================#
Reading force field from file: test.offxml
#=========================================================#
#| [92m Starting parameter indices, physical values and IDs [0m |#
#=========================================================#
   0 [  3.7901e+00 ] : ProperTorsions/Proper/k1/[*:1]~[#6X3:2]~!@[#6X3:3]~[*:4]
-----------------------------------------------------------
#=========================================================#
#| [91m Rescaling Factors by Type (Lower Takes Precedence): [0m |#
#=========================================================#
   ProperTorsions/Proper/k1             : 3.79011e+00
   Bonds/Bond/k                         : 1.00000e+01
   Bonds/Bond/length                    : 1.00000e-02
   Angles/Angle/k                       : 5.00000e+00
   Angles/Angle/angle                   : 1.00000e+00
   ProperTorsions/Proper/k              : 2.00000e+00
-----------------------------------------------------------
#========================================================#
#| [91m   Rescaling Types / Factors by Parameter Number:   [0m |#
#========================================================#
   0 [    ProperTorsions/Proper/k       : 2.00000e+00 ] : ProperTorsions/Proper/k1/[*:1]~[#6X3:2]~!@[#6X3:3]~[*:4]
----------------------------------------------------------
#========================================================#
#| [92m               Setup for force field                [0m |#
#========================================================#
fnms                      ['test.offxml'] 
priors                    OrderedDict([('Bonds/Bond/k', 10.0), ('Bonds/Bond/length', 0.01), ('Angles/Angle/k', 5.0), ('Angles/Angle/angle', 1.0), ('ProperTorsions/Proper/k', 2.0)]) 
----------------------------------------------------------
Backing up: debug.tmp/td_OpenFF_Gen_2_Torsion_Set_4_eMolecules_Discrepancy_2_117_C15H15NO to: debug.bak/td_OpenFF_Gen_2_Torsion_Set_4_eMolecules_Discrepancy_2_117_C15H15NO_0.tar.bz2
Referencing all energies to the snapshot 11 (minimum energy structure in QM)
#============================================================================================#
#| [92m Setup for target td_OpenFF_Gen_2_Torsion_Set_4_eMolecules_Discrepancy_2_117_C15H15NO : [0m |#
#============================================================================================#
mol2                      ['input.mol2'] 
precision                 double 
platname                  Reference 
name                      td_OpenFF_Gen_2_Torsion_Set_4_eMolecules_Discrepancy_2_117_C15H15NO 
type                      TORSIONPROFILE_SMIRNOFF 
h                         0.01 
tgtdir                    targets/td_OpenFF_Gen_2_Torsion_Set_4_eMolecules_Discrepancy_2_117_C15H15NO 
writelevel                2 
attenuate                 True 
energy_upper              5.0 
----------------------------------------------------------------------------------------------
#========================================================#
#| [92m        SMIRNOFF Parameter Coverage Analysis        [0m |#
#========================================================#
Force field assignment data written to /Users/jessica/Documents/Grad_research/WBO_Torsions_ChayaPaper/release_1.3.0_2/fb-fit/fb-fit0/smirnoff_parameter_assignments.json
 idx Parameter                                                                                                   Count
----------------------------------------------------------------------------------------------------------------------
   0 ProperTorsions/Proper/k1/[*:1]~[#6X3:2]~!@[#6X3:3]~[*:4]                                             :         12
SNIRNOFF Parameter Coverage Analysis result: 1/1 parameters are covered.
----------------------------------------------------------------------------------------------------------------------
Using parabolic regularization (Gaussian prior) with strength 1.0e+00 (+), 0.0e+00 (x)
#========================================================#
#| [92m           Setup for objective function :           [0m |#
#========================================================#
penalty_additive          1.0 
normalize_weights         False 
----------------------------------------------------------
#========================================================#
#| [92m                Setup for optimizer                 [0m |#
#========================================================#
jobtype                   OPTIMIZE 
trust0                    -1.0 
eps                       0.01 
h                         0.01 
h0                        0.01 
convergence_objective     0.1 
convergence_step          0.01 
convergence_gradient      0.1 
input_file                debug.in 
criteria                  2 
----------------------------------------------------------
Calculation started at 2020-11-19 11:40 AM
#========================================================#
#| [1m                  Main Optimizer                    [0m |#
#| [1m  Newton-Raphson Method (Hessian Diagonal Search)   [0m |#
#| [1m                                                    [0m |#
#| [1m       [0mConvergence criteria (2 of 3 needed):        [0m |#
#| [1m          [0mObjective Function  : 1.000e-01           [0m |#
#| [1m          [0mNorm of Gradient    : 1.000e-01           [0m |#
#| [1m          [0mParameter step size : 1.000e-02           [0m |#
#========================================================#
#========================================================#
#|       Color Key for Objective Function -=X2=-        |#
#|  [1mBold[0m = Initial step                                 |#
#|  [92mGreen = Current lowest value of objective function[0m  |#
#|  [91mRed = Objective function rises, step rejected[0m       |#
#|  [0mNo color = Not at the lowest value                  |#
#========================================================#
#========================================================#
#| [94m     Iteration 0: Evaluating objective function     [0m |#
#| [94m        and derivatives through second order        [0m |#
#========================================================#

#==================================================================================================================================================#
#| [92m  Torsion Profile: td_OpenFF_Gen_2_Torsion_Set_4_eMolecules_Discrepancy_2_117_C15H15NO, Objective =  3.59530e+01, Units = kcal/mol, Angstrom  [0m |#
#| [92m System                                             Min(QM)    Min(MM)      Range(QM)          Range(MM)    Max-RMSD   Ene-RMSE    Obj-Fn     [0m |#
#==================================================================================================================================================#
td_OpenFF_Gen_2_Torsion_Set_4_eMolecules_Discrepancy_2_117_C15H15NO          0          0     0.000 - 10.693    0.000 - 28.347     0.265     5.9961    35.9530 
----------------------------------------------------------------------------------------------------------------------------------------------------
#====================================================================#
#| [94m                  Objective Function Breakdown                  [0m |#
#| [94m  Target Name              Residual  x  Weight  =  Contribution [0m |#
#====================================================================#
td_OpenFF_Gen_2_Torsion_Set_4_eMolecules_Discrepancy_2_117_C15H15NO     35.95305      1.000 [94m     3.59530e+01[0m 
Regularization                 0.00000      1.000 [94m     0.00000e+00[0m 
Total                                             [94m     3.59530e+01[0m 
----------------------------------------------------------------------

  Step       |k|        |dk|       |grad|       -=X2=-     Delta(X2)    StepQual
     0   0.000e+00   0.000e+00   4.239e+01[1m   3.59530e+01[0m   0.000e+00      0.000

#========================================================#
#| [94m                   Total Gradient                   [0m |#
#========================================================#
   0 [  4.23913483e+01 ] : ProperTorsions/Proper/k1/[*:1]~[#6X3:2]~!@[#6X3:3]~[*:4]
----------------------------------------------------------
Calculating nonlinear optimization step
Finding trust radius: H+0.0000*I, length 1.4946e+00 (target 1.0000e+00)
Finding trust radius: H+9.0000*I, length 1.1346e+00 (target 1.0000e+00)
Finding trust radius: H+61.6869*I, length 4.7075e-01 (target 1.0000e+00)
Finding trust radius: H+9.0000*I, length 1.1346e+00 (target 1.0000e+00)
Finding trust radius: H+23.5623*I, length 8.1638e-01 (target 1.0000e+00)
Finding trust radius: H+3.4377*I, length 1.3330e+00 (target 1.0000e+00)
Finding trust radius: H+14.3320*I, length 9.9287e-01 (target 1.0000e+00)
Finding trust radius: H+14.3172*I, length 9.9321e-01 (target 1.0000e+00)
Finding trust radius: H+14.0402*I, length 9.9970e-01 (target 1.0000e+00)
Finding trust radius: H+11.9833*I, length 1.0507e+00 (target 1.0000e+00)
Finding trust radius: H+14.0270*I, length 1.0000e+00 (target 1.0000e+00)
Finding trust radius: H+14.0306*I, length 9.9993e-01 (target 1.0000e+00)
Finding trust radius: H+14.0235*I, length 1.0001e+00 (target 1.0000e+00)
Starting Hessian diagonal search with step size 1.0000e+00
Hessian diagonal search: H+14.0270*I, length 1.0000e+00, result -3.0756e+01
Hessian diagonal search: H+323.3191*I, length 1.2054e-01, result -4.9743e+00
Hessian diagonal search: H+372.0559*I, length 1.0587e-01, result -4.3836e+00
Hessian diagonal search: H+14.0270*I, length 1.0000e+00, result -3.0756e+01
Hessian diagonal search: H+25.5322*I, length 7.8654e-01, result -2.6581e+01
Hessian diagonal search: H+84.3250*I, length 3.7618e-01, result -1.4553e+01
Hessian diagonal search: H+0.1050*I, length 1.4891e+00, result -3.2840e+01
Hessian diagonal search: H+0.2737*I, length 1.4803e+00, result -3.2914e+01
Hessian diagonal search: H+1.0688*I, length 1.4403e+00, result -3.3194e+01
Hessian diagonal search: H+4.2828*I, length 1.2985e+00, result -3.3457e+01
Hessian diagonal search: H+4.9433*I, length 1.2727e+00, result -3.3390e+01
Hessian diagonal search: H+3.1345*I, length 1.3458e+00, result -3.3491e+01
Hessian diagonal search: H+3.3903*I, length 1.3350e+00, result -3.3494e+01
Hessian diagonal search: H+3.3673*I, length 1.3360e+00, result -3.3494e+01
Hessian diagonal search: H+3.3738*I, length 1.3357e+00, result -3.3494e+01
Hessian diagonal search: H+3.3749*I, length 1.3356e+00, result -3.3494e+01
Hessian diagonal search: H+3.3728*I, length 1.3357e+00, result -3.3494e+01
Optimization step found (length 1.3357e+00)
#========================================================#
#| [95m  Mathematical Parameters (Current + Step = Next)   [0m |#
#========================================================#
   0 [  0.0000e+00 - 1.3357e+00 = -1.3357e+00 ] : ProperTorsions/Proper/k1/[*:1]~[#6X3:2]~!@[#6X3:3]~[*:4]
----------------------------------------------------------
#========================================================#
#| [95m    Physical Parameters (Current + Step = Next)     [0m |#
#========================================================#
   0 [  3.7901e+00 - 2.6714e+00 =  1.1187e+00 ] : ProperTorsions/Proper/k1/[*:1]~[#6X3:2]~!@[#6X3:3]~[*:4]
----------------------------------------------------------
Backing up debug.sav -> debug.bak/debug_93.sav
Input file with saved parameters: debug.sav
#========================================================#
#| [94m     Iteration 1: Evaluating objective function     [0m |#
#| [94m        and derivatives through second order        [0m |#
#========================================================#

#==================================================================================================================================================#
#| [92m  Torsion Profile: td_OpenFF_Gen_2_Torsion_Set_4_eMolecules_Discrepancy_2_117_C15H15NO, Objective =  6.75358e-01, Units = kcal/mol, Angstrom  [0m |#
#| [92m System                                             Min(QM)    Min(MM)      Range(QM)          Range(MM)    Max-RMSD   Ene-RMSE    Obj-Fn     [0m |#
#==================================================================================================================================================#
td_OpenFF_Gen_2_Torsion_Set_4_eMolecules_Discrepancy_2_117_C15H15NO          0        -15     0.000 - 10.693   -0.027 - 7.747      0.150     0.8218    0.6754 
----------------------------------------------------------------------------------------------------------------------------------------------------
#===================================================================================#
#| [94m                         Objective Function Breakdown                          [0m |#
#| [94m  Target Name              Residual  x  Weight  =  Contribution (Current-Prev) [0m |#
#===================================================================================#
td_OpenFF_Gen_2_Torsion_Set_4_eMolecules_Discrepancy_2_117_C15H15NO      0.67536      1.000 [92m     6.75358e-01[0m ( -3.528e+01 ) 
Regularization                 1.78405      1.000 [91m     1.78405e+00[0m ( +1.784e+00 ) 
Total                                             [92m     2.45941e+00[0m ( -3.349e+01 ) 
-------------------------------------------------------------------------------------
Backing up result/debug/test.offxml -> result/debug/test_201.offxml
#=====================================================================#
#|  The force field has been written to the result/debug directory.  |#
#|    Input file with optimization parameters saved to debug.sav.    |#
#=====================================================================#

  Step       |k|        |dk|       |grad|       -=X2=-     Delta(X2)    StepQual
     1   1.336e+00   1.336e+00   1.211e-04[92m   2.45941e+00[0m  -3.349e+01      1.000

#========================================================#
#| [94m                   Total Gradient                   [0m |#
#========================================================#
   0 [ -1.21064342e-04 ] : ProperTorsions/Proper/k1/[*:1]~[#6X3:2]~!@[#6X3:3]~[*:4]
----------------------------------------------------------
Convergence criterion reached for gradient norm (1.00e-01)
Calculating nonlinear optimization step
Starting Hessian diagonal search with step size 2.2072e-06
Hessian diagonal search: H+0.0000*I, length 2.2072e-06, result  2.7473e-07
Hessian diagonal search: H+9.0000*I, length 1.8961e-06, result  2.4002e-07
Hessian diagonal search: H+61.6869*I, length 1.0388e-06, result  2.3366e-07
Hessian diagonal search: H+35.1507*I, length 1.3451e-06, result  9.1075e-08
Hessian diagonal search: H+35.1507*I, length 1.3451e-06, result  9.1075e-08
Hessian diagonal search: H+23.1370*I, length 1.5524e-06, result  2.1954e-07
Hessian diagonal search: H+44.4116*I, length 1.2196e-06, result  2.1727e-07
Hessian diagonal search: H+32.9605*I, length 1.3787e-06, result  1.4461e-07
Hessian diagonal search: H+37.4929*I, length 1.3110e-06, result  2.0383e-07
Hessian diagonal search: H+34.7854*I, length 1.3506e-06, result  1.9584e-07
Hessian diagonal search: H+36.0364*I, length 1.3320e-06, result  8.4143e-08
Hessian diagonal search: H+36.3568*I, length 1.3274e-06, result  3.1465e-07
Hessian diagonal search: H+36.0280*I, length 1.3322e-06, result  2.4644e-07
Hessian diagonal search: H+36.1586*I, length 1.3302e-06, result  2.5154e-07
Hessian diagonal search: H+36.0830*I, length 1.3314e-06, result  1.0415e-07
Hessian diagonal search: H+36.0542*I, length 1.3318e-06, result  3.3726e-07
Hessian diagonal search: H+36.0448*I, length 1.3319e-06, result  2.0615e-07
Restarting search with step size 2.2072e-06
Hessian diagonal search: H+0.0000*I, length 2.2072e-06, result  2.7473e-07
Hessian diagonal search: H+8.9999*I, length 1.8961e-06, result  1.7965e-07
Hessian diagonal search: H+61.6865*I, length 1.0389e-06, result  6.0180e-08
Hessian diagonal search: H+363.8521*I, length 2.8914e-07, result  2.0280e-07
Hessian diagonal search: H+61.6865*I, length 1.0389e-06, result  6.0180e-08
Hessian diagonal search: H+147.3808*I, length 5.9864e-07, result  1.3532e-07
Hessian diagonal search: H+35.9997*I, length 1.3326e-06, result  1.9495e-07
Hessian diagonal search: H+88.3694*I, length 8.4530e-07, result  9.9940e-08
Hessian diagonal search: H+51.0635*I, length 1.1430e-06, result  2.3275e-07
Hessian diagonal search: H+71.3139*I, length 9.5958e-07, result  3.7045e-07
Hessian diagonal search: H+57.5104*I, length 1.0775e-06, result  2.1555e-07
Hessian diagonal search: H+65.2814*I, length 1.0078e-06, result  2.7701e-07
Hessian diagonal search: H+60.0741*I, length 1.0534e-06, result  1.0530e-07
Hessian diagonal search: H+63.0476*I, length 1.0269e-06, result  3.5142e-07
Hessian diagonal search: H+61.0681*I, length 1.0444e-06, result  3.1643e-07
Hessian diagonal search: H+62.2046*I, length 1.0343e-06, result  1.6672e-07
Hessian diagonal search: H+61.4499*I, length 1.0410e-06, result  2.2471e-07
Hessian diagonal search: H+61.8841*I, length 1.0371e-06, result  2.8984e-07
Hessian diagonal search: H+61.5960*I, length 1.0397e-06, result  2.3015e-07
Hessian diagonal search: H+61.7619*I, length 1.0382e-06, result  1.1525e-07
Hessian diagonal search: H+61.6519*I, length 1.0392e-06, result  2.9891e-07
Hessian diagonal search: H+61.7153*I, length 1.0386e-06, result  2.4843e-07
Hessian diagonal search: H+61.6726*I, length 1.0390e-06, result  9.6913e-08
Hessian diagonal search: H+61.7004*I, length 1.0387e-06, result  4.0752e-08
Optimization step found (length 1.0387e-06)
Convergence criterion reached in step size (1.00e-02)
#========================================================#
#| [92m               [0m[1mOptimization Converged[0m               [0m |#
#| [92m           Final objective function value           [0m |#
#| [92m  Full:  2.459409e+00  Un-penalized:  6.753577e-01  [0m |#
#========================================================#
#========================================================#
#| [94m           Final optimization parameters:           [0m |#
#========================================================#
   0 [ -1.3357e+00 ] : ProperTorsions/Proper/k1/[*:1]~[#6X3:2]~!@[#6X3:3]~[*:4]
#========================================================#
#| [94m             Final physical parameters:             [0m |#
#========================================================#
   0 [  1.1187e+00 ] : ProperTorsions/Proper/k1/[*:1]~[#6X3:2]~!@[#6X3:3]~[*:4]
----------------------------------------------------------
Backing up result/debug/test.offxml -> result/debug/test_202.offxml
#=====================================================================#
#|  The force field has been written to the result/debug directory.  |#
#|    Input file with optimization parameters saved to debug.sav.    |#
#=====================================================================#
Wall time since calculation start: 94.4 seconds
#========================================================#
#| [1;44;93m               Calculation Finished.                [0m |#
#| [1;44;93m     ---==(  May the Force be with you!  )==---     [0m |#
#========================================================#
