===============================================================================
Failed to process [H:16][c:1]1[c:4]([c:8]([c:11]([c:7]([c:3]1[H:18])[H:22])[C:14]([H:29])([H:30])[N:15]([c:12]2[c:10]([c:6]([c:2]([c:5]([c:9]2[H:24])[H:20])[H:17])[H:21])[H:25])[C:13]([H:26])([H:27])[H:28])[H:23])[H:19]: Unable to make OFFMol from OEMol: OEMol has unspecified stereochemistry. oemol.GetTitle(): 
Problematic atoms are:
Atom atomic num: 7, name: , idx: 14, aromatic: False, chiral: True with bonds:
bond order: 1, chiral: False to atom atomic num: 6, name: , idx: 11, aromatic: True, chiral: False
bond order: 1, chiral: False to atom atomic num: 6, name: , idx: 12, aromatic: False, chiral: False
bond order: 1, chiral: False to atom atomic num: 6, name: , idx: 13, aromatic: False, chiral: False

===============================================================================
===============================================================================
Failed to process [H:12][c:1]1[c:3]([c:5]([c:6]([c:4]([c:2]1[H:13])[H:15])[c:7]2[n-:8][n:10][n:11][n:9]2)[H:16])[H:14]: Command '['antechamber', '-i', 'molecule.sdf', '-fi', 'sdf', '-o', 'sqm.in', '-fo', 'sqmcrt', '-pf', 'yes', '-c', 'mul', '-nc', '-1.0 e']' returned non-zero exit status 1.
===============================================================================
===============================================================================
Failed to process [H:13][c:1]1[c:3]([c:5]([c:6]([c:4]([c:2]1[H:14])[H:16])[N:12]2[C@:10]([C:8]([C:7]([C:9]2([H:22])[H:23])([H:18])[H:19])([H:20])[H:21])([H:24])[C:11]([H:25])([H:26])[H:27])[H:17])[H:15]: Unable to make OFFMol from OEMol: OEMol has unspecified stereochemistry. oemol.GetTitle(): 
Problematic atoms are:
Atom atomic num: 7, name: , idx: 11, aromatic: False, chiral: True with bonds:
bond order: 1, chiral: False to atom atomic num: 6, name: , idx: 5, aromatic: True, chiral: False
bond order: 1, chiral: False to atom atomic num: 6, name: , idx: 8, aromatic: False, chiral: False
bond order: 1, chiral: False to atom atomic num: 6, name: , idx: 9, aromatic: False, chiral: True

===============================================================================
===============================================================================
Failed to process [H:12][c:1]1[c:3]([c:5]([c:6]([c:4]([c:2]1[H:13])[H:15])[c:7]2[n-:8][n:10][n:11][n:9]2)[H:16])[H:14]: Command '['antechamber', '-i', 'molecule.sdf', '-fi', 'sdf', '-o', 'sqm.in', '-fo', 'sqmcrt', '-pf', 'yes', '-c', 'mul', '-nc', '-1.0 e']' returned non-zero exit status 1.
===============================================================================
===============================================================================
Failed to process [H:13][c:1]1[c:2]([c:4]([c:6]([c:5]([c:3]1[H:15])[c:7]2[n-:9][n:11][n:12][n:10]2)[C:8]([H:17])([H:18])[H:19])[H:16])[H:14]: Command '['antechamber', '-i', 'molecule.sdf', '-fi', 'sdf', '-o', 'sqm.in', '-fo', 'sqmcrt', '-pf', 'yes', '-c', 'mul', '-nc', '-1.0 e']' returned non-zero exit status 1.
===============================================================================
===============================================================================
Failed to process [H:12][c:1]1[c:2]([c:4]([n:8][c:5]([c:3]1[H:14])[c:6]2[n-:7][n:10][n:11][n:9]2)[H:15])[H:13]: Command '['antechamber', '-i', 'molecule.sdf', '-fi', 'sdf', '-o', 'sqm.in', '-fo', 'sqmcrt', '-pf', 'yes', '-c', 'mul', '-nc', '-1.0 e']' returned non-zero exit status 1.
===============================================================================
===============================================================================
Failed to process [H:13][c:1]1[c:2]([c:4]([c:6]([c:5]([c:3]1[H:15])[c:7]2[n-:9][n:11][n:12][n:10]2)[C:8]([H:17])([H:18])[H:19])[H:16])[H:14]: Command '['antechamber', '-i', 'molecule.sdf', '-fi', 'sdf', '-o', 'sqm.in', '-fo', 'sqmcrt', '-pf', 'yes', '-c', 'mul', '-nc', '-1.0 e']' returned non-zero exit status 1.
===============================================================================
