===============================================================================
Failed to process [H:14][c:1]1[c:4]([c:3]([c:5]([c:2]([n:10]1)[H:15])[F:13])[N:11]([C:8]([H:22])([H:23])[H:24])[C:9]([H:25])([C:6]([H:16])([H:17])[H:18])[C:7]([H:19])([H:20])[H:21])[F:12]: Unable to make OFFMol from OEMol: OEMol has unspecified stereochemistry. oemol.GetTitle(): 
Problematic atoms are:
Atom atomic num: 7, name: , idx: 10, aromatic: False, chiral: True with bonds:
bond order: 1, chiral: False to atom atomic num: 6, name: , idx: 2, aromatic: True, chiral: False
bond order: 1, chiral: False to atom atomic num: 6, name: , idx: 7, aromatic: False, chiral: False
bond order: 1, chiral: False to atom atomic num: 6, name: , idx: 8, aromatic: False, chiral: False

===============================================================================
===============================================================================
Failed to process [H:14][c:1]1[c:4]([c:3]([c:5]([c:2]([n:10]1)[H:15])[F:13])[N:11]([C:8]([H:22])([H:23])[H:24])[C:9]([H:25])([C:6]([H:16])([H:17])[H:18])[C:7]([H:19])([H:20])[H:21])[F:12]: Unable to make OFFMol from OEMol: OEMol has unspecified stereochemistry. oemol.GetTitle(): 
Problematic atoms are:
Atom atomic num: 7, name: , idx: 10, aromatic: False, chiral: True with bonds:
bond order: 1, chiral: False to atom atomic num: 6, name: , idx: 2, aromatic: True, chiral: False
bond order: 1, chiral: False to atom atomic num: 6, name: , idx: 7, aromatic: False, chiral: False
bond order: 1, chiral: False to atom atomic num: 6, name: , idx: 8, aromatic: False, chiral: False

===============================================================================
===============================================================================
Failed to process [H:19][C:4]1([c:1]2[c:2]([n:13][c:3]([n:14]2[C:10]([H:31])([H:32])[H:33])[N:17]3[C:6]([C:8]([N:18]([C:7]([C:5]3([H:21])[H:22])([H:25])[H:26])[C:12]([H:37])([H:38])[H:39])([H:27])[H:28])([H:23])[H:24])[N:16]([C:9]([N:15]1[H:40])([H:29])[H:30])[C:11]([H:34])([H:35])[H:36])[H:20]: Unable to make OFFMol from OEMol: OEMol has unspecified stereochemistry. oemol.GetTitle(): 
Problematic atoms are:
Atom atomic num: 7, name: , idx: 15, aromatic: False, chiral: True with bonds:
bond order: 1, chiral: False to atom atomic num: 6, name: , idx: 1, aromatic: False, chiral: False
bond order: 1, chiral: False to atom atomic num: 6, name: , idx: 8, aromatic: False, chiral: False
bond order: 1, chiral: False to atom atomic num: 6, name: , idx: 10, aromatic: False, chiral: False

===============================================================================
===============================================================================
Failed to process [H:14][c:1]1[c:2]([n:11][n:12][c:4]([c:3]1[C:9]([H:23])([H:24])[H:25])[N:13]2[C@:8]([C:6]([C:5]([C:7]2([H:20])[H:21])([H:16])[H:17])([H:18])[H:19])([H:22])[C:10]([H:26])([H:27])[H:28])[H:15]: Unable to make OFFMol from OEMol: OEMol has unspecified stereochemistry. oemol.GetTitle(): 
Problematic atoms are:
Atom atomic num: 7, name: , idx: 12, aromatic: False, chiral: True with bonds:
bond order: 1, chiral: False to atom atomic num: 6, name: , idx: 3, aromatic: True, chiral: False
bond order: 1, chiral: False to atom atomic num: 6, name: , idx: 6, aromatic: False, chiral: False
bond order: 1, chiral: False to atom atomic num: 6, name: , idx: 7, aromatic: False, chiral: True

===============================================================================
