===============================================================================
Failed to process [H:21][c:1]1[c:2]([c:6]([c:12]2[c:10]([c:3]1[H:23])[c:4]([c:8]([c:15]([o+:18]2)[c:11]3[c:5]([c:7]([c:13]([c:14]([c:9]3[H:29])[O:20][C:17]([H:33])([H:34])[H:35])[O:19][C:16]([H:30])([H:31])[H:32])[H:27])[H:25])[H:28])[H:24])[H:26])[H:22]: Command '['antechamber', '-i', 'molecule.sdf', '-fi', 'sdf', '-o', 'sqm.in', '-fo', 'sqmcrt', '-pf', 'yes', '-c', 'mul', '-nc', '1.0 e']' returned non-zero exit status 1.
===============================================================================
===============================================================================
Failed to process [H:13][c:1]1[c:2]([c:4]([c:6]([c:5]([c:3]1[H:15])[c:7]2[n-:9][n:11][n:12][n:10]2)[C:8]([H:17])([H:18])[H:19])[H:16])[H:14]: Command '['antechamber', '-i', 'molecule.sdf', '-fi', 'sdf', '-o', 'sqm.in', '-fo', 'sqmcrt', '-pf', 'yes', '-c', 'mul', '-nc', '-1.0 e']' returned non-zero exit status 1.
===============================================================================
===============================================================================
Failed to process [H:7][C:2]([H:8])([C:1]#[N:4])[N:5]=[N+:6]=[N-:3]: Command '['antechamber', '-i', 'molecule.sdf', '-fi', 'sdf', '-o', 'sqm.in', '-fo', 'sqmcrt', '-pf', 'yes', '-c', 'mul', '-nc', '0.0 e']' returned non-zero exit status 1.
===============================================================================
===============================================================================
Failed to process [H:13][c:1]1[c:2]([c:4]([c:6]([c:5]([c:3]1[H:15])[c:7]2[n-:9][n:11][n:12][n:10]2)[C:8]([H:17])([H:18])[H:19])[H:16])[H:14]: Command '['antechamber', '-i', 'molecule.sdf', '-fi', 'sdf', '-o', 'sqm.in', '-fo', 'sqmcrt', '-pf', 'yes', '-c', 'mul', '-nc', '-1.0 e']' returned non-zero exit status 1.
===============================================================================
===============================================================================
Failed to process [H:11][c:1]1[c:3]([c:5]([c:6]([c:4]([c:2]1[H:12])[H:14])[C:7]([H:16])([H:17])[N:9]=[N+:10]=[N-:8])[H:15])[H:13]: Command '['antechamber', '-i', 'molecule.sdf', '-fi', 'sdf', '-o', 'sqm.in', '-fo', 'sqmcrt', '-pf', 'yes', '-c', 'mul', '-nc', '0.0 e']' returned non-zero exit status 1.
===============================================================================
===============================================================================
Failed to process [H:8][C:3]([H:9])([H:10])[O:7][C:2](=[O:6])[C:4]([H:11])([H:12])[N+:5]#[C-:1]: Command '['antechamber', '-i', 'molecule.sdf', '-fi', 'sdf', '-o', 'sqm.in', '-fo', 'sqmcrt', '-pf', 'yes', '-c', 'mul', '-nc', '0.0 e']' returned non-zero exit status 1.
===============================================================================
===============================================================================
Failed to process [H:21][c:1]1[c:2]([c:6]([c:12]2[c:10]([c:3]1[H:23])[c:4]([c:8]([c:15]([o+:18]2)[c:11]3[c:5]([c:7]([c:13]([c:14]([c:9]3[H:29])[O:20][C:17]([H:33])([H:34])[H:35])[O:19][C:16]([H:30])([H:31])[H:32])[H:27])[H:25])[H:28])[H:24])[H:26])[H:22]: Command '['antechamber', '-i', 'molecule.sdf', '-fi', 'sdf', '-o', 'sqm.in', '-fo', 'sqmcrt', '-pf', 'yes', '-c', 'mul', '-nc', '1.0 e']' returned non-zero exit status 1.
===============================================================================
===============================================================================
Failed to process [H:13][c:1]1[c:2]([c:4]([c:6]([c:5]([c:3]1[H:15])[c:7]2[n-:9][n:11][n:12][n:10]2)[C:8]([H:17])([H:18])[H:19])[H:16])[H:14]: Command '['antechamber', '-i', 'molecule.sdf', '-fi', 'sdf', '-o', 'sqm.in', '-fo', 'sqmcrt', '-pf', 'yes', '-c', 'mul', '-nc', '-1.0 e']' returned non-zero exit status 1.
===============================================================================
===============================================================================
Failed to process [H:7][C:2]([H:8])([C:1]#[N:4])[N:5]=[N+:6]=[N-:3]: Command '['antechamber', '-i', 'molecule.sdf', '-fi', 'sdf', '-o', 'sqm.in', '-fo', 'sqmcrt', '-pf', 'yes', '-c', 'mul', '-nc', '0.0 e']' returned non-zero exit status 1.
===============================================================================
