===============================================================================
Failed to process [H:8][C:4]([H:9])([H:10])[C:2]#[C:3][C:5]([H:11])([H:12])[C:6]([H:13])([H:14])[N+:7]#[C-:1]: Command '['antechamber', '-i', 'molecule.sdf', '-fi', 'sdf', '-o', 'sqm.in', '-fo', 'sqmcrt', '-pf', 'yes', '-c', 'mul', '-nc', '0.0 e']' returned non-zero exit status 1.
===============================================================================
===============================================================================
Failed to process [H:8][C:1]([H:9])([H:10])[O:7][C:3]([H:13])([H:14])[C:2]([H:11])([H:12])[N:5]=[N+:6]=[N-:4]: Command '['antechamber', '-i', 'molecule.sdf', '-fi', 'sdf', '-o', 'sqm.in', '-fo', 'sqmcrt', '-pf', 'yes', '-c', 'mul', '-nc', '0.0 e']' returned non-zero exit status 1.
===============================================================================
===============================================================================
Failed to process [H:13][C@@:3]([C:1]([H:9])([H:10])[N:5]=[N+:6]=[N-:4])([C:2]([H:11])([H:12])[O:7][H:14])[O:8][H:15]: Command '['antechamber', '-i', 'molecule.sdf', '-fi', 'sdf', '-o', 'sqm.in', '-fo', 'sqmcrt', '-pf', 'yes', '-c', 'mul', '-nc', '0.0 e']' returned non-zero exit status 1.
===============================================================================
===============================================================================
Failed to process [H:9][C:3](=[C:2]=[C:4]([H:11])[C@:7]([H:17])([C:5]([H:12])([H:13])[H:14])[C:6]([H:15])([H:16])[N+:8]#[C-:1])[H:10]: Command '['antechamber', '-i', 'molecule.sdf', '-fi', 'sdf', '-o', 'sqm.in', '-fo', 'sqmcrt', '-pf', 'yes', '-c', 'mul', '-nc', '0.0 e']' returned non-zero exit status 1.
===============================================================================
===============================================================================
Failed to process [H:9][C:1]([H:10])([H:11])[C:3]([C:2]([H:12])([H:13])[N:5]=[N+:6]=[N-:4])([F:7])[F:8]: Command '['antechamber', '-i', 'molecule.sdf', '-fi', 'sdf', '-o', 'sqm.in', '-fo', 'sqmcrt', '-pf', 'yes', '-c', 'mul', '-nc', '0.0 e']' returned non-zero exit status 1.
===============================================================================
===============================================================================
Failed to process [H:9][C:1]([H:10])([C:2]([Cl:6])([Cl:7])[Cl:8])[N:4]=[N+:5]=[N-:3]: Command '['antechamber', '-i', 'molecule.sdf', '-fi', 'sdf', '-o', 'sqm.in', '-fo', 'sqmcrt', '-pf', 'yes', '-c', 'mul', '-nc', '0.0 e']' returned non-zero exit status 1.
===============================================================================
===============================================================================
Failed to process [H:7][C:2](=[C:3]([C:4]([H:9])([H:10])[H:11])[C:5]([H:12])([H:13])[N+:6]#[C-:1])[H:8]: Command '['antechamber', '-i', 'molecule.sdf', '-fi', 'sdf', '-o', 'sqm.in', '-fo', 'sqmcrt', '-pf', 'yes', '-c', 'mul', '-nc', '0.0 e']' returned non-zero exit status 1.
===============================================================================
===============================================================================
Failed to process [H:8][C:3]([H:9])([H:10])[S:7][C:2](=[S:6])[C:4]([H:11])([H:12])[N+:5]#[C-:1]: Command '['antechamber', '-i', 'molecule.sdf', '-fi', 'sdf', '-o', 'sqm.in', '-fo', 'sqmcrt', '-pf', 'yes', '-c', 'mul', '-nc', '0.0 e']' returned non-zero exit status 1.
===============================================================================
===============================================================================
Failed to process [H:9][C:3]([H:10])([H:11])[O:8][C:5]([H:14])([H:15])[C:2](=[O:7])[C:4]([H:12])([H:13])[N+:6]#[C-:1]: Command '['antechamber', '-i', 'molecule.sdf', '-fi', 'sdf', '-o', 'sqm.in', '-fo', 'sqmcrt', '-pf', 'yes', '-c', 'mul', '-nc', '0.0 e']' returned non-zero exit status 1.
===============================================================================
===============================================================================
Failed to process [H:10][C:1]1=[C:2]([C:4]([C:5]([C:3]1([H:11])[H:12])([H:15])[H:16])([H:13])[H:14])[C:6]([H:17])([H:18])[N:8]=[N+:9]=[N-:7]: Command '['antechamber', '-i', 'molecule.sdf', '-fi', 'sdf', '-o', 'sqm.in', '-fo', 'sqmcrt', '-pf', 'yes', '-c', 'mul', '-nc', '0.0 e']' returned non-zero exit status 1.
===============================================================================
===============================================================================
Failed to process [H:9][C:2]([H:10])([H:11])[O:8][C:1](=[O:7])[C:3]([H:12])([H:13])[N:5]=[N+:6]=[N-:4]: Command '['antechamber', '-i', 'molecule.sdf', '-fi', 'sdf', '-o', 'sqm.in', '-fo', 'sqmcrt', '-pf', 'yes', '-c', 'mul', '-nc', '0.0 e']' returned non-zero exit status 1.
===============================================================================
===============================================================================
Failed to process [H:10][C:3]([H:11])([H:12])[S@@:9](=[O:8])[C:5]([H:15])([H:16])[C:2](=[O:7])[C:4]([H:13])([H:14])[N+:6]#[C-:1]: Command '['antechamber', '-i', 'molecule.sdf', '-fi', 'sdf', '-o', 'sqm.in', '-fo', 'sqmcrt', '-pf', 'yes', '-c', 'mul', '-nc', '0.0 e']' returned non-zero exit status 1.
===============================================================================
===============================================================================
Failed to process [H:8][C:2]([H:9])([C:1](=[O:6])[S:7][H:10])[N:4]=[N+:5]=[N-:3]: Command '['antechamber', '-i', 'molecule.sdf', '-fi', 'sdf', '-o', 'sqm.in', '-fo', 'sqmcrt', '-pf', 'yes', '-c', 'mul', '-nc', '0.0 e']' returned non-zero exit status 1.
===============================================================================
===============================================================================
Failed to process [H:12][C:4]1([C:3]([C:5]1([C:2](=[O:8])[C:6]([H:14])([H:15])[N+:7]#[C-:1])[F:9])([H:10])[H:11])[H:13]: Command '['antechamber', '-i', 'molecule.sdf', '-fi', 'sdf', '-o', 'sqm.in', '-fo', 'sqmcrt', '-pf', 'yes', '-c', 'mul', '-nc', '0.0 e']' returned non-zero exit status 1.
===============================================================================
===============================================================================
Failed to process [H:10][C:2](=[C:3]([C:5]([H:11])([H:12])[H:13])[C:6]([H:14])([H:15])[H:16])[C:4](=[O:9])[C:7]([H:17])([H:18])[N+:8]#[C-:1]: Command '['antechamber', '-i', 'molecule.sdf', '-fi', 'sdf', '-o', 'sqm.in', '-fo', 'sqmcrt', '-pf', 'yes', '-c', 'mul', '-nc', '0.0 e']' returned non-zero exit status 1.
===============================================================================
===============================================================================
Failed to process [H:11][C:2]1=[C:3]([C:6]([C:7]([C:5]1([H:12])[H:13])([H:16])[H:17])([H:14])[H:15])[C:4](=[O:10])[C:8]([H:18])([H:19])[N+:9]#[C-:1]: Command '['antechamber', '-i', 'molecule.sdf', '-fi', 'sdf', '-o', 'sqm.in', '-fo', 'sqmcrt', '-pf', 'yes', '-c', 'mul', '-nc', '0.0 e']' returned non-zero exit status 1.
===============================================================================
===============================================================================
Failed to process [H:10][C:1]([H:11])([H:12])[C:5]([H:21])([C:2]([H:13])([H:14])[H:15])[N@@:9]([C:3]([H:16])([H:17])[H:18])[C:4]([H:19])([H:20])[N:7]=[N+:8]=[N-:6]: Command '['antechamber', '-i', 'molecule.sdf', '-fi', 'sdf', '-o', 'sqm.in', '-fo', 'sqmcrt', '-pf', 'yes', '-c', 'mul', '-nc', '0.0 e']' returned non-zero exit status 1.
===============================================================================
===============================================================================
Failed to process [H:10][C:2]([H:11])([H:12])[C:1](=[O:9])[N:8]([C:3]([H:13])([H:14])[H:15])[C:4]([H:16])([H:17])[N:6]=[N+:7]=[N-:5]: Command '['antechamber', '-i', 'molecule.sdf', '-fi', 'sdf', '-o', 'sqm.in', '-fo', 'sqmcrt', '-pf', 'yes', '-c', 'mul', '-nc', '0.0 e']' returned non-zero exit status 1.
===============================================================================
===============================================================================
Failed to process [H:7][C:1](=[N:4][C:2]([H:9])([H:10])[N:5]=[N+:6]=[N-:3])[H:8]: Command '['antechamber', '-i', 'molecule.sdf', '-fi', 'sdf', '-o', 'sqm.in', '-fo', 'sqmcrt', '-pf', 'yes', '-c', 'mul', '-nc', '0.0 e']' returned non-zero exit status 1.
===============================================================================
===============================================================================
Failed to process [H:9][C:3]([H:10])([C:2](=[O:7])[N+:5](=[O:8])[O-:6])[N+:4]#[C-:1]: Command '['antechamber', '-i', 'molecule.sdf', '-fi', 'sdf', '-o', 'sqm.in', '-fo', 'sqmcrt', '-pf', 'yes', '-c', 'mul', '-nc', '0.0 e']' returned non-zero exit status 1.
===============================================================================
===============================================================================
Failed to process [H:7][C:1](=[C:2]([C:3]([H:9])([H:10])[H:11])[N:5]=[N+:6]=[N-:4])[H:8]: Command '['antechamber', '-i', 'molecule.sdf', '-fi', 'sdf', '-o', 'sqm.in', '-fo', 'sqmcrt', '-pf', 'yes', '-c', 'mul', '-nc', '0.0 e']' returned non-zero exit status 1.
===============================================================================
===============================================================================
Failed to process [H:8][C:2]([H:9])([H:10])[S:7][C:1](=[S:6])[N:4]=[N+:5]=[N-:3]: Command '['antechamber', '-i', 'molecule.sdf', '-fi', 'sdf', '-o', 'sqm.in', '-fo', 'sqmcrt', '-pf', 'yes', '-c', 'mul', '-nc', '0.0 e']' returned non-zero exit status 1.
===============================================================================
===============================================================================
Failed to process [H:7][C:2](=[C:1]=[C:3]([H:9])[N:5]=[N+:6]=[N-:4])[H:8]: Command '['antechamber', '-i', 'molecule.sdf', '-fi', 'sdf', '-o', 'sqm.in', '-fo', 'sqmcrt', '-pf', 'yes', '-c', 'mul', '-nc', '0.0 e']' returned non-zero exit status 1.
===============================================================================
===============================================================================
Failed to process [H:6][C:1](=[N+:5]([H:7])[H:8])[N:3]=[N+:4]=[N-:2]: Command '['antechamber', '-i', 'molecule.sdf', '-fi', 'sdf', '-o', 'sqm.in', '-fo', 'sqmcrt', '-pf', 'yes', '-c', 'mul', '-nc', '1.0 e']' returned non-zero exit status 1.
===============================================================================
===============================================================================
Failed to process [H:10][c:1]1[c:2]([c:5]([c:4]([n:7][c:3]1[H:12])[H:13])[N:8]=[N+:9]=[N-:6])[H:11]: Command '['antechamber', '-i', 'molecule.sdf', '-fi', 'sdf', '-o', 'sqm.in', '-fo', 'sqmcrt', '-pf', 'yes', '-c', 'mul', '-nc', '0.0 e']' returned non-zero exit status 1.
===============================================================================
===============================================================================
Failed to process [H:11][c:1]1[c:3]([c:6]([c:4]([c:2]([c:5]1[N:8]=[N+:9]=[N-:7])[H:12])[H:14])[O:10][H:15])[H:13]: Command '['antechamber', '-i', 'molecule.sdf', '-fi', 'sdf', '-o', 'sqm.in', '-fo', 'sqmcrt', '-pf', 'yes', '-c', 'mul', '-nc', '0.0 e']' returned non-zero exit status 1.
===============================================================================
===============================================================================
Failed to process [H:10][c:1]1[c:3]([c:5]([c:6]([c:4]([c:2]1[H:11])[H:13])[N:8]=[N+:9]=[N-:7])[H:14])[H:12]: Command '['antechamber', '-i', 'molecule.sdf', '-fi', 'sdf', '-o', 'sqm.in', '-fo', 'sqmcrt', '-pf', 'yes', '-c', 'mul', '-nc', '0.0 e']' returned non-zero exit status 1.
===============================================================================
===============================================================================
Failed to process [H:14][c:3]1[c:5]([c:8]([c:6]([c:4]([c:7]1[C:1]#[C:2][C:9]([H:18])([H:19])[O:13][H:20])[H:15])[H:17])[N:11]=[N+:12]=[N-:10])[H:16]: Command '['antechamber', '-i', 'molecule.sdf', '-fi', 'sdf', '-o', 'sqm.in', '-fo', 'sqmcrt', '-pf', 'yes', '-c', 'mul', '-nc', '0.0 e']' returned non-zero exit status 1.
===============================================================================
===============================================================================
Failed to process [H:9][C:1]1=[C:2]([C:4]([C:5]([C:3]1([H:10])[H:11])([H:14])[H:15])([H:12])[H:13])[N:7]=[N+:8]=[N-:6]: Command '['antechamber', '-i', 'molecule.sdf', '-fi', 'sdf', '-o', 'sqm.in', '-fo', 'sqmcrt', '-pf', 'yes', '-c', 'mul', '-nc', '0.0 e']' returned non-zero exit status 1.
===============================================================================
===============================================================================
Failed to process [H:11][c:1]1[c:2]([c:5]([n:7][c:3]([c:4]1[N:8]=[N+:9]=[N-:6])[H:13])[O:10][H:14])[H:12]: Command '['antechamber', '-i', 'molecule.sdf', '-fi', 'sdf', '-o', 'sqm.in', '-fo', 'sqmcrt', '-pf', 'yes', '-c', 'mul', '-nc', '0.0 e']' returned non-zero exit status 1.
===============================================================================
===============================================================================
Failed to process [H:8][C:1](=[C:2]([C:3]([H:9])([H:10])[H:11])[C:4]([H:12])([H:13])[H:14])[N:6]=[N+:7]=[N-:5]: Command '['antechamber', '-i', 'molecule.sdf', '-fi', 'sdf', '-o', 'sqm.in', '-fo', 'sqmcrt', '-pf', 'yes', '-c', 'mul', '-nc', '0.0 e']' returned non-zero exit status 1.
===============================================================================
===============================================================================
Failed to process [H:11][c:1]1[c:3]([n+:10]([c:4]([c:2]([c:5]1[N:8]=[N+:9]=[N-:7])[H:12])[H:14])[C:6]([H:15])([H:16])[H:17])[H:13]: Command '['antechamber', '-i', 'molecule.sdf', '-fi', 'sdf', '-o', 'sqm.in', '-fo', 'sqmcrt', '-pf', 'yes', '-c', 'mul', '-nc', '1.0 e']' returned non-zero exit status 1.
===============================================================================
===============================================================================
Failed to process [H:9][O:8][C:2](=[O:7])[C:1](=[O:6])[N:4]=[N+:5]=[N-:3]: Command '['antechamber', '-i', 'molecule.sdf', '-fi', 'sdf', '-o', 'sqm.in', '-fo', 'sqmcrt', '-pf', 'yes', '-c', 'mul', '-nc', '0.0 e']' returned non-zero exit status 1.
===============================================================================
===============================================================================
Failed to process [H:7]/[C:1](=[C:2](\[H:8])/[N:5]=[N+:6]=[N-:4])/[C:3]([H:9])([H:10])[H:11]: Command '['antechamber', '-i', 'molecule.sdf', '-fi', 'sdf', '-o', 'sqm.in', '-fo', 'sqmcrt', '-pf', 'yes', '-c', 'mul', '-nc', '0.0 e']' returned non-zero exit status 1.
===============================================================================
===============================================================================
Failed to process [H:10][C:1]1=[C:3]([C:6]([C:4](=[C:2]([C:5]1([H:14])[H:15])[H:11])[H:13])([H:16])[N:8]=[N+:9]=[N-:7])[H:12]: Command '['antechamber', '-i', 'molecule.sdf', '-fi', 'sdf', '-o', 'sqm.in', '-fo', 'sqmcrt', '-pf', 'yes', '-c', 'mul', '-nc', '0.0 e']' returned non-zero exit status 1.
===============================================================================
===============================================================================
Failed to process [H:8][C:1](=[C:2]([C:3]([H:10])([H:11])[H:12])[C:4]([H:13])([H:14])[N:6]=[N+:7]=[N-:5])[H:9]: Command '['antechamber', '-i', 'molecule.sdf', '-fi', 'sdf', '-o', 'sqm.in', '-fo', 'sqmcrt', '-pf', 'yes', '-c', 'mul', '-nc', '0.0 e']' returned non-zero exit status 1.
===============================================================================
===============================================================================
Failed to process [H:10][C:1]1=[C:3]([N:9]([C:4](=[C:2]([C:5]1([H:14])[N:7]=[N+:8]=[N-:6])[H:11])[H:13])[H:15])[H:12]: Command '['antechamber', '-i', 'molecule.sdf', '-fi', 'sdf', '-o', 'sqm.in', '-fo', 'sqmcrt', '-pf', 'yes', '-c', 'mul', '-nc', '0.0 e']' returned non-zero exit status 1.
===============================================================================
===============================================================================
Failed to process [H:11][C:2]1=[C:1]([C:3]([C:4]([C:5]([C@:6]1([H:18])[N:8]=[N+:9]=[N-:7])([H:16])[H:17])([H:14])[H:15])([H:12])[H:13])[H:10]: Command '['antechamber', '-i', 'molecule.sdf', '-fi', 'sdf', '-o', 'sqm.in', '-fo', 'sqmcrt', '-pf', 'yes', '-c', 'mul', '-nc', '0.0 e']' returned non-zero exit status 1.
===============================================================================
===============================================================================
Failed to process [H:10][C:1](=[C:2]([C:3]([H:11])([H:12])[H:13])[C:4]([H:14])([H:15])[H:16])[C@@:6]([H:20])([C:5]([H:17])([H:18])[H:19])[N:8]=[N+:9]=[N-:7]: Command '['antechamber', '-i', 'molecule.sdf', '-fi', 'sdf', '-o', 'sqm.in', '-fo', 'sqmcrt', '-pf', 'yes', '-c', 'mul', '-nc', '0.0 e']' returned non-zero exit status 1.
===============================================================================
===============================================================================
Failed to process [H:9][C:1](=[C:2]([C:3]([H:10])([H:11])[H:12])[C:4]([H:13])([H:14])[H:15])[C:5]([H:16])([H:17])[N:7]=[N+:8]=[N-:6]: Command '['antechamber', '-i', 'molecule.sdf', '-fi', 'sdf', '-o', 'sqm.in', '-fo', 'sqmcrt', '-pf', 'yes', '-c', 'mul', '-nc', '0.0 e']' returned non-zero exit status 1.
===============================================================================
===============================================================================
Failed to process [H:9][C:2](=[C:1]=[C:3]([H:11])[C@@:5]([H:15])([C:4]([H:12])([H:13])[H:14])[N:7]=[N+:8]=[N-:6])[H:10]: Command '['antechamber', '-i', 'molecule.sdf', '-fi', 'sdf', '-o', 'sqm.in', '-fo', 'sqmcrt', '-pf', 'yes', '-c', 'mul', '-nc', '0.0 e']' returned non-zero exit status 1.
===============================================================================
===============================================================================
Failed to process [H:10][C:3]([H:11])([H:12])[C:1](=[C:2]([C:5]([H:16])([H:17])[H:18])[C:6]([H:19])([H:20])[N:8]=[N+:9]=[N-:7])[C:4]([H:13])([H:14])[H:15]: Command '['antechamber', '-i', 'molecule.sdf', '-fi', 'sdf', '-o', 'sqm.in', '-fo', 'sqmcrt', '-pf', 'yes', '-c', 'mul', '-nc', '0.0 e']' returned non-zero exit status 1.
===============================================================================
===============================================================================
Failed to process [H:7][C:1]([H:8])([H:9])[O:6][C:2]([H:10])([H:11])[N:4]=[N+:5]=[N-:3]: Command '['antechamber', '-i', 'molecule.sdf', '-fi', 'sdf', '-o', 'sqm.in', '-fo', 'sqmcrt', '-pf', 'yes', '-c', 'mul', '-nc', '0.0 e']' returned non-zero exit status 1.
===============================================================================
===============================================================================
Failed to process [H:10][C:1]1([C:3]([C:5]([C:6]([C:4]([C:2]1([H:12])[H:13])([H:16])[H:17])([H:20])[N:8]=[N+:9]=[N-:7])([H:18])[H:19])([H:14])[H:15])[H:11]: Command '['antechamber', '-i', 'molecule.sdf', '-fi', 'sdf', '-o', 'sqm.in', '-fo', 'sqmcrt', '-pf', 'yes', '-c', 'mul', '-nc', '0.0 e']' returned non-zero exit status 1.
===============================================================================
===============================================================================
Failed to process [H:12][C:2]1([C:4]([N+:9]([C:3]([C:1]([C:5]1([H:18])[N:7]=[N+:8]=[N-:6])([H:10])[H:11])([H:14])[H:15])([H:19])[H:20])([H:16])[H:17])[H:13]: Command '['antechamber', '-i', 'molecule.sdf', '-fi', 'sdf', '-o', 'sqm.in', '-fo', 'sqmcrt', '-pf', 'yes', '-c', 'mul', '-nc', '1.0 e']' returned non-zero exit status 1.
===============================================================================
===============================================================================
Failed to process [H:12][C:2]1([C:4]([O:9][C:3]([C:1]([C:5]1([H:18])[N:7]=[N+:8]=[N-:6])([H:10])[H:11])([H:14])[H:15])([H:16])[H:17])[H:13]: Command '['antechamber', '-i', 'molecule.sdf', '-fi', 'sdf', '-o', 'sqm.in', '-fo', 'sqmcrt', '-pf', 'yes', '-c', 'mul', '-nc', '0.0 e']' returned non-zero exit status 1.
===============================================================================
===============================================================================
Failed to process [H:8][C:1]([H:9])([H:10])[S@@:7](=[O:6])[C:2]([H:11])([H:12])[N:4]=[N+:5]=[N-:3]: Command '['antechamber', '-i', 'molecule.sdf', '-fi', 'sdf', '-o', 'sqm.in', '-fo', 'sqmcrt', '-pf', 'yes', '-c', 'mul', '-nc', '0.0 e']' returned non-zero exit status 1.
===============================================================================
===============================================================================
Failed to process [H:14][C:2]1([C:4]([S:11](=[O:9])(=[O:10])[C:3]([C:1]([C:5]1([H:20])[N:7]=[N+:8]=[N-:6])([H:12])[H:13])([H:16])[H:17])([H:18])[H:19])[H:15]: Command '['antechamber', '-i', 'molecule.sdf', '-fi', 'sdf', '-o', 'sqm.in', '-fo', 'sqmcrt', '-pf', 'yes', '-c', 'mul', '-nc', '0.0 e']' returned non-zero exit status 1.
===============================================================================
===============================================================================
Failed to process [H:15][C@:4]1([C:1]([C:2]([S:8][C:3]1([H:13])[H:14])([H:11])[H:12])([H:9])[H:10])[N:6]=[N+:7]=[N-:5]: Command '['antechamber', '-i', 'molecule.sdf', '-fi', 'sdf', '-o', 'sqm.in', '-fo', 'sqmcrt', '-pf', 'yes', '-c', 'mul', '-nc', '0.0 e']' returned non-zero exit status 1.
===============================================================================
===============================================================================
Failed to process [H:16][C:2]1([C:3]([C:1]([C:4]([N:13]([C:5]1([C:8]([H:25])([H:26])[H:27])[C:9]([H:28])([H:29])[H:30])[H:31])([C:6]([H:19])([H:20])[H:21])[C:7]([H:22])([H:23])[H:24])([H:14])[H:15])([H:18])[N:11]=[N+:12]=[N-:10])[H:17]: Command '['antechamber', '-i', 'molecule.sdf', '-fi', 'sdf', '-o', 'sqm.in', '-fo', 'sqmcrt', '-pf', 'yes', '-c', 'mul', '-nc', '0.0 e']' returned non-zero exit status 1.
===============================================================================
===============================================================================
Failed to process [H:8][C:2]([H:9])([N+:4]#[C-:1])[O:5][C:3]([H:10])([F:6])[F:7]: Command '['antechamber', '-i', 'molecule.sdf', '-fi', 'sdf', '-o', 'sqm.in', '-fo', 'sqmcrt', '-pf', 'yes', '-c', 'mul', '-nc', '0.0 e']' returned non-zero exit status 1.
===============================================================================
===============================================================================
Failed to process [H:12][C:4]([H:13])([H:14])[C:3](=[O:9])[O:10][C:1]#[C:2][O:11][C:5]([H:15])([H:16])[N:7]=[N+:8]=[N-:6]: Command '['antechamber', '-i', 'molecule.sdf', '-fi', 'sdf', '-o', 'sqm.in', '-fo', 'sqmcrt', '-pf', 'yes', '-c', 'mul', '-nc', '0.0 e']' returned non-zero exit status 1.
===============================================================================
===============================================================================
Failed to process [H:13][C:6]([H:14])([H:15])[C:4](=[O:9])[O:11][C:2]#[C:3][O:12][C:5](=[O:10])[C:7]([H:16])([H:17])[N+:8]#[C-:1]: Command '['antechamber', '-i', 'molecule.sdf', '-fi', 'sdf', '-o', 'sqm.in', '-fo', 'sqmcrt', '-pf', 'yes', '-c', 'mul', '-nc', '0.0 e']' returned non-zero exit status 1.
===============================================================================
===============================================================================
Failed to process [H:11][C:3]([H:12])([C:2](=[O:6])[O:7][C:4]([F:8])([F:9])[F:10])[N+:5]#[C-:1]: Command '['antechamber', '-i', 'molecule.sdf', '-fi', 'sdf', '-o', 'sqm.in', '-fo', 'sqmcrt', '-pf', 'yes', '-c', 'mul', '-nc', '0.0 e']' returned non-zero exit status 1.
===============================================================================
===============================================================================
Failed to process [H:7][C:3]([H:8])([C:2](=[O:5])[O:6][H:9])[N+:4]#[C-:1]: Command '['antechamber', '-i', 'molecule.sdf', '-fi', 'sdf', '-o', 'sqm.in', '-fo', 'sqmcrt', '-pf', 'yes', '-c', 'mul', '-nc', '0.0 e']' returned non-zero exit status 1.
===============================================================================
===============================================================================
Failed to process [H:7][C:1]([H:8])([H:9])[S:6][C:2]([H:10])([H:11])[N:4]=[N+:5]=[N-:3]: Command '['antechamber', '-i', 'molecule.sdf', '-fi', 'sdf', '-o', 'sqm.in', '-fo', 'sqmcrt', '-pf', 'yes', '-c', 'mul', '-nc', '0.0 e']' returned non-zero exit status 1.
===============================================================================
===============================================================================
Failed to process [H:8][C:3]([H:9])([H:10])[S:7][C:2](=[O:6])[C:4]([H:11])([H:12])[N+:5]#[C-:1]: Command '['antechamber', '-i', 'molecule.sdf', '-fi', 'sdf', '-o', 'sqm.in', '-fo', 'sqmcrt', '-pf', 'yes', '-c', 'mul', '-nc', '0.0 e']' returned non-zero exit status 1.
===============================================================================
===============================================================================
Failed to process [H:11][C:2](=[S:8](=[C:1]([H:9])[H:10])([C:3]([H:13])([H:14])[H:15])[C:4]([H:16])([H:17])[N:6]=[N+:7]=[N-:5])[H:12]: Command '['antechamber', '-i', 'molecule.sdf', '-fi', 'sdf', '-o', 'sqm.in', '-fo', 'sqmcrt', '-pf', 'yes', '-c', 'mul', '-nc', '0.0 e']' returned non-zero exit status 1.
===============================================================================
===============================================================================
Failed to process [H:12][C:3](=[S:9](=[C:2]([H:10])[H:11])([C:4](=[O:8])[C:6]([H:17])([H:18])[N+:7]#[C-:1])[C:5]([H:14])([H:15])[H:16])[H:13]: Command '['antechamber', '-i', 'molecule.sdf', '-fi', 'sdf', '-o', 'sqm.in', '-fo', 'sqmcrt', '-pf', 'yes', '-c', 'mul', '-nc', '0.0 e']' returned non-zero exit status 1.
===============================================================================
===============================================================================
Failed to process [H:6][C:1]([H:7])([H:8])[N:5]([H:9])[N:3]=[N+:4]=[N-:2]: Command '['antechamber', '-i', 'molecule.sdf', '-fi', 'sdf', '-o', 'sqm.in', '-fo', 'sqmcrt', '-pf', 'yes', '-c', 'mul', '-nc', '0.0 e']' returned non-zero exit status 1.
===============================================================================
===============================================================================
Failed to process [H:7][C:1]([H:8])([H:9])[C:2]([H:10])([H:11])[N:6]([H:12])[N:4]=[N+:5]=[N-:3]: Command '['antechamber', '-i', 'molecule.sdf', '-fi', 'sdf', '-o', 'sqm.in', '-fo', 'sqmcrt', '-pf', 'yes', '-c', 'mul', '-nc', '0.0 e']' returned non-zero exit status 1.
===============================================================================
===============================================================================
Failed to process [H:8][C:1]([H:9])([H:10])[N:6]([N:4]=[N+:5]=[N-:3])[O:7][C:2]([H:11])([H:12])[H:13]: Command '['antechamber', '-i', 'molecule.sdf', '-fi', 'sdf', '-o', 'sqm.in', '-fo', 'sqmcrt', '-pf', 'yes', '-c', 'mul', '-nc', '0.0 e']' returned non-zero exit status 1.
===============================================================================
===============================================================================
Failed to process [N-:1]=[N+:5]=[N:3][N:4]=[N+:6]=[N-:2]: Command '['antechamber', '-i', 'molecule.sdf', '-fi', 'sdf', '-o', 'sqm.in', '-fo', 'sqmcrt', '-pf', 'yes', '-c', 'mul', '-nc', '0.0 e']' returned non-zero exit status 1.
===============================================================================
===============================================================================
Failed to process [N-:1]=[N+:4]=[N:2][N:3]=[S:6]=[O:5]: Command '['antechamber', '-i', 'molecule.sdf', '-fi', 'sdf', '-o', 'sqm.in', '-fo', 'sqmcrt', '-pf', 'yes', '-c', 'mul', '-nc', '0.0 e']' returned non-zero exit status 1.
===============================================================================
===============================================================================
Failed to process [H:10][C:1](/[N+:6](=[N:4]/[N:3]=[N+:5]=[N-:2])/[O-:7])([Br:8])[Br:9]: Command '['antechamber', '-i', 'molecule.sdf', '-fi', 'sdf', '-o', 'sqm.in', '-fo', 'sqmcrt', '-pf', 'yes', '-c', 'mul', '-nc', '0.0 e']' returned non-zero exit status 1.
===============================================================================
===============================================================================
Failed to process [H:6][C:1](=[N:3][N:4]=[N+:5]=[N-:2])[H:7]: Command '['antechamber', '-i', 'molecule.sdf', '-fi', 'sdf', '-o', 'sqm.in', '-fo', 'sqmcrt', '-pf', 'yes', '-c', 'mul', '-nc', '0.0 e']' returned non-zero exit status 1.
===============================================================================
===============================================================================
Failed to process [H:6][C:1]([H:7])([H:8])[S:5][N:3]=[N+:4]=[N-:2]: Command '['antechamber', '-i', 'molecule.sdf', '-fi', 'sdf', '-o', 'sqm.in', '-fo', 'sqmcrt', '-pf', 'yes', '-c', 'mul', '-nc', '0.0 e']' returned non-zero exit status 1.
===============================================================================
===============================================================================
Failed to process [H:10][C:2](=[S:7](=[C:1]([H:8])[H:9])([C:3]([H:12])([H:13])[H:14])[N:5]=[N+:6]=[N-:4])[H:11]: Command '['antechamber', '-i', 'molecule.sdf', '-fi', 'sdf', '-o', 'sqm.in', '-fo', 'sqmcrt', '-pf', 'yes', '-c', 'mul', '-nc', '0.0 e']' returned non-zero exit status 1.
===============================================================================
