===============================================================================
Failed to process [H:11][C:2]1([C:1]([C:3]1([H:13])[N:6]([H:17])[S@@:8](=[N-:5])(=[O:7])[C:4]([H:14])([H:15])[H:16])([H:9])[H:10])[H:12]: Unable to assign charges: Warning: BCIChargeCorrector: BCI charge corrections for mol 
Warning:                     missing bcc parameter for the N5-S8 bond (BCIType 250253)
Warning: Unable to assign all BCCs in 

===============================================================================
===============================================================================
Failed to process [H:11][C:2]1([C:1]([C:3]1([H:13])[N:6]([H:17])[S@@:8](=[N-:5])(=[O:7])[C:4]([H:14])([H:15])[H:16])([H:9])[H:10])[H:12]: Unable to assign charges: Warning: BCIChargeCorrector: BCI charge corrections for mol 
Warning:                     missing bcc parameter for the N5-S8 bond (BCIType 250253)
Warning: Unable to assign all BCCs in 

===============================================================================
===============================================================================
Failed to process [H:11][C:2]1([C:1]([C:3]1([H:13])[N:6]([H:17])[S@@:8](=[N-:5])(=[O:7])[C:4]([H:14])([H:15])[H:16])([H:9])[H:10])[H:12]: Unable to assign charges: Warning: BCIChargeCorrector: BCI charge corrections for mol 
Warning:                     missing bcc parameter for the N5-S8 bond (BCIType 250253)
Warning: Unable to assign all BCCs in 

===============================================================================
===============================================================================
Failed to process [H:11][C:2]1([C:1]([C:3]1([H:13])[N:6]([H:17])[S@@:8](=[N-:5])(=[O:7])[C:4]([H:14])([H:15])[H:16])([H:9])[H:10])[H:12]: Unable to assign charges: Warning: BCIChargeCorrector: BCI charge corrections for mol 
Warning:                     missing bcc parameter for the N5-S8 bond (BCIType 250253)
Warning: Unable to assign all BCCs in 

===============================================================================
===============================================================================
Failed to process [H:11][C:2]1([C:1]([C:3]1([H:13])[N:6]([H:17])[S@@:8](=[N-:5])(=[O:7])[C:4]([H:14])([H:15])[H:16])([H:9])[H:10])[H:12]: Unable to assign charges: Warning: BCIChargeCorrector: BCI charge corrections for mol 
Warning:                     missing bcc parameter for the N5-S8 bond (BCIType 250253)
Warning: Unable to assign all BCCs in 

===============================================================================
===============================================================================
Failed to process [H:11][C:2]1([C:1]([C:3]1([H:13])[N:6]([H:17])[S@@:8](=[N-:5])(=[O:7])[C:4]([H:14])([H:15])[H:16])([H:9])[H:10])[H:12]: Unable to assign charges: Warning: BCIChargeCorrector: BCI charge corrections for mol 
Warning:                     missing bcc parameter for the N5-S8 bond (BCIType 250253)
Warning: Unable to assign all BCCs in 

===============================================================================
===============================================================================
Failed to process [H:11][C:2]1([C:1]([C:3]1([H:13])[N:6]([H:17])[S@@:8](=[N-:5])(=[O:7])[C:4]([H:14])([H:15])[H:16])([H:9])[H:10])[H:12]: Unable to assign charges: Warning: BCIChargeCorrector: BCI charge corrections for mol 
Warning:                     missing bcc parameter for the N5-S8 bond (BCIType 250253)
Warning: Unable to assign all BCCs in 

===============================================================================
===============================================================================
Failed to process [H:11][C:2]1([C:1]([C:3]1([H:13])[N:6]([H:17])[S@@:8](=[N-:5])(=[O:7])[C:4]([H:14])([H:15])[H:16])([H:9])[H:10])[H:12]: Unable to assign charges: Warning: BCIChargeCorrector: BCI charge corrections for mol 
Warning:                     missing bcc parameter for the N5-S8 bond (BCIType 250253)
Warning: Unable to assign all BCCs in 

===============================================================================
===============================================================================
Failed to process [H:11][C:2]1([C:1]([C:3]1([H:13])[N:6]([H:17])[S@@:8](=[N-:5])(=[O:7])[C:4]([H:14])([H:15])[H:16])([H:9])[H:10])[H:12]: Unable to assign charges: Warning: BCIChargeCorrector: BCI charge corrections for mol 
Warning:                     missing bcc parameter for the N5-S8 bond (BCIType 250253)
Warning: Unable to assign all BCCs in 

===============================================================================
===============================================================================
Failed to process [H:11][C:2]1([C:1]([C:3]1([H:13])[N:6]([H:17])[S@@:8](=[N-:5])(=[O:7])[C:4]([H:14])([H:15])[H:16])([H:9])[H:10])[H:12]: Unable to assign charges: Warning: BCIChargeCorrector: BCI charge corrections for mol 
Warning:                     missing bcc parameter for the N5-S8 bond (BCIType 250253)
Warning: Unable to assign all BCCs in 

===============================================================================
===============================================================================
Failed to process [H:11][C:2]1([C:1]([C:3]1([H:13])[N:6]([H:17])[S@@:8](=[N-:5])(=[O:7])[C:4]([H:14])([H:15])[H:16])([H:9])[H:10])[H:12]: Unable to assign charges: Warning: BCIChargeCorrector: BCI charge corrections for mol 
Warning:                     missing bcc parameter for the N5-S8 bond (BCIType 250253)
Warning: Unable to assign all BCCs in 

===============================================================================
===============================================================================
Failed to process [H:11][C:2]1([C:1]([C:3]1([H:13])[N:6]([H:17])[S@@:8](=[N-:5])(=[O:7])[C:4]([H:14])([H:15])[H:16])([H:9])[H:10])[H:12]: Unable to assign charges: Warning: BCIChargeCorrector: BCI charge corrections for mol 
Warning:                     missing bcc parameter for the N5-S8 bond (BCIType 250253)
Warning: Unable to assign all BCCs in 

===============================================================================
===============================================================================
Failed to process [H:11][C:2]1([C:1]([C:3]1([H:13])[N:6]([H:17])[S@@:8](=[N-:5])(=[O:7])[C:4]([H:14])([H:15])[H:16])([H:9])[H:10])[H:12]: Unable to assign charges: Warning: BCIChargeCorrector: BCI charge corrections for mol 
Warning:                     missing bcc parameter for the N5-S8 bond (BCIType 250253)
Warning: Unable to assign all BCCs in 

===============================================================================
===============================================================================
Failed to process [H:11][C:2]1([C:1]([C:3]1([H:13])[N:6]([H:17])[S@@:8](=[N-:5])(=[O:7])[C:4]([H:14])([H:15])[H:16])([H:9])[H:10])[H:12]: Unable to assign charges: Warning: BCIChargeCorrector: BCI charge corrections for mol 
Warning:                     missing bcc parameter for the N5-S8 bond (BCIType 250253)
Warning: Unable to assign all BCCs in 

===============================================================================
===============================================================================
Failed to process [H:11][C:2]1([C:1]([C:3]1([H:13])[N:6]([H:17])[S@@:8](=[N-:5])(=[O:7])[C:4]([H:14])([H:15])[H:16])([H:9])[H:10])[H:12]: Unable to assign charges: Warning: BCIChargeCorrector: BCI charge corrections for mol 
Warning:                     missing bcc parameter for the N5-S8 bond (BCIType 250253)
Warning: Unable to assign all BCCs in 

===============================================================================
===============================================================================
Failed to process [H:11][C:2]1([C:1]([C:3]1([H:13])[N:6]([H:17])[S@@:8](=[N-:5])(=[O:7])[C:4]([H:14])([H:15])[H:16])([H:9])[H:10])[H:12]: Unable to assign charges: Warning: BCIChargeCorrector: BCI charge corrections for mol 
Warning:                     missing bcc parameter for the N5-S8 bond (BCIType 250253)
Warning: Unable to assign all BCCs in 

===============================================================================
===============================================================================
Failed to process [H:11][C:2]1([C:1]([C:3]1([H:13])[N:6]([H:17])[S@@:8](=[N-:5])(=[O:7])[C:4]([H:14])([H:15])[H:16])([H:9])[H:10])[H:12]: Unable to assign charges: Warning: BCIChargeCorrector: BCI charge corrections for mol 
Warning:                     missing bcc parameter for the N5-S8 bond (BCIType 250253)
Warning: Unable to assign all BCCs in 

===============================================================================
===============================================================================
Failed to process [H:11][C:2]1([C:1]([C:3]1([H:13])[N:6]([H:17])[S@@:8](=[N-:5])(=[O:7])[C:4]([H:14])([H:15])[H:16])([H:9])[H:10])[H:12]: Unable to assign charges: Warning: BCIChargeCorrector: BCI charge corrections for mol 
Warning:                     missing bcc parameter for the N5-S8 bond (BCIType 250253)
Warning: Unable to assign all BCCs in 

===============================================================================
===============================================================================
Failed to process [H:11][C:2]1([C:1]([C:3]1([H:13])[N:6]([H:17])[S@@:8](=[N-:5])(=[O:7])[C:4]([H:14])([H:15])[H:16])([H:9])[H:10])[H:12]: Unable to assign charges: Warning: BCIChargeCorrector: BCI charge corrections for mol 
Warning:                     missing bcc parameter for the N5-S8 bond (BCIType 250253)
Warning: Unable to assign all BCCs in 

===============================================================================
===============================================================================
Failed to process [H:11][C:2]1([C:1]([C:3]1([H:13])[N:6]([H:17])[S@@:8](=[N-:5])(=[O:7])[C:4]([H:14])([H:15])[H:16])([H:9])[H:10])[H:12]: Unable to assign charges: Warning: BCIChargeCorrector: BCI charge corrections for mol 
Warning:                     missing bcc parameter for the N5-S8 bond (BCIType 250253)
Warning: Unable to assign all BCCs in 

===============================================================================
===============================================================================
Failed to process [H:11][C:2]1([C:1]([C:3]1([H:13])[N-:5][S@:8](=[N:6][H:17])(=[O:7])[C:4]([H:14])([H:15])[H:16])([H:9])[H:10])[H:12]: Command '['antechamber', '-i', 'molecule.sdf', '-fi', 'sdf', '-o', 'sqm.in', '-fo', 'sqmcrt', '-pf', 'yes', '-c', 'mul', '-nc', '-1.0 e']' returned non-zero exit status 1.
===============================================================================
===============================================================================
Failed to process [H:11][C:2]1([C:1]([C:3]1([H:13])[N-:5][S@:8](=[N:6][H:17])(=[O:7])[C:4]([H:14])([H:15])[H:16])([H:9])[H:10])[H:12]: Command '['antechamber', '-i', 'molecule.sdf', '-fi', 'sdf', '-o', 'sqm.in', '-fo', 'sqmcrt', '-pf', 'yes', '-c', 'mul', '-nc', '-1.0 e']' returned non-zero exit status 1.
===============================================================================
===============================================================================
Failed to process [H:11][C:2]1([C:1]([C:3]1([H:13])[N-:5][S@:8](=[N:6][H:17])(=[O:7])[C:4]([H:14])([H:15])[H:16])([H:9])[H:10])[H:12]: Command '['antechamber', '-i', 'molecule.sdf', '-fi', 'sdf', '-o', 'sqm.in', '-fo', 'sqmcrt', '-pf', 'yes', '-c', 'mul', '-nc', '-1.0 e']' returned non-zero exit status 1.
===============================================================================
===============================================================================
Failed to process [H:11][C:2]1([C:1]([C:3]1([H:13])[N-:5][S@:8](=[N:6][H:17])(=[O:7])[C:4]([H:14])([H:15])[H:16])([H:9])[H:10])[H:12]: Command '['antechamber', '-i', 'molecule.sdf', '-fi', 'sdf', '-o', 'sqm.in', '-fo', 'sqmcrt', '-pf', 'yes', '-c', 'mul', '-nc', '-1.0 e']' returned non-zero exit status 1.
===============================================================================
===============================================================================
Failed to process [H:11][C:2]1([C:1]([C:3]1([H:13])[N-:5][S@:8](=[N:6][H:17])(=[O:7])[C:4]([H:14])([H:15])[H:16])([H:9])[H:10])[H:12]: Command '['antechamber', '-i', 'molecule.sdf', '-fi', 'sdf', '-o', 'sqm.in', '-fo', 'sqmcrt', '-pf', 'yes', '-c', 'mul', '-nc', '-1.0 e']' returned non-zero exit status 1.
===============================================================================
===============================================================================
Failed to process [H:11][C:2]1([C:1]([C:3]1([H:13])[N-:5][S@:8](=[N:6][H:17])(=[O:7])[C:4]([H:14])([H:15])[H:16])([H:9])[H:10])[H:12]: Command '['antechamber', '-i', 'molecule.sdf', '-fi', 'sdf', '-o', 'sqm.in', '-fo', 'sqmcrt', '-pf', 'yes', '-c', 'mul', '-nc', '-1.0 e']' returned non-zero exit status 1.
===============================================================================
===============================================================================
Failed to process [H:11][C:2]1([C:1]([C:3]1([H:13])[N-:5][S@:8](=[N:6][H:17])(=[O:7])[C:4]([H:14])([H:15])[H:16])([H:9])[H:10])[H:12]: Command '['antechamber', '-i', 'molecule.sdf', '-fi', 'sdf', '-o', 'sqm.in', '-fo', 'sqmcrt', '-pf', 'yes', '-c', 'mul', '-nc', '-1.0 e']' returned non-zero exit status 1.
===============================================================================
===============================================================================
Failed to process [H:11][C:2]1([C:1]([C:3]1([H:13])[N-:5][S@:8](=[N:6][H:17])(=[O:7])[C:4]([H:14])([H:15])[H:16])([H:9])[H:10])[H:12]: Command '['antechamber', '-i', 'molecule.sdf', '-fi', 'sdf', '-o', 'sqm.in', '-fo', 'sqmcrt', '-pf', 'yes', '-c', 'mul', '-nc', '-1.0 e']' returned non-zero exit status 1.
===============================================================================
===============================================================================
Failed to process [H:11][C:2]1([C:1]([C:3]1([H:13])[N-:5][S@:8](=[N:6][H:17])(=[O:7])[C:4]([H:14])([H:15])[H:16])([H:9])[H:10])[H:12]: Command '['antechamber', '-i', 'molecule.sdf', '-fi', 'sdf', '-o', 'sqm.in', '-fo', 'sqmcrt', '-pf', 'yes', '-c', 'mul', '-nc', '-1.0 e']' returned non-zero exit status 1.
===============================================================================
===============================================================================
Failed to process [H:11][C:2]1([C:1]([C:3]1([H:13])[N:6]([H:17])[S@:8](=[N-:5])(=[O:7])[C:4]([H:14])([H:15])[H:16])([H:9])[H:10])[H:12]: Unable to assign charges: Warning: BCIChargeCorrector: BCI charge corrections for mol 
Warning:                     missing bcc parameter for the N5-S8 bond (BCIType 250253)
Warning: Unable to assign all BCCs in 

===============================================================================
===============================================================================
Failed to process [H:11][C:2]1([C:1]([C:3]1([H:13])[N:6]([H:17])[S@:8](=[N-:5])(=[O:7])[C:4]([H:14])([H:15])[H:16])([H:9])[H:10])[H:12]: Unable to assign charges: Warning: BCIChargeCorrector: BCI charge corrections for mol 
Warning:                     missing bcc parameter for the N5-S8 bond (BCIType 250253)
Warning: Unable to assign all BCCs in 

===============================================================================
===============================================================================
Failed to process [H:11][C:2]1([C:1]([C:3]1([H:13])[N:6]([H:17])[S@:8](=[N-:5])(=[O:7])[C:4]([H:14])([H:15])[H:16])([H:9])[H:10])[H:12]: Unable to assign charges: Warning: BCIChargeCorrector: BCI charge corrections for mol 
Warning:                     missing bcc parameter for the N5-S8 bond (BCIType 250253)
Warning: Unable to assign all BCCs in 

===============================================================================
===============================================================================
Failed to process [H:11][C:2]1([C:1]([C:3]1([H:13])[N:6]([H:17])[S@:8](=[N-:5])(=[O:7])[C:4]([H:14])([H:15])[H:16])([H:9])[H:10])[H:12]: Unable to assign charges: Warning: BCIChargeCorrector: BCI charge corrections for mol 
Warning:                     missing bcc parameter for the N5-S8 bond (BCIType 250253)
Warning: Unable to assign all BCCs in 

===============================================================================
===============================================================================
Failed to process [H:11][C:2]1([C:1]([C:3]1([H:13])[N:6]([H:17])[S@:8](=[N-:5])(=[O:7])[C:4]([H:14])([H:15])[H:16])([H:9])[H:10])[H:12]: Unable to assign charges: Warning: BCIChargeCorrector: BCI charge corrections for mol 
Warning:                     missing bcc parameter for the N5-S8 bond (BCIType 250253)
Warning: Unable to assign all BCCs in 

===============================================================================
===============================================================================
Failed to process [H:11][C:2]1([C:1]([C:3]1([H:13])[N:6]([H:17])[S@:8](=[N-:5])(=[O:7])[C:4]([H:14])([H:15])[H:16])([H:9])[H:10])[H:12]: Unable to assign charges: Warning: BCIChargeCorrector: BCI charge corrections for mol 
Warning:                     missing bcc parameter for the N5-S8 bond (BCIType 250253)
Warning: Unable to assign all BCCs in 

===============================================================================
===============================================================================
Failed to process [H:11][C:2]1([C:1]([C:3]1([H:13])[N:6]([H:17])[S@:8](=[N-:5])(=[O:7])[C:4]([H:14])([H:15])[H:16])([H:9])[H:10])[H:12]: Unable to assign charges: Warning: BCIChargeCorrector: BCI charge corrections for mol 
Warning:                     missing bcc parameter for the N5-S8 bond (BCIType 250253)
Warning: Unable to assign all BCCs in 

===============================================================================
===============================================================================
Failed to process [H:11][C:2]1([C:1]([C:3]1([H:13])[N:6]([H:17])[S@:8](=[N-:5])(=[O:7])[C:4]([H:14])([H:15])[H:16])([H:9])[H:10])[H:12]: Unable to assign charges: Warning: BCIChargeCorrector: BCI charge corrections for mol 
Warning:                     missing bcc parameter for the N5-S8 bond (BCIType 250253)
Warning: Unable to assign all BCCs in 

===============================================================================
===============================================================================
Failed to process [H:11][C:2]1([C:1]([C:3]1([H:13])[N:6]([H:17])[S@:8](=[N-:5])(=[O:7])[C:4]([H:14])([H:15])[H:16])([H:9])[H:10])[H:12]: Unable to assign charges: Warning: BCIChargeCorrector: BCI charge corrections for mol 
Warning:                     missing bcc parameter for the N5-S8 bond (BCIType 250253)
Warning: Unable to assign all BCCs in 

===============================================================================
===============================================================================
Failed to process [H:11][C:2]1([C:1]([C:3]1([H:13])[N:6]([H:17])[S@:8](=[N-:5])(=[O:7])[C:4]([H:14])([H:15])[H:16])([H:9])[H:10])[H:12]: Unable to assign charges: Warning: BCIChargeCorrector: BCI charge corrections for mol 
Warning:                     missing bcc parameter for the N5-S8 bond (BCIType 250253)
Warning: Unable to assign all BCCs in 

===============================================================================
===============================================================================
Failed to process [H:11][C:2]1([C:1]([C:3]1([H:13])[N-:5][S@@:8](=[N:6][H:17])(=[O:7])[C:4]([H:14])([H:15])[H:16])([H:9])[H:10])[H:12]: Command '['antechamber', '-i', 'molecule.sdf', '-fi', 'sdf', '-o', 'sqm.in', '-fo', 'sqmcrt', '-pf', 'yes', '-c', 'mul', '-nc', '-1.0 e']' returned non-zero exit status 1.
===============================================================================
===============================================================================
Failed to process [H:11][C:2]1([C:1]([C:3]1([H:13])[N-:5][S@@:8](=[N:6][H:17])(=[O:7])[C:4]([H:14])([H:15])[H:16])([H:9])[H:10])[H:12]: Command '['antechamber', '-i', 'molecule.sdf', '-fi', 'sdf', '-o', 'sqm.in', '-fo', 'sqmcrt', '-pf', 'yes', '-c', 'mul', '-nc', '-1.0 e']' returned non-zero exit status 1.
===============================================================================
===============================================================================
Failed to process [H:11][C:2]1([C:1]([C:3]1([H:13])[N-:5][S@@:8](=[N:6][H:17])(=[O:7])[C:4]([H:14])([H:15])[H:16])([H:9])[H:10])[H:12]: Command '['antechamber', '-i', 'molecule.sdf', '-fi', 'sdf', '-o', 'sqm.in', '-fo', 'sqmcrt', '-pf', 'yes', '-c', 'mul', '-nc', '-1.0 e']' returned non-zero exit status 1.
===============================================================================
===============================================================================
Failed to process [H:11][C:2]1([C:1]([C:3]1([H:13])[N-:5][S@@:8](=[N:6][H:17])(=[O:7])[C:4]([H:14])([H:15])[H:16])([H:9])[H:10])[H:12]: Command '['antechamber', '-i', 'molecule.sdf', '-fi', 'sdf', '-o', 'sqm.in', '-fo', 'sqmcrt', '-pf', 'yes', '-c', 'mul', '-nc', '-1.0 e']' returned non-zero exit status 1.
===============================================================================
===============================================================================
Failed to process [H:9][C:2]([H:10])([c:1]1[n:5][n-:4][n:7][n:6]1)[C:3]([H:11])([H:12])[Br:8]: Command '['antechamber', '-i', 'molecule.sdf', '-fi', 'sdf', '-o', 'sqm.in', '-fo', 'sqmcrt', '-pf', 'yes', '-c', 'mul', '-nc', '-1.0 e']' returned non-zero exit status 1.
===============================================================================
===============================================================================
Failed to process [H:9][C:2]([H:10])([c:1]1[n:5][n-:4][n:7][n:6]1)[C:3]([H:11])([H:12])[Br:8]: Command '['antechamber', '-i', 'molecule.sdf', '-fi', 'sdf', '-o', 'sqm.in', '-fo', 'sqmcrt', '-pf', 'yes', '-c', 'mul', '-nc', '-1.0 e']' returned non-zero exit status 1.
===============================================================================
===============================================================================
Failed to process [H:9][C:2]([H:10])([c:1]1[n:5][n-:4][n:7][n:6]1)[C:3]([H:11])([H:12])[Br:8]: Command '['antechamber', '-i', 'molecule.sdf', '-fi', 'sdf', '-o', 'sqm.in', '-fo', 'sqmcrt', '-pf', 'yes', '-c', 'mul', '-nc', '-1.0 e']' returned non-zero exit status 1.
===============================================================================
===============================================================================
Failed to process [H:9][C:2]([H:10])([c:1]1[n:5][n-:4][n:7][n:6]1)[C:3]([H:11])([H:12])[Br:8]: Command '['antechamber', '-i', 'molecule.sdf', '-fi', 'sdf', '-o', 'sqm.in', '-fo', 'sqmcrt', '-pf', 'yes', '-c', 'mul', '-nc', '-1.0 e']' returned non-zero exit status 1.
===============================================================================
===============================================================================
Failed to process [H:8][C:3]([H:9])([H:10])[O:7][C:2](=[O:6])[C:4]([H:11])([H:12])[N+:5]#[C-:1]: Command '['antechamber', '-i', 'molecule.sdf', '-fi', 'sdf', '-o', 'sqm.in', '-fo', 'sqmcrt', '-pf', 'yes', '-c', 'mul', '-nc', '0.0 e']' returned non-zero exit status 1.
===============================================================================
===============================================================================
Failed to process [H:8][C:3]([H:9])([H:10])[O:7][C:2](=[O:6])[C:4]([H:11])([H:12])[N+:5]#[C-:1]: Command '['antechamber', '-i', 'molecule.sdf', '-fi', 'sdf', '-o', 'sqm.in', '-fo', 'sqmcrt', '-pf', 'yes', '-c', 'mul', '-nc', '0.0 e']' returned non-zero exit status 1.
===============================================================================
===============================================================================
Failed to process [H:10][C:1]([H:11])([H:12])[C:3]([H:16])([H:17])[O:7][P:9](=[O:6])([N-:5][H:20])[O:8][C:4]([H:18])([H:19])[C:2]([H:13])([H:14])[H:15]: Command '['antechamber', '-i', 'molecule.sdf', '-fi', 'sdf', '-o', 'sqm.in', '-fo', 'sqmcrt', '-pf', 'yes', '-c', 'mul', '-nc', '-1.0 e']' returned non-zero exit status 1.
===============================================================================
===============================================================================
Failed to process [H:10][C:1]([H:11])([H:12])[C:3]([H:16])([H:17])[O:7][P:9](=[O:6])([N-:5][H:20])[O:8][C:4]([H:18])([H:19])[C:2]([H:13])([H:14])[H:15]: Command '['antechamber', '-i', 'molecule.sdf', '-fi', 'sdf', '-o', 'sqm.in', '-fo', 'sqmcrt', '-pf', 'yes', '-c', 'mul', '-nc', '-1.0 e']' returned non-zero exit status 1.
===============================================================================
===============================================================================
Failed to process [H:10][C:1]([H:11])([H:12])[C:3]([H:16])([H:17])[O:7][P:9](=[O:6])([N-:5][H:20])[O:8][C:4]([H:18])([H:19])[C:2]([H:13])([H:14])[H:15]: Command '['antechamber', '-i', 'molecule.sdf', '-fi', 'sdf', '-o', 'sqm.in', '-fo', 'sqmcrt', '-pf', 'yes', '-c', 'mul', '-nc', '-1.0 e']' returned non-zero exit status 1.
===============================================================================
===============================================================================
Failed to process [H:6][C:2]([H:7])([H:8])[C:1](=[O:4])[O:5][O-:3]: Unable to assign charges: Warning: BCIChargeCorrector: BCI charge corrections for mol 
Warning:                     missing bcc parameter for the O3-O5 bond (BCIType 310931)
Warning: Unable to assign all BCCs in 

===============================================================================
===============================================================================
Failed to process [H:6][C:2]([H:7])([H:8])[C:1](=[O:4])[O:5][O-:3]: Unable to assign charges: Warning: BCIChargeCorrector: BCI charge corrections for mol 
Warning:                     missing bcc parameter for the O3-O5 bond (BCIType 310931)
Warning: Unable to assign all BCCs in 

===============================================================================
===============================================================================
Failed to process [H:7][C:2]([H:8])([C:1]#[N:4])[N:5]=[N+:6]=[N-:3]: Command '['antechamber', '-i', 'molecule.sdf', '-fi', 'sdf', '-o', 'sqm.in', '-fo', 'sqmcrt', '-pf', 'yes', '-c', 'mul', '-nc', '0.0 e']' returned non-zero exit status 1.
===============================================================================
===============================================================================
Failed to process [H:7][C:2]([H:8])([C:1]#[N:4])[N:5]=[N+:6]=[N-:3]: Command '['antechamber', '-i', 'molecule.sdf', '-fi', 'sdf', '-o', 'sqm.in', '-fo', 'sqmcrt', '-pf', 'yes', '-c', 'mul', '-nc', '0.0 e']' returned non-zero exit status 1.
===============================================================================
===============================================================================
Failed to process [H:16][c:1]1[c:2]([n:8][c:3]([s:14]1)[N-:9][S:15](=[O:11])(=[O:12])[C:6]([H:20])([H:21])[H:22])[C:7]([H:23])([H:24])[C:4](=[O:10])[O:13][C:5]([H:17])([H:18])[H:19]: Command '['antechamber', '-i', 'molecule.sdf', '-fi', 'sdf', '-o', 'sqm.in', '-fo', 'sqmcrt', '-pf', 'yes', '-c', 'mul', '-nc', '-1.0 e']' returned non-zero exit status 1.
===============================================================================
===============================================================================
Failed to process [H:16][c:1]1[c:2]([n:8][c:3]([s:14]1)[N-:9][S:15](=[O:11])(=[O:12])[C:6]([H:20])([H:21])[H:22])[C:7]([H:23])([H:24])[C:4](=[O:10])[O:13][C:5]([H:17])([H:18])[H:19]: Command '['antechamber', '-i', 'molecule.sdf', '-fi', 'sdf', '-o', 'sqm.in', '-fo', 'sqmcrt', '-pf', 'yes', '-c', 'mul', '-nc', '-1.0 e']' returned non-zero exit status 1.
===============================================================================
===============================================================================
Failed to process [H:16][c:1]1[c:2]([n:8][c:3]([s:14]1)[N-:9][S:15](=[O:11])(=[O:12])[C:6]([H:20])([H:21])[H:22])[C:7]([H:23])([H:24])[C:4](=[O:10])[O:13][C:5]([H:17])([H:18])[H:19]: Command '['antechamber', '-i', 'molecule.sdf', '-fi', 'sdf', '-o', 'sqm.in', '-fo', 'sqmcrt', '-pf', 'yes', '-c', 'mul', '-nc', '-1.0 e']' returned non-zero exit status 1.
===============================================================================
===============================================================================
Failed to process [H:16][c:1]1[c:2]([n:8][c:3]([s:14]1)[N-:9][S:15](=[O:11])(=[O:12])[C:6]([H:20])([H:21])[H:22])[C:7]([H:23])([H:24])[C:4](=[O:10])[O:13][C:5]([H:17])([H:18])[H:19]: Command '['antechamber', '-i', 'molecule.sdf', '-fi', 'sdf', '-o', 'sqm.in', '-fo', 'sqmcrt', '-pf', 'yes', '-c', 'mul', '-nc', '-1.0 e']' returned non-zero exit status 1.
===============================================================================
===============================================================================
Failed to process [H:16][c:1]1[c:2]([n:8][c:3]([s:14]1)[N-:9][S:15](=[O:11])(=[O:12])[C:6]([H:20])([H:21])[H:22])[C:7]([H:23])([H:24])[C:4](=[O:10])[O:13][C:5]([H:17])([H:18])[H:19]: Command '['antechamber', '-i', 'molecule.sdf', '-fi', 'sdf', '-o', 'sqm.in', '-fo', 'sqmcrt', '-pf', 'yes', '-c', 'mul', '-nc', '-1.0 e']' returned non-zero exit status 1.
===============================================================================
===============================================================================
Failed to process [H:15][c:1]1[c:3]([c:6]([c:4]([c:2]([c:5]1[N+:8](=[O:10])[O-:9])[H:16])[H:18])[S:13](=[O:11])(=[O:12])[N-:7][Cl:14])[H:17]: Command '['antechamber', '-i', 'molecule.sdf', '-fi', 'sdf', '-o', 'sqm.in', '-fo', 'sqmcrt', '-pf', 'yes', '-c', 'mul', '-nc', '-1.0 e']' returned non-zero exit status 1.
===============================================================================
===============================================================================
Failed to process [H:15][c:1]1[c:3]([c:6]([c:4]([c:2]([c:5]1[N+:8](=[O:10])[O-:9])[H:16])[H:18])[S:13](=[O:11])(=[O:12])[N-:7][Cl:14])[H:17]: Command '['antechamber', '-i', 'molecule.sdf', '-fi', 'sdf', '-o', 'sqm.in', '-fo', 'sqmcrt', '-pf', 'yes', '-c', 'mul', '-nc', '-1.0 e']' returned non-zero exit status 1.
===============================================================================
===============================================================================
Failed to process [H:15][C@@:5]([c:2]1[n:8][n-:7][c:3](=[O:11])[n:9]1[H:16])([C:4]([H:12])([H:13])[H:14])[N:10]([H:17])[C:1]#[N:6]: Command '['antechamber', '-i', 'molecule.sdf', '-fi', 'sdf', '-o', 'sqm.in', '-fo', 'sqmcrt', '-pf', 'yes', '-c', 'mul', '-nc', '-1.0 e']' returned non-zero exit status 1.
===============================================================================
===============================================================================
Failed to process [H:15][C@:5]([c:2]1[n:8][n-:7][c:3](=[O:11])[n:9]1[H:16])([C:4]([H:12])([H:13])[H:14])[N:10]([H:17])[C:1]#[N:6]: Command '['antechamber', '-i', 'molecule.sdf', '-fi', 'sdf', '-o', 'sqm.in', '-fo', 'sqmcrt', '-pf', 'yes', '-c', 'mul', '-nc', '-1.0 e']' returned non-zero exit status 1.
===============================================================================
===============================================================================
Failed to process [H:21][c:1]1[c:2]([c:6]([c:12]2[c:10]([c:3]1[H:23])[c:4]([c:8]([c:15]([o+:18]2)[c:11]3[c:5]([c:7]([c:13]([c:14]([c:9]3[H:29])[O:20][C:17]([H:33])([H:34])[H:35])[O:19][C:16]([H:30])([H:31])[H:32])[H:27])[H:25])[H:28])[H:24])[H:26])[H:22]: Command '['antechamber', '-i', 'molecule.sdf', '-fi', 'sdf', '-o', 'sqm.in', '-fo', 'sqmcrt', '-pf', 'yes', '-c', 'mul', '-nc', '1.0 e']' returned non-zero exit status 1.
===============================================================================
===============================================================================
Failed to process [H:21][c:1]1[c:2]([c:6]([c:12]2[c:10]([c:3]1[H:23])[c:4]([c:8]([c:15]([o+:18]2)[c:11]3[c:5]([c:7]([c:13]([c:14]([c:9]3[H:29])[O:20][C:17]([H:33])([H:34])[H:35])[O:19][C:16]([H:30])([H:31])[H:32])[H:27])[H:25])[H:28])[H:24])[H:26])[H:22]: Command '['antechamber', '-i', 'molecule.sdf', '-fi', 'sdf', '-o', 'sqm.in', '-fo', 'sqmcrt', '-pf', 'yes', '-c', 'mul', '-nc', '1.0 e']' returned non-zero exit status 1.
===============================================================================
===============================================================================
Failed to process [H:21][c:1]1[c:2]([c:6]([c:12]2[c:10]([c:3]1[H:23])[c:4]([c:8]([c:15]([o+:18]2)[c:11]3[c:5]([c:7]([c:13]([c:14]([c:9]3[H:29])[O:20][C:17]([H:33])([H:34])[H:35])[O:19][C:16]([H:30])([H:31])[H:32])[H:27])[H:25])[H:28])[H:24])[H:26])[H:22]: Command '['antechamber', '-i', 'molecule.sdf', '-fi', 'sdf', '-o', 'sqm.in', '-fo', 'sqmcrt', '-pf', 'yes', '-c', 'mul', '-nc', '1.0 e']' returned non-zero exit status 1.
===============================================================================
===============================================================================
Failed to process [H:14][C:2]([H:15])([H:16])[O:8][P:10](=[O:7])([N-:5][C:1](=[O:6])[C:4]([Cl:11])([Cl:12])[Cl:13])[O:9][C:3]([H:17])([H:18])[H:19]: Command '['antechamber', '-i', 'molecule.sdf', '-fi', 'sdf', '-o', 'sqm.in', '-fo', 'sqmcrt', '-pf', 'yes', '-c', 'mul', '-nc', '-1.0 e']' returned non-zero exit status 1.
===============================================================================
===============================================================================
Failed to process [H:16][c:1]1[c:2]([c:4]([c:6]([c:5]([c:3]1[H:18])[S:14](=[O:9])(=[O:10])[N-:7][F:13])[S:15](=[O:11])(=[O:12])[N:8]([H:20])[H:21])[H:19])[H:17]: Command '['antechamber', '-i', 'molecule.sdf', '-fi', 'sdf', '-o', 'sqm.in', '-fo', 'sqmcrt', '-pf', 'yes', '-c', 'mul', '-nc', '-1.0 e']' returned non-zero exit status 1.
===============================================================================
===============================================================================
Failed to process [H:11][c:1]1[c:3]([c:5]([c:6]([c:4]([c:2]1[H:12])[H:14])[C:7]([H:16])([H:17])[N:9]=[N+:10]=[N-:8])[H:15])[H:13]: Command '['antechamber', '-i', 'molecule.sdf', '-fi', 'sdf', '-o', 'sqm.in', '-fo', 'sqmcrt', '-pf', 'yes', '-c', 'mul', '-nc', '0.0 e']' returned non-zero exit status 1.
===============================================================================
===============================================================================
Failed to process [H:11][c:1]1[c:3]([c:5]([c:6]([c:4]([c:2]1[H:12])[H:14])[C:7]([H:16])([H:17])[N:9]=[N+:10]=[N-:8])[H:15])[H:13]: Command '['antechamber', '-i', 'molecule.sdf', '-fi', 'sdf', '-o', 'sqm.in', '-fo', 'sqmcrt', '-pf', 'yes', '-c', 'mul', '-nc', '0.0 e']' returned non-zero exit status 1.
===============================================================================
===============================================================================
Failed to process [H:13][c:1]1[c:2]([c:4]([c:6]([c:5]([c:3]1[H:15])[c:7]2[n-:9][n:11][n:12][n:10]2)[C:8]([H:17])([H:18])[H:19])[H:16])[H:14]: Command '['antechamber', '-i', 'molecule.sdf', '-fi', 'sdf', '-o', 'sqm.in', '-fo', 'sqmcrt', '-pf', 'yes', '-c', 'mul', '-nc', '-1.0 e']' returned non-zero exit status 1.
===============================================================================
===============================================================================
Failed to process [H:13][c:1]1[c:2]([c:4]([c:6]([c:5]([c:3]1[H:15])[c:7]2[n-:9][n:11][n:12][n:10]2)[C:8]([H:17])([H:18])[H:19])[H:16])[H:14]: Command '['antechamber', '-i', 'molecule.sdf', '-fi', 'sdf', '-o', 'sqm.in', '-fo', 'sqmcrt', '-pf', 'yes', '-c', 'mul', '-nc', '-1.0 e']' returned non-zero exit status 1.
===============================================================================
===============================================================================
Failed to process [H:13][c:1]1[c:2]([c:4]([c:6]([c:5]([c:3]1[H:15])[c:7]2[n-:9][n:11][n:12][n:10]2)[C:8]([H:17])([H:18])[H:19])[H:16])[H:14]: Command '['antechamber', '-i', 'molecule.sdf', '-fi', 'sdf', '-o', 'sqm.in', '-fo', 'sqmcrt', '-pf', 'yes', '-c', 'mul', '-nc', '-1.0 e']' returned non-zero exit status 1.
===============================================================================
===============================================================================
Failed to process [H:11][C:2]([H:12])([H:13])[C:1](=[O:6])[N-:5][P@@:9](=[O:7])([O:8][C:3]([H:14])([H:15])[H:16])[S:10][C:4]([H:17])([H:18])[H:19]: Command '['antechamber', '-i', 'molecule.sdf', '-fi', 'sdf', '-o', 'sqm.in', '-fo', 'sqmcrt', '-pf', 'yes', '-c', 'mul', '-nc', '-1.0 e']' returned non-zero exit status 1.
===============================================================================
